Lat:      34.844 deg N
Lon:      -114.079 deg E
Altitude: 2263.140 m
Heading:  148.920 deg
V_horiz:  46.810 m/s
V_vert:   650.810 m/s
Callsign: N2407N   (4e 32 34 30 37 4e 20 20 00 )
TSLC:     1 s

Lat:      34.797 deg N
Lon:      -112.406 deg E
Altitude: 2590.800 m
Heading:  55.400 deg
V_horiz:  54.010 m/s
V_vert:   2.600 m/s
Callsign:          (20 20 20 20 20 20 20 20 00 )
TSLC:     10 s

Lat:      34.758 deg N
Lon:      -112.402 deg E
Altitude: 2255.520 m
Heading:  218.990 deg
V_horiz:  41.660 m/s
V_vert:   654.710 m/s
Callsign: N235TH   (4e 32 33 35 54 48 20 20 00 )
TSLC:     3 s

