Lat:      34.673 deg N
Lon:      -112.407 deg E
Altitude: 1524.000 m
Heading:  229.860 deg
V_horiz:  33.950 m/s
V_vert:   0.000 m/s
Callsign:          (20 20 20 20 20 20 20 20 00 )
TSLC:     43 s

Lat:      34.694 deg N
Lon:      -112.402 deg E
Altitude: 1805.939 m
Heading:  238.150 deg
V_horiz:  39.610 m/s
V_vert:   2.270 m/s
Callsign: RDDL23   (52 44 44 4c 32 33 20 20 00 )
TSLC:     1 s

Lat:      34.795 deg N
Lon:      -112.407 deg E
Altitude: 2590.800 m
Heading:  154.010 deg
V_horiz:  67.900 m/s
V_vert:   650.490 m/s
Callsign:          (20 20 20 20 20 20 20 20 00 )
TSLC:     8 s

