Lat:      34.673 deg N
Lon:      -112.407 deg E
Altitude: 1524.000 m
Heading:  229.860 deg
V_horiz:  33.950 m/s
V_vert:   0.000 m/s
Callsign:          (20 20 20 20 20 20 20 20 00 )
TSLC:     26 s

Lat:      34.692 deg N
Lon:      -112.401 deg E
Altitude: 1813.559 m
Heading:  313.680 deg
V_horiz:  47.320 m/s
V_vert:   3.570 m/s
Callsign: RDDL23   (52 44 44 4c 32 33 20 20 00 )
TSLC:     1 s

Lat:      34.817 deg N
Lon:      -112.407 deg E
Altitude: 2796.540 m
Heading:  205.270 deg
V_horiz:  61.210 m/s
V_vert:   653.740 m/s
Callsign:          (20 20 20 20 20 20 20 20 00 )
TSLC:     27 s

