Lat:      34.841 deg N
Lon:      -114.079 deg E
Altitude: 2255.520 m
Heading:  145.610 deg
V_horiz:  47.320 m/s
V_vert:   651.140 m/s
Callsign: N2407N   (4e 32 34 30 37 4e 20 20 00 )
TSLC:     1 s

Lat:      34.800 deg N
Lon:      -112.407 deg E
Altitude: 2621.280 m
Heading:  56.900 deg
V_horiz:  54.530 m/s
V_vert:   2.600 m/s
Callsign:          (20 20 20 20 20 20 20 20 00 )
TSLC:     5 s

Lat:      34.756 deg N
Lon:      -112.404 deg E
Altitude: 2240.280 m
Heading:  223.020 deg
V_horiz:  42.180 m/s
V_vert:   655.040 m/s
Callsign: N235TH   (4e 32 33 35 54 48 20 20 00 )
TSLC:     2 s

Lat:      34.911 deg N
Lon:      -112.401 deg E
Altitude: 2133.600 m
Heading:  147.590 deg
V_horiz:  69.960 m/s
V_vert:   652.440 m/s
Callsign:          (20 20 20 20 20 20 20 20 00 )
TSLC:     3 s

