Lat:      34.695 deg N
Lon:      -112.407 deg E
Altitude: 1752.599 m
Heading:  218.790 deg
V_horiz:  33.430 m/s
V_vert:   8.770 m/s
Callsign: N634ER   (4e 36 33 34 45 52 20 20 00 )
TSLC:     7 s

Lat:      55.500 deg N
Lon:      -140.922 deg E
Altitude: -620748.569 m
Heading:  103.620 deg
V_horiz:  0.330 m/s
V_vert:   79.360 m/s
Callsign:         (20 20 20 20 20 20 20 00 00 )
TSLC:     83 s

Lat:      141.064 deg N
Lon:      -100.658 deg E
Altitude: 1463353.368 m
Heading:  36.520 deg
V_horiz:  651.460 m/s
V_vert:   335.510 m/s
Callsign:  (00 00 00 00 00 00 00 01 39 )
TSLC:     109 s

Lat:      -177.703 deg N
Lon:      -35.227 deg E
Altitude: 1509962.149 m
Heading:  449.000 deg
V_horiz:  2.270 m/s
V_vert:   327.990 m/s
Callsign:        (20 20 20 20 20 20 00 00 00 )
TSLC:     231 s

Lat:      34.382 deg N
Lon:      -112.403 deg E
Altitude: 5509.260 m
Heading:  167.350 deg
V_horiz:  168.730 m/s
V_vert:   648.210 m/s
Callsign: AAL1273  (41 41 4c 31 32 37 33 20 00 )
TSLC:     39 s

Lat:      34.642 deg N
Lon:      -114.079 deg E
Altitude: 1722.119 m
Heading:  263.150 deg
V_horiz:  38.580 m/s
V_vert:   1.950 m/s
Callsign:  (00 00 00 00 00 00 00 00 00 )
TSLC:     5 s

