Lat:      34.695 deg N
Lon:      -112.407 deg E
Altitude: 1752.599 m
Heading:  218.790 deg
V_horiz:  33.430 m/s
V_vert:   8.770 m/s
Callsign: N634ER   (4e 36 33 34 45 52 20 20 00 )
TSLC:     8 s

Lat:      34.726 deg N
Lon:      -114.079 deg E
Altitude: 2156.460 m
Heading:  314.510 deg
V_horiz:  84.880 m/s
V_vert:   0.000 m/s
Callsign:          (20 20 20 20 20 20 20 20 00 )
TSLC:     49 s

Lat:      141.064 deg N
Lon:      -100.658 deg E
Altitude: 1463353.368 m
Heading:  36.520 deg
V_horiz:  651.460 m/s
V_vert:   335.510 m/s
Callsign:  (00 00 00 00 00 00 00 01 3a )
TSLC:     78 s

Lat:      -177.703 deg N
Lon:      -35.227 deg E
Altitude: 1509962.149 m
Heading:  449.000 deg
V_horiz:  2.270 m/s
V_vert:   327.990 m/s
Callsign:        (20 20 20 20 20 20 00 00 01 )
TSLC:     53 s

Lat:      34.382 deg N
Lon:      -112.403 deg E
Altitude: 5509.260 m
Heading:  167.350 deg
V_horiz:  168.730 m/s
V_vert:   648.210 m/s
Callsign: AAL1273  (41 41 4c 31 32 37 33 20 00 )
TSLC:     40 s

Lat:      -214.613 deg N
Lon:      11.751 deg E
Altitude: -889185.721 m
Heading:  47.100 deg
V_horiz:  499.350 m/s
V_vert:   366.080 m/s
Callsign:  (00 00 00 00 00 00 00 00 00 )
TSLC:     76 s

