Lat:      -127.370 deg N
Lon:      159.390 deg E
Altitude: 1879054.621 m
Heading:  174.510 deg
V_horiz:  0.140 m/s
V_vert:   79.360 m/s
Callsign:         (20 20 20 20 20 20 20 00 00 )
TSLC:     43 s

Lat:      34.660 deg N
Lon:      -114.079 deg E
Altitude: 1699.259 m
Heading:  318.880 deg
V_horiz:  37.550 m/s
V_vert:   4.220 m/s
Callsign: N42GA    (4e 34 32 47 41 20 20 20 00 )
TSLC:     2 s

Lat:      -214.613 deg N
Lon:      -35.226 deg E
Altitude: -1577051.310 m
Heading:  486.400 deg
V_horiz:  0.010 m/s
V_vert:   0.000 m/s
Callsign: N   (4e 20 20 00 01 38 f1 fe 26 )
TSLC:     1 s

Lat:      89.582 deg N
Lon:      -31.872 deg E
Altitude: 1199112.217 m
Heading:  39.610 deg
V_horiz:  653.410 m/s
V_vert:   327.990 m/s
Callsign:        (20 20 20 20 20 20 00 00 1d )
TSLC:     143 s

Lat:      35.034 deg N
Lon:      -114.079 deg E
Altitude: 1645.919 m
Heading:  111.200 deg
V_horiz:  36.520 m/s
V_vert:   0.000 m/s
Callsign:          (20 20 20 20 20 20 20 20 00 )
TSLC:     5 s

