Lat:      34.846 deg N
Lon:      -112.402 deg E
Altitude: 3048.000 m
Heading:  168.240 deg
V_horiz:  78.190 m/s
V_vert:   652.110 m/s
Callsign:          (20 20 20 20 20 20 20 20 00 )
TSLC:     12 s

Lat:      34.644 deg N
Lon:      -112.404 deg E
Altitude: 2994.660 m
Heading:  134.330 deg
V_horiz:  62.240 m/s
V_vert:   3.250 m/s
Callsign: OXF103   (4f 58 46 31 30 33 20 20 00 )
TSLC:     2 s

Lat:      34.699 deg N
Lon:      -114.079 deg E
Altitude: 1981.199 m
Heading:  31.260 deg
V_horiz:  67.390 m/s
V_vert:   651.460 m/s
Callsign:          (20 20 20 20 20 20 20 20 00 )
TSLC:     49 s

Lat:      34.755 deg N
Lon:      -114.079 deg E
Altitude: 2263.140 m
Heading:  7.490 deg
V_horiz:  58.640 m/s
V_vert:   0.970 m/s
Callsign:  (00 00 00 00 00 00 00 00 00 )
TSLC:     7 s

