Lat:      34.694 deg N
Lon:      -112.406 deg E
Altitude: 1676.399 m
Heading:  194.530 deg
V_horiz:  42.690 m/s
V_vert:   652.440 m/s
Callsign:          (20 20 20 20 20 20 20 20 00 )
TSLC:     8 s

Lat:      34.646 deg N
Lon:      -114.079 deg E
Altitude: 1836.419 m
Heading:  42.020 deg
V_horiz:  62.760 m/s
V_vert:   0.000 m/s
Callsign: RDDL23   (52 44 44 4c 32 33 20 20 00 )
TSLC:     5 s

Lat:      34.625 deg N
Lon:      -112.403 deg E
Altitude: 3025.140 m
Heading:  133.280 deg
V_horiz:  60.700 m/s
V_vert:   654.390 m/s
Callsign: OXF103   (4f 58 46 31 30 33 20 20 00 )
TSLC:     1 s

Lat:      34.837 deg N
Lon:      -112.405 deg E
Altitude: 2926.080 m
Heading:  331.670 deg
V_horiz:  82.310 m/s
V_vert:   650.490 m/s
Callsign: VFR      (56 46 52 20 20 20 20 20 00 )
TSLC:     2 s

Lat:      34.831 deg N
Lon:      -112.402 deg E
Altitude: 2979.420 m
Heading:  29.590 deg
V_horiz:  73.560 m/s
V_vert:   653.410 m/s
Callsign:          (20 20 20 20 20 20 20 20 00 )
TSLC:     10 s

Lat:      34.651 deg N
Lon:      -114.079 deg E
Altitude: 1584.959 m
Heading:  223.800 deg
V_horiz:  34.460 m/s
V_vert:   2.600 m/s
Callsign:  (00 00 00 00 00 00 00 00 00 )
TSLC:     5 s

