Lat:      34.673 deg N
Lon:      -112.407 deg E
Altitude: 1524.000 m
Heading:  229.860 deg
V_horiz:  33.950 m/s
V_vert:   0.000 m/s
Callsign:          (20 20 20 20 20 20 20 20 00 )
TSLC:     11 s

Lat:      34.686 deg N
Lon:      -112.403 deg E
Altitude: 1744.979 m
Heading:  0.000 deg
V_horiz:  58.130 m/s
V_vert:   652.440 m/s
Callsign: RDDL23   (52 44 44 4c 32 33 20 20 00 )
TSLC:     1 s

Lat:      34.817 deg N
Lon:      -112.407 deg E
Altitude: 2796.540 m
Heading:  205.270 deg
V_horiz:  61.210 m/s
V_vert:   653.740 m/s
Callsign:          (20 20 20 20 20 20 20 20 00 )
TSLC:     12 s

