Lat:      34.846 deg N
Lon:      -112.402 deg E
Altitude: 3048.000 m
Heading:  168.240 deg
V_horiz:  78.190 m/s
V_vert:   652.110 m/s
Callsign:          (20 20 20 20 20 20 20 20 00 )
TSLC:     5 s

Lat:      34.647 deg N
Lon:      -112.407 deg E
Altitude: 2979.420 m
Heading:  135.000 deg
V_horiz:  63.790 m/s
V_vert:   655.040 m/s
Callsign: OXF103   (4f 58 46 31 30 33 20 20 00 )
TSLC:     0 s

Lat:      34.699 deg N
Lon:      -114.079 deg E
Altitude: 1981.199 m
Heading:  31.260 deg
V_horiz:  67.390 m/s
V_vert:   651.460 m/s
Callsign:          (20 20 20 20 20 20 20 20 00 )
TSLC:     42 s

Lat:      34.755 deg N
Lon:      -114.079 deg E
Altitude: 2263.140 m
Heading:  7.490 deg
V_horiz:  58.640 m/s
V_vert:   0.970 m/s
Callsign:  (00 00 00 00 00 00 00 00 00 )
TSLC:     0 s

