Lat:      34.673 deg N
Lon:      -112.407 deg E
Altitude: 1524.000 m
Heading:  229.860 deg
V_horiz:  33.950 m/s
V_vert:   0.000 m/s
Callsign:          (20 20 20 20 20 20 20 20 00 )
TSLC:     5 s

Lat:      34.817 deg N
Lon:      -112.407 deg E
Altitude: 2796.540 m
Heading:  205.270 deg
V_horiz:  61.210 m/s
V_vert:   653.740 m/s
Callsign:          (20 20 20 20 20 20 20 20 00 )
TSLC:     6 s

Lat:      34.631 deg N
Lon:      -114.079 deg E
Altitude: 1851.659 m
Heading:  197.850 deg
V_horiz:  31.380 m/s
V_vert:   3.900 m/s
Callsign: N648ER   (4e 36 34 38 45 52 20 20 00 )
TSLC:     1 s

