Lat:      34.685 deg N
Lon:      -112.404 deg E
Altitude: 1615.439 m
Heading:  225.740 deg
V_horiz:  55.550 m/s
V_vert:   652.760 m/s
Callsign:          (20 20 20 20 20 20 20 20 00 )
TSLC:     16 s

Lat:      34.652 deg N
Lon:      -114.079 deg E
Altitude: 1744.979 m
Heading:  328.730 deg
V_horiz:  260.330 m/s
V_vert:   79.370 m/s
Callsign: 632ER   (36 33 32 45 52 20 20 00 01 )
TSLC:     83 s

Lat:      34.652 deg N
Lon:      -114.079 deg E
Altitude: 1744.979 m
Heading:  328.730 deg
V_horiz:  260.330 m/s
V_vert:   79.370 m/s
Callsign: 632ER   (36 33 32 45 52 20 20 00 01 )
TSLC:     83 s

Lat:      34.652 deg N
Lon:      -114.079 deg E
Altitude: 1744.979 m
Heading:  328.730 deg
V_horiz:  260.330 m/s
V_vert:   79.370 m/s
Callsign: 632ER   (36 33 32 45 52 20 20 00 01 )
TSLC:     83 s

Lat:      34.652 deg N
Lon:      -114.079 deg E
Altitude: 1744.979 m
Heading:  328.730 deg
V_horiz:  260.330 m/s
V_vert:   79.370 m/s
Callsign: 632ER   (36 33 32 45 52 20 20 00 01 )
TSLC:     83 s

Lat:      34.652 deg N
Lon:      -114.079 deg E
Altitude: 1744.979 m
Heading:  328.730 deg
V_horiz:  260.330 m/s
V_vert:   79.370 m/s
Callsign: 632ER   (36 33 32 45 52 20 20 00 01 )
TSLC:     83 s

Lat:      34.652 deg N
Lon:      -114.079 deg E
Altitude: 1744.979 m
Heading:  328.730 deg
V_horiz:  260.330 m/s
V_vert:   79.370 m/s
Callsign: 632ER   (36 33 32 45 52 20 20 00 01 )
TSLC:     83 s

Lat:      34.652 deg N
Lon:      -114.079 deg E
Altitude: 1744.979 m
Heading:  328.730 deg
V_horiz:  260.330 m/s
V_vert:   79.370 m/s
Callsign: 632ER   (36 33 32 45 52 20 20 00 01 )
TSLC:     83 s

Lat:      34.652 deg N
Lon:      -114.079 deg E
Altitude: 1744.979 m
Heading:  328.730 deg
V_horiz:  260.330 m/s
V_vert:   79.370 m/s
Callsign: 632ER   (36 33 32 45 52 20 20 00 01 )
TSLC:     83 s

Lat:      34.652 deg N
Lon:      -114.079 deg E
Altitude: 1744.979 m
Heading:  328.730 deg
V_horiz:  260.330 m/s
V_vert:   79.370 m/s
Callsign: 632ER   (36 33 32 45 52 20 20 00 01 )
TSLC:     83 s

Lat:      34.652 deg N
Lon:      -114.079 deg E
Altitude: 1744.979 m
Heading:  328.730 deg
V_horiz:  260.330 m/s
V_vert:   79.370 m/s
Callsign: 632ER   (36 33 32 45 52 20 20 00 01 )
TSLC:     83 s

Lat:      34.652 deg N
Lon:      -114.079 deg E
Altitude: 1744.979 m
Heading:  328.730 deg
V_horiz:  260.330 m/s
V_vert:   79.370 m/s
Callsign: 632ER   (36 33 32 45 52 20 20 00 01 )
TSLC:     83 s

Lat:      34.652 deg N
Lon:      -114.079 deg E
Altitude: 1744.979 m
Heading:  328.730 deg
V_horiz:  260.330 m/s
V_vert:   79.370 m/s
Callsign: 632ER   (36 33 32 45 52 20 20 00 01 )
TSLC:     83 s

Lat:      34.652 deg N
Lon:      -114.079 deg E
Altitude: 1744.979 m
Heading:  328.730 deg
V_horiz:  260.330 m/s
V_vert:   79.370 m/s
Callsign: 632ER   (36 33 32 45 52 20 20 00 01 )
TSLC:     83 s

Lat:      34.652 deg N
Lon:      -114.079 deg E
Altitude: 1744.979 m
Heading:  328.730 deg
V_horiz:  260.330 m/s
V_vert:   79.370 m/s
Callsign: 632ER   (36 33 32 45 52 20 20 00 01 )
TSLC:     83 s

Lat:      34.652 deg N
Lon:      -114.079 deg E
Altitude: 1744.979 m
Heading:  328.730 deg
V_horiz:  260.330 m/s
V_vert:   79.370 m/s
Callsign: 632ER   (36 33 32 45 52 20 20 00 01 )
TSLC:     83 s

Lat:      34.652 deg N
Lon:      -114.079 deg E
Altitude: 1744.979 m
Heading:  328.730 deg
V_horiz:  260.330 m/s
V_vert:   79.370 m/s
Callsign: 632ER   (36 33 32 45 52 20 20 00 01 )
TSLC:     83 s

Lat:      34.652 deg N
Lon:      -114.079 deg E
Altitude: 1744.979 m
Heading:  328.730 deg
V_horiz:  260.330 m/s
V_vert:   79.370 m/s
Callsign: 632ER   (36 33 32 45 52 20 20 00 01 )
TSLC:     83 s

Lat:      34.652 deg N
Lon:      -114.079 deg E
Altitude: 1744.979 m
Heading:  328.730 deg
V_horiz:  260.330 m/s
V_vert:   79.370 m/s
Callsign: 632ER   (36 33 32 45 52 20 20 00 01 )
TSLC:     83 s

Lat:      34.652 deg N
Lon:      -114.079 deg E
Altitude: 1744.979 m
Heading:  328.730 deg
V_horiz:  260.330 m/s
V_vert:   79.370 m/s
Callsign: 632ER   (36 33 32 45 52 20 20 00 01 )
TSLC:     83 s

Lat:      34.652 deg N
Lon:      -114.079 deg E
Altitude: 1744.979 m
Heading:  328.730 deg
V_horiz:  260.330 m/s
V_vert:   79.370 m/s
Callsign: 632ER   (36 33 32 45 52 20 20 00 01 )
TSLC:     83 s

Lat:      34.652 deg N
Lon:      -114.079 deg E
Altitude: 1744.979 m
Heading:  328.730 deg
V_horiz:  260.330 m/s
V_vert:   79.370 m/s
Callsign: 632ER   (36 33 32 45 52 20 20 00 01 )
TSLC:     83 s

Lat:      34.652 deg N
Lon:      -114.079 deg E
Altitude: 1744.979 m
Heading:  328.730 deg
V_horiz:  260.330 m/s
V_vert:   79.370 m/s
Callsign: 632ER   (36 33 32 45 52 20 20 00 01 )
TSLC:     83 s

Lat:      34.652 deg N
Lon:      -114.079 deg E
Altitude: 1744.979 m
Heading:  328.730 deg
V_horiz:  260.330 m/s
V_vert:   79.370 m/s
Callsign: 632ER   (36 33 32 45 52 20 20 00 01 )
TSLC:     83 s

Lat:      34.652 deg N
Lon:      -114.079 deg E
Altitude: 1744.979 m
Heading:  328.730 deg
V_horiz:  260.330 m/s
V_vert:   79.370 m/s
Callsign: 632ER   (36 33 32 45 52 20 20 00 01 )
TSLC:     83 s

Lat:      34.652 deg N
Lon:      -114.079 deg E
Altitude: 1744.979 m
Heading:  328.730 deg
V_horiz:  260.330 m/s
V_vert:   79.370 m/s
Callsign: 632ER   (36 33 32 45 52 20 20 00 01 )
TSLC:     83 s

Lat:      34.652 deg N
Lon:      -114.079 deg E
Altitude: 1744.979 m
Heading:  328.730 deg
V_horiz:  260.330 m/s
V_vert:   79.370 m/s
Callsign: 632ER   (36 33 32 45 52 20 20 00 01 )
TSLC:     83 s

Lat:      34.652 deg N
Lon:      -114.079 deg E
Altitude: 1744.979 m
Heading:  328.730 deg
V_horiz:  260.330 m/s
V_vert:   79.370 m/s
Callsign: 632ER   (36 33 32 45 52 20 20 00 01 )
TSLC:     83 s

Lat:      34.652 deg N
Lon:      -114.079 deg E
Altitude: 1744.979 m
Heading:  328.730 deg
V_horiz:  260.330 m/s
V_vert:   79.370 m/s
Callsign: 632ER   (36 33 32 45 52 20 20 00 01 )
TSLC:     83 s

Lat:      34.652 deg N
Lon:      -114.079 deg E
Altitude: 1744.979 m
Heading:  328.730 deg
V_horiz:  260.330 m/s
V_vert:   79.370 m/s
Callsign: 632ER   (36 33 32 45 52 20 20 00 01 )
TSLC:     83 s

Lat:      34.652 deg N
Lon:      -114.079 deg E
Altitude: 1744.979 m
Heading:  328.730 deg
V_horiz:  260.330 m/s
V_vert:   79.370 m/s
Callsign: 632ER   (36 33 32 45 52 20 20 00 01 )
TSLC:     83 s

Lat:      34.652 deg N
Lon:      -114.079 deg E
Altitude: 1744.979 m
Heading:  328.730 deg
V_horiz:  260.330 m/s
V_vert:   79.370 m/s
Callsign: 632ER   (36 33 32 45 52 20 20 00 01 )
TSLC:     83 s

Lat:      34.652 deg N
Lon:      -114.079 deg E
Altitude: 1744.979 m
Heading:  328.730 deg
V_horiz:  260.330 m/s
V_vert:   79.370 m/s
Callsign: 632ER   (36 33 32 45 52 20 20 00 01 )
TSLC:     83 s

Lat:      34.652 deg N
Lon:      -114.079 deg E
Altitude: 1744.979 m
Heading:  328.730 deg
V_horiz:  260.330 m/s
V_vert:   79.370 m/s
Callsign: 632ER   (36 33 32 45 52 20 20 00 01 )
TSLC:     83 s

Lat:      34.652 deg N
Lon:      -114.079 deg E
Altitude: 1744.979 m
Heading:  328.730 deg
V_horiz:  260.330 m/s
V_vert:   79.370 m/s
Callsign: 632ER   (36 33 32 45 52 20 20 00 01 )
TSLC:     83 s

Lat:      34.652 deg N
Lon:      -114.079 deg E
Altitude: 1744.979 m
Heading:  328.730 deg
V_horiz:  260.330 m/s
V_vert:   79.370 m/s
Callsign: 632ER   (36 33 32 45 52 20 20 00 01 )
TSLC:     83 s

Lat:      34.652 deg N
Lon:      -114.079 deg E
Altitude: 1744.979 m
Heading:  328.730 deg
V_horiz:  260.330 m/s
V_vert:   79.370 m/s
Callsign: 632ER   (36 33 32 45 52 20 20 00 01 )
TSLC:     83 s

Lat:      34.652 deg N
Lon:      -114.079 deg E
Altitude: 1744.979 m
Heading:  328.730 deg
V_horiz:  260.330 m/s
V_vert:   79.370 m/s
Callsign: 632ER   (36 33 32 45 52 20 20 00 01 )
TSLC:     83 s

Lat:      34.652 deg N
Lon:      -114.079 deg E
Altitude: 1744.979 m
Heading:  328.730 deg
V_horiz:  260.330 m/s
V_vert:   79.370 m/s
Callsign: 632ER   (36 33 32 45 52 20 20 00 01 )
TSLC:     83 s

Lat:      34.652 deg N
Lon:      -114.079 deg E
Altitude: 1744.979 m
Heading:  328.730 deg
V_horiz:  260.330 m/s
V_vert:   79.370 m/s
Callsign: 632ER   (36 33 32 45 52 20 20 00 01 )
TSLC:     83 s

Lat:      34.652 deg N
Lon:      -114.079 deg E
Altitude: 1744.979 m
Heading:  328.730 deg
V_horiz:  260.330 m/s
V_vert:   79.370 m/s
Callsign: 632ER   (36 33 32 45 52 20 20 00 01 )
TSLC:     83 s

Lat:      34.652 deg N
Lon:      -114.079 deg E
Altitude: 1744.979 m
Heading:  328.730 deg
V_horiz:  260.330 m/s
V_vert:   79.370 m/s
Callsign: 632ER   (36 33 32 45 52 20 20 00 01 )
TSLC:     83 s

Lat:      34.652 deg N
Lon:      -114.079 deg E
Altitude: 1744.979 m
Heading:  328.730 deg
V_horiz:  260.330 m/s
V_vert:   79.370 m/s
Callsign: 632ER   (36 33 32 45 52 20 20 00 01 )
TSLC:     83 s

Lat:      34.652 deg N
Lon:      -114.079 deg E
Altitude: 1744.979 m
Heading:  328.730 deg
V_horiz:  260.330 m/s
V_vert:   79.370 m/s
Callsign: 632ER   (36 33 32 45 52 20 20 00 01 )
TSLC:     83 s

Lat:      34.652 deg N
Lon:      -114.079 deg E
Altitude: 1744.979 m
Heading:  328.730 deg
V_horiz:  260.330 m/s
V_vert:   79.370 m/s
Callsign: 632ER   (36 33 32 45 52 20 20 00 01 )
TSLC:     83 s

Lat:      34.652 deg N
Lon:      -114.079 deg E
Altitude: 1744.979 m
Heading:  328.730 deg
V_horiz:  260.330 m/s
V_vert:   79.370 m/s
Callsign: 632ER   (36 33 32 45 52 20 20 00 01 )
TSLC:     83 s

Lat:      34.652 deg N
Lon:      -114.079 deg E
Altitude: 1744.979 m
Heading:  328.730 deg
V_horiz:  260.330 m/s
V_vert:   79.370 m/s
Callsign: 632ER   (36 33 32 45 52 20 20 00 01 )
TSLC:     83 s

Lat:      34.652 deg N
Lon:      -114.079 deg E
Altitude: 1744.979 m
Heading:  328.730 deg
V_horiz:  260.330 m/s
V_vert:   79.370 m/s
Callsign: 632ER   (36 33 32 45 52 20 20 00 01 )
TSLC:     83 s

Lat:      34.652 deg N
Lon:      -114.079 deg E
Altitude: 1744.979 m
Heading:  328.730 deg
V_horiz:  260.330 m/s
V_vert:   79.370 m/s
Callsign: 632ER   (36 33 32 45 52 20 20 00 01 )
TSLC:     83 s

Lat:      34.652 deg N
Lon:      -114.079 deg E
Altitude: 1744.979 m
Heading:  328.730 deg
V_horiz:  260.330 m/s
V_vert:   79.370 m/s
Callsign: 632ER   (36 33 32 45 52 20 20 00 01 )
TSLC:     83 s

Lat:      34.652 deg N
Lon:      -114.079 deg E
Altitude: 1744.979 m
Heading:  328.730 deg
V_horiz:  260.330 m/s
V_vert:   79.370 m/s
Callsign: 632ER   (36 33 32 45 52 20 20 00 01 )
TSLC:     83 s

Lat:      34.652 deg N
Lon:      -114.079 deg E
Altitude: 1744.979 m
Heading:  328.730 deg
V_horiz:  260.330 m/s
V_vert:   79.370 m/s
Callsign: 632ER   (36 33 32 45 52 20 20 00 01 )
TSLC:     83 s

Lat:      34.652 deg N
Lon:      -114.079 deg E
Altitude: 1744.979 m
Heading:  328.730 deg
V_horiz:  260.330 m/s
V_vert:   79.370 m/s
Callsign: 632ER   (36 33 32 45 52 20 20 00 01 )
TSLC:     83 s

Lat:      34.652 deg N
Lon:      -114.079 deg E
Altitude: 1744.979 m
Heading:  328.730 deg
V_horiz:  260.330 m/s
V_vert:   79.370 m/s
Callsign: 632ER   (36 33 32 45 52 20 20 00 01 )
TSLC:     83 s

Lat:      34.652 deg N
Lon:      -114.079 deg E
Altitude: 1744.979 m
Heading:  328.730 deg
V_horiz:  260.330 m/s
V_vert:   79.370 m/s
Callsign: 632ER   (36 33 32 45 52 20 20 00 01 )
TSLC:     83 s

Lat:      34.652 deg N
Lon:      -114.079 deg E
Altitude: 1744.979 m
Heading:  328.730 deg
V_horiz:  260.330 m/s
V_vert:   79.370 m/s
Callsign: 632ER   (36 33 32 45 52 20 20 00 01 )
TSLC:     83 s

Lat:      34.652 deg N
Lon:      -114.079 deg E
Altitude: 1744.979 m
Heading:  328.730 deg
V_horiz:  260.330 m/s
V_vert:   79.370 m/s
Callsign: 632ER   (36 33 32 45 52 20 20 00 01 )
TSLC:     83 s

Lat:      34.652 deg N
Lon:      -114.079 deg E
Altitude: 1744.979 m
Heading:  328.730 deg
V_horiz:  260.330 m/s
V_vert:   79.370 m/s
Callsign: 632ER   (36 33 32 45 52 20 20 00 01 )
TSLC:     83 s

Lat:      34.652 deg N
Lon:      -114.079 deg E
Altitude: 1744.979 m
Heading:  328.730 deg
V_horiz:  260.330 m/s
V_vert:   79.370 m/s
Callsign: 632ER   (36 33 32 45 52 20 20 00 01 )
TSLC:     83 s

Lat:      34.652 deg N
Lon:      -114.079 deg E
Altitude: 1744.979 m
Heading:  328.730 deg
V_horiz:  260.330 m/s
V_vert:   79.370 m/s
Callsign: 632ER   (36 33 32 45 52 20 20 00 01 )
TSLC:     83 s

Lat:      34.652 deg N
Lon:      -114.079 deg E
Altitude: 1744.979 m
Heading:  328.730 deg
V_horiz:  260.330 m/s
V_vert:   79.370 m/s
Callsign: 632ER   (36 33 32 45 52 20 20 00 01 )
TSLC:     83 s

Lat:      34.652 deg N
Lon:      -114.079 deg E
Altitude: 1744.979 m
Heading:  328.730 deg
V_horiz:  260.330 m/s
V_vert:   79.370 m/s
Callsign: 632ER   (36 33 32 45 52 20 20 00 01 )
TSLC:     83 s

Lat:      34.652 deg N
Lon:      -114.079 deg E
Altitude: 1744.979 m
Heading:  328.730 deg
V_horiz:  260.330 m/s
V_vert:   79.370 m/s
Callsign: 632ER   (36 33 32 45 52 20 20 00 01 )
TSLC:     83 s

Lat:      34.652 deg N
Lon:      -114.079 deg E
Altitude: 1744.979 m
Heading:  328.730 deg
V_horiz:  260.330 m/s
V_vert:   79.370 m/s
Callsign: 632ER   (36 33 32 45 52 20 20 00 01 )
TSLC:     83 s

Lat:      34.652 deg N
Lon:      -114.079 deg E
Altitude: 1744.979 m
Heading:  328.730 deg
V_horiz:  260.330 m/s
V_vert:   79.370 m/s
Callsign: 632ER   (36 33 32 45 52 20 20 00 01 )
TSLC:     83 s

Lat:      34.652 deg N
Lon:      -114.079 deg E
Altitude: 1744.979 m
Heading:  328.730 deg
V_horiz:  260.330 m/s
V_vert:   79.370 m/s
Callsign: 632ER   (36 33 32 45 52 20 20 00 01 )
TSLC:     83 s

Lat:      34.652 deg N
Lon:      -114.079 deg E
Altitude: 1744.979 m
Heading:  328.730 deg
V_horiz:  260.330 m/s
V_vert:   79.370 m/s
Callsign: 632ER   (36 33 32 45 52 20 20 00 01 )
TSLC:     83 s

Lat:      34.652 deg N
Lon:      -114.079 deg E
Altitude: 1744.979 m
Heading:  328.730 deg
V_horiz:  260.330 m/s
V_vert:   79.370 m/s
Callsign: 632ER   (36 33 32 45 52 20 20 00 01 )
TSLC:     83 s

Lat:      34.652 deg N
Lon:      -114.079 deg E
Altitude: 1744.979 m
Heading:  328.730 deg
V_horiz:  260.330 m/s
V_vert:   79.370 m/s
Callsign: 632ER   (36 33 32 45 52 20 20 00 01 )
TSLC:     83 s

Lat:      34.652 deg N
Lon:      -114.079 deg E
Altitude: 1744.979 m
Heading:  328.730 deg
V_horiz:  260.330 m/s
V_vert:   79.370 m/s
Callsign: 632ER   (36 33 32 45 52 20 20 00 01 )
TSLC:     83 s

Lat:      34.652 deg N
Lon:      -114.079 deg E
Altitude: 1744.979 m
Heading:  328.730 deg
V_horiz:  260.330 m/s
V_vert:   79.370 m/s
Callsign: 632ER   (36 33 32 45 52 20 20 00 01 )
TSLC:     83 s

Lat:      34.652 deg N
Lon:      -114.079 deg E
Altitude: 1744.979 m
Heading:  328.730 deg
V_horiz:  260.330 m/s
V_vert:   79.370 m/s
Callsign: 632ER   (36 33 32 45 52 20 20 00 01 )
TSLC:     83 s

Lat:      34.652 deg N
Lon:      -114.079 deg E
Altitude: 1744.979 m
Heading:  328.730 deg
V_horiz:  260.330 m/s
V_vert:   79.370 m/s
Callsign: 632ER   (36 33 32 45 52 20 20 00 01 )
TSLC:     83 s

Lat:      34.652 deg N
Lon:      -114.079 deg E
Altitude: 1744.979 m
Heading:  328.730 deg
V_horiz:  260.330 m/s
V_vert:   79.370 m/s
Callsign: 632ER   (36 33 32 45 52 20 20 00 01 )
TSLC:     83 s

Lat:      34.652 deg N
Lon:      -114.079 deg E
Altitude: 1744.979 m
Heading:  328.730 deg
V_horiz:  260.330 m/s
V_vert:   79.370 m/s
Callsign: 632ER   (36 33 32 45 52 20 20 00 01 )
TSLC:     83 s

Lat:      34.652 deg N
Lon:      -114.079 deg E
Altitude: 1744.979 m
Heading:  328.730 deg
V_horiz:  260.330 m/s
V_vert:   79.370 m/s
Callsign: 632ER   (36 33 32 45 52 20 20 00 01 )
TSLC:     83 s

Lat:      34.652 deg N
Lon:      -114.079 deg E
Altitude: 1744.979 m
Heading:  328.730 deg
V_horiz:  260.330 m/s
V_vert:   79.370 m/s
Callsign: 632ER   (36 33 32 45 52 20 20 00 01 )
TSLC:     83 s

Lat:      34.652 deg N
Lon:      -114.079 deg E
Altitude: 1744.979 m
Heading:  328.730 deg
V_horiz:  260.330 m/s
V_vert:   79.370 m/s
Callsign: 632ER   (36 33 32 45 52 20 20 00 01 )
TSLC:     83 s

Lat:      34.652 deg N
Lon:      -114.079 deg E
Altitude: 1744.979 m
Heading:  328.730 deg
V_horiz:  260.330 m/s
V_vert:   79.370 m/s
Callsign: 632ER   (36 33 32 45 52 20 20 00 01 )
TSLC:     83 s

Lat:      34.652 deg N
Lon:      -114.079 deg E
Altitude: 1744.979 m
Heading:  328.730 deg
V_horiz:  260.330 m/s
V_vert:   79.370 m/s
Callsign: 632ER   (36 33 32 45 52 20 20 00 01 )
TSLC:     83 s

Lat:      34.652 deg N
Lon:      -114.079 deg E
Altitude: 1744.979 m
Heading:  328.730 deg
V_horiz:  260.330 m/s
V_vert:   79.370 m/s
Callsign: 632ER   (36 33 32 45 52 20 20 00 01 )
TSLC:     83 s

Lat:      34.652 deg N
Lon:      -114.079 deg E
Altitude: 1744.979 m
Heading:  328.730 deg
V_horiz:  260.330 m/s
V_vert:   79.370 m/s
Callsign: 632ER   (36 33 32 45 52 20 20 00 01 )
TSLC:     83 s

Lat:      34.652 deg N
Lon:      -114.079 deg E
Altitude: 1744.979 m
Heading:  328.730 deg
V_horiz:  260.330 m/s
V_vert:   79.370 m/s
Callsign: 632ER   (36 33 32 45 52 20 20 00 01 )
TSLC:     83 s

Lat:      34.652 deg N
Lon:      -114.079 deg E
Altitude: 1744.979 m
Heading:  328.730 deg
V_horiz:  260.330 m/s
V_vert:   79.370 m/s
Callsign: 632ER   (36 33 32 45 52 20 20 00 01 )
TSLC:     83 s

Lat:      34.652 deg N
Lon:      -114.079 deg E
Altitude: 1744.979 m
Heading:  328.730 deg
V_horiz:  260.330 m/s
V_vert:   79.370 m/s
Callsign: 632ER   (36 33 32 45 52 20 20 00 01 )
TSLC:     83 s

Lat:      34.652 deg N
Lon:      -114.079 deg E
Altitude: 1744.979 m
Heading:  328.730 deg
V_horiz:  260.330 m/s
V_vert:   79.370 m/s
Callsign: 632ER   (36 33 32 45 52 20 20 00 01 )
TSLC:     83 s

Lat:      34.652 deg N
Lon:      -114.079 deg E
Altitude: 1744.979 m
Heading:  328.730 deg
V_horiz:  260.330 m/s
V_vert:   79.370 m/s
Callsign: 632ER   (36 33 32 45 52 20 20 00 01 )
TSLC:     83 s

Lat:      34.652 deg N
Lon:      -114.079 deg E
Altitude: 1744.979 m
Heading:  328.730 deg
V_horiz:  260.330 m/s
V_vert:   79.370 m/s
Callsign: 632ER   (36 33 32 45 52 20 20 00 01 )
TSLC:     83 s

