Lat:      34.620 deg N
Lon:      -112.403 deg E
Altitude: 3040.380 m
Heading:  135.340 deg
V_horiz:  60.700 m/s
V_vert:   2.270 m/s
Callsign: OXF103   (4f 58 46 31 30 33 20 20 00 )
TSLC:     0 s

Lat:      34.837 deg N
Lon:      -112.405 deg E
Altitude: 2926.080 m
Heading:  331.670 deg
V_horiz:  82.310 m/s
V_vert:   650.490 m/s
Callsign: VFR      (56 46 52 20 20 20 20 20 00 )
TSLC:     15 s

Lat:      34.840 deg N
Lon:      -112.404 deg E
Altitude: 2926.080 m
Heading:  334.080 deg
V_horiz:  80.760 m/s
V_vert:   652.760 m/s
Callsign:          (20 20 20 20 20 20 20 20 00 )
TSLC:     11 s

Lat:      34.647 deg N
Lon:      -114.079 deg E
Altitude: 1645.919 m
Heading:  223.150 deg
V_horiz:  33.430 m/s
V_vert:   3.900 m/s
Callsign:  (00 00 00 00 00 00 00 00 00 )
TSLC:     1 s

