Lat:      34.846 deg N
Lon:      -112.402 deg E
Altitude: 3048.000 m
Heading:  168.240 deg
V_horiz:  78.190 m/s
V_vert:   652.110 m/s
Callsign:          (20 20 20 20 20 20 20 20 00 )
TSLC:     25 s

Lat:      34.641 deg N
Lon:      -112.406 deg E
Altitude: 3017.520 m
Heading:  130.540 deg
V_horiz:  56.070 m/s
V_vert:   3.570 m/s
Callsign: OXF103   (4f 58 46 31 30 33 20 20 00 )
TSLC:     4 s

Lat:      34.755 deg N
Lon:      -114.079 deg E
Altitude: 2263.140 m
Heading:  7.490 deg
V_horiz:  58.640 m/s
V_vert:   0.970 m/s
Callsign:  (00 00 00 00 00 00 00 00 00 )
TSLC:     20 s

