Lat:      -162.604 deg N
Lon:      -169.443 deg E
Altitude: -1392502.529 m
Heading:  441.580 deg
V_horiz:  650.390 m/s
V_vert:   315.260 m/s
Callsign: ¢ (a2 00 e0 b0 a5 14 80 a8 fd )
TSLC:     235 s

Lat:      -214.613 deg N
Lon:      -35.226 deg E
Altitude: -1577051.310 m
Heading:  486.400 deg
V_horiz:  0.010 m/s
V_vert:   0.000 m/s
Callsign: N   (4e 20 20 00 01 34 7b 3c fe )
TSLC:     124 s

Lat:      89.582 deg N
Lon:      -31.872 deg E
Altitude: 1199112.217 m
Heading:  39.610 deg
V_horiz:  653.410 m/s
V_vert:   327.990 m/s
Callsign:        (20 20 20 20 20 20 00 00 19 )
TSLC:     234 s

Lat:      35.034 deg N
Lon:      -114.079 deg E
Altitude: 1645.919 m
Heading:  111.200 deg
V_horiz:  36.520 m/s
V_vert:   0.000 m/s
Callsign:          (20 20 20 20 20 20 20 20 00 )
TSLC:     1 s

