Lat:      34.843 deg N
Lon:      -114.079 deg E
Altitude: 2263.140 m
Heading:  149.250 deg
V_horiz:  46.810 m/s
V_vert:   651.790 m/s
Callsign: N2407N   (4e 32 34 30 37 4e 20 20 00 )
TSLC:     1 s

Lat:      34.797 deg N
Lon:      -112.406 deg E
Altitude: 2590.800 m
Heading:  55.400 deg
V_horiz:  54.010 m/s
V_vert:   2.600 m/s
Callsign:          (20 20 20 20 20 20 20 20 00 )
TSLC:     11 s

Lat:      34.757 deg N
Lon:      -112.402 deg E
Altitude: 2240.280 m
Heading:  219.620 deg
V_horiz:  42.690 m/s
V_vert:   652.110 m/s
Callsign: N235TH   (4e 32 33 35 54 48 20 20 00 )
TSLC:     1 s

