Lat:      34.673 deg N
Lon:      -112.407 deg E
Altitude: 1524.000 m
Heading:  229.860 deg
V_horiz:  33.950 m/s
V_vert:   0.000 m/s
Callsign:          (20 20 20 20 20 20 20 20 00 )
TSLC:     30 s

Lat:      34.587 deg N
Lon:      -112.402 deg E
Altitude: 3032.760 m
Heading:  132.190 deg
V_horiz:  51.950 m/s
V_vert:   655.040 m/s
Callsign: OXF103   (4f 58 46 31 30 33 20 20 00 )
TSLC:     1 s

Lat:      34.817 deg N
Lon:      -112.407 deg E
Altitude: 2796.540 m
Heading:  205.270 deg
V_horiz:  61.210 m/s
V_vert:   653.740 m/s
Callsign:          (20 20 20 20 20 20 20 20 00 )
TSLC:     31 s

