Lat:      34.366 deg N
Lon:      -112.401 deg E
Altitude: 10668.000 m
Heading:  92.950 deg
V_horiz:  248.990 m/s
V_vert:   0.320 m/s
Callsign: CPZ6014  (43 50 5a 36 30 31 34 20 00 )
TSLC:     32 s

Lat:      55.500 deg N
Lon:      -140.922 deg E
Altitude: -620748.569 m
Heading:  103.620 deg
V_horiz:  0.330 m/s
V_vert:   79.360 m/s
Callsign:         (20 20 20 20 20 20 20 00 00 )
TSLC:     68 s

Lat:      141.064 deg N
Lon:      -100.658 deg E
Altitude: 1463353.368 m
Heading:  36.520 deg
V_horiz:  651.460 m/s
V_vert:   335.510 m/s
Callsign:  (00 00 00 00 00 00 00 01 1a )
TSLC:     214 s

Lat:      -147.504 deg N
Lon:      107.379 deg E
Altitude: 1676410.928 m
Heading:  0.200 deg
V_horiz:  79.360 m/s
V_vert:   1.280 m/s
Callsign:       (20 20 20 20 20 00 00 ef b5 )
TSLC:     38 s

Lat:      34.382 deg N
Lon:      -112.403 deg E
Altitude: 5509.260 m
Heading:  167.350 deg
V_horiz:  168.730 m/s
V_vert:   648.210 m/s
Callsign: AAL1273  (41 41 4c 31 32 37 33 20 00 )
TSLC:     8 s

Lat:      34.710 deg N
Lon:      -112.406 deg E
Altitude: 1775.459 m
Heading:  115.160 deg
V_horiz:  46.810 m/s
V_vert:   0.000 m/s
Callsign: N634ER   (4e 36 33 34 45 52 20 20 00 )
TSLC:     29 s

Lat:      34.619 deg N
Lon:      -112.402 deg E
Altitude: 10363.200 m
Heading:  260.510 deg
V_horiz:  202.690 m/s
V_vert:   655.040 m/s
Callsign:  (00 00 00 00 00 00 00 00 00 )
TSLC:     39 s

