Lat:      34.694 deg N
Lon:      -112.406 deg E
Altitude: 1676.399 m
Heading:  194.530 deg
V_horiz:  42.690 m/s
V_vert:   652.440 m/s
Callsign:          (20 20 20 20 20 20 20 20 00 )
TSLC:     12 s

Lat:      34.651 deg N
Lon:      -112.403 deg E
Altitude: 1836.419 m
Heading:  43.020 deg
V_horiz:  63.270 m/s
V_vert:   2.270 m/s
Callsign: RDDL23   (52 44 44 4c 32 33 20 20 00 )
TSLC:     1 s

Lat:      34.623 deg N
Lon:      -112.401 deg E
Altitude: 3025.140 m
Heading:  135.000 deg
V_horiz:  60.700 m/s
V_vert:   0.320 m/s
Callsign: OXF103   (4f 58 46 31 30 33 20 20 00 )
TSLC:     1 s

Lat:      34.837 deg N
Lon:      -112.405 deg E
Altitude: 2926.080 m
Heading:  331.670 deg
V_horiz:  82.310 m/s
V_vert:   650.490 m/s
Callsign: VFR      (56 46 52 20 20 20 20 20 00 )
TSLC:     6 s

Lat:      34.840 deg N
Lon:      -112.404 deg E
Altitude: 2926.080 m
Heading:  334.080 deg
V_horiz:  80.760 m/s
V_vert:   652.760 m/s
Callsign:          (20 20 20 20 20 20 20 20 00 )
TSLC:     2 s

Lat:      34.650 deg N
Lon:      -114.079 deg E
Altitude: 1615.439 m
Heading:  220.230 deg
V_horiz:  34.980 m/s
V_vert:   4.870 m/s
Callsign:  (00 00 00 00 00 00 00 00 00 )
TSLC:     2 s

