Lat:      34.673 deg N
Lon:      -112.407 deg E
Altitude: 1524.000 m
Heading:  229.860 deg
V_horiz:  33.950 m/s
V_vert:   0.000 m/s
Callsign:          (20 20 20 20 20 20 20 20 00 )
TSLC:     59 s

Lat:      34.582 deg N
Lon:      -112.406 deg E
Altitude: 3048.000 m
Heading:  126.760 deg
V_horiz:  58.130 m/s
V_vert:   654.710 m/s
Callsign: OXF103   (4f 58 46 31 30 33 20 20 00 )
TSLC:     11 s

Lat:      34.779 deg N
Lon:      -112.404 deg E
Altitude: 2407.920 m
Heading:  167.170 deg
V_horiz:  76.130 m/s
V_vert:   647.560 m/s
Callsign:  (00 00 00 00 00 00 00 00 00 )
TSLC:     2 s

Lat:      34.795 deg N
Lon:      -112.407 deg E
Altitude: 2590.800 m
Heading:  154.010 deg
V_horiz:  67.900 m/s
V_vert:   650.490 m/s
Callsign:          (20 20 20 20 20 20 20 20 00 )
TSLC:     24 s

