Lat:      34.366 deg N
Lon:      -112.401 deg E
Altitude: 10668.000 m
Heading:  92.950 deg
V_horiz:  248.990 m/s
V_vert:   0.320 m/s
Callsign: CPZ6014  (43 50 5a 36 30 31 34 20 00 )
TSLC:     55 s

Lat:      34.726 deg N
Lon:      -114.079 deg E
Altitude: 2156.460 m
Heading:  314.510 deg
V_horiz:  84.880 m/s
V_vert:   0.000 m/s
Callsign:          (20 20 20 20 20 20 20 20 00 )
TSLC:     40 s

Lat:      141.064 deg N
Lon:      -100.658 deg E
Altitude: 1463353.368 m
Heading:  36.520 deg
V_horiz:  651.460 m/s
V_vert:   335.510 m/s
Callsign:  (00 00 00 00 00 00 00 01 31 )
TSLC:     87 s

Lat:      -147.504 deg N
Lon:      107.379 deg E
Altitude: 1676410.928 m
Heading:  0.200 deg
V_horiz:  79.360 m/s
V_vert:   1.280 m/s
Callsign:       (20 20 20 20 20 00 00 28 df )
TSLC:     254 s

Lat:      34.382 deg N
Lon:      -112.403 deg E
Altitude: 5509.260 m
Heading:  167.350 deg
V_horiz:  168.730 m/s
V_vert:   648.210 m/s
Callsign: AAL1273  (41 41 4c 31 32 37 33 20 00 )
TSLC:     31 s

Lat:      34.642 deg N
Lon:      -114.079 deg E
Altitude: 1722.119 m
Heading:  231.980 deg
V_horiz:  35.490 m/s
V_vert:   2.600 m/s
Callsign:  (00 00 00 00 00 00 00 00 00 )
TSLC:     4 s

Lat:      34.695 deg N
Lon:      -112.406 deg E
Altitude: 1729.739 m
Heading:  217.660 deg
V_horiz:  37.030 m/s
V_vert:   9.420 m/s
Callsign: N634ER   (4e 36 33 34 45 52 20 20 00 )
TSLC:     2 s

