Lat:      -97.172 deg N
Lon:      -196.287 deg E
Altitude: -201320.312 m
Heading:  439.020 deg
V_horiz:  386.700 m/s
V_vert:   483.790 m/s
Callsign: ~Þã (7e de 0e e3 00 1f 83 00 00 )
TSLC:     78 s

Lat:      -214.613 deg N
Lon:      -35.226 deg E
Altitude: -1577051.310 m
Heading:  486.400 deg
V_horiz:  0.010 m/s
V_vert:   0.000 m/s
Callsign: N   (4e 20 20 00 01 21 20 0c fe )
TSLC:     193 s

Lat:      89.582 deg N
Lon:      -31.872 deg E
Altitude: 1199112.217 m
Heading:  39.610 deg
V_horiz:  653.410 m/s
V_vert:   327.990 m/s
Callsign:        (20 20 20 20 20 20 00 00 06 )
TSLC:     79 s

