Lat:      34.655 deg N
Lon:      -114.079 deg E
Altitude: 1630.679 m
Heading:  324.630 deg
V_horiz:  39.090 m/s
V_vert:   3.570 m/s
Callsign: N42GA    (4e 34 32 47 41 20 20 20 00 )
TSLC:     1 s

Lat:      -214.613 deg N
Lon:      -35.226 deg E
Altitude: -1577051.310 m
Heading:  486.400 deg
V_horiz:  0.010 m/s
V_vert:   0.000 m/s
Callsign: N   (4e 20 20 00 01 27 02 6c fe )
TSLC:     247 s

Lat:      89.582 deg N
Lon:      -31.872 deg E
Altitude: 1199112.217 m
Heading:  39.610 deg
V_horiz:  653.410 m/s
V_vert:   327.990 m/s
Callsign:        (20 20 20 20 20 20 00 00 0c )
TSLC:     134 s

