Lat:      34.761 deg N
Lon:      -112.405 deg E
Altitude: 2240.280 m
Heading:  167.120 deg
V_horiz:  73.560 m/s
V_vert:   648.540 m/s
Callsign: VFR      (56 46 52 20 20 20 20 20 00 )
TSLC:     23 s

Lat:      34.779 deg N
Lon:      -112.403 deg E
Altitude: 2407.920 m
Heading:  166.340 deg
V_horiz:  74.070 m/s
V_vert:   647.890 m/s
Callsign:          (20 20 20 20 20 20 20 20 00 )
TSLC:     48 s

Lat:      34.603 deg N
Lon:      -114.079 deg E
Altitude: 2087.879 m
Heading:  201.160 deg
V_horiz:  33.950 m/s
V_vert:   1.950 m/s
Callsign: N648ER   (4e 36 34 38 45 52 20 20 00 )
TSLC:     2 s

