65,+00.317,+02.764,-09.258,+00.001195,-00.001047,+00.000299,+36.5,+083.707*69
$VNRRG,03,0100018999*5D
$VNIMU,+00.0950,+00.2676,+00.4491,+00.351,+02.774,-09.262,+00.000059,-00.000993,-00.000942,+36.5,+083.707*62
$VNIMU,+00.0961,+00.2687,+00.4464,+00.307,+02.787,-09.271,+00.002504,-00.000038,+00.000259,+36.5,+083.710*6F
$VNIMU,+00.0918,+00.2722,+00.4494,+00.339,+02.777,-09.289,+00.001746,-00.000307,+00.000533,+36.5,+083.707*60
$VNIMU,+00.0918,+00.2699,+00.4480,+00.317,+02.791,-09.298,+00.001084,-00.001399,-00.000131,+36.5,+083.707*6F
$VNIMU,+00.0896,+00.2676,+00.4440,+00.313,+02.774,-09.303,-00.000188,-00.000939,-00.000718,+36.5,+083.707*6F
$VNWRG,06,0*6C
$VNWRG,06,248*62
$VNIMU,+00.0929,+00.2699,+00.4479,+00.326,+02.785,-09.267,+00.001565,+00.000361,-00.000463,+36.5,+083.707*64
$VNIMU,+00.0929,+00.2687,+00.4479,+00.323,+02.771,-09.245,+00.001896,-00.001002,-00.000106,+36.5,+083.707*63
$VNIMU,+00.0940,+00.2676,+00.4478,+00.321,+02.786,-09.273,-00.000805,-00.001240,-00.000315,+36.5,+083.720*60
$VNIMU,+00.0918,+00.2699,+00.4589,+00.322,+02.793,-09.252,+00.001310,-00.000878,-00.000947,+36.5,+083.707*67
$VNIMU,+00.0897,+00.2676,+00.4494,+00.328,+02.765,-09.279,+00.002768,-00.001443,-00.000485,+36.5,+083.707*69
$VNIMU,+00.0918,+00.2710,+00.4480,+00.309,+02.762,-09.289,+00.001290,-00.001105,-00.000465,+36.5,+083.724*69
$VNIMU,+00.0929,+00.2699,+00.4466,+00.308,+02.790,-09.252,-00.000230,-00.001391,+00.000040,+36.5,+083.720*6A
$VNGPE,599007.200215,2072,3,07,-2006294.430,-4859662.610,+3601607.320,+000.050,-000.170,+000.060,+010.854,+011.700,+009.057,+000.376,7.00E-09*0D
$VNIMU,+00.0940,+00.2687,+00.4465,+00.329,+02.778,-09.250,+00.001570,-00.000019,-00.000477,+36.5,+083.707*6B
$VNIMU,+00.0939,+00.2733,+00.4452,+00.323,+02.742,-09.246,+00.002951,-00.001262,-00.000440,+36.5,+083.710*6A
$VNIMU,+00.0939,+00.2710,+00.4479,+00.305,+02.749,-09.298,+00.002046,-00.001028,+00.000035,+36.5,+083.707*6B
$VNIMU,+00.0939,+00.2710,+00.4465,+00.318,+02.775,-09.265,-00.000595,-00.000852,-00.000439,+36.5,+083.707*62
$VNIMU,+00.0950,+00.2676,+00.4464,+00.312,+02.786,-09.263,+00.001532,+00.000433,-00.000252,+36.5,+083.707*61
$VNIMU,+00.0896,+00.2699,+00.4481,+00.324,+02.794,-09.275,+00.001227,-00.000359,-00.000451,+36.5,+083.707*6A
$VNIMU,+00.0939,+00.2687,+00.4438,+00.306,+02.791,-09.274,+00.000232,+00.000462,-00.000204,+36.5,+083.710*6B
$VNIMU,+00.0939,+00.2699,+00.4451,+00.309,+02.763,-09.275,-00.000526,+00.000224,-00.001384,+36.5,+083.707*66
$VNIMU,+00.0918,+00.2722,+00.4480,+00.313,+02.779,-09.282,+00.001054,-00.001283,-00.000730,+36.5,+083.694*6C
$VNIMU,+00.0918,+00.2687,+00.4493,+00.313,+02.761,-09.300,+00.000681,+00.000764,-00.000957,+36.5,+083.720*67
$VNGPE,599007.400216,2072,3,07,-2006294.450,-4859662.690,+3601607.320,+000.110,-000.100,-000.060,+010.854,+011.700,+009.039,+000.616,7.00E-09*09
$VNIMU,+00.0918,+00.2665,+00.4466,+00.350,+02.779,-09.302,+00.000225,+00.001450,-00.000898,+36.5,+083.694*6E
$VNIMU,+00.0940,+00.2687,+00.4492,+00.315,+02.758,-09.256,+00.003384,-00.003442,-00.001641,+36.5,+083.707*68
$VNIMU,+00.0940,+00.2676,+00.4478,+00.318,+02.758,-09.259,+00.000055,-00.000183,-00.001463,+36.5,+083.724*64
$VNIMU,+00.0929,+00.2687,+00.4479,+00.342,+02.784,-09.221,-00.000413,-00.000185,+00.000137,+36.5,+083.707*61
$VNIMU,+00.0929,+00.2676,+00.4438,+00.318,+02.768,-09.281,+00.001698,-00.001058,-00.000345,+36.5,+083.710*6C
$VNIMU,+00.0929,+00.2676,+00.4452,+00.340,+02.774,-09.267,+00.000493,-00.001653,-00.001064,+36.5,+083.707*6A
$VNIMU,+00.0897,+00.2676,+00.4481,+00.319,+02.776,-09.296,-00.000030,-00.000248,-00.000575,+36.5,+083.694*6B
$VNIMU,+00.0929,+00.2687,+00.4479,+00.326,+02.776,-09.280,+00.000427,-00.000826,-00.001136,+36.5,+083.694*69
$VNIMU,+00.0929,+00.2687,+00.4479,+00.318,+02.786,-09.266,+00.000616,-00.000201,+00.000252,+36.5,+083.707*61
$VNIMU,+00.0929,+00.2676,+00.4425,+00.306,+02.791,-09.285,+00.001461,-00.000795,+00.000928,+36.5,+083.707*6F
$VNGPE,599007.600217,2072,3,07,-2006294.490,-4859662.800,+3601607.310,+000.050,-000.030,-000.020,+010.826,+011.670,+009.018,+000.624,7.00E-09*00
$VNIMU,+00.0950,+00.2699,+00.4464,+00.334,+02.785,-09.268,+00.001669,-00.000564,-00.000265,+36.5,+083.717*61
$VNIMU,+00.0950,+00.2676,+00.4451,+00.316,+02.762,-09.236,+00.001987,-00.000094,-00.000185,+36.5,+083.707*6D
$VNIMU,+00.0940,+00.2665,+00.4492,+00.329,+02.768,-09.254,+00.001569,-00.001247,-00.000373,+36.5,+083.707*69
$VNIMU,+00.0907,+00.2710,+00.4467,+00.303,+02.770,-09.277,+00.001233,-00.001747,-00.001394,+36.5,+083.724*67
$VNIMU,+00.0940,+00.2699,+00.4479,+00.317,+02.754,-09.298,+00.001463,-00.002075,-00.000437,+36.5,+083.710*67
$VNIMU,+00.0917,+00.2722,+00.4344,+00.315,+02.764,-09.264,+00.001588,-00.000256,+00.000666,+36.5,+083.707*6C
$VNIMU,+00.0929,+00.2699,+00.4493,+00.307,+02.783,-09.270,+00.000079,-00.001674,+00.001412,+36.5,+083.707*6D
$VNIMU,+00.0918,+00.2699,+00.4493,+00.340,+02.802,-09.253,+00.000783,-00.000287,-00.000828,+36.5,+083.707*62
$VNIMU,+00.0907,+00.2699,+00.4467,+00.310,+02.760,-09.260,+00.000682,-00.001097,+00.000319,+36.5,+083.720*61
$VNIMU,+00.0940,+00.2653,+00.4465,+00.321,+02.772,-09.262,+00.001317,-00.001226,-00.000625,+36.5,+083.707*6C
$VNGPE,599007.800218,2072,3,07,-2006294.540,-4859662.910,+3601607.330,-000.110,-000.090,+000.080,+010.826,+011.670,+008.997,+000.600,7.00E-09*03
$VNIMU,+00.0918,+00.2687,+00.4507,+00.317,+02.775,-09.272,-00.000227,-00.001496,+00.000441,+36.5,+083.707*60
$VNIMU,+00.0896,+00.2710,+00.4495,+00.313,+02.794,-09.287,+00.000603,-00.000874,-00.000399,+36.5,+083.697*6A
$VNIMU,+00.0929,+00.2687,+00.4465,+00.338,+02.780,-09.273,+00.002198,-00.001158,+00.000183,+36.5,+083.694*65
$VNIMU,+00.0896,+00.2699,+00.4467,+00.308,+02.789,-09.293,-00.000056,-00.000860,-00.000807,+36.5,+083.707*65
$VNIMU,+00.0918,+00.2676,+00.4452,+00.321,+02.780,-09.264,+00.000280,-00.000237,-00.000013,+36.5,+083.707*65
$VNIMU,+00.0929,+00.2687,+00.4479,+00.318,+02.771,-09.257,+00.001012,+00.001118,-00.000137,+36.5,+083.707*62
$VNIMU,+00.0918,+00.2710,+00.4466,+00.346,+02.777,-09.265,+00.001239,-00.000631,+00.000166,+36.5,+083.707*6F
$VNIMU,+00.0918,+00.2722,+00.4494,+00.309,+02.760,-09.236,+00.001666,+00.000959,+00.000554,+36.5,+083.707*64
$VNIMU,+00.0918,+00.2699,+00.4480,+00.321,+02.792,-09.255,-00.000621,+00.000895,-00.000267,+36.5,+083.707*66
$VNGPE,599008.000220,2072,3,07,-2006294.610,-4859662.950,+3601607.340,-000.120,-000.050,+000.110,+010.799,+011.640,+008.982,+000.672,7.00E-09*04
$VNIMU,+00.0907,+00.2676,+00.4480,+00.324,+02.779,-09.282,+00.001060,-00.000405,+00.000185,+36.5,+083.694*66
$VNIMU,+00.0896,+00.2699,+00.4481,+00.312,+02.783,-09.280,+00.001434,-00.000672,+00.000440,+36.5,+083.707*6D
$VNIMU,+00.0950,+00.2687,+00.4491,+00.327,+02.758,-09.295,+00.001925,-00.000825,-00.000025,+36.5,+083.707*6C
$VNIMU,+00.0939,+00.2699,+00.4465,+00.332,+02.779,-09.273,+00.000482,+00.000085,+00.000178,+36.5,+083.707*62
$VNIMU,+00.0918,+00.2687,+00.4466,+00.325,+02.809,-09.252,+00.001485,-00.000071,-00.000405,+36.5,+083.707*62
$VNIMU,+00.0950,+00.2699,+00.4464,+00.324,+02.763,-09.291,+00.001752,-00.001680,+00.000600,+36.5,+083.707*6F
$VNIMU,+00.0918,+00.2699,+00.4453,+00.311,+02.788,-09.260,+00.001576,+00.000782,-00.000149,+36.5,+083.707*66
$VNIMU,+00.0939,+00.2699,+00.4451,+00.327,+02.775,-09.254,-00.000895,-00.000691,+00.000743,+36.5,+083.707*6F
$VNIMU,+00.0929,+00.2687,+00.4479,+00.327,+02.775,-09.279,+00.001014,-00.000161,-00.000239,+36.5,+083.710*62
$VNIMU,+00.0929,+00.2687,+00.4479,+00.307,+02.787,-09.298,+00.000628,-00.001183,+00.000453,+36.5,+083.707*6D
$VNGPE,599008.200221,2072,3,07,-2006294.660,-4859662.880,+3601607.330,-000.090,+000.100,+000.140,+010.799,+011.640,+008.970,+000.608,7.00E-09*06
$VNIMU,+00.0939,+00.2710,+00.4492,+00.327,+02.760,-09.273,-00.000130,-00.000894,+00.000252,+36.5,+083.707*69
$VNIMU,+00.0918,+00.2687,+00.4466,+00.293,+02.794,-09.260,+00.000231,-00.001873,-00.000308,+36.5,+083.710*6B
$VNIMU,+00.0929,+00.2676,+00.4493,+00.334,+02.757,-09.277,+00.000705,-00.000942,-00.000931,+36.5,+083.694*65
$VNIMU,+00.0918,+00.2665,+00.4479,+00.292,+02.759,-09.305,+00.000623,+00.000191,+00.000149,+36.5,+083.707*69
$VNIMU,+00.0929,+00.2687,+00.4465,+00.339,+02.755,-09.261,+00.000801,-00.000194,+00.000335,+36.5,+083.707*61
$VNIMU,+00.0929,+00.2687,+00.4479,+00.311,+02.767,-09.268,+00.002125,-00.000844,-00.000552,+36.5,+083.707*66
$VNIMU,+00.0918,+00.2687,+00.4493,+00.321,+02.771,-09.260,+00.000944,-00.000197,+00.001078,+36.5,+083.694*67
$VNIMU,+00.0907,+00.2687,+00.4480,+00.315,+02.780,-09.279,+00.000427,-00.000013,-00.000064,+36.5,+083.707*6E
$VNIMU,+00.0918,+00.2710,+00.4453,+00.307,+02.761,-09.246,+00.004049,-00.001702,+00.000505,+36.5,+083.707*6B
$VNIMU,+00.0929,+00.2687,+00.4493,+00.301,+02.784,-09.254,+00.000620,-00.001101,-00.000834,+36.5,+083.707*65
$VNGPE,599008.400222,2072,3,07,-2006294.710,-4859662.950,+3601607.340,+000.070,+000.100,-000.070,+010.799,+011.640,+008.961,+000.560,7.00E-09*0F
$VNIMU,+00.0950,+00.2710,+00.4464,+00.297,+02.789,-09.286,+00.000139,-00.000897,-00.000076,+36.5,+083.707*66
$VNIMU,+00.0940,+00.2687,+00.4465,+00.333,+02.804,-09.267,+00.002126,-00.000316,+00.000373,+36.5,+083.707*6D
$VNIMU,+00.0918,+00.2710,+00.4480,+00.317,+02.780,-09.256,+00.001451,-00.000571,-00.000822,+36.5,+083.707*6B
$VNIMU,+00.0929,+00.2665,+00.4479,+00.290,+02.777,-09.326,+00.001219,-00.001055,+00.000225,+36.5,+083.707*6F
$VNIMU,+00.0940,+00.2687,+00.4465,+00.320,+02.805,-09.249,+00.002755,-00.001348,-00.000855,+36.5,+083.707*63
$VNIMU,+00.0896,+00.2699,+00.4454,+00.321,+02.766,-09.278,+00.000738,-00.001556,-00.001356,+36.5,+083.707*64
$VNIMU,+00.0896,+00.2710,+00.4481,+00.340,+02.760,-09.288,+00.001338,-00.002099,+00.000786,+36.5,+083.710*6A
$VNIMU,+00.0918,+00.2676,+00.4493,+00.323,+02.755,-09.263,-00.000127,-00.001473,-00.000613,+36.5,+083.707*6C
$VNIMU,+00.0907,+00.2687,+00.4480,+00.313,+02.769,-09.293,+00.000576,-00.000720,-00.000280,+36.5,+083.710*67
$VNIMU,+00.0918,+00.2687,+00.4493,+00.311,+02.746,-09.250,+00.002177,-00.001841,-00.000239,+36.5,+083.707*61
$VNGPE,599008.600223,2072,3,07,-2006294.730,-4859663.030,+3601607.330,+000.140,+000.080,-000.110,+010.799,+011.640,+008.955,+000.672,7.00E-09*0C
$VNIMU,+00.0929,+00.2699,+00.4466,+00.320,+02.780,-09.278,+00.002336,-00.001822,+00.000192,+36.5,+083.707*62
$VNIMU,+00.0940,+00.2699,+00.4479,+00.306,+02.755,-09.295,+00.000833,-00.001010,-00.000775,+36.5,+083.707*60
$VNIMU,+00.0940,+00.2676,+00.4478,+00.320,+02.765,-09.242,+00.000433,-00.000594,-00.000574,+36.5,+083.707*6A
$VNIMU,+00.0929,+00.2710,+00.4466,+00.321,+02.759,-09.257,+00.001435,-00.003104,-00.000814,+36.5,+083.707*63
$VNIMU,+00.0918,+00.2687,+00.4480,+00.337,+02.790,-09.287,+00.000266,-00.000508,-00.001172,+36.5,+083.707*6B
$VNIMU,+00.0918,+00.2687,+00.4493,+00.347,+02.774,-09.272,+00.000749,+00.000023,+00.000000,+36.5,+083.720*6A
$VNIMU,+00.0929,+00.2665,+00.4479,+00.305,+02.771,-09.283,+00.002585,-00.001434,-00.000636,+36.5,+083.707*68
$VNIMU,+00.0918,+00.2710,+00.4466,+00.320,+02.770,-09.240,-00.000091,+00.000288,+00.000480,+36.5,+083.707*65
$VNIMU,+00.0929,+00.2710,+00.4493,+00.319,+02.765,-09.262,+00.000245,+00.000146,-00.000294,+36.5,+083.720*6F
$VNIMU,+00.0918,+00.2687,+00.4480,+00.331,+02.760,-09.285,+00.002085,-00.001050,+00.000441,+36.5,+083.724*67
$VNIMU,+00.0929,+00.2699,+00.4466,+00.294,+02.763,-09.252,+00.002307,-00.000797,-00.000250,+36.5,+083.707*60
$VNGPE,599008.800225,2072,3,07,-2006294.730,-4859663.050,+3601607.280,+000.210,+000.270,-000.280,+010.771,+011.610,+008.931,+000.560,7.00E-09*08
$VNIMU,+00.0918,+00.2687,+00.4480,+00.312,+02.790,-09.275,+00.000939,+00.000585,-00.000120,+36.5,+083.710*63
$VNIMU,+00.0897,+00.2688,+00.4508,+00.324,+02.767,-09.272,+00.000109,-00.000293,+00.000028,+36.5,+083.707*65
$VNIMU,+00.0929,+00.2699,+00.4493,+00.330,+02.761,-09.256,+00.001175,-00.000642,-00.000890,+36.5,+083.707*68
$VNIMU,+00.0929,+00.2676,+00.4506,+00.312,+02.796,-09.287,+00.000306,-00.000155,+00.000280,+36.5,+083.707*6B
$VNIMU,+00.0929,+00.2676,+00.4465,+00.341,+02.772,-09.229,+00.001379,-00.000187,-00.000985,+36.5,+083.707*69
$VNIMU,+00.0897,+00.2676,+00.4494,+00.327,+02.761,-09.238,+00.002858,-00.000148,-00.000235,+36.5,+083.720*6C
$VNIMU,+00.0918,+00.2699,+00.4466,+00.303,+02.757,-09.292,+00.002565,-00.000183,-00.000651,+36.5,+083.694*69
$VNIMU,+00.0939,+00.2710,+00.4479,+00.308,+02.761,-09.260,+00.000153,-00.001072,+00.000148,+36.5,+083.720*6D
$VNIMU,+00.0907,+00.2687,+00.4494,+00.316,+02.753,-09.280,+00.000348,+00.000447,-00.000307,+36.5,+083.694*60
$VNGPE,599009.000226,2072,3,07,-2006294.750,-4859663.200,+3601607.260,+000.180,+000.150,-000.200,+010.743,+011.580,+008.904,+000.616,6.00E-09*00
$VNIMU,+00.0972,+00.2687,+00.4463,+00.321,+02.768,-09.252,+00.002027,+00.000241,-00.000095,+36.5,+083.707*62
$VNIMU,+00.0907,+00.2699,+00.4508,+00.305,+02.772,-09.277,+00.000607,-00.000966,-00.000000,+36.5,+083.707*6B
$VNIMU,+00.0907,+00.2699,+00.4467,+00.310,+02.762,-09.296,+00.000878,-00.000603,-00.000158,+36.5,+083.707*6F
$VNIMU,+00.0940,+00.2676,+00.4478,+00.326,+02.775,-09.300,+00.000005,-00.000174,+00.000360,+36.5,+083.707*64
$VNIMU,+00.0929,+00.2676,+00.4479,+00.337,+02.770,-09.267,+00.001842,-00.000740,+00.001017,+36.5,+083.707*66
$VNIMU,+00.0940,+00.2699,+00.4479,+00.318,+02.786,-09.269,+00.001760,-00.000469,+00.000313,+36.5,+083.710*65
$VNIMU,+00.0929,+00.2676,+00.4479,+00.316,+02.795,-09.262,+00.002194,-00.001461,+00.000267,+36.5,+083.707*6F
$VNIMU,+00.0918,+00.2699,+00.4480,+00.320,+02.769,-09.229,-00.000704,+00.000359,-00.000990,+36.5,+083.694*6D
$VNIMU,+00.0907,+00.2676,+00.4494,+00.311,+02.772,-09.255,+00.001446,-00.000133,-00.000610,+36.5,+083.697*6A
$VNIMU,+00.0907,+00.2665,+00.4480,+00.289,+02.765,-09.265,+00.003646,-00.002696,-00.000797,+36.5,+083.720*61
$VNIMU,+00.0918,+00.2676,+00.4493,+00.317,+02.747,-09.288,-00.000098,-00.000211,-00.001435,+36.5,+083.710*6A
$VNGPE,599009.200227,2072,3,07,-2006294.760,-4859663.310,+3601607.260,+000.180,+000.180,-000.020,+010.743,+011.580,+008.877,+000.536,6.00E-09*09
$VNIMU,+00.0929,+00.2687,+00.4493,+00.335,+02.776,-09.264,-00.000506,+00.000459,+00.000292,+36.5,+083.710*64
$VNIMU,+00.0907,+00.2676,+00.4480,+00.332,+02.754,-09.266,+00.002553,-00.001792,-00.000039,+36.5,+083.724*64
$VNIMU,+00.0939,+00.2710,+00.4465,+00.333,+02.758,-09.266,+00.000525,-00.001617,-00.000401,+36.5,+083.707*6F
$VNIMU,+00.0907,+00.2687,+00.4494,+00.320,+02.777,-09.287,-00.000163,+00.001313,-00.000777,+36.5,+083.710*60
$VNIMU,+00.0929,+00.2665,+00.4493,+00.321,+02.761,-09.269,+00.001871,-00.000760,-00.001506,+36.5,+083.694*63
$VNIMU,+00.0907,+00.2699,+00.4453,+00.305,+02.771,-09.263,+00.001753,-00.001101,+00.000343,+36.5,+083.720*6C
$VNIMU,+00.0896,+00.2710,+00.4481,+00.321,+02.777,-09.260,+00.000095,-00.000618,-00.001203,+36.5,+083.707*6C
$VNIMU,+00.0940,+00.2665,+00.4492,+00.342,+02.780,-09.263,+00.001263,-00.001323,+00.000413,+36.5,+083.707*6F
$VNIMU,+00.0896,+00.2710,+00.4495,+00.323,+02.749,-09.289,+00.002247,-00.001570,-00.000164,+36.5,+083.724*60
$VNIMU,+00.0929,+00.2676,+00.4493,+00.299,+02.753,-09.283,+00.002148,-00.001188,+00.000718,+36.5,+083.707*66
$VNGPE,599009.400228,2072,3,07,-2006294.780,-4859663.420,+3601607.260,+000.170,+000.070,-000.080,+010.715,+011.550,+008.841,+000.656,6.00E-09*0F
$VNIMU,+00.0929,+00.2699,+00.4479,+00.330,+02.768,-09.274,+00.000838,+00.000452,+00.000387,+36.5,+083.707*6A
$VNIMU,+00.0940,+00.2699,+00.4479,+00.341,+02.778,-09.261,+00.000896,-00.001756,+00.000022,+36.5,+083.710*68
$VNIMU,+00.0929,+00.2687,+00.4493,+00.312,+02.761,-09.285,+00.002016,-00.000308,-00.000464,+36.5,+083.707*62
$VNIMU,+00.0940,+00.2687,+00.4465,+00.321,+02.791,-09.276,-00.000193,-00.000350,+00.000054,+36.5,+083.707*63
$VNIMU,+00.0929,+00.2699,+00.4479,+00.333,+02.773,-09.287,+00.002590,-00.001092,+00.001185,+36.5,+083.707*6C
$VNIMU,+00.0907,+00.2687,+00.4453,+00.328,+02.775,-09.314,+00.001427,-00.002087,+00.000348,+36.5,+083.707*6B
$VNIMU,+00.0907,+00.2699,+00.4453,+00.314,+02.778,-09.242,+00.001580,-00.000871,+00.000159,+36.5,+083.707*69
$VNIMU,+00.0907,+00.2699,+00.4480,+00.336,+02.791,-09.250,+00.000656,+00.000589,-00.000293,+36.5,+083.707*65
$VNIMU,+00.0929,+00.2699,+00.4493,+00.296,+02.786,-09.273,+00.002596,+00.000258,-00.001252,+36.5,+083.707*6D
$VNGPE,599009.600230,2072,3,07,-2006294.810,-4859663.530,+3601607.250,-000.030,+000.070,-000.040,+010.687,+011.520,+008.811,+000.352,6.00E-09*07
$VNIMU,+00.0929,+00.2687,+00.4479,+00.310,+02.799,-09.280,+00.001844,-00.001354,+00.000050,+36.5,+083.707*67
$VNIMU,+00.0929,+00.2699,+00.4452,+00.318,+02.759,-09.287,+00.001598,-00.000455,-00.000624,+36.5,+083.707*6A
$VNIMU,+00.0918,+00.2687,+00.4480,+00.298,+02.775,-09.267,+00.000946,-00.001653,+00.000093,+36.5,+083.710*60
$VNIMU,+00.0929,+00.2722,+00.4466,+00.317,+02.751,-09.242,-00.000115,-00.001345,-00.000089,+36.5,+083.707*62
$VNIMU,+00.0929,+00.2687,+00.4493,+00.304,+02.782,-09.254,+00.001066,+00.000019,-00.001150,+36.5,+083.697*6E
$VNIMU,+00.0929,+00.2722,+00.4479,+00.299,+02.785,-09.264,+00.001228,-00.000640,-00.000475,+36.5,+083.724*6B
$VNIMU,+00.0918,+00.2722,+00.4480,+00.304,+02.759,-09.282,+00.000290,+00.000302,-00.001343,+36.5,+083.707*66
$VNIMU,+00.0907,+00.2687,+00.4494,+00.309,+02.782,-09.237,-00.001470,-00.000203,-00.001612,+36.5,+083.710*68
$VNIMU,+00.0907,+00.2710,+00.4480,+00.316,+02.801,-09.296,+00.001511,-00.000928,-00.000636,+36.5,+083.707*60
$VNIMU,+00.0961,+00.2699,+00.4505,+00.291,+02.790,-09.263,+00.002649,-00.000957,+00.000319,+36.5,+083.707*64
$VNIMU,+00.0929,+00.2699,+00.4479,+00.297,+02.770,-09.237,+00.002855,-00.001194,+00.001184,+36.5,+083.697*61
$VNGPE,599009.800231,2072,3,07,-2006294.850,-4859663.570,+3601607.250,+000.030,+000.170,+000.050,+010.659,+011.490,+008.781,+000.384,6.00E-09*0C
$VNIMU,+00.0918,+00.2733,+00.4466,+00.322,+02.771,-09.260,+00.000875,-00.001389,+00.000040,+36.5,+083.707*6E
$VNIMU,+00.0918,+00.2687,+00.4466,+00.314,+02.771,-09.285,+00.001689,-00.002218,+00.000503,+36.5,+083.707*6A
$VNIMU,+00.0897,+00.2665,+00.4494,+00.315,+02.748,-09.265,+00.000180,-00.001928,+00.000075,+36.5,+083.707*68
$VNIMU,+00.0929,+00.2687,+00.4465,+00.310,+02.763,-09.277,+00.002102,-00.000626,+00.000133,+36.5,+083.707*6A
$VNIMU,+00.0907,+00.2710,+00.4467,+00.305,+02.769,-09.252,+00.001016,-00.000226,+00.000461,+36.5,+083.707*63
$VNIMU,+00.0907,+00.2699,+00.4480,+00.305,+02.754,-09.258,+00.000793,-00.000352,-00.000198,+36.5,+083.707*62
$VNIMU,+00.0907,+00.2676,+00.4467,+00.306,+02.771,-09.263,+00.000135,-00.000725,-00.001118,+36.5,+083.707*61
$VNIMU,+00.0940,+00.2687,+00.4451,+00.309,+02.802,-09.227,+00.001423,-00.000980,-00.000316,+36.5,+083.707*62
$VNIMU,+00.0918,+00.2699,+00.4466,+00.300,+02.778,-09.283,+00.002083,-00.001335,-00.000690,+36.5,+083.697*6A
$VNIMU,+00.0896,+00.2710,+00.4481,+00.311,+02.766,-09.262,+00.002272,-00.001331,-00.000661,+36.5,+083.707*6A
$VNGPE,599010.000232,2072,3,07,-2006294.890,-4859663.600,+3601607.250,+000.010,+000.150,+000.000,+010.632,+011.460,+008.757,+000.408,6.00E-09*08
$VNIMU,+00.0950,+00.2699,+00.4492,+00.318,+02.771,-09.269,+00.000491,+00.000177,+00.000098,+36.5,+083.707*6F
$VNIMU,+00.0918,+00.2699,+00.4466,+00.340,+02.790,-09.290,+00.001979,-00.001671,-00.000497,+36.5,+083.707*6D
$VNIMU,+00.0929,+00.2710,+00.4479,+00.332,+02.772,-09.272,+00.001086,-00.001117,+00.000454,+36.5,+083.720*66
$VNIMU,+00.0940,+00.2676,+00.4478,+00.313,+02.774,-09.250,+00.000477,+00.000806,+00.000279,+36.5,+083.710*63
$VNIMU,+00.0929,+00.2699,+00.4438,+00.335,+02.786,-09.267,+00.002169,-00.001366,+00.000614,+36.5,+083.710*69
$VNIMU,+00.0918,+00.2676,+00.4507,+00.308,+02.759,-09.281,+00.002169,-00.002450,-00.000092,+36.5,+083.707*6A
$VNIMU,+00.0918,+00.2687,+00.4452,+00.310,+02.753,-09.266,-00.000099,-00.002552,-00.000132,+36.5,+083.710*6B
$VNIMU,+00.0929,+00.2710,+00.4466,+00.324,+02.789,-09.247,-00.000804,-00.000798,+00.000092,+36.5,+083.707*63
$VNIMU,+00.0897,+00.2676,+00.4494,+00.340,+02.777,-09.283,+00.002396,-00.000002,+00.001258,+36.5,+083.707*65
$VNIMU,+00.0907,+00.2687,+00.4467,+00.301,+02.781,-09.274,+00.001523,-00.001864,-00.000989,+36.5,+083.707*69
$VNGPE,599010.200233,2072,3,07,-2006294.910,-4859663.740,+3601607.250,+000.230,-000.030,-000.130,+010.632,+011.460,+008.730,+000.704,6.00E-09*0C
$VNIMU,+00.0950,+00.2699,+00.4451,+00.317,+02.785,-09.274,-00.000455,-00.000945,-00.000085,+36.5,+083.710*65
$VNIMU,+00.0929,+00.2676,+00.4493,+00.315,+02.788,-09.259,+00.001316,-00.000793,+00.000399,+36.5,+083.720*6D
$VNIMU,+00.0929,+00.2676,+00.4465,+00.316,+02.762,-09.259,+00.002751,-00.000041,+00.000018,+36.5,+083.707*60
$VNIMU,+00.0939,+00.2699,+00.4465,+00.299,+02.790,-09.267,+00.001968,-00.001171,+00.000466,+36.5,+083.707*6F
$VNIMU,+00.0950,+00.2699,+00.4464,+00.315,+02.788,-09.233,+00.000760,+00.000130,-00.000015,+36.5,+083.697*67
$VNIMU,+00.0907,+00.2687,+00.4494,+00.322,+02.773,-09.268,+00.002281,-00.001375,+00.000630,+36.5,+083.707*68
$VNIMU,+00.0918,+00.2710,+00.4507,+00.302,+02.769,-09.291,+00.001795,-00.000849,-00.001329,+36.5,+083.707*61
$VNIMU,+00.0907,+00.2687,+00.4467,+00.319,+02.778,-09.298,+00.000061,-00.000868,+00.000518,+36.5,+083.707*69
$VNIMU,+00.0939,+00.2699,+00.4465,+00.320,+02.790,-09.269,+00.001528,-00.001785,+00.000240,+36.5,+083.707*65
$VNGPE,599010.400235,2072,3,07,-2006294.920,-4859663.920,+3601607.260,+000.050,+000.010,-000.040,+010.604,+011.430,+008.715,+000.672,6.00E-09*05
$VNIMU,+00.0929,+00.2687,+00.4465,+00.325,+02.762,-09.250,-00.000041,-00.000632,-00.000551,+36.5,+083.707*69
$VNIMU,+00.0929,+00.2699,+00.4452,+00.309,+02.745,-09.295,+00.001340,-00.001892,-00.000677,+36.5,+083.707*67
$VNIMU,+00.0929,+00.2676,+00.4479,+00.321,+02.762,-09.259,+00.000778,+00.000848,-00.000067,+36.5,+083.707*69
$VNIMU,+00.0929,+00.2653,+00.4479,+00.362,+02.768,-09.260,+00.001436,-00.000822,+00.000007,+36.5,+083.707*6B
$VNIMU,+00.0918,+00.2687,+00.4493,+00.299,+02.770,-09.279,-00.000029,-00.000583,-00.000303,+36.5,+083.720*6F
$VNIMU,+00.0940,+00.2665,+00.4437,+00.334,+02.796,-09.266,+00.001396,+00.000435,-00.000954,+36.5,+083.707*67
$VNIMU,+00.0918,+00.2665,+00.4479,+00.331,+02.771,-09.261,+00.003461,-00.000267,-00.000474,+36.5,+083.707*6E
$VNIMU,+00.0907,+00.2699,+00.4494,+00.296,+02.759,-09.270,+00.001303,-00.000246,-00.000375,+36.5,+083.707*62
$VNIMU,+00.0929,+00.2665,+00.4479,+00.319,+02.781,-09.252,-00.000134,-00.001677,-00.000932,+36.5,+083.710*64
$VNIMU,+00.0929,+00.2687,+00.4452,+00.337,+02.781,-09.287,+00.001019,-00.001253,+00.000161,+36.5,+083.720*65
$VNIMU,+00.0918,+00.2699,+00.4480,+00.314,+02.782,-09.266,+00.000794,+00.000434,-00.000572,+36.5,+083.707*6C
$VNGPE,599010.600236,2072,3,07,-2006294.950,-4859663.940,+3601607.240,+000.020,+000.070,+000.040,+010.604,+011.430,+008.700,+000.408,6.00E-09*0B
$VNIMU,+00.0950,+00.2710,+00.4492,+00.337,+02.771,-09.271,-00.000519,+00.000169,-00.000336,+36.5,+083.697*6A
$VNIMU,+00.0918,+00.2687,+00.4480,+00.319,+02.774,-09.259,-00.002416,-00.001135,-00.001559,+36.5,+083.707*6D
$VNIMU,+00.0961,+00.2687,+00.4464,+00.314,+02.795,-09.252,+00.001806,+00.000131,-00.000862,+36.5,+083.707*6F
$VNIMU,+00.0950,+00.2676,+00.4451,+00.322,+02.794,-09.263,+00.003248,+00.000015,-00.000598,+36.5,+083.707*6E
$VNIMU,+00.0907,+00.2687,+00.4521,+00.318,+02.773,-09.272,+00.000321,+00.000928,+00.000879,+36.5,+083.694*61
$VNIMU,+00.0939,+00.2710,+00.4451,+00.318,+02.771,-09.267,+00.000748,-00.000722,-00.000647,+36.5,+083.694*6F
$VNIMU,+00.0929,+00.2687,+00.4465,+00.328,+02.787,-09.249,+00.002953,-00.000701,-00.000284,+36.5,+083.707*67
$VNIMU,+00.0907,+00.2687,+00.4494,+00.316,+02.780,-09.218,+00.000078,-00.000935,-00.000267,+36.5,+083.707*6D
$VNIMU,+00.0950,+00.2710,+00.4478,+00.318,+02.753,-09.293,+00.001282,-00.000243,+00.000723,+36.5,+083.707*6E
$VNGPE,599010.800237,2072,3,07,-2006294.970,-4859664.050,+3601607.220,+000.010,-000.200,-000.210,+010.604,+011.430,+008.685,+000.464,6.00E-09*08
$VNIMU,+00.0918,+00.2699,+00.4493,+00.327,+02.771,-09.234,+00.000343,-00.001613,+00.001407,+36.5,+083.707*6F
$VNIMU,+00.0929,+00.2699,+00.4493,+00.313,+02.796,-09.277,+00.001434,-00.000648,+00.000442,+36.5,+083.694*66
$VNIMU,+00.0950,+00.2699,+00.4478,+00.330,+02.776,-09.271,+00.001031,-00.000860,-00.000209,+36.5,+083.707*65
$VNIMU,+00.0940,+00.2676,+00.4478,+00.331,+02.769,-09.256,+00.002485,-00.000170,-00.000838,+36.5,+083.707*67
$VNIMU,+00.0950,+00.2687,+00.4437,+00.317,+02.759,-09.265,+00.001582,-00.001248,-00.000638,+36.5,+083.707*66
$VNIMU,+00.0940,+00.2699,+00.4492,+00.289,+02.774,-09.276,+00.000358,+00.000850,-00.001191,+36.5,+083.707*6D
$VNIMU,+00.0907,+00.2699,+00.4494,+00.343,+02.753,-09.279,+00.000826,-00.000899,+00.000708,+36.5,+083.707*65
$VNIMU,+00.0929,+00.2687,+00.4479,+00.343,+02.758,-09.255,+00.002445,-00.000794,-00.000199,+36.5,+083.720*64
$VNIMU,+00.0929,+00.2710,+00.4466,+00.349,+02.763,-09.266,+00.000985,-00.000408,-00.001170,+36.5,+083.720*64
$VNIMU,+00.0929,+00.2710,+00.4493,+00.336,+02.756,-09.247,+00.000083,+00.000424,-00.000412,+36.5,+083.707*61
$VNGPE,599011.000238,2072,3,07,-2006295.020,-4859664.150,+3601607.200,-000.120,-000.090,+000.020,+010.604,+011.430,+008.685,+000.584,6.00E-09*07
$VNIMU,+00.0918,+00.2665,+00.4479,+00.354,+02.774,-09.260,+00.002003,-00.002018,-00.001313,+36.5,+083.707*67
$VNIMU,+00.0918,+00.2699,+00.4453,+00.291,+02.767,-09.301,+00.002521,-00.001755,-00.000783,+36.5,+083.707*64
$VNIMU,+00.0929,+00.2687,+00.4479,+00.294,+02.761,-09.269,-00.000242,-00.001009,-00.000759,+36.5,+083.710*64
$VNIMU,+00.0918,+00.2676,+00.4466,+00.335,+02.787,-09.294,+00.000219,+00.000759,+00.000639,+36.5,+083.720*69
$VNIMU,+00.0929,+00.2676,+00.4452,+00.309,+02.795,-09.268,+00.000006,-00.000679,-00.000954,+36.5,+083.694*66
$VNIMU,+00.0939,+00.2722,+00.4492,+00.312,+02.796,-09.279,+00.002291,-00.000597,-00.000796,+36.5,+083.694*6F
$VNIMU,+00.0918,+00.2699,+00.4466,+00.323,+02.766,-09.275,+00.001244,-00.001056,+00.000800,+36.5,+083.707*68
$VNIMU,+00.0907,+00.2699,+00.4467,+00.325,+02.765,-09.274,+00.000819,-00.000002,+00.000465,+36.5,+083.707*6F
$VNIMU,+00.0929,+00.2665,+00.4465,+00.337,+02.780,-09.239,+00.002998,-00.001921,-00.000799,+36.5,+083.707*66
$VNIMU,+00.0907,+00.2665,+00.4466,+00.343,+02.793,-09.273,+00.000490,-00.000355,+00.000009,+36.5,+083.707*61
$VNIMU,+00.0950,+00.2699,+00.4451,+00.318,+02.769,-09.253,+00.001607,-00.001167,-00.000570,+36.5,+083.710*69
$VNGPE,599011.200240,2072,3,07,-2006295.050,-4859664.240,+3601607.190,+000.040,-000.080,-000.030,+010.604,+011.430,+008.676,+000.528,6.00E-09*08
$VNIMU,+00.0918,+00.2699,+00.4493,+00.321,+02.761,-09.302,+00.002804,-00.001644,-00.001056,+36.5,+083.707*62
$VNIMU,+00.0907,+00.2699,+00.4467,+00.327,+02.770,-09.272,+00.001299,-00.000880,-00.000548,+36.5,+083.707*66
$VNIMU,+00.0918,+00.2687,+00.4507,+00.329,+02.765,-09.278,-00.000082,+00.000464,+00.000230,+36.5,+083.707*61
$VNIMU,+00.0929,+00.2699,+00.4506,+00.335,+02.781,-09.263,+00.000255,-00.002113,-00.001141,+36.5,+083.694*66
$VNIMU,+00.0918,+00.2699,+00.4480,+00.333,+02.776,-09.260,+00.001800,-00.001060,-00.000930,+36.5,+083.707*6F
$VNIMU,+00.0929,+00.2665,+00.4493,+00.321,+02.761,-09.250,+00.003158,-00.000188,-00.000824,+36.5,+083.694*65
$VNIMU,+00.0918,+00.2699,+00.4493,+00.297,+02.768,-09.267,+00.000149,-00.000428,-00.000333,+36.5,+083.710*69
$VNIMU,+00.0918,+00.2687,+00.4493,+00.360,+02.775,-09.251,+00.001351,+00.000122,-00.000177,+36.5,+083.707*61
$VNIMU,+00.0940,+00.2687,+00.4465,+00.324,+02.776,-09.254,+00.001132,-00.001280,-00.000604,+36.5,+083.707*6B
$VNIMU,+00.0907,+00.2699,+00.4467,+00.314,+02.770,-09.247,+00.001525,-00.000833,-00.000146,+36.5,+083.694*69
$VNGPE,599011.400241,2072,3,07,-2006295.090,-4859664.330,+3601607.190,-000.040,-000.090,+000.020,+010.604,+011.430,+008.667,+000.472,6.00E-09*0B
$VNIMU,+00.0918,+00.2676,+00.4493,+00.308,+02.759,-09.269,+00.001102,+00.000512,-00.001411,+36.5,+083.720*66
$VNIMU,+00.0918,+00.2699,+00.4507,+00.328,+02.767,-09.276,+00.001371,+00.001088,-00.000116,+36.5,+083.707*6D
$VNIMU,+00.0939,+00.2699,+00.4451,+00.318,+02.779,-09.282,+00.000675,-00.000094,+00.000222,+36.5,+083.707*63
$VNIMU,+00.0907,+00.2676,+00.4480,+00.319,+02.774,-09.295,+00.002092,-00.000622,+00.000454,+36.5,+083.710*6E
$VNIMU,+00.0950,+00.2687,+00.4451,+00.313,+02.769,-09.252,+00.002099,+00.000154,+00.001172,+36.5,+083.694*65
$VNIMU,+00.0929,+00.2687,+00.4465,+00.336,+02.786,-09.274,-00.000130,-00.000372,-00.000124,+36.5,+083.720*62
$VNIMU,+00.0907,+00.2710,+00.4467,+00.309,+02.795,-09.262,-00.000773,-00.000792,-00.000561,+36.5,+083.707*61
$VNIMU,+00.0907,+00.2699,+00.4467,+00.308,+02.788,-09.258,+00.002253,-00.001412,-00.000838,+36.5,+083.707*6D
$VNIMU,+00.0918,+00.2687,+00.4480,+00.313,+02.792,-09.293,+00.003778,-00.001651,+00.000400,+36.5,+083.724*6B
$VNIMU,+00.0918,+00.2676,+00.4452,+00.343,+02.784,-09.268,+00.001230,+00.001740,-00.000285,+36.5,+083.720*69
$VNGPE,599011.600242,2072,3,07,-2006295.130,-4859664.400,+3601607.190,-000.100,-000.130,+000.090,+010.604,+011.430,+008.670,+000.584,6.00E-09*0E
$VNIMU,+00.0929,+00.2710,+00.4479,+00.315,+02.777,-09.275,+00.000484,-00.001272,+00.000614,+36.5,+083.707*65
$VNIMU,+00.0929,+00.2699,+00.4466,+00.325,+02.769,-09.254,+00.002585,-00.002002,+00.000240,+36.5,+083.707*65
$VNIMU,+00.0929,+00.2699,+00.4466,+00.309,+02.775,-09.274,+00.001648,-00.000963,-00.000295,+36.5,+083.710*61
$VNIMU,+00.0929,+00.2665,+00.4493,+00.305,+02.763,-09.248,+00.000129,-00.000745,-00.000465,+36.5,+083.720*6D
$VNIMU,+00.0940,+00.2687,+00.4465,+00.304,+02.785,-09.278,+00.000087,-00.000700,-00.000482,+36.5,+083.707*65
$VNIMU,+00.0907,+00.2710,+00.4480,+00.304,+02.785,-09.268,+00.001485,-00.001718,-00.000402,+36.5,+083.724*65
$VNIMU,+00.0907,+00.2699,+00.4480,+00.325,+02.779,-09.263,+00.001148,-00.000064,+00.000267,+36.5,+083.704*66
$VNIMU,+00.0950,+00.2676,+00.4478,+00.332,+02.757,-09.273,+00.001579,-00.000935,+00.000788,+36.5,+083.720*60
$VNIMU,+00.0929,+00.2676,+00.4452,+00.323,+02.766,-09.272,+00.001572,+00.001622,-00.000088,+36.5,+083.694*6F
$VNIMU,+00.0929,+00.2699,+00.4479,+00.323,+02.779,-09.294,+00.000074,-00.000032,+00.000082,+36.5,+083.710*62
$VNGPE,599011.800243,2072,3,07,-2006295.170,-4859664.500,+3601607.180,-000.040,-000.180,-000.220,+010.604,+011.430,+008.676,+000.392,6.00E-09*03
$VNIMU,+00.0907,+00.2665,+00.4466,+00.321,+02.777,-09.301,+00.001745,+00.000503,+00.000055,+36.5,+083.707*6B
$VNIMU,+00.0929,+00.2676,+00.4493,+00.315,+02.794,-09.226,+00.002782,-00.002501,+00.001225,+36.5,+083.707*6B
$VNIMU,+00.0929,+00.2687,+00.4479,+00.317,+02.754,-09.260,+00.002171,+00.000243,+00.000253,+36.5,+083.707*62
$VNIMU,+00.0929,+00.2699,+00.4479,+00.326,+02.786,-09.284,+00.000041,-00.000082,-00.000373,+36.5,+083.707*66
$VNIMU,+00.0929,+00.2699,+00.4466,+00.327,+02.775,-09.229,+00.002318,-00.000358,-00.000611,+36.5,+083.707*6A
$VNIMU,+00.0939,+00.2710,+00.4465,+00.339,+02.773,-09.296,+00.001975,-00.001175,-00.000425,+36.5,+083.710*68
$VNIMU,+00.0929,+00.2676,+00.4493,+00.296,+02.761,-09.265,+00.001569,-00.000306,-00.000338,+36.5,+083.710*67
$VNIMU,+00.0940,+00.2676,+00.4506,+00.314,+02.787,-09.262,+00.000422,+00.001053,-00.000952,+36.5,+083.710*6C
$VNIMU,+00.0929,+00.2687,+00.4479,+00.322,+02.802,-09.309,+00.002072,-00.001278,-00.000065,+36.5,+083.697*62
$VNIMU,+00.0940,+00.2699,+00.4479,+00.300,+02.772,-09.300,+00.002121,-00.000735,-00.000625,+36.5,+083.720*66
$VNGPE,599012.000245,2072,3,07,-2006295.230,-4859664.550,+3601607.160,-000.240,+000.090,+000.120,+010.604,+011.430,+008.679,+000.736,6.00E-09*06
$VNIMU,+00.0918,+00.2676,+00.4480,+00.304,+02.788,-09.261,+00.001370,-00.000264,-00.000392,+36.5,+083.707*63
$VNIMU,+00.0929,+00.2687,+00.4479,+00.304,+02.783,-09.280,+00.000035,-00.000889,-00.000563,+36.5,+083.707*6F
$VNIMU,+00.0929,+00.2699,+00.4466,+00.329,+02.751,-09.291,+00.001160,-00.001632,-00.000302,+36.5,+083.707*60
$VNIMU,+00.0907,+00.2687,+00.4467,+00.341,+02.783,-09.263,+00.000750,-00.001192,-00.000599,+36.5,+083.707*63
$VNIMU,+00.0929,+00.2687,+00.4465,+00.321,+02.787,-09.275,+00.000164,-00.000585,-00.000147,+36.5,+083.710*6B
$VNIMU,+00.0940,+00.2699,+00.4479,+00.335,+02.786,-09.241,+00.001021,-00.000778,+00.000271,+36.5,+083.694*69
$VNIMU,+00.0907,+00.2676,+00.4467,+00.331,+02.765,-09.254,+00.002165,-00.002226,-00.000717,+36.5,+083.707*6F
$VNIMU,+00.0918,+00.2687,+00.4466,+00.333,+02.781,-09.263,+00.001796,-00.000648,-00.000294,+36.5,+083.694*60
$VNIMU,+00.0940,+00.2676,+00.4451,+00.306,+02.780,-09.287,+00.000557,-00.001920,-00.001622,+36.5,+083.707*67
$VNIMU,+00.0961,+00.2687,+00.4464,+00.305,+02.772,-09.251,+00.000383,+00.000995,-00.001756,+36.5,+083.710*6B
$VNGPE,599012.200246,2072,3,08,-2006295.280,-4859664.570,+3601607.180,+000.060,+000.060,+000.060,+010.621,+011.460,+008.682,+000.360,6.00E-09*02
$VNIMU,+00.0918,+00.2710,+00.4480,+00.306,+02.760,-09.283,+00.001943,-00.001612,-00.000205,+36.5,+083.707*6B
$VNIMU,+00.0929,+00.2687,+00.4479,+00.331,+02.767,-09.273,+00.001011,-00.000965,-00.000033,+36.5,+083.707*6B
$VNIMU,+00.0907,+00.2687,+00.4480,+00.306,+02.771,-09.264,+00.001687,-00.000341,-00.000213,+36.5,+083.707*61
$VNIMU,+00.0907,+00.2699,+00.4480,+00.309,+02.764,-09.257,+00.001968,-00.003117,+00.000253,+36.5,+083.694*60
$VNIMU,+00.0939,+00.2710,+00.4492,+00.317,+02.770,-09.259,+00.002518,-00.000342,+00.000575,+36.5,+083.707*6B
$VNIMU,+00.0940,+00.2687,+00.4478,+00.330,+02.747,-09.228,+00.001139,+00.001079,-00.000756,+36.5,+083.707*64
$VNIMU,+00.0918,+00.2687,+00.4480,+00.328,+02.781,-09.256,+00.000896,+00.000014,-00.000770,+36.5,+083.694*6C
$VNIMU,+00.0918,+00.2722,+00.4507,+00.330,+02.766,-09.295,+00.000767,-00.000487,-00.000624,+36.5,+083.694*6A
$VNIMU,+00.0907,+00.2722,+00.4481,+00.309,+02.771,-09.289,+00.001746,-00.001254,+00.000441,+36.5,+083.707*6D
$VNIMU,+00.0918,+00.2699,+00.4480,+00.309,+02.779,-09.266,+00.001033,-00.000821,-00.000106,+36.5,+083.707*66
$VNGPE,599012.400247,2072,3,08,-2006295.260,-4859664.510,+3601607.150,+000.230,+000.110,-000.070,+010.621,+011.460,+008.688,+000.656,6.00E-09*0C
$VNIMU,+00.0940,+00.2687,+00.4492,+00.301,+02.763,-09.313,+00.001601,+00.000052,-00.000393,+36.5,+083.707*64
$VNIMU,+00.0950,+00.2699,+00.4478,+00.329,+02.801,-09.265,-00.001248,-00.000142,-00.000330,+36.5,+083.720*6A
$VNIMU,+00.0918,+00.2710,+00.4493,+00.317,+02.792,-09.273,+00.002065,-00.001369,+00.000223,+36.5,+083.707*6E
$VNIMU,+00.0918,+00.2699,+00.4480,+00.314,+02.778,-09.268,+00.003898,-00.001872,-00.000420,+36.5,+083.707*68
$VNIMU,+00.0929,+00.2687,+00.4465,+00.325,+02.764,-09.232,-00.000022,-00.001147,+00.000080,+36.5,+083.707*65
$VNIMU,+00.0918,+00.2699,+00.4466,+00.341,+02.788,-09.248,+00.000829,-00.000923,-00.000013,+36.5,+083.707*64
$VNIMU,+00.0940,+00.2687,+00.4478,+00.341,+02.793,-09.229,+00.002513,-00.000725,+00.000120,+36.5,+083.707*6D
$VNIMU,+00.0929,+00.2699,+00.4493,+00.330,+02.756,-09.261,+00.001620,-00.000318,+00.001477,+36.5,+083.710*61
$VNIMU,+00.0939,+00.2722,+00.4451,+00.328,+02.782,-09.281,-00.000521,-00.001192,-00.000261,+36.5,+083.694*6E
$VNIMU,+00.0950,+00.2699,+00.4478,+00.299,+02.787,-09.254,+00.000285,+00.000436,-00.000092,+36.5,+083.707*6B
$VNGPE,599012.600248,2072,3,08,-2006295.250,-4859664.520,+3601607.120,+000.070,+000.040,-000.070,+010.621,+011.460,+008.694,+000.656,6.00E-09*09
$VNIMU,+00.0907,+00.2699,+00.4467,+00.307,+02.770,-09.288,+00.001235,-00.000929,-00.000651,+36.5,+083.707*6E
$VNIMU,+00.0950,+00.2676,+00.4491,+00.330,+02.775,-09.278,+00.000290,-00.000503,-00.000205,+36.5,+083.707*65
$VNIMU,+00.0939,+00.2710,+00.4492,+00.324,+02.778,-09.232,+00.001504,-00.001267,-00.000574,+36.5,+083.720*65
$VNIMU,+00.0950,+00.2676,+00.4464,+00.319,+02.764,-09.316,+00.001686,-00.001045,-00.000225,+36.5,+083.710*6D
$VNIMU,+00.0918,+00.2687,+00.4480,+00.336,+02.757,-09.258,-00.000046,+00.000636,-00.000658,+36.5,+083.707*63
$VNIMU,+00.0907,+00.2676,+00.4507,+00.300,+02.772,-09.273,+00.001163,+00.000427,-00.000652,+36.5,+083.707*6F
$VNIMU,+00.0929,+00.2710,+00.4479,+00.311,+02.772,-09.274,+00.003099,-00.002375,+00.000486,+36.5,+083.710*64
$VNIMU,+00.0940,+00.2687,+00.4478,+00.302,+02.779,-09.271,+00.000292,-00.001100,+00.000647,+36.5,+083.707*69
$VNIMU,+00.0940,+00.2687,+00.4451,+00.309,+02.780,-09.306,-00.000480,+00.000298,-00.000066,+36.5,+083.707*6B
$VNIMU,+00.0929,+00.2676,+00.4479,+00.310,+02.774,-09.241,+00.001938,-00.002283,-00.000718,+36.5,+083.707*68
$VNGPE,599012.800250,2072,3,08,-2006295.250,-4859664.600,+3601607.100,+000.140,-000.060,-000.120,+010.621,+011.460,+008.694,+000.680,6.00E-09*04
$VNIMU,+00.0929,+00.2687,+00.4465,+00.317,+02.747,-09.276,+00.000963,-00.001306,+00.000115,+36.5,+083.707*65
$VNIMU,+00.0918,+00.2699,+00.4453,+00.310,+02.784,-09.271,-00.000771,-00.000758,+00.000204,+36.5,+083.710*62
$VNIMU,+00.0918,+00.2687,+00.4480,+00.317,+02.781,-09.249,+00.000598,-00.001271,+00.000120,+36.5,+083.707*65
$VNIMU,+00.0929,+00.2687,+00.4493,+00.344,+02.756,-09.245,+00.001150,-00.000586,-00.000346,+36.5,+083.710*68
$VNIMU,+00.0929,+00.2699,+00.4479,+00.302,+02.789,-09.252,-00.000520,-00.000811,-00.000746,+36.5,+083.707*60
$VNIMU,+00.0929,+00.2699,+00.4466,+00.309,+02.777,-09.228,+00.001789,+00.000783,-00.000761,+36.5,+083.707*68
$VNIMU,+00.0896,+00.2699,+00.4481,+00.327,+02.804,-09.241,+00.002055,-00.001417,-00.000141,+36.5,+083.707*64
$VNIMU,+00.0939,+00.2699,+00.4465,+00.324,+02.774,-09.267,+00.000757,-00.001484,-00.000226,+36.5,+083.707*6A
$VNIMU,+00.0918,+00.2687,+00.4493,+00.319,+02.765,-09.240,+00.000775,-00.001926,-00.000652,+36.5,+083.707*66
$VNIMU,+00.0929,+00.2687,+00.4452,+00.297,+02.780,-09.291,+00.001698,-00.000615,+00.000440,+36.5,+083.707*63
$VNGPE,599013.000251,2072,3,08,-2006295.250,-4859664.580,+3601607.050,+000.040,-000.100,-000.060,+010.621,+011.460,+008.685,+000.504,6.00E-09*0F
$VNIMU,+00.0918,+00.2687,+00.4452,+00.327,+02.763,-09.273,+00.001995,-00.001121,-00.000536,+36.5,+083.724*6E
$VNIMU,+00.0940,+00.2699,+00.4506,+00.344,+02.774,-09.268,+00.000038,-00.000217,-00.000612,+36.5,+083.707*69
$VNIMU,+00.0939,+00.2699,+00.4465,+00.310,+02.775,-09.283,+00.000694,-00.001116,-00.001183,+36.5,+083.707*6B
$VNIMU,+00.0918,+00.2699,+00.4493,+00.318,+02.791,-09.274,+00.001259,-00.000515,+00.000253,+36.5,+083.707*60
$VNIMU,+00.0918,+00.2687,+00.4480,+00.316,+02.784,-09.282,+00.002480,-00.001391,-00.000568,+36.5,+083.707*6D
$VNIMU,+00.0929,+00.2676,+00.4479,+00.300,+02.751,-09.297,+00.000430,-00.000636,-00.000199,+36.5,+083.707*66
$VNIMU,+00.0918,+00.2710,+00.4480,+00.313,+02.767,-09.264,-00.000176,-00.000376,+00.000291,+36.5,+083.710*63
$VNIMU,+00.0929,+00.2699,+00.4479,+00.313,+02.794,-09.262,+00.001441,-00.000867,+00.000831,+36.5,+083.707*66
$VNIMU,+00.0950,+00.2699,+00.4478,+00.321,+02.770,-09.248,+00.000921,+00.000720,-00.000474,+36.5,+083.707*61
$VNIMU,+00.0940,+00.2687,+00.4492,+00.317,+02.789,-09.287,+00.001818,-00.000101,-00.000583,+36.5,+083.707*6B
$VNGPE,599013.200252,2072,3,08,-2006295.280,-4859664.620,+3601607.030,-000.080,+000.110,-000.040,+010.621,+011.460,+008.676,+000.432,6.00E-09*0B
$VNIMU,+00.0918,+00.2665,+00.4466,+00.325,+02.772,-09.263,+00.000238,-00.000606,-00.000844,+36.5,+083.694*6A
$VNIMU,+00.0918,+00.2676,+00.4507,+00.310,+02.767,-09.263,+00.000325,-00.000523,-00.000811,+36.5,+083.707*6E
$VNIMU,+00.0918,+00.2676,+00.4493,+00.323,+02.765,-09.297,+00.001333,-00.001525,-00.000128,+36.5,+083.707*69
$VNIMU,+00.0940,+00.2687,+00.4492,+00.341,+02.760,-09.242,+00.001077,+00.000644,-00.001806,+36.5,+083.720*63
$VNIMU,+00.0940,+00.2676,+00.4492,+00.315,+02.777,-09.242,+00.000842,-00.001748,+00.000066,+36.5,+083.720*66
$VNIMU,+00.0907,+00.2722,+00.4481,+00.338,+02.803,-09.287,-00.000955,-00.000816,-00.000678,+36.5,+083.707*63
$VNIMU,+00.0940,+00.2687,+00.4478,+00.331,+02.810,-09.307,+00.001391,-00.000431,-00.000455,+36.5,+083.707*6B
$VNIMU,+00.0886,+00.2699,+00.4509,+00.314,+02.747,-09.281,+00.002884,-00.001442,-00.000755,+36.5,+083.707*67
$VNIMU,+00.0929,+00.2699,+00.4452,+00.322,+02.771,-09.284,+00.001388,-00.000028,-00.001276,+36.5,+083.707*61
$VNIMU,+00.0929,+00.2687,+00.4479,+00.323,+02.777,-09.287,-00.000392,+00.000362,-00.000625,+36.5,+083.707*67
$VNGPE,599013.400253,2072,3,08,-2006295.300,-4859664.670,+3601607.020,+000.120,+000.000,+000.000,+010.594,+011.430,+008.670,+000.616,6.00E-09*04
$VNIMU,+00.0929,+00.2699,+00.4493,+00.304,+02.759,-09.259,+00.002895,-00.001150,-00.000771,+36.5,+083.707*6A
$VNIMU,+00.0918,+00.2710,+00.4466,+00.322,+02.760,-09.240,+00.001620,-00.000284,-00.000288,+36.5,+083.707*6F
$VNIMU,+00.0929,+00.2699,+00.4506,+00.320,+02.791,-09.283,+00.000492,-00.000178,+00.000360,+36.5,+083.707*62
$VNIMU,+00.0940,+00.2676,+00.4465,+00.334,+02.765,-09.274,+00.001268,-00.001050,+00.000161,+36.5,+083.694*6E
$VNIMU,+00.0929,+00.2676,+00.4493,+00.312,+02.758,-09.269,+00.000858,-00.000112,-00.000403,+36.5,+083.707*6C
$VNIMU,+00.0918,+00.2687,+00.4480,+00.323,+02.775,-09.245,+00.000634,+00.000590,+00.000318,+36.5,+083.707*66
$VNIMU,+00.0929,+00.2699,+00.4452,+00.337,+02.805,-09.243,+00.001630,-00.000226,-00.000837,+36.5,+083.707*66
$VNIMU,+00.0918,+00.2687,+00.4480,+00.337,+02.778,-09.223,+00.002087,-00.002225,-00.001035,+36.5,+083.710*62
$VNIMU,+00.0907,+00.2699,+00.4467,+00.322,+02.769,-09.256,-00.001191,+00.001113,-00.000413,+36.5,+083.707*6B
$VNIMU,+00.0950,+00.2710,+00.4464,+00.332,+02.777,-09.252,+00.000324,-00.000583,+00.000000,+36.5,+083.707*61
$VNGPE,599013.600255,2072,3,07,-2006295.290,-4859664.700,+3601607.000,+000.330,-000.010,-000.110,+010.632,+011.460,+008.664,+000.760,6.00E-09*0E
$VNIMU,+00.0940,+00.2676,+00.4451,+00.314,+02.780,-09.267,+00.002967,-00.001540,-00.000037,+36.5,+083.707*6E
$VNIMU,+00.0929,+00.2653,+00.4492,+00.312,+02.758,-09.299,+00.000329,+00.000124,+00.000374,+36.5,+083.707*6A
$VNIMU,+00.0907,+00.2676,+00.4453,+00.303,+02.785,-09.276,+00.000279,+00.000615,-00.000394,+36.5,+083.694*6F
$VNIMU,+00.0939,+00.2710,+00.4451,+00.317,+02.784,-09.269,+00.002206,-00.002126,+00.000387,+36.5,+083.724*6C
$VNIMU,+00.0918,+00.2676,+00.4480,+00.308,+02.757,-09.283,+00.002418,-00.001267,+00.000121,+36.5,+083.707*65
$VNIMU,+00.0907,+00.2699,+00.4480,+00.316,+02.779,-09.273,+00.000796,-00.000779,-00.000772,+36.5,+083.710*6A
$VNIMU,+00.0929,+00.2676,+00.4452,+00.287,+02.783,-09.235,+00.000400,-00.001154,+00.000265,+36.5,+083.707*61
$VNIMU,+00.0907,+00.2699,+00.4494,+00.315,+02.783,-09.265,+00.001198,-00.002744,-00.000093,+36.5,+083.710*63
$VNIMU,+00.0929,+00.2676,+00.4479,+00.315,+02.780,-09.260,+00.001524,-00.001147,+00.001065,+36.5,+083.707*66
$VNIMU,+00.0929,+00.2687,+00.4479,+00.335,+02.788,-09.267,+00.002184,-00.001450,-00.000441,+36.5,+083.707*6E
$VNGPE,599013.800256,2072,3,07,-2006295.320,-4859664.790,+3601607.010,-000.130,+000.070,-000.030,+010.632,+011.460,+008.667,+000.624,6.00E-09*04
$VNIMU,+00.0929,+00.2710,+00.4479,+00.325,+02.774,-09.227,+00.001804,+00.000025,-00.000227,+36.5,+083.694*69
$VNIMU,+00.0929,+00.2687,+00.4493,+00.331,+02.755,-09.289,+00.001860,+00.000107,-00.001151,+36.5,+083.720*6E
$VNIMU,+00.0918,+00.2687,+00.4452,+00.295,+02.765,-09.297,+00.001090,-00.000472,-00.000105,+36.5,+083.710*67
$VNIMU,+00.0929,+00.2676,+00.4465,+00.310,+02.772,-09.256,-00.000345,-00.000596,-00.000210,+36.5,+083.710*68
$VNIMU,+00.0940,+00.2665,+00.4492,+00.333,+02.764,-09.276,+00.003882,-00.001350,+00.000802,+36.5,+083.707*68
$VNIMU,+00.0918,+00.2687,+00.4452,+00.310,+02.765,-09.271,+00.000236,-00.001108,-00.000652,+36.5,+083.707*66
$VNGPE,599014.000257,2072,3,08,-2006295.340,-4859664.820,+3601606.990,+000.190,+000.090,-000.120,+010.621,+011.460,+008.676,+000.728,6.00E-09*0A
$VNIMU,+00.0918,+00.2676,+00.4480,+00.316,+02.797,-09.263,+00.002649,-00.001351,-00.000398,+36.5,+083.707*6C
$VNIMU,+00.0918,+00.2687,+00.4493,+00.310,+02.807,-09.282,+00.002921,-00.000879,-00.000590,+36.5,+083.707*60
$VNIMU,+00.0929,+00.2699,+00.4479,+00.319,+02.833,-09.338,-00.001749,+00.000797,+00.000602,+36.5,+083.707*65
$VNIMU,+00.0929,+00.2687,+00.4465,+00.331,+02.775,-09.272,+00.012519,-00.001668,+00.001814,+36.5,+083.707*62
$VNIMU,+00.0950,+00.2676,+00.4491,+00.315,+02.701,-09.268,+00.008091,-00.003698,-00.000217,+36.5,+083.694*61
$VNIMU,+00.0929,+00.2722,+00.4479,+00.289,+02.740,-09.287,-00.001367,+00.001189,-00.000928,+36.5,+083.710*65
$VNIMU,+00.0929,+00.2699,+00.4479,+00.325,+02.784,-09.221,+00.001157,+00.001707,-00.000492,+36.5,+083.697*62
$VNIMU,+00.0929,+00.2687,+00.4479,+00.327,+02.796,-09.313,+00.007780,+00.000100,+00.000908,+36.5,+083.707*66
$VNIMU,+00.0907,+00.2687,+00.4453,+00.336,+02.754,-09.256,+00.008418,+00.000908,+00.000880,+36.5,+083.707*60
$VNIMU,+00.0918,+00.2687,+00.4480,+00.333,+02.783,-09.266,-00.000694,+00.002084,+00.000240,+36.5,+083.707*6D
$VNGPE,599014.200258,2072,3,08,-2006295.360,-4859664.860,+3601606.980,-000.050,+000.090,-000.010,+010.649,+011.490,+008.688,+000.496,6.00E-09*0F
$VNIMU,+00.0907,+00.2710,+00.4480,+00.314,+02.786,-09.257,+00.007758,-00.000774,-00.001026,+36.5,+083.710*61
$VNIMU,+00.0929,+00.2687,+00.4479,+00.275,+02.736,-09.277,+00.003113,+00.000881,-00.000596,+36.5,+083.707*6C
$VNIMU,+00.0929,+00.2699,+00.4479,+00.299,+02.746,-09.256,+00.002248,+00.002462,-00.001157,+36.5,+083.707*62
$VNIMU,+00.0929,+00.2710,+00.4493,+00.322,+02.785,-09.275,+00.000341,+00.002697,-00.002342,+36.5,+083.707*6E
$VNIMU,+00.0897,+00.2676,+00.4481,+00.303,+02.765,-09.287,+00.008889,-00.000183,-00.000276,+36.5,+083.720*68
$VNIMU,+00.0907,+00.2676,+00.4439,+00.292,+02.727,-09.301,+00.007965,+00.000627,-00.000700,+36.5,+083.707*61
$VNIMU,+00.0907,+00.2699,+00.4480,+00.323,+02.741,-09.268,+00.002550,+00.003575,-00.000753,+36.5,+083.707*69
$VNIMU,+00.0929,+00.2722,+00.4452,+00.295,+02.738,-09.260,+00.004222,-00.000686,-00.002326,+36.5,+083.694*60
$VNIMU,+00.0940,+00.2687,+00.4492,+00.292,+02.745,-09.280,+00.001253,+00.004147,-00.002700,+36.5,+083.707*6E
$VNIMU,+00.0907,+00.2710,+00.4467,+00.332,+02.737,-09.266,-00.001927,+00.005041,-00.002228,+36.5,+083.707*69
$VNGPE,599014.400260,2072,3,08,-2006295.400,-4859664.900,+3601606.970,-000.090,-000.110,-000.070,+010.677,+011.520,+008.700,+000.408,6.00E-09*0F
$VNIMU,+00.0907,+00.2710,+00.4480,+00.298,+02.757,-09.316,+00.004084,+00.003043,-00.003612,+36.5,+083.710*6C
$VNIMU,+00.0918,+00.2687,+00.4480,+00.306,+02.797,-09.244,-00.003906,+00.008592,-00.002042,+36.5,+083.707*65
$VNIMU,+00.0918,+00.2676,+00.4480,+00.343,+02.760,-09.264,+00.005648,+00.003287,-00.002738,+36.5,+083.707*67
$VNIMU,+00.0918,+00.2687,+00.4507,+00.307,+02.728,-09.309,+00.001236,+00.003957,-00.002204,+36.5,+083.707*64
$VNIMU,+00.0929,+00.2665,+00.4479,+00.301,+02.726,-09.259,-00.003521,+00.005397,-00.003892,+36.5,+083.707*6F
$VNIMU,+00.0929,+00.2699,+00.4452,+00.330,+02.755,-09.261,-00.008151,+00.006566,-00.003955,+36.5,+083.704*62
$VNIMU,+00.0918,+00.2687,+00.4466,+00.351,+02.790,-09.269,-00.004944,+00.006840,-00.003085,+36.5,+083.707*60
$VNIMU,+00.0907,+00.2722,+00.4508,+00.375,+02.777,-09.238,+00.001419,+00.004030,-00.001255,+36.5,+083.707*64
$VNIMU,+00.0929,+00.2710,+00.4466,+00.323,+02.729,-09.283,-00.000964,+00.002020,-00.002684,+36.5,+083.707*64
$VNIMU,+00.0907,+00.2699,+00.4467,+00.301,+02.758,-09.284,-00.002894,+00.004318,-00.002023,+36.5,+083.707*61
$VNGPE,599014.600261,2072,3,08,-2006295.420,-4859664.860,+3601606.940,+000.200,+000.010,-000.070,+010.677,+011.520,+008.700,+000.680,6.00E-09*02
$VNIMU,+00.0907,+00.2699,+00.4480,+00.298,+02.766,-09.331,-00.006904,+00.006242,-00.003061,+36.5,+083.707*6C
$VNIMU,+00.0918,+00.2687,+00.4493,+00.312,+02.792,-09.276,-00.008834,+00.008710,-00.002703,+36.5,+083.697*6F
$VNIMU,+00.0918,+00.2687,+00.4521,+00.359,+02.777,-09.280,+00.000943,+00.005424,-00.001249,+36.5,+083.707*6C
$VNIMU,+00.0897,+00.2699,+00.4508,+00.296,+02.673,-09.251,+00.002848,+00.003378,-00.002049,+36.5,+083.710*62
$VNIMU,+00.0940,+00.2699,+00.4479,+00.234,+02.618,-09.335,-00.001175,+00.005891,-00.003764,+36.5,+083.707*6F
$VNIMU,+00.0907,+00.2687,+00.4494,+00.198,+02.681,-09.373,-00.016806,+00.015666,-00.004647,+36.5,+083.707*6C
$VNIMU,+00.0907,+00.2676,+00.4480,+00.242,+02.751,-09.333,-00.034106,+00.026715,-00.004844,+36.5,+083.707*6A
$VNIMU,+00.0918,+00.2653,+00.4479,+00.356,+02.796,-09.270,-00.030100,+00.029501,-00.003053,+36.5,+083.707*6F
$VNIMU,+00.0929,+00.2699,+00.4479,+00.368,+02.839,-09.242,-00.026154,+00.026968,-00.002495,+36.5,+083.707*68
$VNIMU,+00.0907,+00.2699,+00.4480,+00.403,+02.837,-09.220,-00.018667,+00.022826,-00.000754,+36.5,+083.707*6B
$VNGPE,599014.800262,2072,3,08,-2006295.440,-4859664.920,+3601606.950,+000.140,+000.240,+000.030,+010.677,+011.520,+008.703,+000.472,6.00E-09*03
$VNIMU,+00.0897,+00.2676,+00.4467,+00.370,+02.804,-09.234,-00.000633,+00.016629,-00.001320,+36.5,+083.694*6E
$VNIMU,+00.0897,+00.2676,+00.4467,+00.335,+02.792,-09.296,-00.010776,+00.018937,-00.001426,+36.5,+083.707*62
$VNIMU,+00.0886,+00.2665,+00.4468,+00.297,+02.802,-09.279,-00.019597,+00.024449,-00.002223,+36.5,+083.707*6E
$VNIMU,+00.0897,+00.2665,+00.4481,+00.328,+02.830,-09.327,-00.031658,+00.030809,-00.002181,+36.5,+083.707*6B
$VNIMU,+00.0886,+00.2653,+00.4481,+00.421,+02.846,-09.246,-00.043513,+00.037373,-00.001795,+36.5,+083.707*6F
$VNIMU,+00.0897,+00.2665,+00.4494,+00.439,+02.847,-09.157,-00.018056,+00.027021,-00.001061,+36.5,+083.697*6E
$VNERR,0B*03
