
$VNRRG,03,0100018999*5D
$VNGPS,598592.599620,2072,3,07,+34.59226870,-112.43312590,+01555.567,-000.060,-000.080,-000.140,+009.040,+011.100,+008.709,+000.432,7.00E-09*21
$VNWRG,06,0*6C
$VNWRG,07,50*58
$VNWRG,06,19*54
$VNIMU,+00.0896,+00.2688,+00.4440,+00.335,+02.771,-09.286,+00.002047,-00.001480,+00.000164,+36.5,+083.704*63
$VNIMU,+00.0907,+00.2699,+00.4494,+00.369,+02.767,-09.263,+00.002378,-00.001963,+00.000958,+36.5,+083.717*6C
$VNIMU,+00.0929,+00.2665,+00.4479,+00.345,+02.776,-09.269,+00.001721,-00.001967,-00.000917,+36.5,+083.707*67
$VNIMU,+00.0918,+00.2676,+00.4466,+00.349,+02.771,-09.253,+00.001825,-00.001387,+00.000306,+36.5,+083.720*6D
$VNIMU,+00.0896,+00.2699,+00.4481,+00.334,+02.764,-09.278,+00.001640,-00.000101,-00.000074,+36.5,+083.717*61
$VNIMU,+00.0929,+00.2699,+00.4493,+00.326,+02.752,-09.250,+00.002033,-00.000117,+00.000347,+36.5,+083.717*68
$VNIMU,+00.0907,+00.2665,+00.4480,+00.339,+02.759,-09.254,+00.000713,-00.000568,-00.000798,+36.5,+083.720*6B
$VNIMU,+00.0907,+00.2687,+00.4494,+00.354,+02.768,-09.257,-00.000059,-00.000824,-00.000625,+36.5,+083.720*65
$VNIMU,+00.0918,+00.2710,+00.4480,+00.363,+02.783,-09.280,-00.000471,-00.002776,-00.001149,+36.5,+083.730*63
$VNIMU,+00.0918,+00.2687,+00.4466,+00.347,+02.792,-09.259,+00.000508,-00.001231,-00.000402,+36.5,+083.720*60
$VNIMU,+00.0886,+00.2699,+00.4454,+00.355,+02.793,-09.269,+00.001528,-00.001536,-00.001320,+36.5,+083.733*6E
$VNIMU,+00.0929,+00.2665,+00.4493,+00.330,+02.761,-09.251,+00.000757,-00.001080,+00.000745,+36.5,+083.707*63
$VNIMU,+00.0918,+00.2699,+00.4453,+00.341,+02.751,-09.276,+00.002479,-00.001207,-00.000131,+36.5,+083.704*6E
$VNIMU,+00.0886,+00.2688,+00.4481,+00.330,+02.758,-09.278,+00.000084,-00.001753,-00.000935,+36.5,+083.720*6C
$VNIMU,+00.0940,+00.2687,+00.4492,+00.318,+02.780,-09.289,+00.002539,-00.001416,+00.000587,+36.5,+083.720*6B
$VNIMU,+00.0907,+00.2699,+00.4494,+00.362,+02.754,-09.265,+00.002307,-00.002708,-00.001582,+36.5,+083.720*61
$VNIMU,+00.0918,+00.2687,+00.4466,+00.355,+02.765,-09.263,+00.001196,-00.000744,-00.000644,+36.5,+083.720*66
$VNIMU,+00.0907,+00.2733,+00.4467,+00.320,+02.797,-09.274,-00.001068,-00.000588,+00.000594,+36.5,+083.704*64
$VNIMU,+00.0918,+00.2676,+00.4507,+00.334,+02.752,-09.301,+00.001983,-00.001346,+00.000216,+36.5,+083.704*60
$VNIMU,+00.0886,+00.2699,+00.4495,+00.340,+02.748,-09.260,+00.002212,-00.000173,-00.000478,+36.5,+083.707*6D
$VNIMU,+00.0918,+00.2676,+00.4493,+00.353,+02.754,-09.258,+00.001083,-00.000065,+00.000506,+36.5,+083.704*6A
$VNIMU,+00.0918,+00.2699,+00.4466,+00.328,+02.772,-09.263,-00.002190,+00.000736,-00.001065,+36.5,+083.707*64
$VNIMU,+00.0886,+00.2676,+00.4468,+00.341,+02.774,-09.315,+00.000608,-00.000816,-00.000900,+36.5,+083.717*67
$VNIMU,+00.0951,+00.2653,+00.4464,+00.340,+02.781,-09.238,+00.002399,-00.001685,+00.000431,+36.5,+083.720*65
$VNIMU,+00.0918,+00.2710,+00.4480,+00.335,+02.746,-09.272,+00.002248,+00.000203,-00.000732,+36.5,+083.717*61
$VNIMU,+00.0886,+00.2710,+00.4468,+00.345,+02.754,-09.250,+00.000047,-00.000845,+00.000087,+36.5,+083.717*6B
$VNIMU,+00.0907,+00.2687,+00.4494,+00.357,+02.781,-09.286,+00.003072,-00.001529,+00.001372,+36.5,+083.717*64
$VNIMU,+00.0896,+00.2699,+00.4467,+00.342,+02.766,-09.240,+00.003207,-00.002732,-00.000744,+36.5,+083.717*64
$VNIMU,+00.0907,+00.2676,+00.4494,+00.326,+02.740,-09.261,+00.000495,-00.000380,+00.000332,+36.5,+083.704*65
$VNIMU,+00.0918,+00.2687,+00.4480,+00.348,+02.768,-09.268,+00.001572,-00.000500,-00.000092,+36.5,+083.707*60
$VNIMU,+00.0929,+00.2687,+00.4493,+00.345,+02.766,-09.266,+00.001470,-00.000493,+00.000089,+36.5,+083.720*6C
$VNIMU,+00.0907,+00.2676,+00.4467,+00.325,+02.764,-09.260,+00.000336,-00.000577,-00.000273,+36.5,+083.707*6C
$VNIMU,+00.0929,+00.2687,+00.4479,+00.353,+02.792,-09.250,+00.002166,-00.000421,+00.000360,+36.5,+083.704*6B
$VNIMU,+00.0940,+00.2676,+00.4465,+00.346,+02.761,-09.304,+00.002504,-00.002218,-00.000469,+36.5,+083.707*6A
$VNIMU,+00.0918,+00.2676,+00.4493,+00.336,+02.784,-09.286,+00.000726,-00.000936,-00.000378,+36.5,+083.717*6A
$VNIMU,+00.0907,+00.2687,+00.4480,+00.347,+02.772,-09.264,-00.001083,-00.000181,-00.000745,+36.5,+083.707*6B
$VNIMU,+00.0918,+00.2699,+00.4507,+00.372,+02.758,-09.253,+00.000507,-00.000407,+00.000080,+36.5,+083.717*62
$VNIMU,+00.0907,+00.2722,+00.4467,+00.340,+02.763,-09.271,+00.002104,-00.002240,+00.000733,+36.5,+083.717*6E
$VNIMU,+00.0907,+00.2699,+00.4480,+00.347,+02.760,-09.265,+00.000258,-00.000417,+00.000179,+36.5,+083.717*61
$VNIMU,+00.0907,+00.2699,+00.4480,+00.362,+02.745,-09.246,-00.000098,+00.000162,-00.000302,+36.5,+083.717*61
$VNIMU,+00.0907,+00.2665,+00.4507,+00.329,+02.781,-09.258,+00.000808,-00.001353,-00.000317,+36.5,+083.717*60
$VNIMU,+00.0907,+00.2687,+00.4480,+00.345,+02.779,-09.258,+00.002097,-00.002212,-00.000239,+36.5,+083.704*6B
$VNIMU,+00.0929,+00.2699,+00.4466,+00.332,+02.747,-09.240,+00.000009,-00.001421,+00.000006,+36.5,+083.730*6B
$VNIMU,+00.0918,+00.2687,+00.4466,+00.330,+02.766,-09.242,-00.000436,-00.001565,+00.000060,+36.5,+083.720*6B
$VNIMU,+00.0940,+00.2676,+00.4492,+00.328,+02.766,-09.256,+00.001060,-00.001627,-00.000491,+36.5,+083.704*60
$VNIMU,+00.0907,+00.2687,+00.4453,+00.333,+02.768,-09.265,+00.000238,-00.000091,+00.000133,+36.5,+083.704*6B
$VNIMU,+00.0918,+00.2722,+00.4480,+00.321,+02.781,-09.266,+00.000756,-00.000660,-00.000531,+36.5,+083.704*67
$VNIMU,+00.0907,+00.2699,+00.4494,+00.358,+02.753,-09.293,+00.000987,-00.000002,+00.000148,+36.5,+083.704*6A
$VNIMU,+00.0907,+00.2710,+00.4494,+00.334,+02.761,-09.236,+00.002143,-00.000360,+00.000535,+36.5,+083.707*66
$VNIMU,+00.0929,+00.2699,+00.4479,+00.335,+02.785,-09.295,+00.000715,+00.000245,-00.000863,+36.5,+083.717*65
$VNIMU,+00.0918,+00.2653,+00.4493,+00.334,+02.769,-09.255,+00.001140,-00.000760,-00.000385,+36.5,+083.704*68
$VNIMU,+00.0918,+00.2687,+00.4507,+00.348,+02.749,-09.236,+00.001988,-00.001387,+00.000325,+36.5,+083.707*6E
$VNIMU,+00.0886,+00.2688,+00.4495,+00.319,+02.770,-09.277,+00.000639,+00.001320,-00.000663,+36.5,+083.717*69
$VNIMU,+00.0929,+00.2676,+00.4452,+00.348,+02.780,-09.276,-00.000184,-00.000532,+00.000931,+36.5,+083.720*62
$VNIMU,+00.0940,+00.2687,+00.4465,+00.322,+02.768,-09.277,+00.000975,-00.001759,-00.000615,+36.5,+083.704*6B
$VNIMU,+00.0897,+00.2665,+00.4481,+00.346,+02.770,-09.242,+00.002242,-00.000817,+00.000160,+36.5,+083.720*67
$VNIMU,+00.0907,+00.2710,+00.4508,+00.319,+02.761,-09.262,+00.001050,-00.000368,-00.001533,+36.5,+083.704*66
$VNIMU,+00.0929,+00.2699,+00.4520,+00.340,+02.775,-09.250,+00.001315,-00.001092,-00.000584,+36.5,+083.717*62
$VNIMU,+00.0897,+00.2688,+00.4481,+00.332,+02.772,-09.273,+00.001535,-00.000331,+00.000176,+36.5,+083.717*6F
$VNIMU,+00.0907,+00.2699,+00.4494,+00.327,+02.761,-09.279,-00.000034,+00.000059,-00.000958,+36.5,+083.717*65
$VNIMU,+00.0929,+00.2676,+00.4465,+00.357,+02.772,-09.248,+00.001550,+00.000036,-00.000062,+36.5,+083.717*68
$VNIMU,+00.0918,+00.2687,+00.4466,+00.353,+02.792,-09.268,+00.001908,-00.002720,-00.000158,+36.5,+083.730*67
$VNIMU,+00.0918,+00.2699,+00.4466,+00.323,+02.752,-09.269,+00.001249,-00.000376,-00.000970,+36.5,+083.720*6A
$VNIMU,+00.0907,+00.2676,+00.4467,+00.333,+02.793,-09.248,-00.000758,+00.000467,-00.000228,+36.5,+083.733*6C
$VNIMU,+00.0907,+00.2699,+00.4467,+00.346,+02.778,-09.278,+00.001547,-00.001769,-00.000836,+36.5,+083.717*6B
$VNIMU,+00.0907,+00.2699,+00.4535,+00.340,+02.758,-09.270,+00.002516,-00.002094,+00.000252,+36.5,+083.704*6C
$VNIMU,+00.0940,+00.2687,+00.4478,+00.340,+02.735,-09.236,+00.001236,+00.001042,+00.000160,+36.5,+083.717*69
$VNIMU,+00.0896,+00.2699,+00.4467,+00.340,+02.778,-09.237,+00.000185,-00.000801,-00.000456,+36.5,+083.730*6B
$VNIMU,+00.0929,+00.2687,+00.4493,+00.323,+02.775,-09.286,+00.001133,-00.001907,+00.000948,+36.5,+083.707*62
$VNIMU,+00.0929,+00.2687,+00.4452,+00.311,+02.763,-09.272,+00.001890,-00.000064,+00.000567,+36.5,+083.704*6D
$VNIMU,+00.0939,+00.2710,+00.4451,+00.357,+02.768,-09.259,+00.001198,+00.000646,-00.000734,+36.5,+083.733*67
$VNIMU,+00.0929,+00.2722,+00.4479,+00.357,+02.780,-09.227,+00.001716,-00.001183,-00.000481,+36.5,+083.720*64
$VNIMU,+00.0939,+00.2699,+00.4451,+00.339,+02.755,-09.316,+00.000782,-00.001108,+00.000440,+36.5,+083.717*6D
$VNIMU,+00.0897,+00.2688,+00.4481,+00.320,+02.741,-09.235,-00.000668,-00.000548,-00.000626,+36.5,+083.704*6C
$VNIMU,+00.0918,+00.2699,+00.4480,+00.347,+02.768,-09.272,+00.001082,-00.000566,+00.000118,+36.5,+083.720*61
$VNIMU,+00.0896,+00.2699,+00.4481,+00.329,+02.777,-09.233,+00.004041,-00.002225,-00.000432,+36.5,+083.717*63
$VNIMU,+00.0886,+00.2676,+00.4481,+00.337,+02.754,-09.229,+00.000682,+00.000507,+00.000376,+36.5,+083.704*6B
$VNIMU,+00.0918,+00.2710,+00.4480,+00.351,+02.768,-09.263,-00.000437,+00.001169,-00.000750,+36.5,+083.720*6B
$VNIMU,+00.0929,+00.2687,+00.4479,+00.368,+02.790,-09.246,+00.001897,-00.001394,-00.000152,+36.5,+083.707*6C
$VNIMU,+00.0940,+00.2699,+00.4492,+00.345,+02.749,-09.267,+00.002385,-00.000885,+00.000336,+36.5,+083.707*66
$VNIMU,+00.0896,+00.2688,+00.4467,+00.326,+02.787,-09.302,-00.001532,+00.000391,+00.000092,+36.5,+083.717*68
$VNIMU,+00.0918,+00.2710,+00.4439,+00.354,+02.779,-09.256,+00.000877,-00.000817,-00.000400,+36.5,+083.717*61
$VNIMU,+00.0907,+00.2687,+00.4480,+00.338,+02.763,-09.267,+00.002617,-00.000913,-00.000545,+36.5,+083.720*6A
$VNIMU,+00.0918,+00.2710,+00.4480,+00.346,+02.767,-09.301,+00.000587,+00.000577,-00.000180,+36.5,+083.730*6B
$VNIMU,+00.0907,+00.2676,+00.4494,+00.322,+02.782,-09.260,-00.000954,-00.000124,-00.000675,+36.5,+083.717*66
$VNIMU,+00.0896,+00.2699,+00.4481,+00.352,+02.756,-09.243,+00.001594,-00.001894,-00.000255,+36.5,+083.707*66
$VNIMU,+00.0875,+00.2699,+00.4509,+00.327,+02.764,-09.238,+00.002596,-00.000258,+00.000140,+36.5,+083.720*6B
$VNIMU,+00.0918,+00.2722,+00.4494,+00.325,+02.778,-09.249,+00.000721,-00.000807,-00.000024,+36.5,+083.717*61
$VNIMU,+00.0886,+00.2676,+00.4481,+00.362,+02.782,-09.243,+00.000814,-00.001608,+00.000537,+36.5,+083.717*67
$VNIMU,+00.0918,+00.2676,+00.4480,+00.351,+02.747,-09.298,+00.001852,-00.000034,-00.000877,+36.5,+083.717*6B
$VNIMU,+00.0918,+00.2665,+00.4466,+00.322,+02.767,-09.283,+00.000511,+00.000142,-00.000045,+36.5,+083.704*6B
$VNIMU,+00.0918,+00.2710,+00.4453,+00.355,+02.761,-09.300,+00.000450,-00.001303,-00.000664,+36.5,+083.707*60
$VNIMU,+00.0918,+00.2699,+00.4480,+00.342,+02.787,-09.284,-00.000374,-00.001038,-00.000957,+36.5,+083.717*6F
$VNIMU,+00.0918,+00.2699,+00.4480,+00.322,+02.783,-09.255,+00.000903,-00.000778,-00.000413,+36.5,+083.704*60
$VNIMU,+00.0875,+00.2688,+00.4482,+00.337,+02.763,-09.269,+00.002254,+00.000750,+00.000053,+36.5,+083.704*6C
$VNIMU,+00.0886,+00.2699,+00.4468,+00.353,+02.769,-09.248,+00.000857,-00.000657,-00.000104,+36.5,+083.720*67
$VNIMU,+00.0907,+00.2676,+00.4494,+00.336,+02.751,-09.311,+00.000963,-00.000962,-00.000158,+36.5,+083.717*6A
$VNIMU,+00.0897,+00.2676,+00.4481,+00.326,+02.757,-09.270,+00.001373,-00.000047,+00.000427,+36.5,+083.717*68
$VNIMU,+00.0907,+00.2676,+00.4453,+00.312,+02.755,-09.215,+00.001183,-00.001530,+00.000278,+36.5,+083.717*6C
$VNIMU,+00.0929,+00.2687,+00.4493,+00.345,+02.759,-09.262,+00.001158,-00.000530,-00.000964,+36.5,+083.717*6B
$VNIMU,+00.0907,+00.2710,+00.4494,+00.357,+02.762,-09.251,-00.000253,-00.001616,-00.000365,+36.5,+083.717*66
$VNIMU,+00.0918,+00.2699,+00.4480,+00.354,+02.784,-09.271,+00.000712,-00.000446,-00.000240,+36.5,+083.704*60
$VNIMU,+00.0907,+00.2676,+00.4453,+00.374,+02.747,-09.252,+00.001344,-00.002009,-00.000066,+36.5,+083.720*66
$VNIMU,+00.0896,+00.2710,+00.4481,+00.348,+02.787,-09.291,+00.003540,-00.001661,+00.000716,+36.5,+083.707*65
$VNIMU,+00.0929,+00.2676,+00.4465,+00.345,+02.775,-09.250,+00.001876,-00.001610,-00.000680,+36.5,+083.730*66
$VNIMU,+00.0896,+00.2699,+00.4481,+00.339,+02.764,-09.251,+00.000556,-00.000463,+00.000113,+36.5,+083.717*65
$VNIMU,+00.0907,+00.2699,+00.4467,+00.355,+02.752,-09.234,+00.001742,-00.000890,-00.000675,+36.5,+083.717*6F
$VNIMU,+00.0897,+00.2699,+00.4508,+00.337,+02.769,-09.273,+00.000755,-00.000459,-00.000199,+36.5,+083.717*6B
$VNIMU,+00.0950,+00.2710,+00.4464,+00.361,+02.763,-09.259,+00.000238,+00.000030,+00.000426,+36.5,+083.730*6A
$VNIMU,+00.0918,+00.2665,+00.4452,+00.345,+02.760,-09.263,+00.000561,-00.000957,-00.000216,+36.5,+083.730*6A
$VNIMU,+00.0918,+00.2710,+00.4521,+00.331,+02.769,-09.260,+00.000511,-00.001212,-00.000797,+36.5,+083.720*64
$VNIMU,+00.0929,+00.2699,+00.4466,+00.355,+02.763,-09.279,+00.002427,-00.002113,-00.000011,+36.5,+083.704*6C
$VNIMU,+00.0907,+00.2699,+00.4480,+00.325,+02.751,-09.270,+00.001474,-00.001475,-00.000325,+36.5,+083.720*66
$VNIMU,+00.0940,+00.2687,+00.4478,+00.328,+02.763,-09.267,-00.000654,+00.000235,-00.000212,+36.5,+083.720*60
$VNIMU,+00.0907,+00.2665,+00.4466,+00.344,+02.759,-09.256,+00.000758,-00.000884,+00.000572,+36.5,+083.717*6F
$VNIMU,+00.0886,+00.2676,+00.4481,+00.328,+02.769,-09.246,+00.002234,-00.001417,-00.000256,+36.5,+083.720*6D
$VNIMU,+00.0918,+00.2710,+00.4480,+00.333,+02.747,-09.298,+00.000901,-00.000497,-00.000106,+36.5,+083.707*6B
$VNIMU,+00.0907,+00.2699,+00.4480,+00.360,+02.751,-09.304,-00.000084,-00.000022,-00.000850,+36.5,+083.720*67
$VNIMU,+00.0907,+00.2687,+00.4453,+00.361,+02.755,-09.289,+00.002918,-00.001203,+00.000325,+36.5,+083.720*60
$VNIMU,+00.0929,+00.2710,+00.4493,+00.337,+02.764,-09.265,-00.000012,-00.001110,-00.000320,+36.5,+083.704*6F
$VNIMU,+00.0907,+00.2687,+00.4480,+00.340,+02.768,-09.275,+00.000208,+00.000131,-00.000886,+36.5,+083.717*6D
$VNIMU,+00.0907,+00.2710,+00.4494,+00.345,+02.769,-09.295,+00.000754,-00.000135,-00.000958,+36.5,+083.720*65
$VNIMU,+00.0929,+00.2687,+00.4465,+00.361,+02.773,-09.255,+00.000149,-00.000552,-00.000753,+36.5,+083.717*67
$VNIMU,+00.0918,+00.2699,+00.4466,+00.318,+02.757,-09.266,+00.001814,-00.001198,+00.000867,+36.5,+083.717*6C
$VNIMU,+00.0875,+00.2699,+00.4455,+00.335,+02.776,-09.273,+00.000505,-00.000126,+00.000426,+36.5,+083.717*6F
$VNIMU,+00.0918,+00.2687,+00.4480,+00.353,+02.766,-09.245,+00.001252,-00.001360,-00.000638,+36.5,+083.717*68
$VNIMU,+00.0907,+00.2687,+00.4480,+00.332,+02.757,-09.271,+00.000632,-00.001780,+00.000379,+36.5,+083.730*6E
$VNIMU,+00.0929,+00.2676,+00.4493,+00.322,+02.750,-09.265,+00.000594,-00.000087,+00.000121,+36.5,+083.707*68
$VNIMU,+00.0918,+00.2687,+00.4466,+00.322,+02.758,-09.246,+00.000476,+00.000215,-00.000003,+36.5,+083.717*63
$VNIMU,+00.0907,+00.2722,+00.4481,+00.348,+02.753,-09.249,+00.001640,-00.001512,-00.000132,+36.5,+083.717*60
$VNIMU,+00.0907,+00.2687,+00.4453,+00.353,+02.755,-09.270,+00.001093,-00.000142,+00.000317,+36.5,+083.720*68
$VNIMU,+00.0918,+00.2676,+00.4480,+00.362,+02.750,-09.225,-00.000350,-00.000061,-00.000059,+36.5,+083.730*64
$VNIMU,+00.0907,+00.2665,+00.4480,+00.355,+02.788,-09.264,+00.002270,-00.002169,-00.000288,+36.5,+083.704*69
$VNIMU,+00.0907,+00.2676,+00.4453,+00.323,+02.786,-09.299,+00.001943,-00.001481,-00.000118,+36.5,+083.720*6C
$VNIMU,+00.0939,+00.2710,+00.4465,+00.321,+02.775,-09.259,+00.002396,-00.000075,-00.000145,+36.5,+083.704*66
$VNIMU,+00.0896,+00.2699,+00.4495,+00.340,+02.741,-09.259,-00.000316,-00.000160,+00.000118,+36.5,+083.717*68
$VNIMU,+00.0907,+00.2699,+00.4467,+00.368,+02.779,-09.249,+00.001059,-00.001524,+00.000321,+36.5,+083.717*6E
$VNIMU,+00.0929,+00.2687,+00.4479,+00.341,+02.765,-09.273,+00.000686,-00.001032,-00.000132,+36.5,+083.707*6D
$VNIMU,+00.0897,+00.2688,+00.4494,+00.341,+02.759,-09.276,+00.002373,-00.000885,+00.000052,+36.5,+083.704*65
$VNIMU,+00.0939,+00.2710,+00.4465,+00.327,+02.744,-09.253,+00.000213,-00.000759,+00.000668,+36.5,+083.717*63
$VNIMU,+00.0918,+00.2699,+00.4493,+00.348,+02.764,-09.252,+00.000793,-00.001156,-00.000275,+36.5,+083.720*6C
$VNIMU,+00.0950,+00.2676,+00.4464,+00.338,+02.758,-09.250,-00.001546,+00.000811,-00.001012,+36.5,+083.707*64
$VNIMU,+00.0886,+00.2688,+00.4495,+00.353,+02.761,-09.279,+00.001058,-00.000197,+00.000466,+36.5,+083.717*61
$VNIMU,+00.0897,+00.2699,+00.4508,+00.324,+02.752,-09.257,+00.002099,-00.001817,-00.001064,+36.5,+083.720*63
$VNIMU,+00.0907,+00.2699,+00.4480,+00.350,+02.754,-09.279,+00.001287,-00.001224,-00.000273,+36.5,+083.704*64
$VNIMU,+00.0907,+00.2699,+00.4480,+00.348,+02.761,-09.269,-00.000148,-00.000585,-00.001253,+36.5,+083.717*61
$VNIMU,+00.0896,+00.2688,+00.4440,+00.331,+02.769,-09.293,+00.001210,-00.001056,-00.000224,+36.5,+083.717*65
$VNIMU,+00.0897,+00.2688,+00.4481,+00.365,+02.765,-09.252,+00.001568,-00.000324,+00.000676,+36.5,+083.730*66
$VNIMU,+00.0907,+00.2687,+00.4480,+00.353,+02.759,-09.263,+00.000739,-00.000530,-00.000467,+36.5,+083.730*68
$VNIMU,+00.0918,+00.2699,+00.4480,+00.358,+02.757,-09.268,+00.000355,-00.000836,+00.000213,+36.5,+083.733*62
$VNIMU,+00.0897,+00.2688,+00.4481,+00.322,+02.773,-09.305,+00.001150,-00.001050,+00.000359,+36.5,+083.717*62
$VNIMU,+00.0907,+00.2687,+00.4467,+00.369,+02.778,-09.252,-00.000292,+00.000209,+00.000252,+36.5,+083.704*61
$VNIMU,+00.0929,+00.2676,+00.4465,+00.367,+02.758,-09.236,+00.001718,+00.000352,-00.001041,+36.5,+083.733*63
$VNIMU,+00.0907,+00.2687,+00.4494,+00.309,+02.778,-09.280,+00.002086,-00.000358,+00.000121,+36.5,+083.704*63
$VNIMU,+00.0918,+00.2665,+00.4452,+00.354,+02.770,-09.261,+00.002346,-00.000746,-00.001130,+36.5,+083.720*61
$VNIMU,+00.0875,+00.2699,+00.4482,+00.354,+02.764,-09.269,+00.000362,+00.000121,-00.000035,+36.5,+083.720*68
$VNIMU,+00.0896,+00.2699,+00.4481,+00.337,+02.754,-09.271,-00.000047,-00.000520,+00.000624,+36.5,+083.717*6C
$VNIMU,+00.0907,+00.2699,+00.4467,+00.310,+02.762,-09.296,+00.000756,-00.001017,+00.001033,+36.5,+083.717*64
$VNIMU,+00.0918,+00.2699,+00.4480,+00.331,+02.755,-09.248,-00.000503,+00.000976,-00.000254,+36.5,+083.707*6F
$VNIMU,+00.0918,+00.2699,+00.4466,+00.349,+02.797,-09.247,+00.001339,-00.000514,+00.000360,+36.5,+083.707*6F
$VNIMU,+00.0907,+00.2676,+00.4480,+00.324,+02.758,-09.263,+00.002414,-00.000372,+00.000542,+36.5,+083.707*6D
$VNIMU,+00.0940,+00.2676,+00.4465,+00.325,+02.754,-09.283,+00.002473,-00.001339,-00.000852,+36.5,+083.707*63
$VNIMU,+00.0918,+00.2687,+00.4480,+00.356,+02.775,-09.247,-00.001147,-00.000195,+00.000106,+36.5,+083.730*6C
$VNIMU,+00.0896,+00.2722,+00.4495,+00.362,+02.775,-09.282,+00.000722,-00.000912,-00.000238,+36.5,+083.717*67
$VNIMU,+00.0907,+00.2687,+00.4480,+00.321,+02.764,-09.254,+00.003059,-00.000884,-00.001250,+36.5,+083.720*65
$VNIMU,+00.0897,+00.2688,+00.4494,+00.339,+02.763,-09.258,+00.002213,-00.001257,-00.001270,+36.5,+083.730*6E
$VNIMU,+00.0896,+00.2710,+00.4467,+00.355,+02.772,-09.265,+00.001051,-00.001630,-00.000550,+36.5,+083.720*60
$VNIMU,+00.0897,+00.2688,+00.4481,+00.341,+02.772,-09.276,+00.001907,-00.001867,-00.000185,+36.5,+083.720*64
$VNIMU,+00.0940,+00.2676,+00.4465,+00.347,+02.772,-09.261,+00.001162,-00.002171,-00.000052,+36.5,+083.707*6C
$VNIMU,+00.0886,+00.2688,+00.4454,+00.337,+02.771,-09.296,+00.001250,-00.002133,-00.000704,+36.5,+083.704*6B
$VNIMU,+00.0918,+00.2687,+00.4493,+00.351,+02.756,-09.279,+00.001691,-00.000097,-00.000486,+36.5,+083.720*66
$VNIMU,+00.0918,+00.2710,+00.4466,+00.324,+02.741,-09.243,+00.002224,-00.001649,+00.000227,+36.5,+083.720*68
$VNIMU,+00.0907,+00.2710,+00.4480,+00.354,+02.782,-09.241,+00.000560,+00.000434,-00.000040,+36.5,+083.717*6F
$VNIMU,+00.0929,+00.2687,+00.4479,+00.362,+02.759,-09.271,+00.000698,+00.000065,-00.000685,+36.5,+083.717*61
$VNIMU,+00.0929,+00.2699,+00.4479,+00.345,+02.730,-09.260,+00.001552,-00.000514,+00.000776,+36.5,+083.717*6E
$VNIMU,+00.0896,+00.2699,+00.4495,+00.349,+02.787,-09.281,+00.001627,-00.000648,+00.000235,+36.5,+083.717*6F
$VNIMU,+00.0907,+00.2699,+00.4508,+00.313,+02.738,-09.212,+00.000447,-00.000473,+00.000161,+36.5,+083.717*6F
$VNIMU,+00.0929,+00.2676,+00.4465,+00.358,+02.750,-09.272,+00.001206,-00.001439,+00.000242,+36.5,+083.717*60
$VNIMU,+00.0918,+00.2699,+00.4453,+00.343,+02.753,-09.253,+00.001463,-00.000683,+00.000878,+36.5,+083.704*6A
$VNIMU,+00.0929,+00.2699,+00.4493,+00.350,+02.758,-09.245,+00.000329,+00.000842,+00.000947,+36.5,+083.707*69
$VNIMU,+00.0918,+00.2687,+00.4480,+00.346,+02.773,-09.244,+00.000504,-00.001369,-00.000426,+36.5,+083.720*6C
$VNIMU,+00.0907,+00.2710,+00.4480,+00.346,+02.766,-09.268,+00.001509,-00.002515,-00.000385,+36.5,+083.720*6B
$VNIMU,+00.0907,+00.2699,+00.4467,+00.360,+02.773,-09.284,+00.000734,-00.001971,+00.000245,+36.5,+083.717*6F
$VNIMU,+00.0940,+00.2699,+00.4479,+00.341,+02.758,-09.257,+00.000824,-00.000708,+00.000172,+36.5,+083.720*6B
$VNIMU,+00.0907,+00.2699,+00.4480,+00.363,+02.764,-09.257,+00.001027,+00.000987,+00.000253,+36.5,+083.720*64
$VNIMU,+00.0907,+00.2676,+00.4467,+00.342,+02.771,-09.256,+00.000922,-00.000514,-00.001211,+36.5,+083.720*66
$VNIMU,+00.0886,+00.2699,+00.4482,+00.356,+02.768,-09.255,+00.000689,-00.001216,+00.000199,+36.5,+083.704*62
$VNIMU,+00.0918,+00.2687,+00.4493,+00.336,+02.753,-09.235,+00.002422,-00.002179,+00.000054,+36.5,+083.707*68
$VNIMU,+00.0918,+00.2676,+00.4493,+00.357,+02.757,-09.291,+00.003919,-00.002223,+00.000481,+36.5,+083.717*6E
$VNIMU,+00.0918,+00.2676,+00.4452,+00.360,+02.771,-09.266,+00.000790,-00.000963,-00.000013,+36.5,+083.720*67
$VNIMU,+00.0896,+00.2699,+00.4495,+00.342,+02.781,-09.251,+00.001373,-00.001776,-00.000702,+36.5,+083.717*61
$VNIMU,+00.0918,+00.2687,+00.4480,+00.330,+02.755,-09.259,+00.001096,-00.000460,-00.000077,+36.5,+083.704*63
$VNIMU,+00.0929,+00.2699,+00.4479,+00.344,+02.766,-09.259,+00.000622,-00.000864,+00.000174,+36.5,+083.717*6D
$VNIMU,+00.0896,+00.2722,+00.4495,+00.331,+02.776,-09.244,-00.000181,-00.001298,-00.000013,+36.5,+083.717*62
$VNIMU,+00.0875,+00.2676,+00.4496,+00.325,+02.769,-09.262,+00.001497,-00.001889,-00.000585,+36.5,+083.707*67
$VNIMU,+00.0918,+00.2687,+00.4466,+00.330,+02.778,-09.242,+00.001224,-00.000268,-00.000758,+36.5,+083.720*67
$VNIMU,+00.0907,+00.2699,+00.4508,+00.362,+02.757,-09.259,-00.000702,+00.000254,+00.000057,+36.5,+083.720*6E
$VNIMU,+00.0907,+00.2676,+00.4494,+00.352,+02.801,-09.238,+00.002441,-00.001675,-00.000639,+36.5,+083.717*6F
$VNIMU,+00.0918,+00.2687,+00.4480,+00.336,+02.774,-09.269,+00.001254,+00.000100,+00.000772,+36.5,+083.717*6A
$VNIMU,+00.0929,+00.2687,+00.4479,+00.317,+02.765,-09.246,+00.000706,-00.000214,+00.000758,+36.5,+083.704*69
$VNIMU,+00.0896,+00.2676,+00.4440,+00.357,+02.747,-09.258,+00.000986,-00.000541,+00.001041,+36.5,+083.717*6E
$VNIMU,+00.0918,+00.2710,+00.4466,+00.329,+02.756,-09.284,+00.001772,-00.001511,-00.000172,+36.5,+083.704*60
$VNIMU,+00.0886,+00.2688,+00.4495,+00.322,+02.776,-09.287,+00.000191,-00.000438,+00.000134,+36.5,+083.717*67
$VNIMU,+00.0950,+00.2710,+00.4492,+00.325,+02.765,-09.276,+00.000273,+00.000214,-00.000160,+36.5,+083.717*67
$VNIMU,+00.0929,+00.2710,+00.4479,+00.348,+02.758,-09.288,+00.004382,-00.002794,-00.000396,+36.5,+083.717*61
$VNIMU,+00.0897,+00.2676,+00.4508,+00.352,+02.754,-09.290,+00.000526,-00.000551,-00.001091,+36.5,+083.704*6F
$VNIMU,+00.0907,+00.2665,+00.4507,+00.344,+02.762,-09.245,+00.000248,+00.000035,+00.000302,+36.5,+083.720*66
$VNIMU,+00.0886,+00.2676,+00.4495,+00.349,+02.765,-09.262,+00.001045,-00.001299,-00.000222,+36.5,+083.720*61
$VNIMU,+00.0907,+00.2687,+00.4453,+00.316,+02.745,-09.257,+00.002563,+00.000231,-00.000369,+36.5,+083.717*6E
$VNIMU,+00.0907,+00.2676,+00.4439,+00.339,+02.752,-09.308,+00.001385,+00.000212,+00.000976,+36.5,+083.704*60
$VNIMU,+00.0929,+00.2699,+00.4479,+00.336,+02.764,-09.240,+00.000634,+00.000402,-00.000879,+36.5,+083.717*6D
$VNIMU,+00.0886,+00.2688,+00.4495,+00.348,+02.769,-09.248,+00.000109,-00.000124,-00.000250,+36.5,+083.717*68
$VNIMU,+00.0929,+00.2665,+00.4465,+00.359,+02.746,-09.258,+00.001878,-00.001548,-00.000052,+36.5,+083.717*6D
$VNIMU,+00.0896,+00.2699,+00.4495,+00.334,+02.781,-09.260,+00.001808,+00.000558,-00.000287,+36.5,+083.717*64
$VNIMU,+00.0907,+00.2687,+00.4507,+00.334,+02.750,-09.275,+00.000495,-00.000119,+00.000024,+36.5,+083.717*63
$VNIMU,+00.0929,+00.2699,+00.4466,+00.345,+02.778,-09.269,+00.000177,-00.000520,-00.000133,+36.5,+083.720*65
$VNIMU,+00.0929,+00.2676,+00.4479,+00.349,+02.778,-09.259,+00.001319,-00.002022,+00.000028,+36.5,+083.717*62
$VNIMU,+00.0907,+00.2687,+00.4467,+00.332,+02.775,-09.267,+00.000986,-00.000148,-00.000897,+36.5,+083.704*69
$VNIMU,+00.0907,+00.2710,+00.4494,+00.344,+02.762,-09.291,+00.000624,+00.000774,-00.000862,+36.5,+083.717*64
$VNIMU,+00.0918,+00.2676,+00.4480,+00.323,+02.778,-09.254,+00.001028,-00.001202,-00.000572,+36.5,+083.717*69
$VNIMU,+00.0897,+00.2665,+00.4481,+00.343,+02.777,-09.252,+00.000706,+00.000343,+00.000226,+36.5,+083.717*6A
$VNIMU,+00.0918,+00.2687,+00.4480,+00.341,+02.778,-09.301,+00.001797,-00.001796,-00.000613,+36.5,+083.720*69
$VNIMU,+00.0940,+00.2699,+00.4492,+00.352,+02.751,-09.227,+00.000668,-00.002338,-00.000121,+36.5,+083.704*67
$VNIMU,+00.0918,+00.2710,+00.4480,+00.354,+02.770,-09.268,+00.001468,-00.001136,-00.000312,+36.5,+083.720*6F
$VNIMU,+00.0907,+00.2699,+00.4453,+00.344,+02.775,-09.290,+00.001658,-00.000167,-00.000424,+36.5,+083.717*6E
$VNIMU,+00.0907,+00.2710,+00.4508,+00.347,+02.761,-09.276,+00.002146,+00.000333,-00.000443,+36.5,+083.717*60
$VNIMU,+00.0918,+00.2676,+00.4480,+00.348,+02.780,-09.274,+00.001428,-00.000832,-00.000629,+36.5,+083.707*61
$VNIMU,+00.0929,+00.2676,+00.4506,+00.318,+02.744,-09.254,+00.000260,+00.000362,+00.000478,+36.5,+083.720*65
$VNIMU,+00.0929,+00.2710,+00.4493,+00.340,+02.763,-09.245,+00.001567,-00.000617,-00.000848,+36.5,+083.704*6E
$VNIMU,+00.0918,+00.2665,+00.4452,+00.335,+02.758,-09.285,+00.000184,-00.001350,-00.000957,+36.5,+083.720*62
$VNIMU,+00.0918,+00.2665,+00.4466,+00.343,+02.778,-09.285,+00.000214,-00.001709,-00.001236,+36.5,+083.717*6D
$VNIMU,+00.0918,+00.2699,+00.4453,+00.340,+02.762,-09.283,+00.001922,-00.000601,+00.000319,+36.5,+083.733*6C
$VNIMU,+00.0929,+00.2676,+00.4479,+00.337,+02.769,-09.265,+00.001691,-00.000848,-00.000864,+36.5,+083.704*63
$VNIMU,+00.0918,+00.2687,+00.4493,+00.323,+02.787,-09.249,+00.001221,+00.000868,-00.000546,+36.5,+083.717*64
$VNIMU,+00.0907,+00.2687,+00.4480,+00.313,+02.794,-09.315,+00.002727,-00.000325,-00.000504,+36.5,+083.717*63
$VNIMU,+00.0896,+00.2699,+00.4467,+00.324,+02.753,-09.297,+00.001822,-00.000695,-00.000548,+36.5,+083.720*63
$VNIMU,+00.0886,+00.2699,+00.4495,+00.342,+02.770,-09.248,+00.001710,-00.001358,-00.000222,+36.5,+083.720*6C
$VNIMU,+00.0897,+00.2688,+00.4481,+00.361,+02.773,-09.234,+00.000280,-00.001706,-00.000306,+36.5,+083.717*61
$VNIMU,+00.0886,+00.2710,+00.4482,+00.344,+02.747,-09.266,+00.000524,-00.001191,-00.000872,+36.5,+083.717*6C
$VNIMU,+00.0918,+00.2642,+00.4520,+00.335,+02.737,-09.269,+00.000850,+00.000167,-00.000545,+36.5,+083.707*63
$VNIMU,+00.0918,+00.2710,+00.4480,+00.350,+02.770,-09.259,-00.001130,+00.000895,-00.000162,+36.5,+083.717*61
$VNIMU,+00.0886,+00.2676,+00.4495,+00.351,+02.764,-09.233,+00.001174,-00.000147,-00.001189,+36.5,+083.704*6A
$VNIMU,+00.0929,+00.2699,+00.4479,+00.330,+02.769,-09.277,+00.002923,-00.001691,+00.000427,+36.5,+083.707*66
$VNIMU,+00.0929,+00.2699,+00.4452,+00.346,+02.768,-09.243,+00.001832,-00.000344,-00.000839,+36.5,+083.704*60
$VNIMU,+00.0918,+00.2687,+00.4480,+00.336,+02.752,-09.248,+00.000757,-00.001780,+00.000770,+36.5,+083.720*65
$VNIMU,+00.0897,+00.2676,+00.4467,+00.337,+02.772,-09.289,+00.002260,-00.001488,+00.000120,+36.5,+083.717*65
$VNIMU,+00.0886,+00.2710,+00.4495,+00.330,+02.756,-09.265,+00.001527,-00.001847,-00.000172,+36.5,+083.707*62
$VNIMU,+00.0897,+00.2676,+00.4494,+00.335,+02.753,-09.261,-00.000825,+00.000598,-00.000041,+36.5,+083.720*62
$VNIMU,+00.0907,+00.2699,+00.4494,+00.356,+02.759,-09.217,+00.002428,-00.001588,+00.001233,+36.5,+083.720*66
$VNIMU,+00.0929,+00.2687,+00.4465,+00.336,+02.751,-09.268,+00.001773,-00.002023,+00.000730,+36.5,+083.717*67
$VNIMU,+00.0907,+00.2687,+00.4494,+00.352,+02.746,-09.268,-00.000225,+00.000523,-00.000853,+36.5,+083.720*69
$VNIMU,+00.0929,+00.2710,+00.4466,+00.333,+02.768,-09.283,+00.001237,-00.000093,-00.000016,+36.5,+083.730*6D
$VNIMU,+00.0918,+00.2676,+00.4466,+00.342,+02.791,-09.256,+00.001306,-00.002560,+00.000139,+36.5,+083.717*61
$VNIMU,+00.0918,+00.2699,+00.4480,+00.331,+02.738,-09.242,+00.002803,-00.001613,-00.000395,+36.5,+083.720*65
$VNIMU,+00.0929,+00.2676,+00.4479,+00.333,+02.760,-09.277,+00.001336,-00.000991,+00.000759,+36.5,+083.720*61
$VNIMU,+00.0907,+00.2687,+00.4507,+00.330,+02.775,-09.238,+00.001347,-00.000344,-00.000200,+36.5,+083.707*69
$VNIMU,+00.0907,+00.2699,+00.4480,+00.350,+02.746,-09.255,+00.001449,-00.001861,+00.000080,+36.5,+083.704*6E
$VNIMU,+00.0907,+00.2676,+00.4467,+00.344,+02.773,-09.269,+00.002198,-00.000348,+00.000136,+36.5,+083.720*6B
$VNIMU,+00.0929,+00.2687,+00.4479,+00.342,+02.761,-09.252,+00.001952,-00.000075,-00.001742,+36.5,+083.717*6D
$VNIMU,+00.0897,+00.2688,+00.4494,+00.371,+02.769,-09.292,+00.001200,-00.000547,-00.000584,+36.5,+083.704*62
$VNIMU,+00.0897,+00.2665,+00.4494,+00.346,+02.774,-09.280,+00.001058,-00.001650,+00.000101,+36.5,+083.707*6D
$VNIMU,+00.0907,+00.2699,+00.4453,+00.306,+02.762,-09.239,+00.000850,-00.001186,-00.000535,+36.5,+083.717*65
$VNIMU,+00.0918,+00.2687,+00.4466,+00.343,+02.766,-09.233,+00.000206,-00.000507,-00.000139,+36.5,+083.717*60
$VNIMU,+00.0907,+00.2676,+00.4467,+00.345,+02.780,-09.252,+00.001768,+00.000609,-00.000173,+36.5,+083.730*64
$VNIMU,+00.0896,+00.2710,+00.4454,+00.313,+02.766,-09.295,+00.001207,-00.001744,-00.000385,+36.5,+083.720*65
$VNIMU,+00.0886,+00.2710,+00.4468,+00.318,+02.776,-09.263,+00.001202,+00.001561,+00.000066,+36.5,+083.730*67
$VNIMU,+00.0939,+00.2699,+00.4451,+00.352,+02.773,-09.233,+00.001708,+00.000048,+00.000161,+36.5,+083.707*64
$VNIMU,+00.0907,+00.2687,+00.4480,+00.334,+02.758,-09.262,+00.001509,-00.001205,+00.000426,+36.5,+083.717*6F
$VNIMU,+00.0918,+00.2699,+00.4493,+00.338,+02.775,-09.249,+00.000871,-00.000454,-00.001255,+36.5,+083.717*63
$VNIMU,+00.0918,+00.2687,+00.4493,+00.356,+02.772,-09.269,+00.001505,+00.000378,-00.000413,+36.5,+083.707*65
$VNIMU,+00.0929,+00.2687,+00.4493,+00.358,+02.757,-09.253,+00.002162,-00.002451,-00.000385,+36.5,+083.720*64
$VNIMU,+00.0918,+00.2710,+00.4453,+00.359,+02.774,-09.280,+00.001507,-00.001433,-00.000119,+36.5,+083.704*69
$VNIMU,+00.0907,+00.2699,+00.4480,+00.337,+02.767,-09.283,-00.000713,-00.000160,-00.000333,+36.5,+083.720*6E
$VNIMU,+00.0939,+00.2699,+00.4465,+00.324,+02.785,-09.256,+00.001175,-00.001251,-00.000200,+36.5,+083.730*6F
$VNIMU,+00.0896,+00.2676,+00.4454,+00.309,+02.784,-09.274,-00.002180,-00.001662,-00.000811,+36.5,+083.717*62
$VNIMU,+00.0907,+00.2676,+00.4453,+00.330,+02.767,-09.289,+00.002149,+00.000421,-00.000681,+36.5,+083.717*6F
$VNIMU,+00.0886,+00.2688,+00.4495,+00.332,+02.760,-09.280,+00.002215,-00.002404,+00.001040,+36.5,+083.707*64
$VNIMU,+00.0918,+00.2676,+00.4466,+00.340,+02.767,-09.264,+00.001327,-00.001068,-00.000364,+36.5,+083.717*6A
$VNIMU,+00.0918,+00.2676,+00.4452,+00.357,+02.755,-09.263,+00.000272,-00.000662,-00.000767,+36.5,+083.730*62
$VNIMU,+00.0929,+00.2676,+00.4493,+00.352,+02.782,-09.259,+00.003033,-00.002760,-00.000749,+36.5,+083.704*65
$VNIMU,+00.0886,+00.2676,+00.4481,+00.330,+02.755,-09.279,+00.002236,-00.001000,+00.000191,+36.5,+083.720*69
$VNIMU,+00.0940,+00.2687,+00.4465,+00.345,+02.755,-09.251,-00.000706,+00.000001,-00.000223,+36.5,+083.707*63
$VNIMU,+00.0918,+00.2699,+00.4493,+00.347,+02.788,-09.277,+00.000423,-00.001554,+00.000741,+36.5,+083.717*68
$VNIMU,+00.0875,+00.2699,+00.4496,+00.323,+02.770,-09.275,+00.001743,-00.001235,+00.000930,+36.5,+083.717*6C
$VNIMU,+00.0929,+00.2665,+00.4479,+00.335,+02.752,-09.266,+00.000197,+00.000897,-00.000212,+36.5,+083.717*65
$VNIMU,+00.0918,+00.2687,+00.4507,+00.336,+02.778,-09.282,+00.000259,-00.001693,-00.000319,+36.5,+083.717*64
$VNIMU,+00.0886,+00.2688,+00.4481,+00.335,+02.776,-09.276,+00.001414,-00.002162,+00.000044,+36.5,+083.730*68
$VNIMU,+00.0907,+00.2687,+00.4507,+00.343,+02.753,-09.306,+00.001995,+00.000693,-00.000175,+36.5,+083.717*69
$VNIMU,+00.0929,+00.2722,+00.4479,+00.341,+02.766,-09.251,+00.000433,-00.000744,-00.001768,+36.5,+083.720*66
$VNIMU,+00.0897,+00.2688,+00.4508,+00.360,+02.755,-09.265,+00.001832,-00.002167,+00.000555,+36.5,+083.720*62
$VNIMU,+00.0929,+00.2676,+00.4465,+00.329,+02.750,-09.258,+00.002343,-00.002400,-00.001276,+36.5,+083.720*60
$VNIMU,+00.0929,+00.2676,+00.4465,+00.329,+02.767,-09.281,-00.002700,+00.000987,+00.000079,+36.5,+083.717*6D
$VNIMU,+00.0907,+00.2687,+00.4494,+00.333,+02.763,-09.245,+00.001560,-00.001349,-00.000723,+36.5,+083.717*66
$VNIMU,+00.0940,+00.2676,+00.4451,+00.345,+02.774,-09.275,+00.001124,-00.002439,-00.000505,+36.5,+083.704*65
$VNIMU,+00.0886,+00.2688,+00.4481,+00.320,+02.758,-09.248,-00.000952,+00.000291,+00.000226,+36.5,+083.720*69
$VNIMU,+00.0886,+00.2699,+00.4509,+00.358,+02.774,-09.210,-00.000868,-00.000422,-00.000704,+36.5,+083.707*62
$VNIMU,+00.0897,+00.2665,+00.4453,+00.359,+02.754,-09.274,+00.001796,-00.002017,-00.001236,+36.5,+083.707*62
$VNIMU,+00.0864,+00.2711,+00.4483,+00.339,+02.735,-09.305,+00.001493,-00.002551,-00.000636,+36.5,+083.707*63
$VNIMU,+00.0907,+00.2699,+00.4467,+00.322,+02.786,-09.271,-00.001064,-00.000298,-00.000239,+36.5,+083.717*6C
$VNIMU,+00.0907,+00.2699,+00.4494,+00.368,+02.783,-09.265,+00.001329,+00.000775,-00.000292,+36.5,+083.717*63
$VNIMU,+00.0918,+00.2687,+00.4466,+00.357,+02.772,-09.278,+00.002855,-00.000030,-00.000305,+36.5,+083.704*6F
$VNIMU,+00.0896,+00.2688,+00.4467,+00.340,+02.781,-09.318,+00.000957,-00.000830,+00.000300,+36.5,+083.733*65
$VNIMU,+00.0896,+00.2710,+00.4454,+00.330,+02.780,-09.236,+00.000067,+00.000301,-00.001145,+36.5,+083.730*6C
$VNIMU,+00.0929,+00.2710,+00.4466,+00.357,+02.774,-09.255,+00.001817,-00.001109,-00.000359,+36.5,+083.717*6F
$VNIMU,+00.0918,+00.2653,+00.4479,+00.337,+02.749,-09.273,+00.002297,-00.002019,+00.000573,+36.5,+083.704*61
$VNIMU,+00.0907,+00.2722,+00.4481,+00.343,+02.770,-09.267,+00.000631,-00.000864,-00.001014,+36.5,+083.717*68
$VNIMU,+00.0918,+00.2687,+00.4466,+00.355,+02.777,-09.282,-00.001218,-00.001324,+00.000253,+36.5,+083.717*6A
$VNIMU,+00.0918,+00.2699,+00.4480,+00.344,+02.767,-09.264,+00.000608,-00.001274,-00.000373,+36.5,+083.717*67
$VNIMU,+00.0939,+00.2699,+00.4465,+00.338,+02.777,-09.261,+00.000233,+00.000160,-00.000159,+36.5,+083.704*65
$VNIMU,+00.0907,+00.2687,+00.4453,+00.349,+02.788,-09.232,+00.001782,-00.001188,+00.000106,+36.5,+083.707*62
$VNIMU,+00.0907,+00.2710,+00.4480,+00.349,+02.773,-09.237,+00.000371,+00.000063,-00.000647,+36.5,+083.717*6D
$VNIMU,+00.0897,+00.2676,+00.4508,+00.355,+02.749,-09.270,+00.002307,-00.001533,-00.000957,+36.5,+083.717*68
$VNIMU,+00.0939,+00.2699,+00.4465,+00.336,+02.745,-09.282,+00.000936,-00.000172,+00.000732,+36.5,+083.717*63
$VNIMU,+00.0918,+00.2687,+00.4466,+00.351,+02.738,-09.281,+00.000251,+00.000146,-00.000595,+36.5,+083.717*66
$VNIMU,+00.0940,+00.2687,+00.4492,+00.352,+02.772,-09.277,+00.001678,-00.000934,-00.000183,+36.5,+083.704*60
$VNIMU,+00.0918,+00.2687,+00.4507,+00.344,+02.758,-09.229,+00.000777,-00.001139,-00.000439,+36.5,+083.717*69
$VNIMU,+00.0929,+00.2699,+00.4479,+00.316,+02.776,-09.261,+00.001072,-00.002305,-00.000198,+36.5,+083.717*68
$VNIMU,+00.0896,+00.2688,+00.4454,+00.339,+02.770,-09.268,+00.000463,+00.001160,-00.000972,+36.5,+083.730*68
$VNIMU,+00.0896,+00.2699,+00.4467,+00.349,+02.753,-09.271,-00.000162,-00.001167,-00.001414,+36.5,+083.704*6E
$VNIMU,+00.0907,+00.2699,+00.4494,+00.335,+02.785,-09.262,+00.000669,-00.000425,-00.000481,+36.5,+083.717*6E
$VNIMU,+00.0918,+00.2687,+00.4466,+00.329,+02.782,-09.252,+00.000860,-00.001430,-00.000572,+36.5,+083.704*66
$VNIMU,+00.0918,+00.2665,+00.4479,+00.330,+02.763,-09.256,+00.003008,-00.000282,+00.000260,+36.5,+083.717*6C
$VNIMU,+00.0929,+00.2687,+00.4479,+00.332,+02.762,-09.267,+00.001005,-00.000644,-00.000249,+36.5,+083.720*6B
$VNIMU,+00.0897,+00.2688,+00.4508,+00.365,+02.756,-09.267,+00.000787,-00.000840,-00.000620,+36.5,+083.720*6F
$VNIMU,+00.0929,+00.2699,+00.4493,+00.332,+02.757,-09.261,+00.001654,-00.001309,+00.000334,+36.5,+083.730*63
$VNIMU,+00.0896,+00.2710,+00.4467,+00.352,+02.759,-09.281,+00.001713,-00.000922,+00.000373,+36.5,+083.717*6D
$VNIMU,+00.0896,+00.2722,+00.4454,+00.356,+02.759,-09.258,+00.000311,+00.000157,+00.001097,+36.5,+083.717*6F
$VNIMU,+00.0875,+00.2688,+00.4455,+00.313,+02.747,-09.266,+00.000659,-00.000931,-00.000148,+36.5,+083.704*60
$VNIMU,+00.0929,+00.2665,+00.4479,+00.343,+02.766,-09.316,+00.000267,+00.000103,-00.000571,+36.5,+083.717*6F
$VNIMU,+00.0929,+00.2722,+00.4466,+00.361,+02.768,-09.268,+00.000126,-00.000314,+00.000384,+36.5,+083.717*6B
$VNIMU,+00.0929,+00.2653,+00.4506,+00.354,+02.763,-09.253,+00.001905,-00.002758,-00.000204,+36.5,+083.717*67
$VNIMU,+00.0907,+00.2699,+00.4480,+00.346,+02.743,-09.270,+00.002041,-00.000265,+00.000240,+36.5,+083.704*65
$VNIMU,+00.0918,+00.2699,+00.4493,+00.350,+02.746,-09.296,-00.000460,-00.000535,-00.000465,+36.5,+083.717*67
$VNIMU,+00.0929,+00.2699,+00.4466,+00.328,+02.765,-09.262,+00.001226,-00.001118,-00.000039,+36.5,+083.717*6E
$VNIMU,+00.0896,+00.2710,+00.4454,+00.352,+02.782,-09.292,+00.002896,-00.002069,-00.000569,+36.5,+083.717*67
$VNIMU,+00.0918,+00.2665,+00.4507,+00.348,+02.771,-09.276,+00.002120,-00.001066,-00.000238,+36.5,+083.717*62
$VNIMU,+00.0897,+00.2688,+00.4481,+00.322,+02.769,-09.274,-00.001863,+00.000432,-00.001019,+36.5,+083.717*66
$VNIMU,+00.0886,+00.2699,+00.4482,+00.343,+02.761,-09.255,+00.003071,-00.001348,-00.000439,+36.5,+083.717*6C
$VNIMU,+00.0918,+00.2699,+00.4493,+00.349,+02.741,-09.263,+00.002091,-00.002382,+00.000653,+36.5,+083.704*67
$VNIMU,+00.0907,+00.2687,+00.4480,+00.337,+02.776,-09.273,-00.000448,-00.000507,-00.001184,+36.5,+083.720*69
$VNIMU,+00.0896,+00.2710,+00.4481,+00.352,+02.772,-09.237,+00.000021,+00.000024,+00.000646,+36.5,+083.720*68
$VNIMU,+00.0929,+00.2699,+00.4479,+00.358,+02.752,-09.279,+00.000320,-00.002158,-00.000119,+36.5,+083.717*6B
$VNIMU,+00.0918,+00.2676,+00.4493,+00.323,+02.759,-09.286,+00.001308,-00.001603,-00.001363,+36.5,+083.717*64
$VNIMU,+00.0897,+00.2676,+00.4481,+00.344,+02.763,-09.261,+00.000473,-00.000978,-00.001446,+36.5,+083.717*68
$VNIMU,+00.0929,+00.2710,+00.4479,+00.327,+02.778,-09.280,+00.002269,-00.001298,+00.000225,+36.5,+083.704*67
$VNIMU,+00.0907,+00.2687,+00.4494,+00.341,+02.761,-09.268,+00.001873,-00.001305,-00.000559,+36.5,+083.717*66
$VNIMU,+00.0886,+00.2699,+00.4454,+00.346,+02.748,-09.244,+00.002567,-00.000845,+00.000081,+36.5,+083.730*69
$VNIMU,+00.0929,+00.2699,+00.4479,+00.340,+02.763,-09.267,+00.000318,-00.001770,-00.000007,+36.5,+083.704*67
$VNIMU,+00.0918,+00.2653,+00.4479,+00.347,+02.766,-09.224,+00.000887,-00.001332,+00.000960,+36.5,+083.717*65
$VNIMU,+00.0896,+00.2676,+00.4426,+00.367,+02.755,-09.235,+00.001945,-00.002501,+00.000447,+36.5,+083.717*6E
$VNIMU,+00.0940,+00.2699,+00.4479,+00.356,+02.738,-09.269,+00.001318,-00.001226,-00.000519,+36.5,+083.717*60
$VNIMU,+00.0950,+00.2699,+00.4478,+00.334,+02.760,-09.261,+00.000132,-00.001363,-00.000878,+36.5,+083.717*60
$VNIMU,+00.0907,+00.2710,+00.4467,+00.327,+02.760,-09.228,-00.000004,-00.000695,-00.000001,+36.5,+083.707*6B
$VNIMU,+00.0929,+00.2653,+00.4479,+00.339,+02.762,-09.246,+00.000979,-00.000620,-00.000467,+36.5,+083.707*64
$VNIMU,+00.0918,+00.2699,+00.4466,+00.346,+02.767,-09.322,+00.000843,+00.000025,+00.000201,+36.5,+083.733*6A
$VNIMU,+00.0886,+00.2710,+00.4495,+00.334,+02.769,-09.280,+00.001404,-00.001056,+00.001052,+36.5,+083.717*6C
$VNIMU,+00.0907,+00.2733,+00.4481,+00.337,+02.759,-09.273,+00.001589,-00.001626,-00.000282,+36.5,+083.720*65
$VNIMU,+00.0907,+00.2687,+00.4480,+00.344,+02.776,-09.222,+00.000506,-00.000544,+00.001032,+36.5,+083.704*6F
$VNIMU,+00.0875,+00.2665,+00.4468,+00.337,+02.772,-09.248,+00.000956,-00.001373,+00.001120,+36.5,+083.717*67
$VNIMU,+00.0929,+00.2699,+00.4452,+00.319,+02.764,-09.243,+00.001693,-00.000806,+00.000275,+36.5,+083.720*6C
$VNIMU,+00.0950,+00.2676,+00.4491,+00.337,+02.752,-09.292,+00.000598,-00.000327,-00.000013,+36.5,+083.704*6A
$VNIMU,+00.0918,+00.2699,+00.4493,+00.338,+02.768,-09.271,+00.000186,-00.000159,-00.000040,+36.5,+083.720*6E
$VNIMU,+00.0897,+00.2688,+00.4494,+00.327,+02.790,-09.282,+00.000124,-00.001054,-00.000615,+36.5,+083.720*69
$VNIMU,+00.0918,+00.2699,+00.4480,+00.330,+02.786,-09.241,+00.000552,-00.001182,-00.000759,+36.5,+083.717*66
$VNIMU,+00.0886,+00.2722,+00.4509,+00.325,+02.777,-09.290,+00.001461,-00.001543,+00.000183,+36.5,+083.717*69
$VNIMU,+00.0907,+00.2687,+00.4494,+00.339,+02.782,-09.262,+00.002996,-00.000775,-00.000838,+36.5,+083.720*6B
$VNIMU,+00.0896,+00.2699,+00.4481,+00.350,+02.776,-09.294,+00.001401,-00.001842,+00.000258,+36.5,+083.704*62
$VNIMU,+00.0907,+00.2687,+00.4507,+00.328,+02.749,-09.314,+00.000620,-00.001423,-00.000838,+36.5,+083.733*64
$VNIMU,+00.0918,+00.2687,+00.4480,+00.337,+02.772,-09.286,+00.001800,-00.000871,-00.000517,+36.5,+083.720*6D
$VNIMU,+00.0918,+00.2699,+00.4493,+00.350,+02.772,-09.263,+00.001788,-00.000709,+00.000081,+36.5,+083.707*6C
$VNIMU,+00.0875,+00.2676,+00.4482,+00.344,+02.759,-09.300,+00.000685,-00.000356,-00.000864,+36.5,+083.704*6A
$VNIMU,+00.0907,+00.2687,+00.4453,+00.318,+02.773,-09.315,+00.000893,-00.000788,+00.000335,+36.5,+083.717*6C
$VNIMU,+00.0907,+00.2699,+00.4453,+00.341,+02.761,-09.285,+00.001016,-00.001443,-00.000665,+36.5,+083.704*61
$VNIMU,+00.0907,+00.2687,+00.4467,+00.334,+02.756,-09.240,+00.000312,+00.000133,+00.000120,+36.5,+083.704*65
$VNIMU,+00.0918,+00.2687,+00.4493,+00.346,+02.776,-09.272,+00.001826,-00.001898,+00.000538,+36.5,+083.717*6B
$VNIMU,+00.0918,+00.2699,+00.4480,+00.334,+02.754,-09.285,+00.002088,-00.002126,-00.000081,+36.5,+083.717*6A
$VNIMU,+00.0918,+00.2710,+00.4493,+00.322,+02.742,-09.285,+00.000597,-00.001938,+00.000319,+36.5,+083.717*61
$VNIMU,+00.0907,+00.2676,+00.4494,+00.332,+02.793,-09.271,-00.000935,-00.000365,-00.000785,+36.5,+083.717*69
$VNIMU,+00.0918,+00.2699,+00.4466,+00.360,+02.762,-09.248,+00.001919,-00.000976,-00.000493,+36.5,+083.717*6D
$VNIMU,+00.0886,+00.2676,+00.4481,+00.337,+02.779,-09.253,+00.002800,-00.002867,-00.000256,+36.5,+083.717*67
$VNIMU,+00.0918,+00.2676,+00.4480,+00.322,+02.775,-09.271,-00.000064,+00.000222,-00.000102,+36.5,+083.707*6A
$VNIMU,+00.0918,+00.2699,+00.4466,+00.330,+02.782,-09.271,+00.000819,-00.001067,+00.000160,+36.5,+083.717*6B
$VNIMU,+00.0940,+00.2676,+00.4478,+00.355,+02.750,-09.272,+00.002212,-00.001569,-00.000718,+36.5,+083.720*64
$VNIMU,+00.0918,+00.2710,+00.4480,+00.355,+02.768,-09.257,+00.000171,+00.000073,+00.000304,+36.5,+083.720*61
$VNIMU,+00.0929,+00.2710,+00.4466,+00.361,+02.784,-09.252,-00.000435,-00.000110,-00.000107,+36.5,+083.730*6C
$VNIMU,+00.0886,+00.2688,+00.4495,+00.358,+02.772,-09.260,+00.001593,-00.002387,+00.000122,+36.5,+083.717*66
$VNIMU,+00.0918,+00.2676,+00.4480,+00.356,+02.756,-09.273,+00.002216,-00.001386,-00.000450,+36.5,+083.717*62
$VNIMU,+00.0886,+00.2710,+00.4509,+00.330,+02.772,-09.268,-00.001081,-00.001601,+00.000319,+36.5,+083.704*64
$VNIMU,+00.0907,+00.2710,+00.4480,+00.335,+02.768,-09.252,+00.002274,-00.000626,-00.000609,+36.5,+083.717*62
$VNIMU,+00.0918,+00.2699,+00.4466,+00.348,+02.800,-09.273,+00.002976,-00.002349,+00.000252,+36.5,+083.717*67
$VNIMU,+00.0929,+00.2710,+00.4466,+00.349,+02.752,-09.258,-00.000601,-00.001217,+00.000032,+36.5,+083.707*62
$VNIMU,+00.0918,+00.2676,+00.4493,+00.315,+02.758,-09.267,-00.000075,+00.000267,-00.000420,+36.5,+083.717*61
$VNIMU,+00.0907,+00.2699,+00.4467,+00.359,+02.761,-09.276,+00.001535,-00.000555,-00.000008,+36.5,+083.704*6D
$VNIMU,+00.0918,+00.2676,+00.4507,+00.341,+02.776,-09.286,+00.001289,-00.002211,-00.000228,+36.5,+083.720*66
$VNIMU,+00.0929,+00.2687,+00.4465,+00.351,+02.794,-09.273,+00.000025,-00.000866,+00.000040,+36.5,+083.717*6B
$VNIMU,+00.0886,+00.2699,+00.4495,+00.348,+02.772,-09.271,+00.000827,+00.000264,+00.000293,+36.5,+083.717*65
$VNIMU,+00.0940,+00.2676,+00.4492,+00.351,+02.778,-09.268,+00.001508,-00.000796,-00.000638,+36.5,+083.717*6E
$VNIMU,+00.0907,+00.2676,+00.4453,+00.351,+02.774,-09.266,+00.000689,-00.001538,-00.000239,+36.5,+083.704*69
$VNIMU,+00.0918,+00.2699,+00.4493,+00.340,+02.752,-09.282,+00.000653,+00.000435,+00.000174,+36.5,+083.720*62
$VNIMU,+00.0918,+00.2699,+00.4466,+00.361,+02.758,-09.279,+00.000395,-00.000400,-00.000931,+36.5,+083.717*61
$VNIMU,+00.0929,+00.2710,+00.4479,+00.324,+02.777,-09.266,+00.000825,+00.000092,+00.000425,+36.5,+083.717*68
$VNIMU,+00.0907,+00.2710,+00.4453,+00.331,+02.775,-09.259,+00.001401,+00.000748,-00.000186,+36.5,+083.704*65
$VNIMU,+00.0918,+00.2722,+00.4480,+00.350,+02.781,-09.285,+00.000913,-00.001170,-00.000096,+36.5,+083.720*6A
$VNIMU,+00.0907,+00.2699,+00.4494,+00.367,+02.756,-09.253,+00.000776,-00.001143,-00.001378,+36.5,+083.717*6E
$VNIMU,+00.0907,+00.2699,+00.4480,+00.327,+02.783,-09.278,+00.000356,-00.000842,-00.001175,+36.5,+083.704*6C
$VNIMU,+00.0918,+00.2687,+00.4493,+00.361,+02.780,-09.270,+00.000591,-00.001074,+00.000507,+36.5,+083.720*67
$VNIMU,+00.0918,+00.2687,+00.4480,+00.333,+02.777,-09.297,+00.002580,-00.002489,-00.000413,+36.5,+083.717*62
$VNIMU,+00.0907,+00.2699,+00.4453,+00.342,+02.763,-09.279,+00.000343,-00.000875,+00.000320,+36.5,+083.717*69
$VNIMU,+00.0896,+00.2699,+00.4467,+00.331,+02.786,-09.252,-00.000623,+00.000001,-00.000573,+36.5,+083.720*6B
$VNIMU,+00.0896,+00.2699,+00.4481,+00.328,+02.742,-09.282,+00.002386,-00.002197,-00.000597,+36.5,+083.717*64
$VNIMU,+00.0886,+00.2665,+00.4468,+00.318,+02.736,-09.279,+00.000903,-00.000483,-00.000378,+36.5,+083.707*64
$VNIMU,+00.0907,+00.2687,+00.4467,+00.334,+02.746,-09.278,-00.001387,+00.002016,-00.000239,+36.5,+083.717*6F
$VNIMU,+00.0918,+00.2699,+00.4439,+00.343,+02.788,-09.256,+00.001292,-00.001171,-00.000373,+36.5,+083.717*62
$VNIMU,+00.0939,+00.2699,+00.4465,+00.333,+02.749,-09.271,+00.002339,-00.000850,-00.000479,+36.5,+083.720*66
$VNIMU,+00.0939,+00.2699,+00.4465,+00.343,+02.784,-09.278,+00.000521,+00.000737,-00.000187,+36.5,+083.717*6C
$VNIMU,+00.0929,+00.2710,+00.4479,+00.350,+02.766,-09.247,+00.001378,-00.001133,-00.001317,+36.5,+083.704*64
$VNIMU,+00.0896,+00.2699,+00.4481,+00.339,+02.789,-09.295,+00.000097,-00.000140,-00.001476,+36.5,+083.720*67
$VNIMU,+00.0896,+00.2699,+00.4481,+00.325,+02.753,-09.273,-00.000459,-00.001971,-00.000590,+36.5,+083.717*62
$VNIMU,+00.0896,+00.2710,+00.4481,+00.357,+02.799,-09.261,-00.000187,+00.000819,+00.000067,+36.5,+083.720*63
$VNIMU,+00.0929,+00.2653,+00.4479,+00.336,+02.777,-09.270,+00.003252,-00.002035,-00.000728,+36.5,+083.717*62
$VNIMU,+00.0929,+00.2710,+00.4506,+00.337,+02.753,-09.235,+00.001410,-00.001961,+00.000078,+36.5,+083.717*66
$VNIMU,+00.0918,+00.2676,+00.4466,+00.357,+02.776,-09.256,-00.000353,+00.000133,-00.001224,+36.5,+083.720*61
$VNIMU,+00.0929,+00.2699,+00.4479,+00.345,+02.765,-09.263,+00.001899,-00.002337,-00.000664,+36.5,+083.707*67
$VNIMU,+00.0918,+00.2722,+00.4466,+00.333,+02.768,-09.235,+00.002042,-00.001890,-00.000435,+36.5,+083.717*6A
$VNIMU,+00.0907,+00.2687,+00.4494,+00.333,+02.755,-09.292,-00.000879,-00.000867,-00.000198,+36.5,+083.717*6B
$VNIMU,+00.0907,+00.2676,+00.4507,+00.357,+02.793,-09.278,+00.001731,+00.000018,-00.000983,+36.5,+083.717*62
$VNIMU,+00.0918,+00.2687,+00.4493,+00.330,+02.770,-09.261,+00.001381,-00.001773,-00.000619,+36.5,+083.717*64
$VNIMU,+00.0907,+00.2665,+00.4480,+00.330,+02.770,-09.263,+00.000085,-00.000390,+00.000265,+36.5,+083.720*65
$VNIMU,+00.0918,+00.2699,+00.4493,+00.358,+02.781,-09.238,+00.000120,+00.000073,-00.001624,+36.5,+083.717*60
$VNIMU,+00.0896,+00.2688,+00.4467,+00.365,+02.762,-09.269,+00.001925,-00.002852,+00.000333,+36.5,+083.720*68
$VNIMU,+00.0907,+00.2699,+00.4494,+00.342,+02.758,-09.266,+00.001628,-00.000806,-00.000412,+36.5,+083.730*6C
$VNIMU,+00.0918,+00.2676,+00.4452,+00.348,+02.783,-09.246,+00.000400,-00.002180,+00.000227,+36.5,+083.704*6A
$VNIMU,+00.0918,+00.2676,+00.4466,+00.357,+02.777,-09.264,+00.001696,-00.001665,-00.001706,+36.5,+083.707*69
$VNIMU,+00.0886,+00.2699,+00.4482,+00.354,+02.769,-09.244,+00.001877,-00.000915,+00.000850,+36.5,+083.717*68
$VNIMU,+00.0918,+00.2665,+00.4452,+00.326,+02.755,-09.327,+00.000383,-00.000435,-00.000569,+36.5,+083.717*61
$VNIMU,+00.0897,+00.2676,+00.4481,+00.349,+02.753,-09.275,+00.000643,-00.001913,-00.000452,+36.5,+083.720*6E
$VNIMU,+00.0886,+00.2699,+00.4482,+00.344,+02.756,-09.290,+00.000785,-00.001493,-00.000450,+36.5,+083.704*65
$VNIMU,+00.0918,+00.2687,+00.4480,+00.324,+02.772,-09.299,+00.001954,+00.000008,-00.001049,+36.5,+083.733*6C
$VNIMU,+00.0907,+00.2687,+00.4453,+00.321,+02.794,-09.238,+00.000844,-00.001258,-00.000612,+36.5,+083.717*64
$VNIMU,+00.0907,+00.2687,+00.4453,+00.337,+02.754,-09.265,+00.002334,-00.000208,+00.000227,+36.5,+083.717*69
$VNIMU,+00.0929,+00.2699,+00.4466,+00.355,+02.755,-09.265,+00.000944,-00.000655,+00.000040,+36.5,+083.730*6C
$VNIMU,+00.0907,+00.2710,+00.4467,+00.355,+02.770,-09.294,+00.000783,-00.000104,-00.000222,+36.5,+083.717*6B
$VNIMU,+00.0886,+00.2722,+00.4482,+00.331,+02.772,-09.233,+00.000849,-00.000887,-00.001025,+36.5,+083.720*6F
$VNIMU,+00.0918,+00.2699,+00.4493,+00.333,+02.752,-09.271,-00.000551,+00.000344,-00.001012,+36.5,+083.704*6C
$VNIMU,+00.0918,+00.2687,+00.4466,+00.329,+02.793,-09.236,-00.000519,-00.000554,+00.000167,+36.5,+083.720*63
$VNIMU,+00.0929,+00.2710,+00.4466,+00.358,+02.790,-09.237,+00.002690,-00.001606,-00.000838,+36.5,+083.704*6A
$VNIMU,+00.0907,+00.2676,+00.4467,+00.322,+02.758,-09.274,+00.003115,-00.002518,-00.000265,+36.5,+083.720*68
$VNIMU,+00.0907,+00.2687,+00.4480,+00.348,+02.723,-09.262,-00.000121,+00.000469,-00.000197,+36.5,+083.717*63
$VNIMU,+00.0875,+00.2699,+00.4482,+00.363,+02.769,-09.277,+00.000538,-00.000299,-00.000170,+36.5,+083.717*65
$VNIMU,+00.0918,+00.2699,+00.4466,+00.373,+02.759,-09.267,+00.002206,-00.002244,-00.000008,+36.5,+083.707*63
$VNIMU,+00.0929,+00.2687,+00.4465,+00.313,+02.731,-09.240,+00.002042,-00.002013,-00.000896,+36.5,+083.720*68
$VNIMU,+00.0907,+00.2699,+00.4494,+00.350,+02.745,-09.273,-00.000114,-00.000223,+00.000750,+36.5,+083.717*63
$VNIMU,+00.0907,+00.2687,+00.4494,+00.342,+02.773,-09.260,-00.000614,-00.001314,+00.000119,+36.5,+083.704*62
$VNIMU,+00.0918,+00.2687,+00.4466,+00.342,+02.762,-09.255,+00.001160,+00.000190,-00.000491,+36.5,+083.717*6C
$VNIMU,+00.0907,+00.2676,+00.4521,+00.344,+02.789,-09.274,+00.000147,+00.000576,-00.000358,+36.5,+083.717*64
$VNIMU,+00.0907,+00.2722,+00.4481,+00.372,+02.757,-09.261,+00.001769,-00.001366,-00.000923,+36.5,+083.717*60
$VNIMU,+00.0929,+00.2699,+00.4466,+00.343,+02.765,-09.270,+00.002279,-00.001671,-00.000260,+36.5,+083.717*6F
$VNIMU,+00.0886,+00.2676,+00.4481,+00.314,+02.748,-09.266,-00.000345,-00.000010,-00.000625,+36.5,+083.717*66
$VNIMU,+00.0918,+00.2676,+00.4493,+00.373,+02.775,-09.275,+00.001355,+00.000132,-00.000818,+36.5,+083.717*6F
$VNIMU,+00.0918,+00.2699,+00.4480,+00.373,+02.761,-09.252,+00.003940,-00.001307,-00.000185,+36.5,+083.717*6E
$VNIMU,+00.0929,+00.2665,+00.4493,+00.331,+02.758,-09.262,+00.001407,-00.000997,-00.000319,+36.5,+083.717*6B
$VNIMU,+00.0897,+00.2665,+00.4494,+00.350,+02.772,-09.280,-00.000625,+00.000585,-00.000764,+36.5,+083.720*6D
$VNIMU,+00.0907,+00.2710,+00.4480,+00.341,+02.772,-09.251,+00.002259,-00.001323,+00.000287,+36.5,+083.717*63
$VNIMU,+00.0918,+00.2687,+00.4493,+00.344,+02.763,-09.289,+00.002475,-00.002009,-00.000223,+36.5,+083.730*6D
$VNIMU,+00.0929,+00.2676,+00.4465,+00.330,+02.751,-09.251,+00.000315,-00.000261,-00.000476,+36.5,+083.730*64
$VNIMU,+00.0907,+00.2687,+00.4494,+00.327,+02.769,-09.264,-00.000405,-00.000659,-00.000138,+36.5,+083.717*66
$VNIMU,+00.0907,+00.2710,+00.4494,+00.334,+02.772,-09.258,+00.003216,-00.000878,+00.000230,+36.5,+083.730*6A
$VNIMU,+00.0886,+00.2699,+00.4454,+00.342,+02.757,-09.290,+00.001271,-00.001982,+00.000334,+36.5,+083.720*6E
$VNIMU,+00.0896,+00.2688,+00.4467,+00.345,+02.790,-09.247,+00.001635,+00.000554,-00.000293,+36.5,+083.717*63
$VNIMU,+00.0875,+00.2676,+00.4482,+00.359,+02.753,-09.234,+00.003001,-00.001530,+00.000599,+36.5,+083.717*6F
$VNIMU,+00.0907,+00.2699,+00.4508,+00.340,+02.782,-09.288,+00.001293,-00.000299,-00.000663,+36.5,+083.720*60
$VNIMU,+00.0918,+00.2687,+00.4521,+00.334,+02.777,-09.259,+00.001101,-00.000845,+00.000047,+36.5,+083.717*6E
$VNIMU,+00.0875,+00.2710,+00.4496,+00.354,+02.774,-09.300,+00.000972,-00.000867,-00.000383,+36.5,+083.717*6E
$VNIMU,+00.0897,+00.2676,+00.4467,+00.328,+02.771,-09.262,+00.001853,-00.000964,-00.000664,+36.5,+083.707*6A
$VNIMU,+00.0918,+00.2710,+00.4466,+00.320,+02.744,-09.280,+00.000211,-00.001797,+00.000188,+36.5,+083.717*62
$VNIMU,+00.0896,+00.2710,+00.4467,+00.320,+02.751,-09.246,+00.000201,-00.001315,-00.000709,+36.5,+083.717*6C
$VNIMU,+00.0897,+00.2688,+00.4494,+00.329,+02.758,-09.268,-00.000938,+00.000103,-00.000267,+36.5,+083.704*67
$VNIMU,+00.0886,+00.2710,+00.4468,+00.346,+02.772,-09.265,+00.001627,+00.000845,-00.000944,+36.5,+083.717*6D
$VNIMU,+00.0896,+00.2688,+00.4467,+00.337,+02.778,-09.258,+00.001790,+00.000662,-00.000453,+36.5,+083.720*68
$VNIMU,+00.0918,+00.2665,+00.4493,+00.330,+02.774,-09.271,+00.001769,-00.000497,+00.000317,+36.5,+083.704*68
$VNIMU,+00.0897,+00.2665,+00.4481,+00.338,+02.771,-09.243,+00.001211,-00.001606,-00.000002,+36.5,+083.717*63
$VNIMU,+00.0897,+00.2676,+00.4481,+00.355,+02.767,-09.287,+00.000525,-00.000753,+00.000107,+36.5,+083.720*62
$VNIMU,+00.0897,+00.2688,+00.4494,+00.346,+02.769,-09.274,+00.001623,-00.001017,+00.000321,+36.5,+083.717*67
$VNIMU,+00.0939,+00.2733,+00.4479,+00.320,+02.756,-09.245,+00.000976,-00.000839,+00.000345,+36.5,+083.717*67
$VNIMU,+00.0907,+00.2676,+00.4467,+00.338,+02.755,-09.261,+00.001207,+00.001008,-00.000364,+36.5,+083.730*68
$VNIMU,+00.0896,+00.2688,+00.4454,+00.349,+02.772,-09.273,-00.000626,+00.001267,-00.000173,+36.5,+083.704*68
$VNIMU,+00.0897,+00.2688,+00.4481,+00.344,+02.792,-09.270,+00.001479,-00.001664,-00.000876,+36.5,+083.717*61
$VNIMU,+00.0886,+00.2710,+00.4454,+00.348,+02.772,-09.277,+00.001670,-00.001999,-00.000328,+36.5,+083.717*6A
$VNIMU,+00.0929,+00.2687,+00.4493,+00.343,+02.763,-09.252,+00.001802,-00.001659,+00.000575,+36.5,+083.704*64
$VNIMU,+00.0929,+00.2699,+00.4452,+00.365,+02.754,-09.279,+00.001671,-00.000701,-00.000426,+36.5,+083.704*69
$VNIMU,+00.0907,+00.2687,+00.4494,+00.361,+02.780,-09.262,+00.001288,-00.001770,-00.000119,+36.5,+083.707*68
$VNIMU,+00.0929,+00.2699,+00.4452,+00.357,+02.767,-09.262,+00.002237,-00.000661,+00.000293,+36.5,+083.704*6E
$VNIMU,+00.0907,+00.2687,+00.4480,+00.355,+02.782,-09.260,-00.000844,-00.001188,-00.000653,+36.5,+083.717*6E
$VNIMU,+00.0896,+00.2688,+00.4454,+00.341,+02.777,-09.244,+00.002869,-00.000683,+00.000733,+36.5,+083.704*6D
$VNIMU,+00.0907,+00.2699,+00.4453,+00.332,+02.772,-09.277,+00.001139,-00.000345,+00.000147,+36.5,+083.733*63
$VNIMU,+00.0896,+00.2688,+00.4467,+00.336,+02.760,-09.243,+00.000006,-00.000298,-00.000662,+36.5,+083.717*60
$VNIMU,+00.0896,+00.2676,+00.4454,+00.344,+02.756,-09.266,+00.001371,+00.000714,-00.001796,+36.5,+083.717*68
$VNIMU,+00.0907,+00.2676,+00.4467,+00.334,+02.784,-09.244,+00.002024,-00.001735,-00.001384,+36.5,+083.707*6B
$VNIMU,+00.0896,+00.2699,+00.4481,+00.327,+02.761,-09.243,-00.000386,+00.001086,-00.000080,+36.5,+083.717*64
$VNIMU,+00.0897,+00.2688,+00.4481,+00.344,+02.765,-09.239,+00.000560,-00.000226,-00.001251,+36.5,+083.717*61
$VNIMU,+00.0907,+00.2699,+00.4467,+00.364,+02.772,-09.290,+00.001499,-00.001606,+00.000161,+36.5,+083.717*60
$VNIMU,+00.0940,+00.2687,+00.4478,+00.319,+02.759,-09.290,+00.000848,-00.002001,+00.000200,+36.5,+083.717*66
$VNIMU,+00.0896,+00.2699,+00.4495,+00.341,+02.744,-09.278,+00.000116,-00.001007,+00.000173,+36.5,+083.717*67
$VNIMU,+00.0961,+00.2699,+00.4477,+00.353,+02.766,-09.253,+00.002661,-00.001110,-00.000145,+36.5,+083.707*68
$VNIMU,+00.0918,+00.2676,+00.4480,+00.338,+02.775,-09.260,+00.003719,-00.002389,-00.000291,+36.5,+083.717*65
$VNIMU,+00.0918,+00.2687,+00.4493,+00.331,+02.752,-09.247,+00.000200,-00.001305,-00.000645,+36.5,+083.704*66
$VNIMU,+00.0918,+00.2710,+00.4466,+00.337,+02.756,-09.278,-00.000456,-00.001074,-00.001119,+36.5,+083.717*66
$VNIMU,+00.0907,+00.2687,+00.4467,+00.339,+02.768,-09.249,+00.001024,-00.001206,-00.001051,+36.5,+083.717*6B
$VNIMU,+00.0896,+00.2710,+00.4481,+00.352,+02.750,-09.285,+00.001414,-00.000543,-00.000425,+36.5,+083.717*65
$VNIMU,+00.0929,+00.2687,+00.4479,+00.318,+02.761,-09.245,+00.001266,+00.000764,+00.000107,+36.5,+083.717*69
$VNIMU,+00.0929,+00.2722,+00.4466,+00.342,+02.772,-09.240,+00.000756,-00.000405,-00.000834,+36.5,+083.717*6B
$VNIMU,+00.0886,+00.2688,+00.4468,+00.343,+02.782,-09.280,+00.002204,-00.000596,-00.001002,+36.5,+083.717*65
$VNIMU,+00.0886,+00.2688,+00.4468,+00.345,+02.776,-09.276,-00.000528,-00.001228,-00.000497,+36.5,+083.717*66
$VNIMU,+00.0907,+00.2687,+00.4494,+00.361,+02.768,-09.262,+00.000538,-00.000713,+00.000093,+36.5,+083.704*61
$VNIMU,+00.0896,+00.2688,+00.4467,+00.354,+02.770,-09.285,+00.001873,-00.000946,+00.000480,+36.5,+083.717*64
$VNIMU,+00.0918,+00.2722,+00.4466,+00.340,+02.771,-09.275,+00.001344,-00.001300,-00.001056,+36.5,+083.717*66
$VNIMU,+00.0897,+00.2699,+00.4508,+00.326,+02.773,-09.249,+00.000267,-00.000330,-00.000120,+36.5,+083.720*63
$VNIMU,+00.0864,+00.2699,+00.4496,+00.337,+02.770,-09.260,+00.000028,-00.001149,-00.000146,+36.5,+083.707*60
$VNIMU,+00.0929,+00.2699,+00.4466,+00.344,+02.792,-09.286,+00.002582,-00.000231,-00.000038,+36.5,+083.730*61
$VNIMU,+00.0929,+00.2676,+00.4493,+00.315,+02.760,-09.298,+00.000429,-00.000542,+00.000143,+36.5,+083.720*67
$VNIMU,+00.0897,+00.2688,+00.4481,+00.350,+02.774,-09.270,+00.000790,-00.000179,+00.000036,+36.5,+083.717*69
$VNIMU,+00.0929,+00.2699,+00.4506,+00.352,+02.774,-09.260,+00.000914,-00.002106,+00.000534,+36.5,+083.717*6F
$VNIMU,+00.0907,+00.2665,+00.4439,+00.326,+02.792,-09.266,+00.002480,-00.003565,-00.000231,+36.5,+083.707*67
$VNIMU,+00.0907,+00.2676,+00.4467,+00.336,+02.766,-09.271,+00.001536,-00.000283,-00.000325,+36.5,+083.704*66
$VNIMU,+00.0907,+00.2687,+00.4467,+00.329,+02.795,-09.264,+00.000820,-00.000810,-00.000204,+36.5,+083.704*67
$VNIMU,+00.0918,+00.2687,+00.4452,+00.348,+02.748,-09.267,+00.001547,-00.001469,+00.000287,+36.5,+083.720*6E
$VNIMU,+00.0896,+00.2699,+00.4481,+00.337,+02.777,-09.272,-00.001200,-00.001965,-00.000821,+36.5,+083.704*6D
$VNIMU,+00.0907,+00.2699,+00.4480,+00.354,+02.782,-09.299,-00.001081,-00.001206,-00.000618,+36.5,+083.704*6E
$VNIMU,+00.0907,+00.2676,+00.4480,+00.332,+02.780,-09.258,+00.003075,-00.000989,-00.000976,+36.5,+083.704*65
$VNIMU,+00.0864,+00.2665,+00.4496,+00.339,+02.746,-09.257,+00.001756,-00.000959,+00.000914,+36.5,+083.717*63
$VNIMU,+00.0950,+00.2676,+00.4491,+00.357,+02.768,-09.285,-00.000486,-00.000290,-00.000359,+36.5,+083.717*69
$VNIMU,+00.0918,+00.2710,+00.4480,+00.340,+02.774,-09.270,+00.001096,-00.001808,-00.000589,+36.5,+083.730*63
$VNIMU,+00.0897,+00.2688,+00.4481,+00.347,+02.753,-09.275,+00.001890,-00.000834,-00.000441,+36.5,+083.730*66
$VNIMU,+00.0875,+00.2722,+00.4482,+00.322,+02.764,-09.257,+00.000946,-00.000855,-00.000173,+36.5,+083.717*62
$VNIMU,+00.0929,+00.2687,+00.4465,+00.343,+02.766,-09.285,+00.000802,+00.000700,-00.000598,+36.5,+083.730*6B
$VNIMU,+00.0907,+00.2687,+00.4480,+00.338,+02.772,-09.266,+00.000046,+00.000210,-00.000572,+36.5,+083.717*65
$VNIMU,+00.0896,+00.2710,+00.4481,+00.349,+02.790,-09.274,+00.001169,-00.000296,-00.000984,+36.5,+083.720*6F
$VNIMU,+00.0929,+00.2676,+00.4493,+00.369,+02.771,-09.291,+00.000457,-00.000830,+00.000172,+36.5,+083.717*62
$VNIMU,+00.0897,+00.2665,+00.4508,+00.349,+02.803,-09.242,+00.001832,-00.000026,+00.000307,+36.5,+083.717*60
$VNIMU,+00.0940,+00.2676,+00.4492,+00.336,+02.776,-09.278,+00.001547,-00.000783,-00.000811,+36.5,+083.717*6A
$VNIMU,+00.0907,+00.2676,+00.4453,+00.360,+02.765,-09.294,-00.000781,+00.000516,-00.000400,+36.5,+083.717*6C
$VNIMU,+00.0897,+00.2688,+00.4481,+00.347,+02.750,-09.256,+00.001511,-00.000209,-00.000403,+36.5,+083.720*63
$VNIMU,+00.0907,+00.2676,+00.4467,+00.354,+02.773,-09.284,+00.001911,-00.001701,-00.001447,+36.5,+083.720*6F
$VNIMU,+00.0950,+00.2687,+00.4437,+00.321,+02.764,-09.273,+00.000605,-00.001021,-00.000240,+36.5,+083.730*65
$VNIMU,+00.0897,+00.2676,+00.4481,+00.339,+02.787,-09.290,+00.001471,+00.001655,-00.000958,+36.5,+083.720*65
$VNIMU,+00.0907,+00.2687,+00.4467,+00.340,+02.774,-09.249,+00.002123,-00.001628,-00.001003,+36.5,+083.720*66
$VNIMU,+00.0939,+00.2710,+00.4479,+00.328,+02.756,-09.268,-00.000036,-00.001032,-00.000764,+36.5,+083.717*69
$VNIMU,+00.0897,+00.2665,+00.4481,+00.337,+02.758,-09.263,-00.000179,-00.000288,-00.001286,+36.5,+083.717*63
$VNIMU,+00.0918,+00.2676,+00.4493,+00.338,+02.767,-09.262,+00.001707,-00.000250,-00.001170,+36.5,+083.717*61
$VNIMU,+00.0929,+00.2687,+00.4493,+00.345,+02.762,-09.258,+00.002804,-00.000885,-00.000677,+36.5,+083.717*67
$VNIMU,+00.0929,+00.2676,+00.4465,+00.344,+02.785,-09.267,+00.000185,-00.001567,+00.000879,+36.5,+083.717*60
$VNIMU,+00.0918,+00.2699,+00.4493,+00.330,+02.786,-09.262,+00.000771,-00.000712,-00.000386,+36.5,+083.717*6E
$VNIMU,+00.0918,+00.2665,+00.4479,+00.327,+02.757,-09.237,+00.001062,-00.001045,-00.001077,+36.5,+083.717*6F
$VNIMU,+00.0886,+00.2665,+00.4508,+00.344,+02.787,-09.296,+00.002575,-00.002498,-00.000290,+36.5,+083.717*60
$VNIMU,+00.0918,+00.2687,+00.4521,+00.331,+02.769,-09.313,+00.001924,-00.001025,+00.000199,+36.5,+083.704*6B
$VNIMU,+00.0929,+00.2699,+00.4506,+00.328,+02.746,-09.289,+00.001253,-00.001101,+00.000459,+36.5,+083.707*62
$VNIMU,+00.0907,+00.2699,+00.4467,+00.348,+02.771,-09.292,+00.001166,-00.001480,+00.000499,+36.5,+083.717*64
$VNIMU,+00.0907,+00.2676,+00.4494,+00.312,+02.789,-09.276,+00.001096,-00.001418,-00.000132,+36.5,+083.717*66
$VNIMU,+00.0940,+00.2665,+00.4465,+00.356,+02.747,-09.224,+00.001448,+00.000028,+00.000739,+36.5,+083.717*60
$VNIMU,+00.0918,+00.2676,+00.4480,+00.340,+02.774,-09.255,+00.000793,-00.001444,+00.000480,+36.5,+083.704*6B
$VNIMU,+00.0907,+00.2710,+00.4521,+00.339,+02.796,-09.310,+00.000716,+00.000206,-00.000623,+36.5,+083.717*69
$VNIMU,+00.0929,+00.2710,+00.4506,+00.359,+02.756,-09.255,+00.000873,-00.001242,+00.000014,+36.5,+083.717*65
$VNIMU,+00.0886,+00.2710,+00.4468,+00.324,+02.784,-09.275,+00.000402,-00.001005,+00.000838,+36.5,+083.707*63
$VNIMU,+00.0918,+00.2699,+00.4480,+00.345,+02.779,-09.247,+00.002286,-00.000861,-00.000186,+36.5,+083.717*6F
$VNIMU,+00.0907,+00.2710,+00.4480,+00.330,+02.766,-09.265,+00.001052,-00.001015,-00.000359,+36.5,+083.704*6D
$VNIMU,+00.0918,+00.2676,+00.4466,+00.332,+02.783,-09.262,+00.001401,-00.000749,+00.001358,+36.5,+083.704*6F
$VNIMU,+00.0907,+00.2665,+00.4507,+00.337,+02.763,-09.251,+00.001430,-00.000963,-00.000929,+36.5,+083.707*62
$VNIMU,+00.0907,+00.2687,+00.4480,+00.339,+02.763,-09.281,+00.001090,+00.001124,-00.000289,+36.5,+083.720*65
$VNIMU,+00.0918,+00.2676,+00.4466,+00.346,+02.751,-09.262,+00.000298,-00.000964,+00.000751,+36.5,+083.720*6F
$VNIMU,+00.0907,+00.2699,+00.4480,+00.360,+02.797,-09.268,+00.000246,-00.001678,-00.000224,+36.5,+083.717*69
$VNIMU,+00.0897,+00.2676,+00.4494,+00.355,+02.776,-09.295,+00.000609,-00.002425,-00.000594,+36.5,+083.733*62
$VNIMU,+00.0907,+00.2687,+00.4467,+00.355,+02.774,-09.304,+00.001924,-00.002339,-00.000714,+36.5,+083.717*64
$VNIMU,+00.0918,+00.2710,+00.4480,+00.349,+02.780,-09.262,+00.000676,-00.001213,-00.000811,+36.5,+083.717*62
$VNIMU,+00.0918,+00.2687,+00.4466,+00.350,+02.770,-09.275,+00.001159,-00.000701,+00.000297,+36.5,+083.717*6A
$VNIMU,+00.0897,+00.2665,+00.4494,+00.338,+02.786,-09.265,+00.003032,-00.000780,+00.000893,+36.5,+083.717*62
$VNIMU,+00.0896,+00.2710,+00.4481,+00.342,+02.764,-09.274,+00.000837,-00.000066,+00.001106,+36.5,+083.717*60
$VNIMU,+00.0939,+00.2699,+00.4465,+00.349,+02.768,-09.273,+00.000352,-00.000110,+00.000103,+36.5,+083.704*60
$VNIMU,+00.0918,+00.2665,+00.4452,+00.346,+02.758,-09.275,+00.000826,-00.003131,+00.000459,+36.5,+083.707*6F
$VNIMU,+00.0907,+00.2710,+00.4467,+00.319,+02.774,-09.288,+00.000262,-00.001108,-00.000625,+36.5,+083.717*6E
$VNIMU,+00.0929,+00.2710,+00.4479,+00.342,+02.747,-09.265,+00.000496,-00.001622,-00.000199,+36.5,+083.701*65
$VNIMU,+00.0907,+00.2710,+00.4467,+00.357,+02.757,-09.271,+00.001026,-00.000754,-00.000799,+36.5,+083.720*6C
$VNIMU,+00.0907,+00.2699,+00.4480,+00.356,+02.770,-09.290,+00.000945,-00.000936,-00.000358,+36.5,+083.720*60
$VNIMU,+00.0907,+00.2710,+00.4453,+00.338,+02.764,-09.248,+00.001149,+00.001292,-00.000320,+36.5,+083.717*6A
$VNIMU,+00.0896,+00.2699,+00.4495,+00.329,+02.756,-09.239,+00.001427,+00.001000,-00.001077,+36.5,+083.707*6B
$VNIMU,+00.0918,+00.2710,+00.4480,+00.360,+02.752,-09.257,+00.002312,+00.000041,-00.000572,+36.5,+083.717*6F
$VNIMU,+00.0918,+00.2710,+00.4493,+00.333,+02.763,-09.277,+00.000550,-00.001633,+00.000039,+36.5,+083.730*64
$VNIMU,+00.0907,+00.2733,+00.4467,+00.359,+02.786,-09.256,+00.000707,+00.001145,-00.001709,+36.5,+083.730*67
$VNIMU,+00.0907,+00.2710,+00.4480,+00.347,+02.762,-09.273,+00.001310,-00.002068,-00.000374,+36.5,+083.717*6F
$VNIMU,+00.0939,+00.2699,+00.4451,+00.334,+02.773,-09.250,+00.001840,-00.001361,-00.000127,+36.5,+083.717*68
$VNIMU,+00.0896,+00.2699,+00.4467,+00.339,+02.767,-09.266,+00.001049,+00.000624,-00.000046,+36.5,+083.720*64
$VNIMU,+00.0897,+00.2676,+00.4481,+00.327,+02.772,-09.279,+00.000910,-00.000174,-00.000052,+36.5,+083.717*68
$VNIMU,+00.0929,+00.2710,+00.4466,+00.359,+02.756,-09.260,+00.000857,-00.002003,-00.000279,+36.5,+083.717*69
$VNIMU,+00.0886,+00.2676,+00.4468,+00.336,+02.763,-09.281,+00.000804,-00.000942,+00.001004,+36.5,+083.720*61
$VNIMU,+00.0940,+00.2699,+00.4479,+00.361,+02.779,-09.300,+00.000463,-00.001066,+00.001123,+36.5,+083.717*69
$VNIMU,+00.0918,+00.2687,+00.4480,+00.340,+02.772,-09.252,+00.001614,-00.000322,+00.000651,+36.5,+083.704*63
$VNIMU,+00.0886,+00.2699,+00.4495,+00.364,+02.759,-09.261,+00.002376,-00.001475,-00.000252,+36.5,+083.704*66
$VNIMU,+00.0896,+00.2733,+00.4468,+00.339,+02.758,-09.260,+00.000290,-00.000036,+00.000187,+36.5,+083.717*6A
$VNIMU,+00.0896,+00.2699,+00.4481,+00.331,+02.764,-09.264,-00.000053,-00.000680,+00.000585,+36.5,+083.701*6E
$VNIMU,+00.0907,+00.2710,+00.4521,+00.334,+02.750,-09.273,+00.002329,-00.001179,-00.000099,+36.5,+083.717*6B
$VNIMU,+00.0907,+00.2676,+00.4494,+00.356,+02.763,-09.284,+00.000795,-00.002094,+00.000240,+36.5,+083.717*69
$VNIMU,+00.0907,+00.2676,+00.4467,+00.342,+02.764,-09.245,+00.002127,-00.000232,-00.001290,+36.5,+083.717*61
$VNIMU,+00.0918,+00.2665,+00.4466,+00.343,+02.740,-09.260,+00.000246,-00.000845,-00.000034,+36.5,+083.720*69
$VNIMU,+00.0940,+00.2687,+00.4492,+00.361,+02.785,-09.278,+00.000523,-00.000793,-00.000498,+36.5,+083.704*67
$VNIMU,+00.0939,+00.2710,+00.4451,+00.345,+02.760,-09.269,+00.001365,-00.000880,+00.000302,+36.5,+083.730*69
$VNIMU,+00.0907,+00.2687,+00.4480,+00.332,+02.771,-09.302,+00.000167,-00.000163,-00.000877,+36.5,+083.717*64
$VNIMU,+00.0907,+00.2710,+00.4494,+00.328,+02.750,-09.270,+00.001081,-00.000201,-00.000146,+36.5,+083.717*66
$VNIMU,+00.0896,+00.2699,+00.4467,+00.326,+02.766,-09.293,+00.000889,-00.001259,-00.000819,+36.5,+083.730*6E
$VNIMU,+00.0918,+00.2710,+00.4480,+00.331,+02.755,-09.272,+00.001904,+00.000265,-00.000039,+36.5,+083.717*6B
$VNIMU,+00.0929,+00.2699,+00.4466,+00.359,+02.740,-09.265,+00.001645,+00.000429,-00.000997,+36.5,+083.704*66
$VNIMU,+00.0939,+00.2699,+00.4451,+00.334,+02.767,-09.269,+00.000627,+00.000355,+00.000026,+36.5,+083.717*6F
$VNIMU,+00.0897,+00.2665,+00.4481,+00.340,+02.780,-09.318,+00.001722,-00.000644,+00.000704,+36.5,+083.717*68
$VNIMU,+00.0918,+00.2665,+00.4493,+00.331,+02.791,-09.296,-00.001424,-00.001255,-00.000057,+36.5,+083.704*6F
$VNIMU,+00.0929,+00.2699,+00.4479,+00.346,+02.782,-09.277,+00.001092,-00.001120,-00.000305,+36.5,+083.720*6B
$VNIMU,+00.0875,+00.2699,+00.4468,+00.353,+02.773,-09.274,+00.003372,-00.002074,-00.000264,+36.5,+083.707*65
$VNIMU,+00.0918,+00.2676,+00.4493,+00.317,+02.748,-09.269,+00.000237,-00.002053,-00.000586,+36.5,+083.717*62
$VNIMU,+00.0897,+00.2688,+00.4494,+00.331,+02.770,-09.274,-00.000164,-00.001037,-00.000309,+36.5,+083.717*62
$VNIMU,+00.0897,+00.2676,+00.4494,+00.347,+02.787,-09.250,+00.001826,-00.002102,+00.000726,+36.5,+083.704*6D
$VNIMU,+00.0896,+00.2699,+00.4495,+00.347,+02.763,-09.284,+00.001864,-00.001179,+00.000881,+36.5,+083.720*62
$VNIMU,+00.0886,+00.2676,+00.4468,+00.342,+02.752,-09.270,-00.000463,-00.002066,-00.000537,+36.5,+083.717*6E
$VNIMU,+00.0886,+00.2688,+00.4495,+00.371,+02.761,-09.273,-00.000423,-00.001036,-00.000346,+36.5,+083.717*6C
$VNIMU,+00.0929,+00.2676,+00.4479,+00.326,+02.773,-09.280,+00.001313,-00.001677,-00.000238,+36.5,+083.720*6A
$VNIMU,+00.0907,+00.2676,+00.4453,+00.343,+02.738,-09.269,-00.000618,+00.000263,-00.001145,+36.5,+083.730*63
$VNIMU,+00.0875,+00.2710,+00.4482,+00.355,+02.777,-09.252,+00.001153,-00.000779,-00.000823,+36.5,+083.704*66
$VNIMU,+00.0907,+00.2665,+00.4466,+00.340,+02.755,-09.240,+00.003455,-00.002365,-00.000291,+36.5,+083.717*67
$VNIMU,+00.0918,+00.2676,+00.4466,+00.296,+02.766,-09.261,+00.000067,+00.000009,+00.000864,+36.5,+083.717*6F
$VNIMU,+00.0897,+00.2676,+00.4494,+00.347,+02.762,-09.265,-00.000267,+00.000675,+00.000126,+36.5,+083.704*6D
$VNIMU,+00.0918,+00.2699,+00.4480,+00.343,+02.767,-09.240,+00.002395,-00.002753,-00.000212,+36.5,+083.717*60
$VNIMU,+00.0918,+00.2676,+00.4466,+00.351,+02.775,-09.254,+00.002986,-00.001977,+00.000256,+36.5,+083.717*69
$VNIMU,+00.0897,+00.2665,+00.4481,+00.332,+02.779,-09.269,-00.001603,+00.000094,-00.000248,+36.5,+083.717*6E
$VNIMU,+00.0907,+00.2687,+00.4494,+00.382,+02.781,-09.276,+00.001254,-00.001035,+00.000361,+36.5,+083.704*6E
$VNIMU,+00.0897,+00.2665,+00.4467,+00.341,+02.747,-09.283,+00.002370,-00.003306,-00.001276,+36.5,+083.704*6C
$VNIMU,+00.0897,+00.2688,+00.4494,+00.318,+02.764,-09.251,+00.001932,-00.000617,-00.001090,+36.5,+083.717*60
$VNIMU,+00.0918,+00.2687,+00.4466,+00.339,+02.751,-09.271,-00.000596,+00.000614,+00.000528,+36.5,+083.704*60
$VNIMU,+00.0918,+00.2676,+00.4466,+00.324,+02.776,-09.245,+00.002418,-00.002010,-00.000041,+36.5,+083.704*69
$VNIMU,+00.0907,+00.2676,+00.4480,+00.344,+02.760,-09.283,+00.002618,-00.000932,+00.000057,+36.5,+083.717*6E
$VNIMU,+00.0897,+00.2665,+00.4508,+00.306,+02.777,-09.268,+00.000370,-00.000130,-00.000093,+36.5,+083.717*6D
$VNIMU,+00.0907,+00.2699,+00.4494,+00.348,+02.772,-09.254,+00.001736,-00.001312,-00.000474,+36.5,+083.717*6B
$VNIMU,+00.0907,+00.2699,+00.4480,+00.345,+02.748,-09.278,+00.001938,+00.000304,+00.000210,+36.5,+083.717*66
$VNIMU,+00.0897,+00.2665,+00.4494,+00.334,+02.778,-09.268,+00.001253,-00.001374,-00.000719,+36.5,+083.704*62
$VNIMU,+00.0929,+00.2699,+00.4452,+00.345,+02.767,-09.270,+00.000331,-00.001279,-00.000438,+36.5,+083.704*66
$VNIMU,+00.0896,+00.2710,+00.4467,+00.345,+02.778,-09.286,+00.002507,+00.000353,-00.000304,+36.5,+083.720*63
$VNIMU,+00.0918,+00.2699,+00.4493,+00.343,+02.750,-09.248,+00.000726,-00.001273,+00.001112,+36.5,+083.717*60
$VNIMU,+00.0896,+00.2699,+00.4467,+00.331,+02.769,-09.253,+00.000588,-00.001146,-00.001197,+36.5,+083.730*64
$VNIMU,+00.0918,+00.2676,+00.4493,+00.332,+02.771,-09.253,+00.001495,-00.000620,-00.000173,+36.5,+083.717*67
$VNIMU,+00.0907,+00.2676,+00.4467,+00.327,+02.760,-09.268,+00.002380,-00.002165,+00.000253,+36.5,+083.717*6D
$VNIMU,+00.0907,+00.2687,+00.4453,+00.317,+02.748,-09.261,+00.000418,-00.001158,-00.000127,+36.5,+083.717*6B
$VNIMU,+00.0918,+00.2699,+00.4493,+00.343,+02.765,-09.261,+00.000409,-00.000155,-00.000316,+36.5,+083.717*64
$VNIMU,+00.0907,+00.2687,+00.4453,+00.342,+02.780,-09.260,+00.001818,-00.001983,+00.000079,+36.5,+083.720*65
$VNIMU,+00.0907,+00.2699,+00.4480,+00.329,+02.779,-09.278,+00.001015,-00.001010,+00.000479,+36.5,+083.704*62
$VNIMU,+00.0897,+00.2688,+00.4494,+00.340,+02.756,-09.292,+00.001606,+00.000685,-00.000677,+36.5,+083.717*68
$VNIMU,+00.0897,+00.2688,+00.4481,+00.344,+02.766,-09.258,+00.000100,+00.000803,-00.000228,+36.5,+083.717*63
$VNIMU,+00.0918,+00.2676,+00.4452,+00.342,+02.753,-09.266,+00.000813,-00.001086,-00.000692,+36.5,+083.717*6B
$VNIMU,+00.0896,+00.2710,+00.4495,+00.338,+02.790,-09.284,-00.000450,+00.000547,-00.000904,+36.5,+083.717*6A
$VNIMU,+00.0918,+00.2699,+00.4480,+00.340,+02.783,-09.271,+00.001693,-00.000315,+00.000059,+36.5,+083.717*64
$VNIMU,+00.0939,+00.2710,+00.4451,+00.338,+02.746,-09.286,+00.003445,-00.001461,-00.000066,+36.5,+083.717*61
$VNIMU,+00.0896,+00.2688,+00.4454,+00.338,+02.755,-09.261,-00.000685,-00.001079,-00.000479,+36.5,+083.704*65
$VNIMU,+00.0896,+00.2688,+00.4467,+00.341,+02.776,-09.249,+00.000356,-00.001376,+00.001263,+36.5,+083.707*68
$VNIMU,+00.0896,+00.2688,+00.4454,+00.358,+02.784,-09.262,+00.001514,-00.002737,+00.000228,+36.5,+083.717*68
$VNIMU,+00.0897,+00.2676,+00.4467,+00.321,+02.763,-09.272,+00.002351,-00.000232,+00.000559,+36.5,+083.717*69
$VNIMU,+00.0907,+00.2710,+00.4467,+00.352,+02.766,-09.244,-00.000186,-00.000041,+00.000402,+36.5,+083.720*65
$VNIMU,+00.0896,+00.2710,+00.4467,+00.341,+02.777,-09.238,+00.001624,-00.000473,-00.000372,+36.5,+083.717*6A
$VNIMU,+00.0907,+00.2699,+00.4467,+00.317,+02.761,-09.286,+00.001079,-00.001055,-00.000464,+36.5,+083.717*6D
$VNIMU,+00.0950,+00.2687,+00.4491,+00.299,+02.782,-09.266,-00.000100,+00.001328,-00.000996,+36.5,+083.717*6A
$VNIMU,+00.0918,+00.2710,+00.4466,+00.349,+02.786,-09.257,+00.001702,-00.000640,+00.000329,+36.5,+083.720*68
$VNIMU,+00.0875,+00.2676,+00.4468,+00.335,+02.744,-09.278,+00.002770,-00.001653,-00.000047,+36.5,+083.717*69
$VNIMU,+00.0897,+00.2688,+00.4508,+00.348,+02.760,-09.277,-00.001575,+00.000266,-00.000573,+36.5,+083.720*61
$VNIMU,+00.0918,+00.2665,+00.4479,+00.345,+02.776,-09.273,+00.000375,+00.000082,-00.000771,+36.5,+083.717*60
$VNIMU,+00.0907,+00.2687,+00.4453,+00.353,+02.741,-09.248,+00.004154,-00.002705,-00.000851,+36.5,+083.733*63
$VNIMU,+00.0918,+00.2676,+00.4466,+00.301,+02.766,-09.276,+00.001389,-00.000234,-00.000565,+36.5,+083.717*64
$VNIMU,+00.0929,+00.2665,+00.4452,+00.365,+02.760,-09.293,-00.001021,+00.001410,+00.000066,+36.5,+083.720*68
$VNIMU,+00.0896,+00.2676,+00.4454,+00.369,+02.774,-09.298,+00.002664,-00.002869,-00.000252,+36.5,+083.717*69
$VNIMU,+00.0907,+00.2699,+00.4480,+00.329,+02.760,-09.262,+00.001809,-00.000995,-00.000348,+36.5,+083.717*60
$VNIMU,+00.0897,+00.2665,+00.4494,+00.323,+02.757,-09.265,+00.000097,+00.000019,+00.000165,+36.5,+083.704*6B
$VNIMU,+00.0918,+00.2676,+00.4452,+00.339,+02.762,-09.238,+00.001247,+00.000174,-00.000134,+36.5,+083.717*64
$VNIMU,+00.0907,+00.2676,+00.4480,+00.337,+02.770,-09.253,+00.002059,-00.001114,-00.001676,+36.5,+083.704*68
$VNIMU,+00.0896,+00.2699,+00.4495,+00.347,+02.762,-09.287,+00.000765,+00.000444,-00.000771,+36.5,+083.717*61
$VNIMU,+00.0907,+00.2710,+00.4467,+00.350,+02.786,-09.285,-00.000573,-00.000330,-00.000679,+36.5,+083.717*63
$VNIMU,+00.0907,+00.2687,+00.4453,+00.336,+02.782,-09.271,+00.002221,-00.001585,+00.000021,+36.5,+083.704*66
$VNIMU,+00.0918,+00.2710,+00.4480,+00.344,+02.774,-09.289,+00.001374,-00.001310,-00.000847,+36.5,+083.717*66
$VNIMU,+00.0907,+00.2699,+00.4467,+00.340,+02.786,-09.249,+00.001173,-00.002181,+00.000660,+36.5,+083.720*61
$VNIMU,+00.0939,+00.2710,+00.4479,+00.333,+02.762,-09.244,+00.001444,+00.001248,+00.000679,+36.5,+083.704*6C
$VNIMU,+00.0940,+00.2687,+00.4478,+00.332,+02.768,-09.275,+00.002444,-00.000967,+00.000198,+36.5,+083.720*69
$VNIMU,+00.0886,+00.2688,+00.4481,+00.347,+02.777,-09.268,+00.000969,-00.001628,-00.000319,+36.5,+083.720*63
$VNIMU,+00.0907,+00.2687,+00.4453,+00.333,+02.779,-09.273,-00.000126,-00.000336,+00.000161,+36.5,+083.720*69
$VNIMU,+00.0929,+00.2699,+00.4493,+00.342,+02.758,-09.259,+00.001410,-00.001263,-00.000544,+36.5,+083.717*6D
$VNIMU,+00.0897,+00.2676,+00.4508,+00.355,+02.783,-09.276,+00.000205,+00.000632,-00.000851,+36.5,+083.704*69
$VNIMU,+00.0918,+00.2699,+00.4493,+00.328,+02.774,-09.244,+00.000041,-00.000202,-00.000253,+36.5,+083.717*67
$VNIMU,+00.0896,+00.2688,+00.4454,+00.345,+02.751,-09.263,+00.000235,+00.000228,+00.000321,+36.5,+083.704*6D
$VNIMU,+00.0897,+00.2676,+00.4481,+00.356,+02.762,-09.266,+00.002103,-00.002002,-00.000904,+36.5,+083.717*61
$VNIMU,+00.0918,+00.2676,+00.4466,+00.333,+02.772,-09.264,+00.001452,-00.000131,-00.001033,+36.5,+083.730*66
$VNIMU,+00.0897,+00.2676,+00.4467,+00.357,+02.742,-09.262,+00.000088,-00.000829,-00.000386,+36.5,+083.717*6D
$VNIMU,+00.0897,+00.2688,+00.4481,+00.341,+02.765,-09.267,+00.001039,-00.000058,-00.001061,+36.5,+083.717*6D
$VNIMU,+00.0896,+00.2699,+00.4481,+00.334,+02.747,-09.268,+00.000627,-00.001230,-00.001440,+36.5,+083.717*63
$VNIMU,+00.0918,+00.2710,+00.4493,+00.350,+02.759,-09.262,+00.000198,-00.000793,+00.000122,+36.5,+083.720*6C
$VNIMU,+00.0875,+00.2665,+00.4509,+00.325,+02.767,-09.280,-00.000006,+00.001358,-00.001487,+36.5,+083.704*6B
$VNIMU,+00.0907,+00.2699,+00.4480,+00.346,+02.809,-09.283,+00.001979,+00.001008,-00.001063,+36.5,+083.717*61
$VNIMU,+00.0897,+00.2688,+00.4481,+00.345,+02.769,-09.235,+00.003530,-00.001825,-00.000483,+36.5,+083.733*60
$VNIMU,+00.0907,+00.2710,+00.4467,+00.316,+02.751,-09.286,+00.001359,-00.000174,+00.000052,+36.5,+083.717*6A
$VNIMU,+00.0918,+00.2665,+00.4493,+00.346,+02.761,-09.264,-00.000974,-00.000283,-00.000203,+36.5,+083.704*6D
$VNIMU,+00.0918,+00.2699,+00.4439,+00.334,+02.782,-09.308,+00.002996,-00.000949,-00.000888,+36.5,+083.720*67
$VNIMU,+00.0907,+00.2699,+00.4467,+00.333,+02.761,-09.267,+00.002507,-00.000325,+00.000213,+36.5,+083.704*6C
$VNIMU,+00.0907,+00.2699,+00.4480,+00.351,+02.722,-09.316,+00.001185,-00.000308,-00.000423,+36.5,+083.704*60
$VNIMU,+00.0918,+00.2687,+00.4466,+00.327,+02.767,-09.285,-00.000232,-00.000388,+00.000796,+36.5,+083.717*6B
$VNIMU,+00.0907,+00.2687,+00.4480,+00.343,+02.766,-09.253,+00.002804,-00.001426,+00.000082,+36.5,+083.717*6E
$VNIMU,+00.0907,+00.2699,+00.4494,+00.347,+02.754,-09.297,-00.000391,-00.000247,+00.000174,+36.5,+083.720*66
$VNIMU,+00.0896,+00.2710,+00.4508,+00.358,+02.776,-09.251,+00.000704,+00.000200,+00.000915,+36.5,+083.720*6B
$VNIMU,+00.0896,+00.2722,+00.4467,+00.334,+02.756,-09.252,+00.002399,-00.002626,-00.001294,+36.5,+083.730*6B
$VNIMU,+00.0886,+00.2665,+00.4468,+00.315,+02.739,-09.281,+00.000512,-00.000959,-00.000411,+36.5,+083.717*6E
$VNIMU,+00.0918,+00.2676,+00.4493,+00.347,+02.797,-09.286,+00.000584,+00.000825,-00.000413,+36.5,+083.704*69
$VNIMU,+00.0886,+00.2688,+00.4495,+00.351,+02.787,-09.280,+00.001524,-00.001355,-00.000644,+36.5,+083.717*6A
$VNIMU,+00.0907,+00.2699,+00.4467,+00.342,+02.775,-09.279,+00.002818,-00.002267,-00.000509,+36.5,+083.717*6E
$VNIMU,+00.0907,+00.2687,+00.4480,+00.324,+02.757,-09.269,+00.000333,-00.000415,-00.000435,+36.5,+083.704*64
$VNIMU,+00.0907,+00.2699,+00.4480,+00.350,+02.782,-09.247,+00.000523,-00.000655,+00.000523,+36.5,+083.704*6D
$VNIMU,+00.0950,+00.2676,+00.4491,+00.320,+02.769,-09.267,+00.002294,-00.000276,-00.000173,+36.5,+083.717*67
$VNIMU,+00.0918,+00.2687,+00.4466,+00.352,+02.732,-09.269,+00.001239,-00.001616,-00.000642,+36.5,+083.720*6E
$VNIMU,+00.0918,+00.2676,+00.4480,+00.367,+02.765,-09.256,-00.000854,-00.000094,-00.001456,+36.5,+083.717*69
$VNIMU,+00.0886,+00.2722,+00.4495,+00.362,+02.758,-09.253,+00.001842,-00.000919,+00.000543,+36.5,+083.717*6B
$VNIMU,+00.0929,+00.2687,+00.4465,+00.339,+02.764,-09.266,+00.001255,-00.001805,+00.000812,+36.5,+083.717*61
$VNIMU,+00.0907,+00.2710,+00.4480,+00.334,+02.760,-09.262,-00.000996,+00.000101,-00.000905,+36.5,+083.704*6E
$VNIMU,+00.0918,+00.2687,+00.4480,+00.353,+02.775,-09.258,+00.000590,-00.000022,-00.000266,+36.5,+083.707*64
$VNIMU,+00.0918,+00.2676,+00.4480,+00.337,+02.768,-09.259,+00.001138,-00.000345,-00.000053,+36.5,+083.704*67
$VNIMU,+00.0907,+00.2699,+00.4480,+00.334,+02.754,-09.235,+00.001824,-00.001476,-00.000165,+36.5,+083.704*68
$VNIMU,+00.0907,+00.2710,+00.4440,+00.337,+02.800,-09.273,+00.001787,-00.000695,-00.000053,+36.5,+083.717*65
$VNIMU,+00.0929,+00.2710,+00.4479,+00.362,+02.759,-09.259,+00.001625,-00.002092,-00.000961,+36.5,+083.720*6E
$VNIMU,+00.0918,+00.2699,+00.4453,+00.329,+02.749,-09.295,+00.001149,-00.001950,-00.000174,+36.5,+083.717*6B
$VNIMU,+00.0897,+00.2688,+00.4508,+00.344,+02.757,-09.270,+00.000553,+00.000710,-00.000371,+36.5,+083.730*6C
$VNIMU,+00.0907,+00.2710,+00.4480,+00.349,+02.799,-09.226,+00.000828,-00.001137,-00.000493,+36.5,+083.717*62
$VNIMU,+00.0907,+00.2687,+00.4467,+00.346,+02.795,-09.282,+00.000080,-00.001093,-00.000132,+36.5,+083.717*62
$VNIMU,+00.0918,+00.2710,+00.4453,+00.346,+02.784,-09.281,+00.001379,-00.000132,-00.000784,+36.5,+083.720*67
$VNIMU,+00.0929,+00.2676,+00.4493,+00.344,+02.727,-09.263,+00.001602,-00.001653,-00.001218,+36.5,+083.717*62
$VNIMU,+00.0907,+00.2687,+00.4480,+00.345,+02.771,-09.270,+00.002000,-00.002095,-00.000173,+36.5,+083.717*65
$VNIMU,+00.0907,+00.2676,+00.4467,+00.317,+02.774,-09.280,+00.001959,+00.000792,-00.000435,+36.5,+083.720*6E
$VNIMU,+00.0918,+00.2699,+00.4466,+00.332,+02.776,-09.293,+00.001570,-00.000592,-00.000220,+36.5,+083.704*60
$VNIMU,+00.0875,+00.2665,+00.4509,+00.340,+02.755,-09.287,+00.002305,+00.000769,-00.000170,+36.5,+083.717*63
$VNIMU,+00.0918,+00.2687,+00.4466,+00.350,+02.764,-09.283,+00.001787,-00.000588,+00.000347,+36.5,+083.704*6E
$VNIMU,+00.0929,+00.2710,+00.4479,+00.332,+02.747,-09.298,+00.000408,-00.000769,+00.000307,+36.5,+083.717*6C
$VNIMU,+00.0886,+00.2653,+00.4481,+00.327,+02.790,-09.263,+00.000742,+00.000294,-00.000091,+36.5,+083.717*65
$VNIMU,+00.0907,+00.2699,+00.4467,+00.338,+02.752,-09.253,+00.000596,-00.001220,-00.000868,+36.5,+083.717*6D
$VNIMU,+00.0929,+00.2699,+00.4479,+00.339,+02.775,-09.274,+00.002953,-00.000739,-00.000883,+36.5,+083.704*63
$VNIMU,+00.0918,+00.2676,+00.4493,+00.326,+02.788,-09.273,+00.001918,+00.000172,+00.000471,+36.5,+083.704*6B
$VNIMU,+00.0907,+00.2699,+00.4480,+00.356,+02.778,-09.277,-00.000070,+00.000076,-00.000563,+36.5,+083.720*6D
$VNIMU,+00.0896,+00.2699,+00.4467,+00.343,+02.768,-09.284,+00.002142,-00.001776,-00.001293,+36.5,+083.717*6D
$VNIMU,+00.0896,+00.2710,+00.4481,+00.326,+02.778,-09.264,+00.000479,-00.000434,-00.000112,+36.5,+083.717*69
$VNIMU,+00.0907,+00.2710,+00.4480,+00.330,+02.759,-09.296,+00.000689,+00.000379,-00.000452,+36.5,+083.717*6C
$VNIMU,+00.0929,+00.2687,+00.4465,+00.359,+02.750,-09.289,+00.000260,-00.001472,-00.001622,+36.5,+083.704*62
$VNIMU,+00.0897,+00.2688,+00.4481,+00.339,+02.774,-09.249,+00.002113,-00.001053,-00.000364,+36.5,+083.717*69
$VNIMU,+00.0907,+00.2699,+00.4480,+00.330,+02.762,-09.282,+00.001638,+00.000319,-00.000654,+36.5,+083.720*6C
$VNIMU,+00.0896,+00.2699,+00.4495,+00.328,+02.775,-09.280,+00.000062,+00.000158,-00.000226,+36.5,+083.717*66
$VNIMU,+00.0907,+00.2710,+00.4453,+00.350,+02.759,-09.255,+00.000239,-00.000373,-00.000359,+36.5,+083.717*64
$VNIMU,+00.0907,+00.2699,+00.4467,+00.339,+02.769,-09.270,+00.000806,-00.001557,-00.001231,+36.5,+083.720*65
$VNIMU,+00.0929,+00.2687,+00.4465,+00.311,+02.773,-09.286,+00.000625,-00.001044,-00.000172,+36.5,+083.717*65
$VNIMU,+00.0896,+00.2676,+00.4454,+00.346,+02.770,-09.283,+00.001189,-00.001702,-00.000060,+36.5,+083.717*6F
$VNIMU,+00.0918,+00.2653,+00.4493,+00.360,+02.774,-09.268,+00.001756,+00.000789,-00.001329,+36.5,+083.730*6B
$VNIMU,+00.0929,+00.2676,+00.4465,+00.361,+02.767,-09.260,+00.001086,-00.001048,+00.000331,+36.5,+083.717*60
$VNIMU,+00.0897,+00.2688,+00.4494,+00.335,+02.745,-09.289,+00.000085,+00.000738,+00.000648,+36.5,+083.704*61
$VNIMU,+00.0907,+00.2676,+00.4453,+00.345,+02.742,-09.240,+00.002154,-00.001162,+00.000438,+36.5,+083.704*62
$VNIMU,+00.0918,+00.2699,+00.4493,+00.319,+02.759,-09.261,+00.001962,-00.000934,-00.000053,+36.5,+083.717*68
$VNIMU,+00.0907,+00.2699,+00.4467,+00.322,+02.757,-09.249,+00.000184,-00.000403,-00.000930,+36.5,+083.717*65
$VNIMU,+00.0907,+00.2665,+00.4480,+00.346,+02.764,-09.268,+00.000309,-00.000666,-00.000452,+36.5,+083.704*63
$VNIMU,+00.0896,+00.2699,+00.4454,+00.348,+02.759,-09.239,+00.001377,-00.001242,-00.001451,+36.5,+083.730*6A
$VNIMU,+00.0907,+00.2710,+00.4494,+00.327,+02.779,-09.271,+00.001585,-00.000210,-00.000405,+36.5,+083.704*62
$VNIMU,+00.0918,+00.2699,+00.4493,+00.354,+02.755,-09.238,+00.001032,-00.001629,-00.000813,+36.5,+083.717*63
$VNIMU,+00.0907,+00.2687,+00.4480,+00.340,+02.779,-09.243,+00.000338,-00.000636,-00.000027,+36.5,+083.717*6F
$VNIMU,+00.0875,+00.2699,+00.4468,+00.334,+02.768,-09.292,+00.002344,-00.000794,+00.000255,+36.5,+083.717*6C
$VNIMU,+00.0918,+00.2699,+00.4480,+00.361,+02.759,-09.253,+00.000489,-00.001976,-00.000970,+36.5,+083.717*62
$VNIMU,+00.0896,+00.2710,+00.4467,+00.347,+02.776,-09.268,+00.000782,+00.000153,-00.000639,+36.5,+083.704*6D
$VNIMU,+00.0918,+00.2710,+00.4453,+00.344,+02.756,-09.275,+00.001020,-00.000734,+00.000527,+36.5,+083.717*67
$VNIMU,+00.0896,+00.2699,+00.4495,+00.357,+02.782,-09.271,+00.000349,-00.001577,-00.000138,+36.5,+083.730*65
$VNIMU,+00.0918,+00.2699,+00.4480,+00.333,+02.791,-09.260,-00.000284,-00.000956,+00.000342,+36.5,+083.707*63
$VNIMU,+00.0918,+00.2687,+00.4493,+00.340,+02.756,-09.292,+00.001534,-00.001104,-00.001016,+36.5,+083.717*6D
$VNIMU,+00.0929,+00.2687,+00.4479,+00.341,+02.767,-09.265,+00.001311,-00.001632,+00.000669,+36.5,+083.717*6A
$VNIMU,+00.0940,+00.2687,+00.4478,+00.358,+02.769,-09.280,+00.001204,+00.000456,+00.000093,+36.5,+083.717*68
$VNIMU,+00.0886,+00.2688,+00.4481,+00.336,+02.752,-09.255,+00.001663,-00.000257,+00.000169,+36.5,+083.733*64
$VNIMU,+00.0929,+00.2687,+00.4452,+00.347,+02.771,-09.242,+00.002246,-00.001569,-00.000145,+36.5,+083.720*61
$VNIMU,+00.0929,+00.2699,+00.4466,+00.347,+02.763,-09.290,+00.001487,-00.001619,+00.000280,+36.5,+083.720*65
$VNIMU,+00.0918,+00.2699,+00.4493,+00.326,+02.753,-09.236,+00.001899,-00.001020,-00.000169,+36.5,+083.717*6C
$VNIMU,+00.0907,+00.2699,+00.4508,+00.337,+02.757,-09.265,+00.001348,-00.000690,-00.001205,+36.5,+083.720*64
$VNIMU,+00.0907,+00.2699,+00.4453,+00.364,+02.762,-09.287,+00.002461,-00.001825,+00.000489,+36.5,+083.717*68
$VNIMU,+00.0907,+00.2687,+00.4480,+00.327,+02.749,-09.268,+00.001674,+00.000023,+00.000280,+36.5,+083.717*65
$VNIMU,+00.0908,+00.2653,+00.4507,+00.360,+02.732,-09.310,+00.000440,+00.000417,-00.000105,+36.5,+083.707*62
$VNIMU,+00.0918,+00.2665,+00.4493,+00.347,+02.755,-09.297,-00.000382,-00.000303,-00.000638,+36.5,+083.717*63
$VNIMU,+00.0897,+00.2676,+00.4481,+00.340,+02.776,-09.288,+00.001210,-00.000290,+00.000097,+36.5,+083.720*6B
$VNIMU,+00.0907,+00.2699,+00.4480,+00.319,+02.769,-09.293,+00.002155,-00.001043,-00.001075,+36.5,+083.717*68
$VNIMU,+00.0907,+00.2687,+00.4480,+00.338,+02.771,-09.278,+00.001002,-00.000324,-00.000625,+36.5,+083.720*6D
$VNIMU,+00.0918,+00.2699,+00.4493,+00.341,+02.750,-09.240,+00.001112,-00.001478,+00.000146,+36.5,+083.717*6