,+02.780,-09.278,-00.000944,+00.000237,-00.000399,+36.5,+083.723*68
$VNRRG,03,0100018999*5D
$VNIMU,+00.0929,+00.2687,+00.4493,+00.336,+02.732,-09.305,+00.006013,-00.004125,-00.000001,+36.5,+083.723*62
$VNIMU,+00.0885,+00.2722,+00.4468,+00.331,+02.745,-09.266,-00.005022,-00.000284,-00.001174,+36.5,+083.723*65
$VNIMU,+00.0907,+00.2687,+00.4494,+00.354,+02.772,-09.261,-00.001647,-00.001497,-00.000324,+36.5,+083.710*61
$VNIMU,+00.0929,+00.2710,+00.4479,+00.331,+02.748,-09.271,+00.005463,-00.004016,+00.000385,+36.5,+083.723*69
$VNIMU,+00.0896,+00.2710,+00.4508,+00.334,+02.751,-09.302,-00.004261,+00.000548,-00.000187,+36.5,+083.723*6A
$VNWRG,06,0*6C
$VNWRG,06,248*62
$VNIMU,+00.0940,+00.2687,+00.4465,+00.353,+02.761,-09.247,+00.002149,-00.001553,-00.000864,+36.5,+083.723*67
$VNIMU,+00.0929,+00.2687,+00.4465,+00.313,+02.777,-09.295,+00.001689,-00.001236,+00.000053,+36.5,+083.727*66
$VNIMU,+00.0939,+00.2710,+00.4465,+00.339,+02.768,-09.265,+00.000393,+00.000387,-00.000223,+36.5,+083.723*65
$VNIMU,+00.0896,+00.2699,+00.4467,+00.331,+02.759,-09.242,+00.001060,-00.001061,-00.001477,+36.5,+083.727*6C
$VNIMU,+00.0918,+00.2699,+00.4466,+00.344,+02.738,-09.243,+00.004424,-00.000927,-00.000105,+36.5,+083.723*60
$VNIMU,+00.0929,+00.2665,+00.4479,+00.331,+02.763,-09.290,+00.002250,-00.002306,-00.000588,+36.5,+083.727*60
$VNIMU,+00.0918,+00.2699,+00.4466,+00.345,+02.759,-09.278,-00.001828,-00.000053,+00.000517,+36.5,+083.727*62
$VNIMU,+00.0918,+00.2687,+00.4480,+00.347,+02.748,-09.231,+00.000148,-00.000965,-00.000182,+36.5,+083.723*64
$VNIMU,+00.0918,+00.2676,+00.4493,+00.325,+02.731,-09.244,+00.003587,-00.001922,+00.000586,+36.5,+083.710*60
$VNGPE,597966.599707,2072,3,09,-2006292.670,-4859664.240,+3601608.080,-000.040,-000.030,-000.110,+006.600,+005.786,+004.506,+000.320,3.00E-09*09
$VNIMU,+00.0918,+00.2699,+00.4480,+00.295,+02.780,-09.294,+00.000593,+00.000427,-00.000649,+36.5,+083.736*65
$VNIMU,+00.0929,+00.2676,+00.4465,+00.315,+02.760,-09.273,-00.000726,+00.000382,+00.001130,+36.5,+083.736*6F
$VNIMU,+00.0940,+00.2687,+00.4492,+00.326,+02.799,-09.271,+00.001651,-00.001360,+00.000800,+36.5,+083.723*60
$VNIMU,+00.0907,+00.2699,+00.4467,+00.341,+02.765,-09.287,-00.000649,-00.000752,-00.000417,+36.5,+083.723*6B
$VNIMU,+00.0918,+00.2665,+00.4493,+00.344,+02.768,-09.229,+00.002637,-00.000677,-00.001012,+36.5,+083.723*6A
$VNIMU,+00.0896,+00.2699,+00.4481,+00.331,+02.754,-09.278,+00.000848,-00.000729,-00.001024,+36.5,+083.723*6F
$VNIMU,+00.0929,+00.2710,+00.4479,+00.332,+02.723,-09.265,+00.002694,-00.000729,-00.000400,+36.5,+083.720*6F
$VNIMU,+00.0896,+00.2722,+00.4481,+00.329,+02.752,-09.270,+00.001305,-00.001360,-00.000706,+36.5,+083.720*67
$VNIMU,+00.0929,+00.2699,+00.4479,+00.330,+02.764,-09.243,-00.000784,-00.000333,+00.000026,+36.5,+083.723*64
$VNIMU,+00.0907,+00.2699,+00.4453,+00.349,+02.745,-09.256,+00.002509,-00.000590,+00.000626,+36.5,+083.736*67
$VNGPE,597966.799708,2072,3,09,-2006292.620,-4859664.240,+3601608.040,+000.000,-000.010,-000.030,+006.600,+005.786,+004.500,+000.384,3.00E-09*06
$VNIMU,+00.0907,+00.2699,+00.4467,+00.338,+02.768,-09.250,+00.001270,-00.001017,-00.000609,+36.5,+083.723*61
$VNIMU,+00.0939,+00.2699,+00.4465,+00.332,+02.765,-09.294,+00.001369,-00.000952,+00.000519,+36.5,+083.736*61
$VNIMU,+00.0929,+00.2699,+00.4479,+00.347,+02.753,-09.279,+00.001679,-00.000116,-00.000586,+36.5,+083.723*61
$VNIMU,+00.0929,+00.2687,+00.4438,+00.336,+02.751,-09.286,+00.002388,-00.001260,-00.000233,+36.5,+083.710*6D
$VNIMU,+00.0929,+00.2710,+00.4520,+00.315,+02.770,-09.284,+00.001583,-00.001073,+00.000001,+36.5,+083.710*61
$VNIMU,+00.0929,+00.2687,+00.4479,+00.347,+02.787,-09.270,-00.000420,+00.000086,+00.000252,+36.5,+083.723*61
$VNIMU,+00.0939,+00.2699,+00.4465,+00.343,+02.760,-09.247,+00.002895,-00.001600,+00.000093,+36.5,+083.723*6D
$VNIMU,+00.0897,+00.2699,+00.4508,+00.327,+02.744,-09.298,+00.001600,-00.000850,-00.000851,+36.5,+083.710*6F
$VNIMU,+00.0907,+00.2699,+00.4480,+00.309,+02.774,-09.302,+00.000124,-00.000265,+00.000161,+36.5,+083.727*6F
$VNIMU,+00.0929,+00.2687,+00.4493,+00.341,+02.744,-09.258,+00.001043,+00.000974,+00.000531,+36.5,+083.723*66
$VNGPE,597966.999710,2072,3,09,-2006292.570,-4859664.290,+3601608.040,+000.120,+000.010,-000.050,+006.600,+005.786,+004.491,+000.384,3.00E-09*00
$VNIMU,+00.0907,+00.2722,+00.4481,+00.352,+02.764,-09.284,+00.000776,-00.000845,+00.000027,+36.5,+083.723*61
$VNIMU,+00.0929,+00.2699,+00.4466,+00.325,+02.755,-09.278,+00.002586,-00.000260,+00.000093,+36.5,+083.723*69
$VNIMU,+00.0918,+00.2687,+00.4480,+00.349,+02.771,-09.258,+00.000339,-00.000403,-00.001425,+36.5,+083.723*6F
$VNIMU,+00.0940,+00.2687,+00.4492,+00.377,+02.745,-09.249,+00.001860,+00.000674,-00.000123,+36.5,+083.723*6B
$VNIMU,+00.0918,+00.2710,+00.4507,+00.337,+02.758,-09.277,+00.001784,-00.000137,+00.000257,+36.5,+083.736*60
$VNIMU,+00.0918,+00.2687,+00.4466,+00.343,+02.761,-09.258,+00.000552,-00.001184,-00.000852,+36.5,+083.723*61
$VNIMU,+00.0929,+00.2710,+00.4466,+00.337,+02.738,-09.281,+00.001480,-00.002120,-00.000260,+36.5,+083.710*6E
$VNIMU,+00.0907,+00.2699,+00.4480,+00.345,+02.774,-09.283,+00.002095,-00.000736,+00.000110,+36.5,+083.710*67
$VNIMU,+00.0896,+00.2699,+00.4481,+00.331,+02.754,-09.289,+00.001124,-00.000395,-00.000679,+36.5,+083.723*6F
$VNIMU,+00.0929,+00.2699,+00.4466,+00.324,+02.743,-09.258,+00.001184,-00.001328,-00.000362,+36.5,+083.723*6F
$VNGPE,597967.199711,2072,3,09,-2006292.520,-4859664.270,+3601608.010,-000.080,+000.140,+000.030,+006.600,+005.786,+004.482,+000.448,3.00E-09*0A
$VNIMU,+00.0918,+00.2687,+00.4493,+00.344,+02.741,-09.263,-00.000468,+00.000119,-00.001038,+36.5,+083.710*6E
$VNIMU,+00.0896,+00.2699,+00.4467,+00.330,+02.766,-09.293,+00.000423,-00.000898,-00.001902,+36.5,+083.723*6B
$VNIMU,+00.0907,+00.2699,+00.4467,+00.348,+02.733,-09.265,+00.001759,-00.002285,-00.000295,+36.5,+083.723*6B
$VNIMU,+00.0896,+00.2699,+00.4495,+00.344,+02.730,-09.255,+00.001670,-00.000887,-00.000293,+36.5,+083.736*61
$VNIMU,+00.0918,+00.2665,+00.4479,+00.350,+02.778,-09.252,+00.000319,-00.000297,+00.000122,+36.5,+083.723*62
$VNIMU,+00.0886,+00.2699,+00.4482,+00.349,+02.781,-09.327,+00.000692,-00.000398,+00.000212,+36.5,+083.723*66
$VNIMU,+00.0918,+00.2699,+00.4480,+00.328,+02.750,-09.259,+00.000057,+00.000063,+00.000977,+36.5,+083.697*69
$VNIMU,+00.0907,+00.2676,+00.4480,+00.342,+02.769,-09.255,+00.000347,-00.000759,-00.000381,+36.5,+083.723*6D
$VNIMU,+00.0907,+00.2722,+00.4494,+00.314,+02.765,-09.294,+00.001024,-00.001916,-00.001588,+36.5,+083.723*67
$VNIMU,+00.0897,+00.2688,+00.4494,+00.325,+02.732,-09.285,+00.003193,-00.001942,+00.000521,+36.5,+083.723*64
$VNGPE,597967.399712,2072,3,09,-2006292.500,-4859664.250,+3601608.010,-000.050,+000.250,+000.080,+006.600,+005.786,+004.473,+000.456,3.00E-09*0E
$VNIMU,+00.0918,+00.2722,+00.4480,+00.352,+02.747,-09.280,-00.000009,-00.000949,+00.000253,+36.5,+083.723*6E
$VNIMU,+00.0929,+00.2699,+00.4466,+00.332,+02.759,-09.288,+00.000658,-00.000748,-00.000135,+36.5,+083.714*6E
$VNIMU,+00.0918,+00.2699,+00.4466,+00.340,+02.769,-09.236,+00.002221,-00.002333,+00.000277,+36.5,+083.710*6A
$VNIMU,+00.0897,+00.2665,+00.4522,+00.356,+02.756,-09.231,+00.000804,-00.000799,+00.000093,+36.5,+083.723*63
$VNIMU,+00.0929,+00.2687,+00.4452,+00.309,+02.771,-09.289,-00.000417,-00.002202,+00.000252,+36.5,+083.723*63
$VNIMU,+00.0918,+00.2699,+00.4466,+00.334,+02.757,-09.255,+00.001262,-00.001256,+00.000338,+36.5,+083.736*6A
$VNIMU,+00.0907,+00.2687,+00.4467,+00.325,+02.773,-09.236,+00.001667,-00.001163,+00.000463,+36.5,+083.723*60
$VNIMU,+00.0918,+00.2699,+00.4466,+00.290,+02.769,-09.286,+00.000290,-00.001054,-00.000400,+36.5,+083.723*64
$VNIMU,+00.0896,+00.2722,+00.4495,+00.349,+02.767,-09.257,+00.000544,-00.000738,+00.000811,+36.5,+083.723*61
$VNIMU,+00.0939,+00.2699,+00.4451,+00.345,+02.729,-09.292,+00.002286,-00.000208,-00.000809,+36.5,+083.736*65
$VNGPE,597967.599713,2072,3,09,-2006292.460,-4859664.240,+3601608.000,+000.060,+000.070,-000.070,+006.600,+005.786,+004.464,+000.336,3.00E-09*05
$VNIMU,+00.0939,+00.2699,+00.4465,+00.322,+02.738,-09.280,+00.001853,-00.001605,-00.000617,+36.5,+083.723*6C
$VNIMU,+00.0929,+00.2699,+00.4493,+00.345,+02.750,-09.252,-00.001035,+00.001031,-00.001026,+36.5,+083.723*68
$VNIMU,+00.0896,+00.2710,+00.4481,+00.336,+02.784,-09.264,+00.000859,-00.001419,-00.000679,+36.5,+083.723*66
$VNIMU,+00.0929,+00.2722,+00.4507,+00.340,+02.769,-09.257,+00.001047,-00.000534,-00.000133,+36.5,+083.723*6F
$VNIMU,+00.0918,+00.2710,+00.4466,+00.362,+02.743,-09.283,+00.000020,-00.000834,-00.000878,+36.5,+083.723*60
$VNIMU,+00.0929,+00.2710,+00.4466,+00.335,+02.742,-09.241,+00.001721,+00.000153,-00.000267,+36.5,+083.723*62
$VNIMU,+00.0929,+00.2687,+00.4479,+00.342,+02.755,-09.239,+00.002029,-00.000296,-00.000466,+36.5,+083.723*6D
$VNIMU,+00.0907,+00.2722,+00.4481,+00.341,+02.760,-09.278,-00.000730,+00.000032,-00.001229,+36.5,+083.723*65
$VNIMU,+00.0940,+00.2699,+00.4479,+00.340,+02.763,-09.277,+00.001710,-00.001543,-00.001064,+36.5,+083.723*67
$VNIMU,+00.0940,+00.2676,+00.4465,+00.342,+02.755,-09.242,+00.001893,-00.001169,-00.000541,+36.5,+083.723*61
$VNGPE,597967.799715,2072,3,09,-2006292.390,-4859664.270,+3601607.970,+000.260,-000.060,-000.280,+006.600,+005.786,+004.461,+000.480,3.00E-09*0C
$VNIMU,+00.0896,+00.2710,+00.4481,+00.342,+02.731,-09.240,+00.000832,-00.000355,-00.000361,+36.5,+083.723*62
$VNIMU,+00.0929,+00.2699,+00.4425,+00.356,+02.783,-09.265,-00.000006,-00.000206,-00.001505,+36.5,+083.723*69
$VNIMU,+00.0907,+00.2722,+00.4467,+00.365,+02.759,-09.266,+00.002085,-00.000922,-00.001145,+36.5,+083.723*64
$VNIMU,+00.0929,+00.2676,+00.4452,+00.324,+02.763,-09.253,+00.001874,+00.000097,-00.000386,+36.5,+083.727*68
$VNIMU,+00.0929,+00.2699,+00.4466,+00.327,+02.767,-09.250,+00.000312,-00.001364,-00.000018,+36.5,+083.710*68
$VNIMU,+00.0896,+00.2699,+00.4495,+00.342,+02.765,-09.294,+00.003372,+00.001114,+00.000587,+36.5,+083.710*6B
$VNIMU,+00.0918,+00.2710,+00.4439,+00.332,+02.751,-09.234,+00.001639,+00.000448,+00.000079,+36.5,+083.723*61
$VNIMU,+00.0918,+00.2710,+00.4480,+00.344,+02.752,-09.281,+00.001702,-00.001846,-00.000070,+36.5,+083.723*6C
$VNIMU,+00.0896,+00.2699,+00.4481,+00.319,+02.768,-09.275,-00.000044,+00.000113,+00.000085,+36.5,+083.723*60
$VNIMU,+00.0939,+00.2699,+00.4465,+00.338,+02.760,-09.245,+00.001362,-00.001181,+00.000292,+36.5,+083.723*6E
$VNGPE,597967.999716,2072,3,09,-2006292.330,-4859664.290,+3601607.940,-000.070,+000.200,+000.000,+006.600,+005.786,+004.458,+000.440,3.00E-09*0B
$VNIMU,+00.0907,+00.2699,+00.4480,+00.336,+02.755,-09.272,+00.001378,+00.000091,-00.000455,+36.5,+083.723*63
$VNIMU,+00.0918,+00.2699,+00.4480,+00.341,+02.745,-09.248,+00.001948,-00.001613,-00.001182,+36.5,+083.736*6D
$VNIMU,+00.0939,+00.2699,+00.4465,+00.340,+02.757,-09.297,+00.001505,-00.001363,-00.000326,+36.5,+083.723*6B
$VNIMU,+00.0907,+00.2676,+00.4467,+00.353,+02.758,-09.285,+00.002153,-00.002049,+00.000180,+36.5,+083.723*6F
$VNIMU,+00.0929,+00.2710,+00.4466,+00.337,+02.767,-09.255,-00.000655,+00.000199,-00.000008,+36.5,+083.720*69
$VNIMU,+00.0929,+00.2699,+00.4479,+00.341,+02.772,-09.249,+00.001638,-00.001190,+00.000266,+36.5,+083.736*66
$VNIMU,+00.0918,+00.2710,+00.4466,+00.322,+02.743,-09.257,+00.003569,-00.001793,-00.000429,+36.5,+083.723*6D
$VNIMU,+00.0929,+00.2710,+00.4479,+00.338,+02.756,-09.283,-00.001711,+00.000477,-00.000356,+36.5,+083.736*6B
$VNIMU,+00.0929,+00.2699,+00.4479,+00.350,+02.790,-09.267,+00.000943,-00.002226,+00.000159,+36.5,+083.710*62
$VNIMU,+00.0896,+00.2710,+00.4481,+00.339,+02.746,-09.314,+00.003927,-00.001136,-00.000645,+36.5,+083.723*6D
$VNGPE,597968.199717,2072,3,09,-2006292.310,-4859664.340,+3601608.000,-000.150,+000.270,+000.190,+006.600,+005.786,+004.455,+000.496,3.00E-09*0B
$VNIMU,+00.0939,+00.2710,+00.4492,+00.308,+02.752,-09.257,-00.000666,-00.000674,-00.000587,+36.5,+083.723*68
$VNIMU,+00.0896,+00.2688,+00.4440,+00.332,+02.779,-09.285,-00.001496,-00.000765,-00.001052,+36.5,+083.723*6D
$VNIMU,+00.0907,+00.2676,+00.4467,+00.331,+02.755,-09.257,+00.001359,-00.002252,-00.000614,+36.5,+083.723*66
$VNIMU,+00.0939,+00.2710,+00.4479,+00.336,+02.757,-09.278,+00.001483,-00.000240,-00.001303,+36.5,+083.723*6E
$VNIMU,+00.0918,+00.2665,+00.4479,+00.338,+02.754,-09.247,-00.000107,+00.000286,-00.000329,+36.5,+083.736*60
$VNIMU,+00.0896,+00.2699,+00.4495,+00.340,+02.743,-09.276,+00.000187,-00.001008,-00.000706,+36.5,+083.723*6D
$VNIMU,+00.0907,+00.2699,+00.4480,+00.360,+02.760,-09.289,-00.000715,-00.000733,+00.000262,+36.5,+083.723*67
$VNIMU,+00.0918,+00.2722,+00.4494,+00.353,+02.730,-09.270,-00.000671,+00.000827,+00.000077,+36.5,+083.723*67
$VNIMU,+00.0918,+00.2699,+00.4453,+00.350,+02.777,-09.250,+00.001973,-00.001979,+00.000321,+36.5,+083.710*68
$VNIMU,+00.0940,+00.2699,+00.4479,+00.328,+02.757,-09.278,+00.001279,-00.000641,-00.000042,+36.5,+083.727*6A
$VNGPE,597968.399718,2072,3,09,-2006292.280,-4859664.360,+3601608.030,+000.040,-000.030,+000.090,+006.600,+005.786,+004.452,+000.296,3.00E-09*09
$VNIMU,+00.0896,+00.2676,+00.4454,+00.329,+02.749,-09.302,+00.001982,-00.000549,-00.000264,+36.5,+083.723*6A
$VNIMU,+00.0886,+00.2688,+00.4454,+00.353,+02.756,-09.263,+00.000863,-00.000538,-00.000187,+36.5,+083.710*68
$VNIMU,+00.0907,+00.2676,+00.4480,+00.361,+02.754,-09.259,+00.000788,-00.001603,+00.000159,+36.5,+083.723*67
$VNIMU,+00.0940,+00.2676,+00.4506,+00.347,+02.733,-09.276,-00.000328,-00.001713,-00.001368,+36.5,+083.723*6C
$VNIMU,+00.0918,+00.2687,+00.4480,+00.346,+02.758,-09.260,+00.002328,-00.001650,-00.000146,+36.5,+083.710*66
$VNIMU,+00.0929,+00.2710,+00.4479,+00.339,+02.776,-09.292,+00.001235,-00.000679,+00.000027,+36.5,+083.723*60
$VNIMU,+00.0907,+00.2687,+00.4480,+00.327,+02.747,-09.280,+00.000693,-00.001498,-00.000028,+36.5,+083.710*67
$VNIMU,+00.0907,+00.2687,+00.4467,+00.358,+02.748,-09.276,+00.001859,-00.000342,+00.000140,+36.5,+083.723*61
$VNIMU,+00.0907,+00.2699,+00.4467,+00.334,+02.718,-09.296,-00.000668,-00.000144,-00.000149,+36.5,+083.697*61
$VNIMU,+00.0907,+00.2699,+00.4453,+00.318,+02.764,-09.272,+00.000138,-00.000875,+00.000945,+36.5,+083.723*6A
$VNIMU,+00.0896,+00.2722,+00.4508,+00.332,+02.751,-09.269,+00.000235,+00.000743,-00.000879,+36.5,+083.727*67
$VNGPE,597968.599720,2072,3,09,-2006292.240,-4859664.380,+3601608.050,-000.030,+000.010,+000.090,+006.600,+005.786,+004.446,+000.408,3.00E-09*01
$VNIMU,+00.0907,+00.2687,+00.4480,+00.309,+02.749,-09.290,+00.000567,-00.000305,-00.000678,+36.5,+083.723*6D
$VNIMU,+00.0918,+00.2722,+00.4480,+00.345,+02.753,-09.275,-00.000669,-00.000627,-00.000733,+36.5,+083.723*65
$VNIMU,+00.0918,+00.2699,+00.4480,+00.331,+02.745,-09.258,+00.002010,+00.000433,-00.000213,+36.5,+083.723*65
$VNIMU,+00.0918,+00.2699,+00.4480,+00.320,+02.769,-09.278,+00.001267,-00.000131,-00.001100,+36.5,+083.723*69
$VNIMU,+00.0907,+00.2699,+00.4480,+00.316,+02.768,-09.258,+00.002218,-00.001296,+00.000017,+36.5,+083.727*61
$VNIMU,+00.0940,+00.2676,+00.4492,+00.325,+02.743,-09.259,+00.000806,-00.001014,-00.000327,+36.5,+083.723*65
$VNIMU,+00.0907,+00.2687,+00.4453,+00.333,+02.751,-09.227,+00.002278,-00.001174,-00.000659,+36.5,+083.723*62
$VNIMU,+00.0907,+00.2710,+00.4494,+00.342,+02.790,-09.293,-00.001147,-00.000535,+00.000546,+36.5,+083.736*67
$VNIMU,+00.0939,+00.2687,+00.4438,+00.342,+02.762,-09.273,+00.001048,-00.001751,-00.000665,+36.5,+083.723*69
$VNGPE,597968.799721,2072,3,09,-2006292.200,-4859664.420,+3601608.060,+000.060,-000.060,+000.030,+006.600,+005.786,+004.443,+000.344,3.00E-09*0A
$VNIMU,+00.0940,+00.2710,+00.4506,+00.322,+02.775,-09.259,+00.001328,+00.000378,+00.000598,+36.5,+083.723*66
$VNIMU,+00.0907,+00.2676,+00.4467,+00.360,+02.759,-09.259,+00.001501,-00.001436,-00.000469,+36.5,+083.710*64
$VNIMU,+00.0918,+00.2733,+00.4480,+00.335,+02.760,-09.304,+00.003783,-00.001948,+00.000122,+36.5,+083.714*66
$VNIMU,+00.0939,+00.2722,+00.4479,+00.323,+02.750,-09.272,-00.000473,-00.001795,+00.000159,+36.5,+083.710*68
$VNIMU,+00.0918,+00.2710,+00.4493,+00.369,+02.778,-09.270,-00.000570,-00.000507,-00.000169,+36.5,+083.723*67
$VNIMU,+00.0929,+00.2687,+00.4479,+00.333,+02.772,-09.255,+00.001505,-00.001075,-00.000350,+36.5,+083.723*60
$VNIMU,+00.0886,+00.2699,+00.4495,+00.314,+02.747,-09.278,+00.003137,-00.002454,-00.000578,+36.5,+083.723*6A
$VNIMU,+00.0929,+00.2699,+00.4466,+00.339,+02.734,-09.257,+00.001224,+00.000664,-00.000626,+36.5,+083.723*6A
$VNIMU,+00.0918,+00.2687,+00.4480,+00.347,+02.762,-09.231,+00.002014,-00.001686,-00.000040,+36.5,+083.723*6A
$VNIMU,+00.0918,+00.2699,+00.4480,+00.337,+02.758,-09.299,+00.001982,-00.001774,-00.000195,+36.5,+083.710*69
$VNGPE,597968.999722,2072,3,09,-2006292.160,-4859664.420,+3601608.050,-000.040,-000.040,+000.030,+006.600,+005.786,+004.434,+000.312,3.00E-09*04
$VNIMU,+00.0896,+00.2688,+00.4467,+00.338,+02.734,-09.297,-00.000821,+00.001308,-00.000804,+36.5,+083.723*6B
$VNIMU,+00.0896,+00.2699,+00.4467,+00.333,+02.772,-09.243,+00.000107,+00.000066,+00.000386,+36.5,+083.723*6D
$VNIMU,+00.0907,+00.2699,+00.4508,+00.326,+02.775,-09.280,+00.001503,-00.002169,-00.000612,+36.5,+083.723*65
$VNIMU,+00.0929,+00.2687,+00.4465,+00.319,+02.763,-09.285,+00.000119,-00.000406,-00.000998,+36.5,+083.723*6F
$VNIMU,+00.0907,+00.2687,+00.4494,+00.321,+02.764,-09.267,+00.001792,-00.002005,-00.000319,+36.5,+083.723*6F
$VNIMU,+00.0918,+00.2699,+00.4466,+00.331,+02.779,-09.270,+00.002389,-00.002452,+00.000147,+36.5,+083.723*6C
$VNIMU,+00.0896,+00.2699,+00.4467,+00.355,+02.762,-09.238,+00.003127,-00.001641,-00.000678,+36.5,+083.710*67
$VNIMU,+00.0907,+00.2687,+00.4467,+00.342,+02.755,-09.288,-00.000274,-00.000383,-00.000452,+36.5,+083.723*68
$VNIMU,+00.0918,+00.2699,+00.4493,+00.344,+02.768,-09.259,-00.002086,-00.000772,-00.000374,+36.5,+083.710*62
$VNIMU,+00.0896,+00.2710,+00.4481,+00.358,+02.764,-09.284,+00.001455,-00.001691,-00.000427,+36.5,+083.723*64
$VNGPE,597969.199723,2072,3,09,-2006292.130,-4859664.420,+3601608.050,-000.060,+000.210,+000.090,+006.600,+005.786,+004.428,+000.416,3.00E-09*0E
$VNIMU,+00.0929,+00.2676,+00.4479,+00.322,+02.769,-09.299,+00.003289,-00.001973,-00.000876,+36.5,+083.710*65
$VNIMU,+00.0929,+00.2687,+00.4506,+00.324,+02.754,-09.254,-00.001056,+00.001447,-00.001180,+36.5,+083.710*62
$VNIMU,+00.0929,+00.2710,+00.4466,+00.357,+02.776,-09.268,+00.000986,+00.000368,-00.000043,+36.5,+083.723*66
$VNIMU,+00.0918,+00.2676,+00.4493,+00.340,+02.772,-09.260,+00.001775,-00.000943,-00.000938,+36.5,+083.723*66
$VNIMU,+00.0907,+00.2722,+00.4467,+00.315,+02.749,-09.280,+00.000340,+00.000623,-00.001588,+36.5,+083.710*6F
$VNIMU,+00.0940,+00.2676,+00.4451,+00.340,+02.761,-09.272,-00.001796,+00.000235,-00.000709,+36.5,+083.723*6F
$VNIMU,+00.0907,+00.2699,+00.4480,+00.336,+02.758,-09.219,+00.001312,-00.002262,+00.000252,+36.5,+083.723*62
$VNIMU,+00.0897,+00.2676,+00.4494,+00.324,+02.771,-09.313,+00.000720,-00.001438,-00.000637,+36.5,+083.736*66
$VNIMU,+00.0918,+00.2699,+00.4507,+00.348,+02.734,-09.254,+00.001678,+00.000014,-00.001251,+36.5,+083.723*62
$VNIMU,+00.0929,+00.2710,+00.4466,+00.359,+02.739,-09.268,+00.001206,-00.000144,+00.000585,+36.5,+083.723*62
$VNGPE,597969.399725,2072,3,09,-2006292.110,-4859664.400,+3601608.040,-000.030,+000.020,+000.020,+006.600,+005.786,+004.416,+000.456,3.00E-09*0D
$VNIMU,+00.0907,+00.2699,+00.4467,+00.340,+02.766,-09.285,+00.002378,-00.000564,+00.001718,+36.5,+083.710*64
$VNIMU,+00.0907,+00.2676,+00.4480,+00.321,+02.780,-09.302,+00.001176,+00.001209,-00.000408,+36.5,+083.710*6C
$VNIMU,+00.0918,+00.2665,+00.4452,+00.360,+02.762,-09.263,+00.001344,+00.000481,+00.000839,+36.5,+083.723*6C
$VNIMU,+00.0951,+00.2676,+00.4505,+00.341,+02.750,-09.229,+00.004475,-00.002645,-00.000160,+36.5,+083.710*61
$VNIMU,+00.0940,+00.2699,+00.4479,+00.321,+02.750,-09.297,+00.000398,-00.001346,-00.000598,+36.5,+083.723*6F
$VNIMU,+00.0918,+00.2699,+00.4480,+00.344,+02.770,-09.279,+00.001544,+00.000263,+00.000972,+36.5,+083.723*6C
$VNIMU,+00.0897,+00.2676,+00.4508,+00.362,+02.752,-09.278,+00.001616,-00.001060,-00.000154,+36.5,+083.710*67
$VNIMU,+00.0907,+00.2687,+00.4494,+00.346,+02.730,-09.285,+00.002405,-00.002475,-00.000305,+36.5,+083.723*63
$VNIMU,+00.0896,+00.2710,+00.4508,+00.321,+02.769,-09.277,-00.000519,-00.000176,-00.000172,+36.5,+083.723*6F
$VNIMU,+00.0918,+00.2687,+00.4466,+00.325,+02.777,-09.272,+00.002395,-00.000694,-00.000586,+36.5,+083.723*62
$VNGPE,597969.599726,2072,3,09,-2006292.080,-4859664.370,+3601608.000,+000.040,+000.090,-000.140,+006.600,+005.786,+004.407,+000.336,3.00E-09*0E
$VNIMU,+00.0929,+00.2710,+00.4479,+00.348,+02.761,-09.305,+00.001558,-00.000747,-00.000328,+36.5,+083.710*65
$VNIMU,+00.0929,+00.2676,+00.4465,+00.329,+02.763,-09.264,+00.003372,-00.002117,-00.000611,+36.5,+083.710*68
$VNIMU,+00.0929,+00.2676,+00.4506,+00.347,+02.768,-09.286,-00.001678,+00.001848,-00.000813,+36.5,+083.710*62
$VNIMU,+00.0896,+00.2699,+00.4454,+00.354,+02.769,-09.256,+00.002687,-00.000736,+00.000558,+36.5,+083.736*6A
$VNIMU,+00.0918,+00.2665,+00.4466,+00.329,+02.753,-09.262,+00.001054,-00.002993,-00.000387,+36.5,+083.727*61
$VNIMU,+00.0929,+00.2699,+00.4466,+00.322,+02.758,-09.282,+00.001434,-00.000779,+00.000948,+36.5,+083.723*6F
$VNIMU,+00.0918,+00.2710,+00.4453,+00.337,+02.784,-09.315,+00.000604,-00.000049,-00.000278,+36.5,+083.710*6B
$VNIMU,+00.0907,+00.2699,+00.4467,+00.350,+02.718,-09.287,+00.002780,+00.001633,-00.000252,+36.5,+083.723*67
$VNIMU,+00.0907,+00.2710,+00.4494,+00.361,+02.754,-09.205,+00.000562,-00.000984,-00.000775,+36.5,+083.723*63
$VNIMU,+00.0940,+00.2687,+00.4478,+00.327,+02.767,-09.317,-00.001922,+00.000486,-00.001065,+36.5,+083.727*68
$VNGPE,597969.799727,2072,3,09,-2006292.030,-4859664.440,+3601608.000,+000.110,-000.040,-000.110,+006.600,+005.786,+004.404,+000.472,3.00E-09*0C
$VNIMU,+00.0939,+00.2710,+00.4479,+00.329,+02.722,-09.285,+00.006046,-00.002662,+00.000402,+36.5,+083.723*6D
$VNIMU,+00.0939,+00.2710,+00.4465,+00.312,+02.740,-09.281,-00.002109,+00.001843,-00.000626,+36.5,+083.740*6F
$VNIMU,+00.0961,+00.2710,+00.4491,+00.363,+02.772,-09.278,-00.001573,+00.000306,-00.000333,+36.5,+083.723*6D
$VNIMU,+00.0907,+00.2699,+00.4508,+00.341,+02.761,-09.293,+00.002913,-00.001638,+00.000305,+36.5,+083.723*68
$VNIMU,+00.0918,+00.2710,+00.4480,+00.313,+02.769,-09.275,-00.002922,-00.000996,-00.001372,+36.5,+083.707*6F
$VNIMU,+00.0907,+00.2687,+00.4494,+00.368,+02.775,-09.288,-00.000453,-00.000348,-00.000806,+36.5,+083.723*67
$VNIMU,+00.0907,+00.2722,+00.4481,+00.347,+02.792,-09.251,+00.001403,+00.000740,-00.000324,+36.5,+083.723*6E
$VNIMU,+00.0907,+00.2699,+00.4494,+00.358,+02.761,-09.240,+00.004153,-00.002059,+00.000178,+36.5,+083.723*6A
$VNIMU,+00.0896,+00.2676,+00.4454,+00.331,+02.736,-09.247,+00.003562,-00.003197,+00.000907,+36.5,+083.710*67
$VNIMU,+00.0950,+00.2699,+00.4492,+00.340,+02.748,-09.279,-00.001989,-00.000343,-00.001093,+36.5,+083.723*63
$VNGPE,597969.999728,2072,3,09,-2006291.990,-4859664.480,+3601607.990,+000.040,+000.050,-000.020,+006.600,+005.786,+004.401,+000.288,3.00E-09*09
$VNIMU,+00.0929,+00.2699,+00.4479,+00.357,+02.758,-09.236,-00.000523,-00.000281,+00.000172,+36.5,+083.736*6B
$VNIMU,+00.0907,+00.2687,+00.4480,+00.336,+02.744,-09.245,+00.002612,-00.003721,+00.000466,+36.5,+083.727*69
$VNIMU,+00.0918,+00.2687,+00.4480,+00.287,+02.778,-09.293,+00.002657,-00.003047,+00.000126,+36.5,+083.723*6B
$VNIMU,+00.0918,+00.2699,+00.4493,+00.316,+02.794,-09.275,-00.002219,+00.001056,+00.001026,+36.5,+083.727*6D
$VNIMU,+00.0896,+00.2688,+00.4467,+00.354,+02.777,-09.232,+00.004216,-00.001034,+00.000265,+36.5,+083.723*64
$VNIMU,+00.0918,+00.2687,+00.4466,+00.340,+02.753,-09.230,+00.004111,-00.002287,+00.000055,+36.5,+083.723*60
$VNIMU,+00.0918,+00.2699,+00.4480,+00.309,+02.762,-09.276,+00.000309,-00.001252,-00.000324,+36.5,+083.723*6D
$VNIMU,+00.0918,+00.2710,+00.4466,+00.353,+02.764,-09.257,-00.000902,+00.000800,-00.000883,+36.5,+083.723*64
$VNIMU,+00.0896,+00.2699,+00.4481,+00.377,+02.746,-09.246,+00.002824,-00.002147,+00.000333,+36.5,+083.710*65
$VNIMU,+00.0929,+00.2699,+00.4493,+00.341,+02.726,-09.300,+00.002996,-00.001757,+00.000439,+36.5,+083.723*62
$VNGPE,597970.199730,2072,3,10,-2006291.970,-4859664.540,+3601608.030,-000.010,-000.090,+000.060,+006.600,+005.991,+004.401,+000.336,3.00E-09*00
$VNIMU,+00.0940,+00.2676,+00.4492,+00.298,+02.747,-09.316,-00.000843,+00.000173,-00.000872,+36.5,+083.723*67
$VNIMU,+00.0907,+00.2710,+00.4480,+00.345,+02.738,-09.247,-00.000372,+00.000180,+00.000520,+36.5,+083.723*63
$VNIMU,+00.0940,+00.2710,+00.4519,+00.355,+02.773,-09.290,+00.001374,-00.000380,-00.000450,+36.5,+083.723*60
$VNIMU,+00.0950,+00.2687,+00.4464,+00.340,+02.763,-09.280,+00.002350,-00.001707,-00.001050,+36.5,+083.723*6B
$VNIMU,+00.0940,+00.2687,+00.4506,+00.313,+02.779,-09.239,-00.002004,+00.000739,+00.000296,+36.5,+083.736*65
$VNIMU,+00.0918,+00.2722,+00.4480,+00.325,+02.766,-09.294,+00.001481,-00.001102,-00.000171,+36.5,+083.736*6C
$VNIMU,+00.0907,+00.2722,+00.4467,+00.359,+02.752,-09.304,+00.004955,-00.002174,-00.000107,+36.5,+083.723*69
$VNIMU,+00.0897,+00.2688,+00.4481,+00.324,+02.762,-09.250,-00.001382,+00.000492,-00.000986,+36.5,+083.723*6A
$VNIMU,+00.0929,+00.2710,+00.4479,+00.342,+02.774,-09.265,+00.000422,-00.000333,-00.000666,+36.5,+083.736*6D
$VNIMU,+00.0907,+00.2665,+00.4466,+00.311,+02.774,-09.261,+00.003104,-00.002475,-00.000118,+36.5,+083.710*61
$VNGPE,597970.399731,2072,3,10,-2006291.960,-4859664.610,+3601608.090,-000.040,-000.020,+000.130,+006.600,+005.991,+004.401,+000.384,3.00E-09*0D
$VNIMU,+00.0907,+00.2687,+00.4480,+00.323,+02.760,-09.307,-00.002156,+00.000440,-00.000950,+36.5,+083.710*66
$VNIMU,+00.0951,+00.2676,+00.4505,+00.336,+02.745,-09.269,+00.000910,-00.000829,+00.000266,+36.5,+083.727*6A
$VNIMU,+00.0950,+00.2699,+00.4464,+00.336,+02.779,-09.246,+00.000001,+00.000066,+00.000505,+36.5,+083.710*64
$VNIMU,+00.0939,+00.2699,+00.4465,+00.332,+02.745,-09.274,+00.002227,-00.002199,-00.001040,+36.5,+083.723*62
$VNIMU,+00.0929,+00.2699,+00.4520,+00.333,+02.796,-09.261,+00.000893,-00.000709,+00.000013,+36.5,+083.710*63
$VNIMU,+00.0907,+00.2676,+00.4494,+00.358,+02.762,-09.228,+00.000508,-00.000381,-00.001388,+36.5,+083.723*66
$VNIMU,+00.0929,+00.2687,+00.4452,+00.335,+02.755,-09.299,+00.003677,-00.001796,+00.000765,+36.5,+083.736*64
$VNIMU,+00.0875,+00.2688,+00.4496,+00.324,+02.744,-09.283,-00.000713,-00.000110,-00.000720,+36.5,+083.723*6C
$VNIMU,+00.0897,+00.2665,+00.4481,+00.358,+02.759,-09.281,+00.000226,-00.001446,+00.000201,+36.5,+083.736*66
$VNIMU,+00.0896,+00.2699,+00.4481,+00.335,+02.762,-09.203,+00.004639,-00.002860,-00.000638,+36.5,+083.740*61
$VNGPE,597970.599732,2072,3,10,-2006291.930,-4859664.630,+3601608.100,+000.120,-000.050,-000.010,+006.570,+005.964,+004.389,+000.400,3.00E-09*06
$VNIMU,+00.0907,+00.2687,+00.4467,+00.331,+02.758,-09.263,+00.003290,-00.000944,-00.000451,+36.5,+083.723*69
$VNIMU,+00.0918,+00.2699,+00.4466,+00.338,+02.761,-09.322,+00.001214,+00.001641,+00.000143,+36.5,+083.723*6D
$VNIMU,+00.0950,+00.2687,+00.4437,+00.357,+02.757,-09.241,+00.002153,-00.001458,+00.000150,+36.5,+083.723*6F
$VNIMU,+00.0929,+00.2676,+00.4493,+00.342,+02.764,-09.314,+00.001686,-00.002189,+00.000427,+36.5,+083.710*67
$VNIMU,+00.0907,+00.2687,+00.4467,+00.366,+02.751,-09.296,+00.000653,-00.001420,+00.000027,+36.5,+083.710*6D
$VNIMU,+00.0918,+00.2699,+00.4480,+00.344,+02.760,-09.277,-00.000680,-00.000199,+00.000185,+36.5,+083.740*6A
$VNIMU,+00.0939,+00.2699,+00.4465,+00.340,+02.757,-09.275,+00.002314,-00.001880,-00.000904,+36.5,+083.723*6E
$VNIMU,+00.0918,+00.2710,+00.4480,+00.312,+02.749,-09.258,-00.000106,-00.001288,+00.000263,+36.5,+083.710*6A
$VNIMU,+00.0907,+00.2710,+00.4508,+00.335,+02.758,-09.252,-00.000003,-00.000997,-00.001074,+36.5,+083.710*69
$VNIMU,+00.0940,+00.2687,+00.4492,+00.331,+02.768,-09.258,-00.000681,-00.001043,-00.001443,+36.5,+083.710*67
$VNGPE,597970.799733,2072,3,10,-2006291.890,-4859664.700,+3601608.130,+000.040,-000.030,-000.050,+006.570,+005.964,+004.377,+000.448,3.00E-09*07
$VNIMU,+00.0918,+00.2687,+00.4466,+00.337,+02.767,-09.271,+00.001065,-00.001997,-00.000454,+36.5,+083.723*6F
$VNIMU,+00.0929,+00.2665,+00.4479,+00.322,+02.754,-09.248,+00.000874,-00.000033,-00.000879,+36.5,+083.723*6D
$VNIMU,+00.0918,+00.2687,+00.4507,+00.336,+02.767,-09.271,+00.000992,-00.000774,-00.000371,+36.5,+083.736*6E
$VNIMU,+00.0918,+00.2710,+00.4493,+00.328,+02.760,-09.294,+00.000565,+00.000044,-00.000226,+36.5,+083.723*6F
$VNIMU,+00.0939,+00.2687,+00.4438,+00.343,+02.743,-09.290,+00.001970,+00.001223,-00.000200,+36.5,+083.723*65
$VNIMU,+00.0896,+00.2722,+00.4481,+00.329,+02.756,-09.246,+00.000000,+00.001297,-00.001080,+36.5,+083.723*65
$VNIMU,+00.0907,+00.2699,+00.4480,+00.330,+02.756,-09.306,+00.001687,+00.000034,-00.000999,+36.5,+083.710*63
$VNIMU,+00.0918,+00.2699,+00.4480,+00.321,+02.748,-09.281,+00.001401,-00.001278,-00.000346,+36.5,+083.723*65
$VNIMU,+00.0907,+00.2710,+00.4453,+00.328,+02.753,-09.296,-00.001881,+00.000107,-00.001549,+36.5,+083.723*66
$VNIMU,+00.0918,+00.2710,+00.4480,+00.344,+02.753,-09.273,+00.002452,-00.000881,+00.000868,+36.5,+083.710*68
$VNGPE,597970.999735,2072,3,09,-2006291.870,-4859664.790,+3601608.160,+000.030,-000.150,-000.080,+006.570,+005.964,+004.365,+000.416,3.00E-09*00
$VNIMU,+00.0918,+00.2687,+00.4493,+00.342,+02.758,-09.260,+00.002155,-00.000077,-00.000093,+36.5,+083.710*63
$VNIMU,+00.0907,+00.2710,+00.4467,+00.328,+02.753,-09.297,+00.000716,+00.000234,-00.001078,+36.5,+083.723*62
$VNIMU,+00.0940,+00.2699,+00.4479,+00.350,+02.785,-09.241,-00.000084,-00.000778,-00.000401,+36.5,+083.727*6F
$VNIMU,+00.0886,+00.2722,+00.4482,+00.335,+02.767,-09.275,+00.001583,-00.001399,-00.000594,+36.5,+083.723*6F
$VNIMU,+00.0950,+00.2699,+00.4464,+00.322,+02.760,-09.241,+00.001611,-00.001528,-00.000868,+36.5,+083.710*60
$VNIMU,+00.0886,+00.2710,+00.4495,+00.329,+02.782,-09.251,+00.001646,+00.000494,-00.000278,+36.5,+083.723*6A
$VNIMU,+00.0918,+00.2687,+00.4466,+00.336,+02.774,-09.264,+00.002053,+00.000604,+00.000157,+36.5,+083.723*6C
$VNIMU,+00.0907,+00.2699,+00.4494,+00.332,+02.769,-09.270,+00.001350,-00.001383,-00.000200,+36.5,+083.723*64
$VNIMU,+00.0896,+00.2699,+00.4467,+00.340,+02.752,-09.292,+00.002764,-00.001756,+00.000228,+36.5,+083.723*60
$VNIMU,+00.0929,+00.2687,+00.4438,+00.347,+02.759,-09.289,-00.001002,-00.001170,+00.001198,+36.5,+083.736*6B
$VNGPE,597971.199736,2072,3,10,-2006291.840,-4859664.840,+3601608.160,+000.030,-000.100,-000.170,+006.540,+005.936,+004.353,+000.384,3.00E-09*05
$VNIMU,+00.0950,+00.2687,+00.4491,+00.333,+02.759,-09.261,+00.002635,-00.000750,+00.000559,+36.5,+083.714*69
$VNIMU,+00.0907,+00.2687,+00.4467,+00.348,+02.775,-09.270,+00.000919,-00.001035,-00.000615,+36.5,+083.710*6F
$VNIMU,+00.0940,+00.2687,+00.4478,+00.337,+02.752,-09.244,+00.001710,-00.001427,+00.000651,+36.5,+083.723*6F
$VNIMU,+00.0940,+00.2699,+00.4492,+00.359,+02.782,-09.294,+00.000639,-00.000800,+00.000306,+36.5,+083.723*68
$VNIMU,+00.0907,+00.2687,+00.4480,+00.330,+02.782,-09.281,+00.002488,-00.000860,-00.000065,+36.5,+083.723*60
$VNIMU,+00.0896,+00.2699,+00.4481,+00.348,+02.762,-09.263,+00.000689,-00.001179,-00.000066,+36.5,+083.710*68
$VNIMU,+00.0907,+00.2710,+00.4508,+00.374,+02.770,-09.288,+00.000879,-00.001618,-00.000632,+36.5,+083.710*6E
$VNIMU,+00.0907,+00.2676,+00.4480,+00.330,+02.762,-09.211,+00.001297,-00.000408,-00.000034,+36.5,+083.723*64
$VNIMU,+00.0907,+00.2699,+00.4467,+00.351,+02.775,-09.291,-00.000306,-00.000645,-00.000214,+36.5,+083.736*64
$VNIMU,+00.0918,+00.2710,+00.4480,+00.354,+02.762,-09.256,+00.002233,-00.001385,+00.001318,+36.5,+083.723*6E
$VNGPE,597971.399737,2072,3,10,-2006291.800,-4859664.940,+3601608.180,+000.050,-000.090,-000.020,+006.540,+005.936,+004.338,+000.408,3.00E-09*09
$VNIMU,+00.0929,+00.2676,+00.4493,+00.311,+02.727,-09.254,+00.004120,-00.004251,-00.000586,+36.5,+083.727*65
$VNIMU,+00.0907,+00.2699,+00.4467,+00.313,+02.767,-09.286,-00.001991,-00.000276,-00.001643,+36.5,+083.727*61
$VNIMU,+00.0918,+00.2710,+00.4493,+00.355,+02.755,-09.267,-00.000409,+00.000558,-00.000114,+36.5,+083.723*68
$VNIMU,+00.0918,+00.2699,+00.4480,+00.348,+02.754,-09.260,+00.003065,-00.002249,+00.000573,+36.5,+083.727*6F
$VNIMU,+00.0918,+00.2710,+00.4493,+00.344,+02.754,-09.233,+00.001135,-00.002215,-00.000732,+36.5,+083.723*6D
$VNIMU,+00.0897,+00.2699,+00.4508,+00.343,+02.760,-09.274,+00.000506,+00.000167,-00.000112,+36.5,+083.723*68
$VNIMU,+00.0897,+00.2688,+00.4481,+00.360,+02.759,-09.217,+00.002141,-00.000897,-00.000020,+36.5,+083.723*63
$VNIMU,+00.0918,+00.2699,+00.4480,+00.355,+02.762,-09.280,+00.000699,-00.001599,-00.001437,+36.5,+083.727*61
$VNIMU,+00.0907,+00.2699,+00.4494,+00.355,+02.751,-09.254,+00.004517,-00.001033,-00.000279,+36.5,+083.723*6E
$VNIMU,+00.0907,+00.2687,+00.4507,+00.343,+02.775,-09.270,-00.000984,-00.000230,-00.000068,+36.5,+083.710*6B
$VNGPE,597971.599738,2072,3,10,-2006291.770,-4859665.040,+3601608.230,-000.070,-000.090,+000.080,+006.510,+005.909,+004.326,+000.320,3.00E-09*0B
$VNIMU,+00.0907,+00.2699,+00.4467,+00.335,+02.754,-09.288,+00.000618,+00.000709,-00.000611,+36.5,+083.727*6F
$VNIMU,+00.0929,+00.2687,+00.4452,+00.343,+02.755,-09.219,+00.001326,-00.003315,-00.000157,+36.5,+083.723*66
$VNIMU,+00.0907,+00.2699,+00.4467,+00.362,+02.763,-09.282,-00.002765,-00.002084,-00.000560,+36.5,+083.723*6B
$VNIMU,+00.0940,+00.2687,+00.4478,+00.336,+02.761,-09.279,+00.003051,-00.001721,-00.000464,+36.5,+083.710*67
$VNIMU,+00.0918,+00.2710,+00.4493,+00.323,+02.753,-09.269,-00.003154,+00.001353,-00.000285,+36.5,+083.723*68
$VNIMU,+00.0940,+00.2699,+00.4479,+00.345,+02.765,-09.241,+00.004439,+00.000169,+00.000451,+36.5,+083.710*62
$VNIMU,+00.0918,+00.2710,+00.4480,+00.354,+02.756,-09.264,+00.001358,+00.000013,-00.000084,+36.5,+083.723*6D
$VNIMU,+00.0907,+00.2699,+00.4508,+00.308,+02.759,-09.277,-00.000138,-00.000325,+00.000213,+36.5,+083.727*6B
$VNIMU,+00.0907,+00.2722,+00.4467,+00.334,+02.761,-09.285,-00.001983,-00.001294,-00.002236,+36.5,+083.736*6B
$VNIMU,+00.0940,+00.2676,+00.4492,+00.334,+02.747,-09.221,+00.000132,+00.001474,-00.000621,+36.5,+083.723*67
$VNGPE,597971.799740,2072,3,10,-2006291.750,-4859665.130,+3601608.270,+000.080,-000.160,-000.080,+006.510,+005.909,+004.311,+000.424,3.00E-09*00
$VNIMU,+00.0918,+00.2710,+00.4507,+00.359,+02.760,-09.266,+00.003231,-00.000801,+00.000208,+36.5,+083.736*6C
$VNIMU,+00.0929,+00.2710,+00.4493,+00.313,+02.753,-09.292,+00.002248,-00.002177,-00.000758,+36.5,+083.723*60
$VNIMU,+00.0907,+00.2699,+00.4467,+00.311,+02.793,-09.265,-00.003574,+00.000821,-00.001118,+36.5,+083.723*63
$VNIMU,+00.0929,+00.2722,+00.4479,+00.348,+02.766,-09.285,+00.002314,-00.001014,-00.000877,+36.5,+083.736*62
$VNIMU,+00.0940,+00.2687,+00.4465,+00.364,+02.787,-09.242,+00.001870,-00.002123,-00.000480,+36.5,+083.723*68
$VNIMU,+00.0907,+00.2687,+00.4507,+00.313,+02.741,-09.270,+00.001285,-00.002561,-00.000798,+36.5,+083.723*6D
$VNIMU,+00.0918,+00.2687,+00.4480,+00.345,+02.738,-09.341,+00.000932,+00.000249,-00.000039,+36.5,+083.723*60
$VNIMU,+00.0897,+00.2676,+00.4481,+00.354,+02.768,-09.258,-00.001414,+00.001108,-00.000254,+36.5,+083.723*65
$VNIMU,+00.0940,+00.2687,+00.4478,+00.340,+02.731,-09.293,+00.004598,-00.001758,+00.000879,+36.5,+083.723*68
$VNIMU,+00.0939,+00.2699,+00.4465,+00.326,+02.795,-09.279,+00.000886,-00.001117,+00.001086,+36.5,+083.723*6D
$VNGPE,597971.999741,2072,3,10,-2006291.710,-4859665.200,+3601608.300,+000.020,-000.050,+000.110,+006.510,+005.909,+004.308,+000.304,3.00E-09*06
$VNIMU,+00.0918,+00.2687,+00.4493,+00.336,+02.732,-09.290,+00.008025,-00.001097,+00.000130,+36.5,+083.710*6E
$VNIMU,+00.0939,+00.2710,+00.4451,+00.331,+02.741,-09.248,+00.000496,+00.001903,+00.000089,+36.5,+083.723*6F
$VNIMU,+00.0907,+00.2699,+00.4508,+00.337,+02.735,-09.267,-00.001541,-00.001302,-00.002275,+36.5,+083.723*63
$VNIMU,+00.0918,+00.2687,+00.4466,+00.306,+02.739,-09.263,+00.004860,-00.004063,+00.000093,+36.5,+083.736*67
$VNIMU,+00.0940,+00.2699,+00.4479,+00.317,+02.783,-09.266,-00.007614,+00.001320,-00.001812,+36.5,+083.710*62
$VNIMU,+00.0918,+00.2687,+00.4466,+00.361,+02.781,-09.267,+00.003074,-00.000507,-00.000253,+36.5,+083.736*60
$VNIMU,+00.0929,+00.2699,+00.4466,+00.334,+02.760,-09.251,+00.001746,-00.001888,-00.000984,+36.5,+083.723*6D
$VNIMU,+00.0897,+00.2676,+00.4481,+00.327,+02.752,-09.304,+00.002181,-00.001157,-00.001021,+36.5,+083.723*61
$VNIMU,+00.0950,+00.2699,+00.4464,+00.348,+02.752,-09.272,+00.002374,-00.000835,-00.000514,+36.5,+083.723*6E
$VNIMU,+00.0896,+00.2699,+00.4481,+00.369,+02.754,-09.253,+00.000890,+00.000477,+00.000359,+36.5,+083.723*6E
$VNGPE,597972.199742,2072,3,10,-2006291.680,-4859665.240,+3601608.320,+000.020,-000.110,-000.070,+006.510,+005.909,+004.296,+000.400,3.00E-09*01
$VNIMU,+00.0918,+00.2676,+00.4480,+00.345,+02.754,-09.268,+00.003375,-00.001489,+00.000165,+36.5,+083.723*67
$VNIMU,+00.0907,+00.2699,+00.4494,+00.336,+02.766,-09.253,+00.001070,-00.001950,-00.000451,+36.5,+083.736*6D
$VNIMU,+00.0907,+00.2687,+00.4480,+00.316,+02.762,-09.292,-00.004529,-00.000094,-00.000121,+36.5,+083.723*60
$VNIMU,+00.0918,+00.2710,+00.4480,+00.342,+02.793,-09.260,+00.003546,-00.000111,+00.000253,+36.5,+083.723*67
$VNIMU,+00.0939,+00.2710,+00.4492,+00.328,+02.764,-09.254,+00.002392,-00.001982,+00.000827,+36.5,+083.723*60
$VNIMU,+00.0918,+00.2699,+00.4480,+00.339,+02.762,-09.280,+00.000802,-00.000178,+00.000055,+36.5,+083.723*6E
$VNIMU,+00.0907,+00.2710,+00.4467,+00.370,+02.778,-09.231,+00.001868,-00.001174,-00.000162,+36.5,+083.736*62
$VNIMU,+00.0929,+00.2676,+00.4479,+00.341,+02.769,-09.268,+00.000281,-00.002176,+00.000602,+36.5,+083.710*60
$VNIMU,+00.0918,+00.2687,+00.4493,+00.325,+02.751,-09.272,+00.000360,-00.000981,+00.000466,+36.5,+083.740*63
$VNIMU,+00.0907,+00.2699,+00.4480,+00.332,+02.740,-09.262,+00.001088,-00.001458,-00.000072,+36.5,+083.723*69
$VNGPE,597972.399743,2072,3,10,-2006291.630,-4859665.330,+3601608.330,+000.180,-000.170,-000.130,+006.480,+005.882,+004.287,+000.440,3.00E-09*08
$VNIMU,+00.0918,+00.2710,+00.4493,+00.340,+02.781,-09.249,-00.000246,-00.001121,-00.001104,+36.4,+083.723*68
$VNIMU,+00.0918,+00.2699,+00.4480,+00.336,+02.765,-09.269,+00.001372,-00.001184,-00.000359,+36.5,+083.710*67
$VNIMU,+00.0950,+00.2710,+00.4464,+00.339,+02.762,-09.272,+00.001311,+00.000228,+00.000144,+36.5,+083.723*6C
$VNIMU,+00.0939,+00.2733,+00.4465,+00.354,+02.765,-09.264,+00.002236,-00.000906,-00.000252,+36.5,+083.710*6C
$VNIMU,+00.0929,+00.2676,+00.4438,+00.331,+02.756,-09.296,+00.003623,-00.001339,+00.000525,+36.5,+083.723*6C
$VNIMU,+00.0928,+00.2733,+00.4466,+00.327,+02.745,-09.258,-00.001562,+00.001048,-00.001072,+36.5,+083.723*60
$VNIMU,+00.0896,+00.2710,+00.4481,+00.344,+02.749,-09.250,+00.002515,-00.001116,-00.000302,+36.5,+083.723*61
$VNIMU,+00.0918,+00.2699,+00.4480,+00.330,+02.732,-09.270,+00.002399,-00.002574,-00.001383,+36.5,+083.710*63
$VNIMU,+00.0929,+00.2699,+00.4493,+00.340,+02.761,-09.295,-00.000421,+00.000413,-00.001051,+36.5,+083.723*61
$VNIMU,+00.0929,+00.2710,+00.4493,+00.355,+02.779,-09.267,-00.000161,-00.001103,-00.001024,+36.5,+083.723*61
$VNGPE,597972.599745,2072,3,10,-2006291.580,-4859665.370,+3601608.350,+000.060,+000.070,+000.010,+006.480,+005.882,+004.278,+000.256,3.00E-09*0E
$VNIMU,+00.0907,+00.2676,+00.4453,+00.347,+02.775,-09.283,+00.002901,-00.002332,-00.000308,+36.5,+083.723*60
$VNIMU,+00.0918,+00.2699,+00.4507,+00.350,+02.771,-09.246,+00.004138,-00.002344,-00.000245,+36.5,+083.723*69
$VNIMU,+00.0929,+00.2676,+00.4479,+00.311,+02.759,-09.263,-00.000053,-00.000191,-00.000333,+36.5,+083.740*69
$VNIMU,+00.0950,+00.2676,+00.4478,+00.366,+02.754,-09.249,+00.000161,-00.000686,+00.000243,+36.5,+083.723*61
$VNIMU,+00.0929,+00.2699,+00.4493,+00.325,+02.756,-09.262,+00.001696,-00.001170,-00.001117,+36.5,+083.723*63
$VNIMU,+00.0918,+00.2699,+00.4480,+00.325,+02.747,-09.296,-00.000371,+00.000165,+00.000012,+36.5,+083.723*63
$VNIMU,+00.0907,+00.2710,+00.4467,+00.335,+02.767,-09.259,+00.001081,-00.001941,-00.000631,+36.5,+083.723*67
$VNIMU,+00.0896,+00.2710,+00.4481,+00.346,+02.760,-09.286,+00.002329,-00.002255,-00.000038,+36.5,+083.710*67
$VNIMU,+00.0907,+00.2710,+00.4508,+00.336,+02.764,-09.268,+00.001008,+00.000236,-00.000118,+36.5,+083.723*6C
$VNIMU,+00.0918,+00.2699,+00.4466,+00.319,+02.784,-09.257,+00.001077,-00.000111,-00.000653,+36.5,+083.727*60
$VNGPE,597972.799746,2072,3,10,-2006291.540,-4859665.450,+3601608.370,+000.130,-000.180,-000.070,+006.480,+005.882,+004.266,+000.416,3.00E-09*05
$VNIMU,+00.0939,+00.2710,+00.4465,+00.347,+02.744,-09.249,+00.002410,-00.002400,-00.001223,+36.5,+083.723*6F
$VNIMU,+00.0950,+00.2721,+00.4492,+00.332,+02.755,-09.293,+00.001502,-00.002292,-00.000984,+36.5,+083.723*64
$VNIMU,+00.0929,+00.2665,+00.4493,+00.323,+02.762,-09.260,-00.001677,+00.000950,-00.000879,+36.5,+083.723*67
$VNIMU,+00.0950,+00.2687,+00.4451,+00.337,+02.789,-09.244,+00.000997,-00.000642,-00.000054,+36.5,+083.723*66
$VNIMU,+00.0929,+00.2722,+00.4479,+00.356,+02.751,-09.277,+00.004394,-00.001926,-00.000877,+36.5,+083.736*62
$VNIMU,+00.0918,+00.2665,+00.4479,+00.325,+02.764,-09.289,+00.000145,+00.000953,-00.000210,+36.5,+083.723*61
$VNIMU,+00.0907,+00.2687,+00.4453,+00.350,+02.769,-09.262,+00.001202,-00.000070,+00.000295,+36.5,+083.736*61
$VNIMU,+00.0896,+00.2710,+00.4508,+00.360,+02.766,-09.278,+00.001920,-00.000887,-00.000610,+36.5,+083.740*6A
$VNIMU,+00.0896,+00.2722,+00.4495,+00.328,+02.738,-09.282,+00.000492,-00.000089,+00.000426,+36.5,+083.723*6B
$VNIMU,+00.0961,+00.2699,+00.4464,+00.335,+02.764,-09.249,-00.000091,-00.000273,-00.000546,+36.5,+083.723*68
$VNGPE,597972.999747,2072,3,10,-2006291.510,-4859665.520,+3601608.390,+000.010,+000.050,-000.050,+006.480,+005.882,+004.260,+000.320,3.00E-09*08
$VNIMU,+00.0918,+00.2699,+00.4466,+00.339,+02.775,-09.260,+00.001573,-00.000937,-00.000216,+36.5,+083.727*60
$VNIMU,+00.0929,+00.2710,+00.4479,+00.342,+02.779,-09.257,+00.000084,-00.002791,-00.000624,+36.5,+083.723*65
$VNIMU,+00.0896,+00.2699,+00.4481,+00.325,+02.786,-09.277,+00.000727,+00.000691,-00.000582,+36.5,+083.710*60
$VNIMU,+00.0918,+00.2687,+00.4480,+00.341,+02.760,-09.283,+00.002347,-00.000862,+00.000757,+36.5,+083.723*60
$VNIMU,+00.0918,+00.2676,+00.4466,+00.324,+02.761,-09.284,+00.001175,-00.001054,-00.000097,+36.5,+083.723*62
$VNIMU,+00.0918,+00.2665,+00.4452,+00.350,+02.768,-09.267,+00.000631,-00.000011,-00.000399,+36.5,+083.727*6F
$VNIMU,+00.0907,+00.2733,+00.4453,+00.333,+02.727,-09.224,+00.000646,+00.000346,-00.001120,+36.5,+083.710*69
$VNIMU,+00.0918,+00.2710,+00.4480,+00.341,+02.756,-09.254,+00.002304,-00.001843,+00.000490,+36.5,+083.723*6D
$VNGPE,597973.199748,2072,3,10,-2006291.480,-4859665.610,+3601608.440,+000.060,-000.020,+000.000,+006.450,+005.855,+004.254,+000.360,3.00E-09*0D
$VNIMU,+00.0918,+00.2710,+00.4493,+00.332,+02.741,-09.283,+00.000618,-00.001288,-00.000123,+36.5,+083.727*6F
$VNIMU,+00.0918,+00.2699,+00.4480,+00.350,+02.743,-09.278,+00.001361,-00.000565,-00.000603,+36.5,+083.710*61
$VNIMU,+00.0929,+00.2710,+00.4479,+00.334,+02.739,-09.291,+00.001283,-00.001728,-00.001451,+36.5,+083.723*6E
$VNIMU,+00.0940,+00.2676,+00.4492,+00.355,+02.767,-09.257,+00.000066,+00.000284,-00.001025,+36.5,+083.723*68
$VNIMU,+00.0950,+00.2721,+00.4492,+00.365,+02.777,-09.300,+00.001041,-00.000175,-00.000079,+36.5,+083.723*6C
$VNIMU,+00.0875,+00.2688,+00.4482,+00.347,+02.776,-09.254,+00.000907,-00.000991,-00.000333,+36.5,+083.740*68
$VNIMU,+00.0907,+00.2710,+00.4494,+00.338,+02.738,-09.253,+00.001915,-00.001811,+00.000704,+36.5,+083.723*67
$VNIMU,+00.0918,+00.2722,+00.4453,+00.313,+02.763,-09.255,-00.000137,-00.000214,+00.000651,+36.5,+083.723*62
$VNIMU,+00.0907,+00.2710,+00.4494,+00.338,+02.756,-09.296,+00.001517,-00.000229,-00.000485,+36.5,+083.723*64
$VNIMU,+00.0897,+00.2688,+00.4481,+00.329,+02.762,-09.273,+00.001080,-00.000881,-00.000106,+36.5,+083.736*6D
$VNGPE,597973.399750,2072,3,10,-2006291.450,-4859665.700,+3601608.500,+000.060,-000.120,+000.100,+006.450,+005.855,+004.254,+000.336,3.00E-09*0D
$VNIMU,+00.0929,+00.2676,+00.4438,+00.334,+02.766,-09.276,+00.000652,-00.000434,+00.000041,+36.5,+083.736*69
$VNIMU,+00.0896,+00.2710,+00.4467,+00.355,+02.751,-09.313,+00.000551,-00.002701,+00.000207,+36.5,+083.723*65
$VNIMU,+00.0896,+00.2676,+00.4454,+00.329,+02.757,-09.259,+00.000453,-00.000148,-00.000539,+36.5,+083.723*60
$VNIMU,+00.0918,+00.2687,+00.4466,+00.321,+02.764,-09.260,+00.001480,-00.001546,-00.001020,+36.5,+083.723*62
$VNIMU,+00.0961,+00.2710,+00.4505,+00.338,+02.772,-09.266,+00.001636,-00.000825,+00.000698,+36.5,+083.723*6A
$VNIMU,+00.0896,+00.2710,+00.4467,+00.313,+02.762,-09.252,+00.003339,-00.001489,+00.000635,+36.5,+083.736*69
$VNIMU,+00.0896,+00.2699,+00.4467,+00.316,+02.756,-09.304,-00.001156,-00.001217,-00.001410,+36.5,+083.723*61
$VNIMU,+00.0918,+00.2710,+00.4480,+00.331,+02.754,-09.282,-00.001127,-00.001738,-00.000083,+36.5,+083.736*62
$VNIMU,+00.0907,+00.2687,+00.4453,+00.326,+02.767,-09.264,+00.002669,-00.002312,+00.000280,+36.5,+083.723*67
$VNIMU,+00.0940,+00.2699,+00.4492,+00.327,+02.760,-09.275,+00.002789,-00.000778,-00.000239,+36.5,+083.723*61
$VNGPE,597973.599751,2072,3,10,-2006291.430,-4859665.800,+3601608.570,-000.060,+000.030,+000.030,+006.450,+005.855,+004.254,+000.432,3.00E-09*05
$VNIMU,+00.0939,+00.2710,+00.4479,+00.324,+02.743,-09.282,-00.000507,-00.001614,-00.000771,+36.5,+083.723*63
$VNIMU,+00.0929,+00.2699,+00.4479,+00.354,+02.756,-09.301,+00.002420,-00.001863,-00.000451,+36.5,+083.736*60
$VNIMU,+00.0940,+00.2676,+00.4478,+00.332,+02.760,-09.302,+00.001861,+00.000249,+00.000567,+36.5,+083.723*60
$VNIMU,+00.0907,+00.2722,+00.4481,+00.353,+02.757,-09.279,+00.000513,+00.000112,-00.000289,+36.5,+083.714*6A
$VNIMU,+00.0896,+00.2722,+00.4495,+00.354,+02.777,-09.250,+00.001341,-00.000891,-00.000225,+36.5,+083.723*6E
$VNIMU,+00.0950,+00.2710,+00.4478,+00.336,+02.769,-09.301,+00.002650,-00.001040,+00.000205,+36.5,+083.723*6E
$VNIMU,+00.0940,+00.2676,+00.4478,+00.328,+02.749,-09.281,+00.000291,-00.000865,-00.000844,+36.5,+083.723*66
$VNGPE,597973.799752,2072,3,10,-2006291.420,-4859665.880,+3601608.610,+000.090,-000.150,-000.100,+006.450,+005.855,+004.251,+000.456,3.00E-09*03
$VNIMU,+00.0918,+00.2699,+00.4466,+00.360,+02.769,-09.255,+00.001438,-00.000868,-00.000265,+36.5,+083.727*66
$VNIMU,+00.0929,+00.2699,+00.4479,+00.351,+02.770,-09.284,+00.001990,-00.001211,-00.000073,+36.5,+083.723*67
$VNIMU,+00.0907,+00.2699,+00.4467,+00.301,+02.772,-09.237,+00.001136,-00.000847,+00.000921,+36.5,+083.710*6F
$VNIMU,+00.0929,+00.2676,+00.4479,+00.347,+02.750,-09.278,+00.000313,+00.000080,-00.000399,+36.5,+083.723*6A
$VNIMU,+00.0907,+00.2699,+00.4480,+00.349,+02.761,-09.259,+00.002139,-00.001954,-00.000156,+36.5,+083.723*60
$VNIMU,+00.0907,+00.2687,+00.4494,+00.349,+02.770,-09.271,+00.000818,-00.001284,+00.000487,+36.5,+083.723*61
$VNIMU,+00.0929,+00.2699,+00.4493,+00.327,+02.731,-09.282,-00.001501,-00.000932,-00.000053,+36.5,+083.723*6A
$VNIMU,+00.0918,+00.2699,+00.4507,+00.325,+02.745,-09.231,+00.000852,-00.002566,-00.000547,+36.5,+083.736*6A
$VNIMU,+00.0929,+00.2699,+00.4479,+00.353,+02.775,-09.263,+00.000302,-00.001296,-00.000843,+36.5,+083.736*69
$VNIMU,+00.0918,+00.2665,+00.4466,+00.352,+02.783,-09.254,+00.001116,-00.001423,+00.000493,+36.5,+083.723*67
$VNGPE,597973.999753,2072,3,10,-2006291.390,-4859665.950,+3601608.620,+000.030,-000.010,-000.070,+006.450,+005.855,+004.242,+000.400,3.00E-09*07
$VNIMU,+00.0918,+00.2699,+00.4480,+00.365,+02.752,-09.252,+00.003343,-00.000998,-00.000491,+36.5,+083.723*6A
$VNIMU,+00.0918,+00.2699,+00.4466,+00.343,+02.771,-09.283,+00.002391,-00.001623,-00.000493,+36.5,+083.736*6D
$VNIMU,+00.0918,+00.2699,+00.4493,+00.335,+02.762,-09.279,-00.001577,-00.000904,+00.000293,+36.5,+083.727*61
$VNIMU,+00.0940,+00.2687,+00.4492,+00.362,+02.776,-09.257,+00.003237,-00.001209,+00.000330,+36.5,+083.723*65
$VNIMU,+00.0940,+00.2687,+00.4492,+00.326,+02.758,-09.259,+00.000601,-00.000715,-00.000010,+36.5,+083.723*6B
$VNIMU,+00.0918,+00.2676,+00.4480,+00.330,+02.756,-09.281,+00.000777,+00.000087,+00.000013,+36.5,+083.736*6C
$VNIMU,+00.0929,+00.2687,+00.4465,+00.337,+02.776,-09.250,+00.000816,-00.000207,-00.000640,+36.5,+083.723*64
$VNIMU,+00.0875,+00.2710,+00.4482,+00.310,+02.758,-09.294,+00.002196,-00.000555,-00.000598,+36.5,+083.723*6E
$VNIMU,+00.0918,+00.2699,+00.4507,+00.325,+02.745,-09.272,+00.001115,+00.000999,-00.000639,+36.5,+083.727*64
$VNIMU,+00.0929,+00.2699,+00.4466,+00.345,+02.769,-09.285,+00.000729,+00.000406,-00.000466,+36.5,+083.736*6B
$VNGPE,597974.199755,2072,3,10,-2006291.370,-4859665.990,+3601608.650,-000.020,+000.080,+000.120,+006.450,+005.855,+004.230,+000.416,3.00E-09*03
$VNIMU,+00.0939,+00.2710,+00.4451,+00.346,+02.755,-09.274,+00.003516,-00.001723,+00.000306,+36.5,+083.723*61
$VNIMU,+00.0918,+00.2710,+00.4453,+00.323,+02.726,-09.234,-00.000964,-00.000168,-00.000854,+36.5,+083.723*6D
$VNIMU,+00.0940,+00.2699,+00.4492,+00.335,+02.752,-09.266,-00.000058,-00.001279,-00.000522,+36.5,+083.723*66
$VNIMU,+00.0907,+00.2687,+00.4480,+00.342,+02.770,-09.284,+00.002111,-00.000980,-00.000936,+36.5,+083.723*68
$VNIMU,+00.0918,+00.2687,+00.4466,+00.347,+02.771,-09.274,+00.001086,-00.002132,+00.000240,+36.5,+083.740*63
$VNIMU,+00.0896,+00.2699,+00.4467,+00.345,+02.760,-09.267,+00.000931,-00.000094,-00.000707,+36.5,+083.723*64
$VNIMU,+00.0907,+00.2665,+00.4466,+00.355,+02.767,-09.231,+00.002025,-00.001396,+00.000284,+36.5,+083.723*6C
$VNIMU,+00.0918,+00.2687,+00.4493,+00.330,+02.768,-09.283,+00.002956,-00.002428,-00.000371,+36.5,+083.723*60
$VNIMU,+00.0896,+00.2699,+00.4440,+00.328,+02.763,-09.238,-00.001290,-00.000384,-00.000839,+36.5,+083.723*64
$VNIMU,+00.0929,+00.2699,+00.4466,+00.354,+02.759,-09.291,+00.000643,-00.001184,-00.000745,+36.5,+083.736*6A
$VNGPE,597974.399756,2072,3,10,-2006291.370,-4859666.050,+3601608.720,-000.070,+000.060,+000.150,+006.450,+005.855,+004.221,+000.440,3.00E-09*0D
$VNIMU,+00.0897,+00.2676,+00.4481,+00.328,+02.752,-09.281,+00.003746,-00.001273,+00.001137,+36.5,+083.723*6B
$VNIMU,+00.0918,+00.2710,+00.4453,+00.331,+02.755,-09.270,+00.001090,+00.000078,-00.001243,+36.5,+083.727*60
$VNIMU,+00.0918,+00.2699,+00.4466,+00.341,+02.764,-09.275,+00.001067,-00.001224,+00.000377,+36.5,+083.723*67
$VNIMU,+00.0929,+00.2687,+00.4479,+00.345,+02.742,-09.278,+00.002421,-00.001666,+00.000657,+36.5,+083.736*6D
$VNIMU,+00.0939,+00.2710,+00.4465,+00.332,+02.763,-09.273,+00.000664,+00.000203,-00.000002,+36.5,+083.723*63
$VNIMU,+00.0897,+00.2676,+00.4467,+00.326,+02.772,-09.231,+00.000502,+00.000860,-00.000643,+36.5,+083.723*69
$VNIMU,+00.0907,+00.2722,+00.4494,+00.342,+02.732,-09.271,+00.002055,-00.001733,+00.000214,+36.5,+083.723*64
$VNIMU,+00.0907,+00.2722,+00.4481,+00.317,+02.759,-09.293,+00.002472,-00.001105,-00.001143,+36.5,+083.723*65
$VNIMU,+00.0897,+00.2688,+00.4508,+00.335,+02.784,-09.275,-00.002432,+00.001311,+00.000002,+36.5,+083.723*64
$VNIMU,+00.0950,+00.2699,+00.4478,+00.346,+02.770,-09.271,+00.001040,+00.000032,-00.000908,+36.5,+083.723*61
$VNGPE,597974.599757,2072,3,10,-2006291.370,-4859666.160,+3601608.790,+000.060,-000.100,-000.060,+006.450,+005.855,+004.212,+000.440,3.00E-09*01
$VNIMU,+00.0918,+00.2676,+00.4480,+00.343,+02.758,-09.263,+00.001052,-00.001165,-00.000839,+36.5,+083.723*63
$VNIMU,+00.0918,+00.2687,+00.4480,+00.345,+02.753,-09.281,+00.001027,-00.001696,+00.000457,+36.5,+083.710*67
$VNIMU,+00.0896,+00.2688,+00.4467,+00.344,+02.743,-09.242,+00.002521,-00.002568,-00.000246,+36.5,+083.723*68
$VNIMU,+00.0886,+00.2699,+00.4482,+00.354,+02.757,-09.282,+00.000506,-00.000652,-00.000244,+36.5,+083.723*67
$VNIMU,+00.0961,+00.2687,+00.4477,+00.335,+02.776,-09.289,+00.000736,+00.000180,-00.000041,+36.5,+083.723*6D
$VNGPE,597974.799758,2072,3,10,-2006291.360,-4859666.270,+3601608.840,-000.030,+000.040,-000.060,+006.420,+005.827,+004.206,+000.304,3.00E-09*0D
$VNIMU,+00.0929,+00.2722,+00.4493,+00.342,+02.747,-09.269,+00.006309,-00.002306,+00.001199,+36.5,+083.736*68
$VNIMU,+00.0940,+00.2676,+00.4478,+00.336,+02.752,-09.277,+00.000167,+00.000011,-00.000127,+36.5,+083.727*65
$VNIMU,+00.0950,+00.2687,+00.4478,+00.311,+02.760,-09.282,-00.001420,-00.000041,-00.000630,+36.5,+083.736*67
$VNIMU,+00.0929,+00.2699,+00.4493,+00.327,+02.760,-09.267,+00.002016,-00.001648,-00.000873,+36.5,+083.723*6A
$VNIMU,+00.0929,+00.2676,+00.4479,+00.342,+02.774,-09.249,-00.001533,+00.000118,-00.000758,+36.5,+083.714*65
$VNIMU,+00.0929,+00.2699,+00.4479,+00.350,+02.765,-09.257,+00.002379,-00.001121,-00.001091,+36.5,+083.723*6F
$VNIMU,+00.0864,+00.2688,+00.4483,+00.320,+02.791,-09.294,+00.001883,+00.000689,-00.000586,+36.5,+083.723*6C
$VNIMU,+00.0907,+00.2722,+00.4481,+00.345,+02.760,-09.256,-00.002393,-00.000158,-00.000120,+36.5,+083.727*66
$VNIMU,+00.0897,+00.2699,+00.4644,+00.356,+02.771,-09.267,+00.002998,-00.002125,-00.001423,+36.5,+083.723*68
$VNIMU,+00.0918,+00.2699,+00.4493,+00.320,+02.757,-09.268,+00.001086,+00.000007,-00.001198,+36.5,+083.740*6C
$VNGPE,597974.999760,2072,3,09,-2006291.360,-4859666.370,+3601608.910,-000.140,-000.080,+000.120,+006.420,+005.827,+004.203,+000.336,3.00E-09*0E
$VNIMU,+00.0929,+00.2665,+00.4493,+00.330,+02.750,-09.263,-00.002505,-00.000250,-00.000528,+36.5,+083.727*62
$VNIMU,+00.0918,+00.2710,+00.4507,+00.336,+02.777,-09.275,+00.004113,-00.000965,-00.000536,+36.5,+083.723*6E
$VNIMU,+00.0896,+00.2710,+00.4481,+00.350,+02.785,-09.276,-00.000949,+00.000990,+00.000039,+36.5,+083.723*6D
$VNIMU,+00.0929,+00.2687,+00.4479,+00.351,+02.756,-09.294,+00.002067,-00.001129,+00.000320,+36.5,+083.723*64
$VNIMU,+00.0929,+00.2722,+00.4479,+00.343,+02.774,-09.240,+00.000690,-00.000662,-00.000733,+36.5,+083.727*61
$VNIMU,+00.0918,+00.2699,+00.4507,+00.340,+02.775,-09.290,+00.001863,-00.001362,-00.000220,+36.5,+083.723*61
$VNIMU,+00.0918,+00.2699,+00.4493,+00.329,+02.735,-09.280,+00.000542,-00.002176,-00.000024,+36.5,+083.723*6A
$VNIMU,+00.0929,+00.2699,+00.4452,+00.325,+02.787,-09.243,-00.000849,-00.000872,-00.000945,+36.5,+083.727*6A
$VNIMU,+00.0907,+00.2699,+00.4480,+00.362,+02.752,-09.257,+00.001554,-00.000738,+00.000598,+36.5,+083.723*6E
$VNIMU,+00.0929,+00.2687,+00.4465,+00.367,+02.766,-09.260,+00.006736,-00.001628,+00.000036,+36.5,+083.723*61
$VNGPE,597975.199761,2072,3,10,-2006291.370,-4859666.480,+3601608.990,+000.000,-000.080,+000.160,+006.420,+005.827,+004.191,+000.336,3.00E-09*00
$VNIMU,+00.0950,+00.2710,+00.4478,+00.319,+02.766,-09.261,-00.000919,-00.000195,-00.000098,+36.5,+083.723*65
$VNIMU,+00.0918,+00.2710,+00.4493,+00.321,+02.742,-09.267,-00.001565,-00.000776,+00.000296,+36.5,+083.736*64
$VNIMU,+00.0929,+00.2710,+00.4493,+00.337,+02.769,-09.292,+00.000785,-00.000807,-00.000690,+36.5,+083.727*64
$VNIMU,+00.0929,+00.2676,+00.4465,+00.341,+02.774,-09.301,+00.001805,-00.001936,-00.000131,+36.5,+083.727*62
$VNIMU,+00.0907,+00.2687,+00.4480,+00.341,+02.765,-09.300,+00.001076,-00.000083,-00.000264,+36.5,+083.723*67
$VNIMU,+00.0896,+00.2710,+00.4508,+00.316,+02.763,-09.293,+00.001712,-00.000608,-00.000170,+36.5,+083.723*69
$VNIMU,+00.0907,+00.2710,+00.4494,+00.363,+02.748,-09.267,+00.001696,-00.001006,+00.000243,+36.5,+083.723*65
$VNIMU,+00.0918,+00.2687,+00.4480,+00.331,+02.767,-09.248,+00.000695,-00.000680,-00.000385,+36.5,+083.723*60
$VNIMU,+00.0918,+00.2722,+00.4494,+00.338,+02.758,-09.297,-00.000849,-00.000369,+00.000406,+36.5,+083.723*6D
$VNIMU,+00.0907,+00.2710,+00.4480,+00.333,+02.772,-09.263,+00.001035,-00.000904,-00.000248,+36.5,+083.736*64
$VNGPE,597975.399762,2072,3,10,-2006291.370,-4859666.580,+3601609.070,-000.080,-000.090,+000.100,+006.420,+005.827,+004.185,+000.320,3.00E-09*0D
$VNIMU,+00.0907,+00.2676,+00.4494,+00.335,+02.798,-09.273,+00.000265,-00.000119,-00.000120,+36.5,+083.723*68
$VNIMU,+00.0907,+00.2687,+00.4507,+00.359,+02.773,-09.266,+00.002378,-00.001610,-00.000400,+36.5,+083.723*61
$VNIMU,+00.0939,+00.2710,+00.4465,+00.352,+02.756,-09.288,+00.002678,-00.001513,-00.000624,+36.5,+083.727*6F
$VNIMU,+00.0918,+00.2710,+00.4453,+00.336,+02.753,-09.281,+00.001221,-00.001492,-00.000615,+36.5,+083.723*62
$VNIMU,+00.0918,+00.2687,+00.4480,+00.347,+02.757,-09.278,-00.000925,+00.000114,+00.000206,+36.5,+083.723*63
$VNIMU,+00.0940,+00.2665,+00.4478,+00.349,+02.782,-09.268,+00.000761,-00.002263,-00.001409,+36.5,+083.723*63
$VNIMU,+00.0929,+00.2699,+00.4479,+00.350,+02.758,-09.275,+00.002510,-00.002731,-00.000833,+36.5,+083.723*6D
$VNIMU,+00.0897,+00.2688,+00.4481,+00.341,+02.754,-09.268,-00.001144,-00.000757,-00.001372,+36.5,+083.740*66
$VNIMU,+00.0896,+00.2699,+00.4467,+00.325,+02.762,-09.247,+00.001257,-00.001490,+00.000080,+36.5,+083.727*63
$VNIMU,+00.0918,+00.2699,+00.4466,+00.321,+02.757,-09.274,+00.002638,-00.003085,-00.000359,+36.5,+083.723*6E
$VNGPE,597975.599763,2072,3,10,-2006291.380,-4859666.650,+3601609.130,-000.120,-000.110,+000.220,+006.420,+005.827,+004.179,+000.352,3.00E-09*0B
$VNIMU,+00.0897,+00.2688,+00.4481,+00.350,+02.749,-09.256,+00.000618,-00.001996,-00.000573,+36.5,+083.710*6F
$VNIMU,+00.0918,+00.2676,+00.4452,+00.350,+02.784,-09.256,+00.000389,+00.000535,+00.000637,+36.5,+083.727*69
$VNIMU,+00.0929,+00.2687,+00.4465,+00.338,+02.759,-09.241,+00.000432,-00.001280,+00.000099,+36.5,+083.710*66
$VNIMU,+00.0907,+00.2710,+00.4480,+00.315,+02.753,-09.295,+00.002175,-00.002015,-00.000930,+36.5,+083.723*67
$VNIMU,+00.0929,+00.2676,+00.4465,+00.335,+02.778,-09.261,-00.000408,-00.001278,-00.000758,+36.5,+083.740*65
$VNIMU,+00.0929,+00.2710,+00.4466,+00.350,+02.768,-09.259,+00.001998,-00.001050,-00.000020,+36.5,+083.740*6D
$VNIMU,+00.0896,+00.2722,+00.4467,+00.338,+02.735,-09.285,+00.002203,-00.001226,-00.000030,+36.5,+083.727*66
$VNIMU,+00.0940,+00.2687,+00.4492,+00.331,+02.770,-09.278,+00.000260,-00.000638,-00.001104,+36.5,+083.710*6C
$VNGPE,597975.799765,2072,3,10,-2006291.400,-4859666.730,+3601609.190,-000.150,-000.220,+000.080,+006.420,+005.827,+004.179,+000.288,3.00E-09*04
$VNIMU,+00.0918,+00.2687,+00.4480,+00.348,+02.774,-09.251,+00.000762,-00.000989,-00.000030,+36.5,+083.736*62
$VNIMU,+00.0907,+00.2676,+00.4480,+00.355,+02.754,-09.284,+00.001762,-00.001712,-00.000212,+36.5,+083.723*6E
$VNIMU,+00.0940,+00.2687,+00.4478,+00.359,+02.782,-09.256,-00.000945,-00.000336,-00.000121,+36.5,+083.723*60
$VNIMU,+00.0886,+00.2710,+00.4468,+00.342,+02.747,-09.296,+00.001940,-00.000289,-00.000499,+36.5,+083.723*6B
$VNIMU,+00.0897,+00.2688,+00.4494,+00.343,+02.760,-09.267,+00.001660,-00.001278,+00.000029,+36.5,+083.723*69
$VNIMU,+00.0907,+00.2687,+00.4453,+00.334,+02.772,-09.248,-00.000585,+00.000603,-00.001172,+36.5,+083.723*63
$VNIMU,+00.0918,+00.2687,+00.4452,+00.338,+02.754,-09.271,+00.001438,-00.000799,-00.000141,+36.5,+083.723*6B
$VNIMU,+00.0897,+00.2699,+00.4508,+00.328,+02.775,-09.241,+00.000601,-00.000866,-00.000028,+36.5,+083.723*65
$VNIMU,+00.0918,+00.2710,+00.4466,+00.338,+02.755,-09.253,+00.003110,-00.000798,-00.000407,+36.5,+083.723*69
$VNGPE,597975.999766,2072,3,10,-2006291.400,-4859666.800,+3601609.210,-000.060,-000.140,+000.040,+006.420,+005.827,+004.188,+000.304,3.00E-09*0E
$VNIMU,+00.0907,+00.2710,+00.4480,+00.324,+02.770,-09.306,+00.001284,-00.000347,+00.000658,+36.5,+083.736*64
$VNIMU,+00.0950,+00.2687,+00.4478,+00.341,+02.767,-09.298,-00.001025,+00.000621,-00.000333,+36.5,+083.736*6F
$VNIMU,+00.0940,+00.2699,+00.4492,+00.355,+02.756,-09.285,+00.002628,-00.001634,-00.000451,+36.5,+083.723*64
$VNIMU,+00.0929,+00.2665,+00.4465,+00.339,+02.768,-09.284,+00.000613,-00.001497,-00.000085,+36.5,+083.723*6A
$VNIMU,+00.0929,+00.2687,+00.4452,+00.332,+02.768,-09.247,+00.000250,+00.000639,-00.001911,+36.5,+083.736*65
$VNIMU,+00.0907,+00.2687,+00.4439,+00.333,+02.769,-09.284,+00.003427,-00.001453,+00.001385,+36.5,+083.710*62
$VNIMU,+00.0929,+00.2710,+00.4493,+00.335,+02.762,-09.255,+00.001062,+00.000251,-00.000240,+36.5,+083.723*6B
$VNIMU,+00.0907,+00.2710,+00.4480,+00.327,+02.760,-09.281,+00.000409,-00.000607,+00.000746,+36.5,+083.710*61
$VNIMU,+00.0907,+00.2699,+00.4453,+00.332,+02.758,-09.248,-00.000835,+00.000217,-00.000872,+36.5,+083.723*6D
$VNIMU,+00.0929,+00.2676,+00.4479,+00.340,+02.764,-09.276,+00.001834,-00.000215,-00.000927,+36.5,+083.727*68
$VNGPE,597976.199767,2072,3,10,-2006291.400,-4859666.860,+3601609.250,-000.010,-000.120,+000.190,+006.420,+005.827,+004.188,+000.336,3.00E-09*0A
$VNIMU,+00.0929,+00.2676,+00.4493,+00.355,+02.743,-09.276,+00.000449,-00.000930,-00.000054,+36.5,+083.723*6F
$VNIMU,+00.0940,+00.2676,+00.4465,+00.359,+02.764,-09.250,-00.000883,-00.001033,-00.000834,+36.5,+083.723*6D
$VNIMU,+00.0940,+00.2676,+00.4478,+00.354,+02.758,-09.255,+00.002609,-00.001899,+00.000041,+36.5,+083.723*6A
$VNIMU,+00.0918,+00.2687,+00.4507,+00.324,+02.754,-09.277,+00.001687,-00.000017,-00.000676,+36.5,+083.736*61
$VNIMU,+00.0939,+00.2710,+00.4479,+00.316,+02.758,-09.264,+00.001122,-00.000975,-00.001118,+36.5,+083.714*61
$VNIMU,+00.0897,+00.2699,+00.4508,+00.343,+02.737,-09.281,+00.001073,-00.000563,-00.000425,+36.5,+083.723*61
$VNIMU,+00.0918,+00.2676,+00.4493,+00.359,+02.787,-09.258,+00.001376,-00.000117,-00.000187,+36.5,+083.736*69
$VNGPE,597976.399768,2072,3,10,-2006291.380,-4859666.910,+3601609.280,+000.110,-000.250,+000.070,+006.420,+005.827,+004.188,+000.344,3.00E-09*0A
$VNIMU,+00.0896,+00.2699,+00.4467,+00.329,+02.732,-09.283,+00.001906,-00.002064,-00.000653,+36.5,+083.727*6F
$VNIMU,+00.0907,+00.2699,+00.4467,+00.341,+02.754,-09.232,-00.000111,+00.000860,-00.000819,+36.5,+083.727*63
$VNIMU,+00.0929,+00.2710,+00.4479,+00.354,+02.780,-09.262,-00.000073,-00.001283,+00.000026,+36.5,+083.723*6B
$VNIMU,+00.0918,+00.2687,+00.4480,+00.335,+02.752,-09.275,+00.002286,-00.002654,-00.001011,+36.5,+083.727*68
$VNIMU,+00.0940,+00.2699,+00.4479,+00.326,+02.733,-09.243,-00.001437,-00.000689,+00.000132,+36.5,+083.740*61
$VNIMU,+00.0929,+00.2699,+00.4479,+00.325,+02.764,-09.256,+00.001697,+00.000206,-00.000508,+36.5,+083.723*6E
$VNIMU,+00.0918,+00.2699,+00.4466,+00.341,+02.764,-09.297,+00.001373,-00.001840,-00.000118,+36.5,+083.723*68
$VNIMU,+00.0918,+00.2687,+00.4480,+00.344,+02.764,-09.245,+00.002110,-00.001191,-00.000447,+36.5,+083.723*6B
$VNIMU,+00.0907,+00.2710,+00.4453,+00.351,+02.766,-09.241,-00.000689,-00.000876,-00.000286,+36.5,+083.736*6B
$VNIMU,+00.0918,+00.2699,+00.4480,+00.333,+02.744,-09.246,+00.002366,-00.000796,-00.000467,+36.5,+083.723*64
$VNGPE,597976.599770,2072,3,10,-2006291.360,-4859666.970,+3601609.290,-000.070,-000.240,+000.120,+006.420,+005.827,+004.191,+000.320,3.00E-09*02
$VNIMU,+00.0907,+00.2665,+00.4480,+00.369,+02.734,-09.275,+00.000818,-00.001659,-00.001451,+36.5,+083.723*66
$VNIMU,+00.0939,+00.2699,+00.4465,+00.348,+02.777,-09.291,-00.000199,-00.001510,+00.000452,+36.5,+083.723*61
$VNIMU,+00.0918,+00.2687,+00.4452,+00.337,+02.753,-09.276,+00.000593,-00.001250,-00.000692,+36.5,+083.723*6D
$VNIMU,+00.0929,+00.2710,+00.4493,+00.335,+02.775,-09.275,+00.000920,-00.000829,-00.000066,+36.5,+083.723*64
$VNIMU,+00.0907,+00.2699,+00.4467,+00.302,+02.785,-09.297,+00.001036,-00.000029,+00.000718,+36.5,+083.740*6E
$VNIMU,+00.0929,+00.2687,+00.4452,+00.342,+02.761,-09.271,+00.002156,-00.000464,+00.000534,+36.5,+083.723*6D
$VNIMU,+00.0907,+00.2699,+00.4480,+00.360,+02.715,-09.261,-00.002061,+00.000042,-00.000972,+36.5,+083.736*6A
$VNIMU,+00.0929,+00.2699,+00.4466,+00.380,+02.750,-09.243,+00.001731,-00.000553,-00.000279,+36.5,+083.736*65
$VNIMU,+00.0918,+00.2676,+00.4466,+00.339,+02.760,-09.257,+00.001275,-00.001422,+00.000518,+36.5,+083.723*63
$VNGPE,597976.799771,2072,3,10,-2006291.350,-4859667.030,+3601609.290,-000.010,-000.120,+000.060,+006.420,+005.827,+004.191,+000.328,3.00E-09*00
$VNIMU,+00.0918,+00.2676,+00.4493,+00.338,+02.796,-09.252,-00.001494,-00.000880,-00.000986,+36.5,+083.740*66
$VNIMU,+00.0929,+00.2687,+00.4452,+00.354,+02.783,-09.305,-00.000568,-00.001039,-00.000585,+36.5,+083.723*68
$VNIMU,+00.0940,+00.2676,+00.4506,+00.319,+02.784,-09.270,+00.003167,-00.001320,-00.000520,+36.5,+083.736*6A
$VNIMU,+00.0918,+00.2710,+00.4439,+00.325,+02.745,-09.272,+00.001797,-00.001229,-00.000573,+36.5,+083.723*6A
$VNIMU,+00.0929,+00.2699,+00.4493,+00.342,+02.741,-09.255,+00.001677,+00.000905,-00.001148,+36.5,+083.723*68
$VNIMU,+00.0897,+00.2665,+00.4494,+00.340,+02.753,-09.234,-00.000034,+00.000014,-00.001239,+36.5,+083.723*64
$VNIMU,+00.0918,+00.2699,+00.4466,+00.348,+02.756,-09.290,+00.001488,+00.000215,-00.000512,+36.5,+083.723*67
$VNIMU,+00.0918,+00.2687,+00.4452,+00.321,+02.762,-09.263,-00.001079,-00.000533,+00.000718,+36.5,+083.727*68
$VNIMU,+00.0896,+00.2699,+00.4481,+00.338,+02.786,-09.290,-00.000037,-00.001339,+00.000440,+36.5,+083.736*68
$VNIMU,+00.0907,+00.2687,+00.4507,+00.343,+02.775,-09.284,+00.002315,-00.000971,-00.000505,+36.5,+083.723*66
$VNGPE,597976.999772,2072,3,10,-2006291.310,-4859667.070,+3601609.260,+000.040,-000.090,-000.010,+006.420,+005.827,+004.188,+000.400,3.00E-09*0F
$VNIMU,+00.0929,+00.2699,+00.4493,+00.337,+02.771,-09.288,+00.001413,+00.000321,-00.000651,+36.5,+083.736*6F
$VNIMU,+00.0940,+00.2676,+00.4478,+00.318,+02.761,-09.256,+00.002483,-00.001438,+00.000276,+36.5,+083.723*6A
$VNIMU,+00.0929,+00.2699,+00.4452,+00.338,+02.758,-09.282,-00.000259,-00.001633,-00.001672,+36.5,+083.736*62
$VNIMU,+00.0939,+00.2710,+00.4492,+00.361,+02.774,-09.260,+00.000505,-00.001060,+00.000239,+36.5,+083.723*61
$VNIMU,+00.0918,+00.2710,+00.4493,+00.330,+02.786,-09.228,+00.001871,-00.001149,+00.000553,+36.5,+083.710*68
$VNIMU,+00.0939,+00.2710,+00.4479,+00.321,+02.754,-09.294,+00.002400,-00.000097,+00.000375,+36.5,+083.736*6B
$VNIMU,+00.0907,+00.2710,+00.4494,+00.342,+02.744,-09.285,+00.000971,-00.001233,-00.000289,+36.5,+083.736*61
$VNIMU,+00.0918,+00.2687,+00.4480,+00.327,+02.752,-09.261,+00.000731,-00.000659,+00.000352,+36.5,+083.723*6D
$VNIMU,+00.0907,+00.2687,+00.4507,+00.349,+02.767,-09.283,+00.000978,-00.001057,+00.000047,+36.5,+083.714*66
$VNIMU,+00.0940,+00.2676,+00.4478,+00.339,+02.778,-09.267,+00.000800,-00.001227,-00.000248,+36.5,+083.723*65
$VNGPE,597977.199773,2072,3,10,-2006291.250,-4859667.070,+3601609.160,-000.130,+000.050,+000.010,+006.420,+005.827,+004.188,+000.384,3.00E-09*06
$VNIMU,+00.0907,+00.2699,+00.4480,+00.345,+02.775,-09.282,+00.001828,-00.001111,-00.000361,+36.5,+083.723*6A
$VNIMU,+00.0918,+00.2687,+00.4480,+00.319,+02.768,-09.282,+00.001178,-00.002253,-00.000066,+36.5,+083.723*60
$VNIMU,+00.0950,+00.2699,+00.4464,+00.354,+02.749,-09.240,+00.001461,-00.000538,+00.000770,+36.5,+083.736*6A
$VNIMU,+00.0907,+00.2699,+00.4480,+00.304,+02.756,-09.243,+00.000411,-00.000453,+00.000787,+36.5,+083.723*6C
$VNIMU,+00.0929,+00.2710,+00.4466,+00.343,+02.757,-09.260,+00.001199,-00.001511,-00.001397,+36.5,+083.723*6B
$VNIMU,+00.0907,+00.2699,+00.4467,+00.351,+02.763,-09.258,+00.000868,-00.000382,-00.000998,+36.5,+083.736*62
$VNIMU,+00.0918,+00.2699,+00.4466,+00.334,+02.763,-09.263,+00.001367,-00.000484,-00.000946,+36.5,+083.710*65
$VNGPE,597977.399775,2072,3,10,-2006291.190,-4859667.120,+3601609.100,+000.110,-000.140,+000.020,+006.420,+005.827,+004.197,+000.408,3.00E-09*03
$VNIMU,+00.0939,+00.2699,+00.4451,+00.328,+02.758,-09.288,+00.001500,-00.000751,-00.002035,+36.5,+083.740*64
$VNIMU,+00.0918,+00.2676,+00.4480,+00.351,+02.747,-09.306,+00.002233,-00.002074,+00.000614,+36.5,+083.727*6B
$VNIMU,+00.0939,+00.2733,+00.4492,+00.342,+02.763,-09.241,-00.001581,-00.000567,-00.001665,+36.5,+083.723*66
$VNIMU,+00.0918,+00.2699,+00.4480,+00.344,+02.769,-09.282,+00.000933,-00.001201,+00.000382,+36.5,+083.723*6B
$VNIMU,+00.0918,+00.2687,+00.4466,+00.314,+02.765,-09.257,+00.002836,-00.001545,-00.000299,+36.5,+083.723*61
$VNIMU,+00.0929,+00.2699,+00.4520,+00.322,+02.759,-09.263,+00.000074,-00.000657,-00.000599,+36.5,+083.723*68
$VNIMU,+00.0896,+00.2699,+00.4467,+00.329,+02.769,-09.279,+00.000100,-00.000601,-00.000133,+36.5,+083.723*69
$VNIMU,+00.0918,+00.2710,+00.4480,+00.315,+02.759,-09.267,+00.002180,-00.001521,-00.000532,+36.5,+083.727*6F
$VNIMU,+00.0907,+00.2722,+00.4467,+00.326,+02.747,-09.262,+00.001685,-00.000257,-00.000668,+36.5,+083.736*69
$VNIMU,+00.0907,+00.2699,+00.4480,+00.330,+02.763,-09.257,+00.000226,-00.000173,-00.000268,+36.5,+083.736*6B
$VNGPE,597977.599776,2072,3,10,-2006291.140,-4859667.160,+3601609.050,+000.160,-000.220,-000.140,+006.420,+005.827,+004.200,+000.456,3.00E-09*0E
$VNIMU,+00.0929,+00.2710,+00.4466,+00.319,+02.742,-09.254,+00.001256,+00.000295,-00.000113,+36.5,+083.723*64
$VNIMU,+00.0918,+00.2676,+00.4507,+00.365,+02.752,-09.252,-00.000409,-00.000646,+00.000347,+36.5,+083.723*6F
$VNIMU,+00.0929,+00.2699,+00.4452,+00.331,+02.757,-09.244,+00.003354,-00.001556,+00.000307,+36.5,+083.727*67
$VNIMU,+00.0907,+00.2676,+00.4480,+00.338,+02.746,-09.249,+00.002246,-00.000827,-00.000693,+36.5,+083.723*62
$VNIMU,+00.0950,+00.2687,+00.4464,+00.317,+02.751,-09.253,+00.001828,-00.000374,+00.000532,+36.5,+083.727*62
$VNIMU,+00.0929,+00.2733,+00.4479,+00.361,+02.764,-09.278,+00.001073,-00.000413,+00.000013,+36.5,+083.727*66
$VNIMU,+00.0918,+00.2699,+00.4493,+00.321,+02.731,-09.283,+00.000422,-00.001002,+00.000026,+36.5,+083.723*67
$VNIMU,+00.0907,+00.2722,+00.4467,+00.363,+02.762,-09.297,+00.001513,+00.000479,-00.000187,+36.5,+083.736*63
$VNIMU,+00.0907,+00.2710,+00.4467,+00.341,+02.778,-09.250,-00.000812,-00.000872,+00.000035,+36.5,+083.727*66
$VNIMU,+00.0907,+00.2710,+00.4494,+00.350,+02.760,-09.260,+00.003678,-00.001227,-00.001670,+36.5,+083.727*6C
$VNERR,0B*03
