$VNRRG,03,0100018999*5D
$VNWRG,06,0*6C
$VNWRG,06,248*62
$VNIMU,+00.0940,+00.2687,+00.4465,+00.343,+02.758,-09.251,-00.000815,+00.002062,-00.000048,+36.5,+083.717*6C
$VNIMU,+00.0929,+00.2665,+00.4506,+00.340,+02.758,-09.213,+00.002280,-00.001816,-00.000524,+36.5,+083.717*6D
$VNIMU,+00.0918,+00.2665,+00.4466,+00.346,+02.759,-09.290,+00.000185,-00.001950,+00.000544,+36.5,+083.733*65
$VNIMU,+00.0907,+00.2722,+00.4494,+00.318,+02.795,-09.327,+00.001353,+00.000639,-00.001022,+36.5,+083.720*6D
$VNIMU,+00.0918,+00.2699,+00.4453,+00.348,+02.769,-09.288,+00.001656,+00.001614,-00.000930,+36.5,+083.730*6F
$VNIMU,+00.0897,+00.2665,+00.4494,+00.371,+02.753,-09.245,+00.002801,-00.001941,-00.000998,+36.5,+083.704*60
$VNIMU,+00.0918,+00.2710,+00.4466,+00.347,+02.776,-09.244,+00.004725,-00.002039,-00.000100,+36.5,+083.704*68
$VNIMU,+00.0907,+00.2676,+00.4480,+00.324,+02.749,-09.281,-00.001548,-00.001701,-00.000228,+36.5,+083.730*64
$VNIMU,+00.0918,+00.2722,+00.4466,+00.345,+02.757,-09.272,-00.000785,+00.000450,-00.000480,+36.5,+083.730*60
$VNGPE,598296.799772,2072,3,08,-2006297.100,-4859658.670,+3601603.670,+000.010,-000.080,-000.070,+007.050,+006.669,+005.730,+000.328,4.00E-09*0B
$VNIMU,+00.0918,+00.2699,+00.4466,+00.350,+02.757,-09.287,+00.002108,-00.001255,-00.000545,+36.5,+083.730*64
$VNIMU,+00.0929,+00.2710,+00.4479,+00.344,+02.765,-09.258,+00.000957,-00.001523,-00.000119,+36.5,+083.733*66
$VNIMU,+00.0907,+00.2699,+00.4508,+00.313,+02.751,-09.268,-00.001366,+00.000238,-00.001252,+36.5,+083.717*65
$VNIMU,+00.0918,+00.2722,+00.4494,+00.345,+02.758,-09.246,+00.003048,-00.001333,+00.000041,+36.5,+083.730*6C
$VNIMU,+00.0918,+00.2665,+00.4479,+00.369,+02.760,-09.267,-00.001589,+00.000264,-00.000879,+36.5,+083.717*63
$VNIMU,+00.0896,+00.2699,+00.4481,+00.340,+02.774,-09.257,+00.001245,-00.001375,-00.001413,+36.5,+083.733*6D
$VNIMU,+00.0886,+00.2710,+00.4482,+00.340,+02.779,-09.296,+00.001944,-00.000549,-00.001095,+36.5,+083.730*64
$VNIMU,+00.0907,+00.2710,+00.4467,+00.323,+02.767,-09.233,+00.000246,-00.000540,-00.000386,+36.5,+083.717*66
$VNIMU,+00.0918,+00.2699,+00.4507,+00.380,+02.760,-09.239,-00.000184,-00.001654,-00.001021,+36.5,+083.717*68
$VNIMU,+00.0929,+00.2699,+00.4493,+00.345,+02.792,-09.295,+00.000887,-00.001669,-00.000038,+36.5,+083.720*6B
$VNGPE,598296.999773,2072,3,08,-2006297.110,-4859658.650,+3601603.680,+000.100,+000.020,-000.020,+007.050,+006.669,+005.748,+000.392,4.00E-09*0F
$VNIMU,+00.0896,+00.2699,+00.4481,+00.349,+02.760,-09.274,+00.000645,-00.000179,+00.000934,+36.5,+083.720*67
$VNIMU,+00.0950,+00.2687,+00.4451,+00.359,+02.748,-09.283,+00.000447,-00.001460,+00.000342,+36.5,+083.733*68
$VNIMU,+00.0918,+00.2710,+00.4493,+00.367,+02.778,-09.250,+00.002730,-00.003041,+00.000133,+36.5,+083.730*66
$VNIMU,+00.0929,+00.2687,+00.4520,+00.332,+02.770,-09.297,+00.000809,-00.001774,-00.001122,+36.5,+083.733*61
$VNIMU,+00.0897,+00.2688,+00.4494,+00.350,+02.758,-09.280,+00.003522,-00.000589,-00.000306,+36.5,+083.730*6C
$VNIMU,+00.0950,+00.2699,+00.4478,+00.360,+02.766,-09.257,+00.002338,+00.000041,-00.000692,+36.5,+083.717*66
$VNIMU,+00.0896,+00.2710,+00.4481,+00.333,+02.785,-09.270,+00.005360,-00.001899,-00.000185,+36.5,+083.733*62
$VNIMU,+00.0907,+00.2699,+00.4467,+00.326,+02.749,-09.229,-00.000052,-00.001299,-00.000849,+36.5,+083.733*69
$VNIMU,+00.0929,+00.2665,+00.4465,+00.378,+02.768,-09.285,-00.001311,-00.000804,-00.000251,+36.5,+083.746*61
$VNIMU,+00.0940,+00.2676,+00.4492,+00.354,+02.793,-09.260,+00.004483,-00.001904,+00.000369,+36.5,+083.733*64
$VNGPE,598297.199774,2072,3,08,-2006297.130,-4859658.670,+3601603.730,-000.040,+000.030,+000.120,+007.080,+006.697,+005.763,+000.352,4.00E-09*07
$VNIMU,+00.0896,+00.2688,+00.4467,+00.326,+02.775,-09.239,+00.004404,-00.001922,+00.000666,+36.5,+083.746*67
$VNIMU,+00.0929,+00.2699,+00.4493,+00.324,+02.762,-09.260,+00.001419,+00.000048,-00.000716,+36.5,+083.717*6E
$VNIMU,+00.0929,+00.2676,+00.4493,+00.358,+02.781,-09.258,+00.001976,-00.001221,-00.000656,+36.5,+083.730*6C
$VNIMU,+00.