$VNRRG,03,0100018999*5D
$VNWRG,06,0*6C
$VNWRG,06,248*62
$VNIMU,+00.0864,+00.2688,+00.4469,+00.404,+02.800,-09.262,-00.000767,-00.000121,+00.000781,+36.5,+083.727*61
$VNIMU,+00.0886,+00.2699,+00.4482,+00.372,+02.780,-09.223,+00.003415,-00.003333,+00.000780,+36.5,+083.710*68
$VNIMU,+00.0875,+00.2676,+00.4455,+00.372,+02.752,-09.267,+00.001487,-00.001876,-00.000225,+36.5,+083.727*69
$VNIMU,+00.0897,+00.2665,+00.4494,+00.375,+02.822,-09.288,+00.000220,-00.000852,-00.000266,+36.5,+083.714*6E
$VNIMU,+00.0896,+00.2699,+00.4495,+00.376,+02.790,-09.230,+00.000618,+00.000006,-00.000015,+36.5,+083.710*69
$VNGPE,598038.200154,2072,3,09,-2006299.130,-4859665.180,+3601614.480,+000.000,-000.020,-000.040,+005.820,+005.283,+004.344,+000.368,3.00E-09*08
$VNIMU,+00.0940,+00.2687,+00.4492,+00.376,+02.764,-09.253,+00.003164,-00.002918,+00.000062,+36.5,+083.723*6E
$VNIMU,+00.0907,+00.2699,+00.4508,+00.352,+02.767,-09.255,+00.000329,-00.000259,+00.000464,+36.5,+083.723*65
$VNIMU,+00.0886,+00.2676,+00.4440,+00.360,+02.757,-09.243,+00.000635,-00.000793,+00.000584,+36.5,+083.723*60
$VNIMU,+00.0918,+00.2699,+00.4493,+00.388,+02.766,-09.252,+00.001497,+00.000178,-00.000107,+36.5,+083.723*6A
$VNIMU,+00.0907,+00.2676,+00.4480,+00.376,+02.790,-09.253,+00.001063,-00.000975,-00.000635,+36.5,+083.727*60
$VNIMU,+00.0864,+00.2688,+00.4455,+00.397,+02.800,-09.265,-00.000134,-00.000978,-00.000213,+36.5,+083.723*6C
$VNIMU,+00.0929,+00.2687,+00.4506,+00.380,+02.779,-09.243,+00.000123,-00.000266,+00.000172,+36.5,+083.723*69
$VNIMU,+00.0886,+00.2688,+00.4481,+00.394,+02.766,-09.263,-00.000866,-00.000267,-00.001533,+36.5,+083.710*6C
$VNIMU,+00.0897,+00.2688,+00.4481,+00.360,+02.794,-09.251,+00.002248,-00.001224,-00.000047,+36.5,+083.710*68
$VNIMU,+00.0886,+00.2699,+00.4509,+00.366,+02.796,-09.292,+00.000857,-00.002732,-00.001072,+36.5,+083.714*66
$VNGPE,598038.400156,2072,3,10,-2006299.150,-4859665.170,+3601614.490,+000.110,-000.080,-000.120,+005.790,+005.256,+004.332,+000.448,3.00E-09*09
$VNIMU,+00.0897,+00.2676,+00.4494,+00.383,+02.784,-09.243,+00.000151,+00.001366,+00.000272,+36.5,+083.723*68
$VNIMU,+00.0907,+00.2676,+00.4480,+00.379,+02.773,-09.251,+00.004841,-00.002415,+00.000427,+36.5,+083.727*63
$VNIMU,+00.0929,+00.2687,+00.4479,+00.341,+02.777,-09.241,-00.000493,+00.000160,-00.001354,+36.5,+083.727*6F
$VNIMU,+00.0907,+00.2676,+00.4494,+00.372,+02.792,-09.245,-00.002512,+00.002818,-00.000950,+36.5,+083.723*64
$VNIMU,+00.0897,+00.2676,+00.4467,+00.401,+02.828,-09.268,+00.004063,-00.002895,-00.001276,+36.5,+083.723*6C
$VNIMU,+00.0897,+00.2688,+00.4494,+00.338,+02.740,-09.258,+00.008588,-00.003570,+00.000481,+36.5,+083.740*69
$VNIMU,+00.0886,+00.2676,+00.4509,+00.327,+02.726,-09.281,-00.003185,+00.003448,-00.001289,+36.5,+083.727*67
$VNIMU,+00.0907,+00.2676,+00.4480,+00.372,+02.802,-09.250,-00.004708,+00.001681,-00.000877,+36.5,+083.727*61
$VNIMU,+00.0886,+00.2676,+00.4468,+00.408,+02.806,-09.249,+00.001006,+00.000661,-00.000218,+36.5,+083.727*6F
$VNIMU,+00.0918,+00.2676,+00.4480,+00.373,+02.784,-09.247,+00.001788,-00.000369,-00.001145,+36.5,+083.727*6F
$VNGPE,598038.600157,2072,3,10,-2006299.170,-4859665.170,+3601614.500,+000.100,-000.070,-000.030,+005.790,+005.256,+004.320,+000.416,3.00E-09*06
$VNIMU,+00.0907,+00.2676,+00.4480,+00.392,+02.786,-09.235,-00.000147,+00.001957,-00.001907,+36.5,+083.727*65
$VNIMU,+00.0907,+00.2687,+00.4480,+00.380,+02.805,-09.278,-00.000586,+00.001069,-00.001533,+36.5,+083.727*63
$VNIMU,+00.0896,+00.2699,+00.4495,+00.386,+02.795,-09.255,-00.000492,-00.001306,-00.002295,+36.5,+083.727*6E
$VNIMU,+00.0886,+00.2676,+00.4468,+00.396,+02.804,-09.276,+00.001907,-00.000213,-00.001655,+36.5,+083.727*62
$VNIMU,+00.0907,+00.2676,+00.4507,+00.387,+02.815,-09.243,+00.001218,+00.001039,-00.000586,+36.5,+083.727*60
$VNIMU,+00.0897,+00.2699,+00.4508,+00.401,+02.805,-09.257,+00.001827,-00.001058,-00.000599,+36.5,+083.723*66
$VNIMU,+00.0886,+00.2688,+00.4481,+00.370,+02.791,-09.268,+00.003406,-00.000712,-00.000947,+36.5,+083.723*63
$VNIMU,+00.0907,+00.2676,+00.4494,+00.370,+02.791,-09.294,+00.001636,-00.002384,+00.000141,+36.5,+083.723*6F
$VNIMU,+00.0875,+00.2699,+00.4455,+00.379,+02.774,-09.254,+00.000849,-00.002144,-00.001556,+36.5,+083.723*65
$VNIMU,+00.0907,+00.2687,+00.4480,+00.389,+02.765,-09.271,+00.002470,-00.002620,-00.001029,+36.5,+083.723*62
$VNGPE,598038.800158,2072,3,10,-2006299.180,-4859665.190,+3601614.550,+000.060,+000.020,+000.040,+005.760,+005.228,+004.302,+000.208,3.00E-09*09
$VNIMU,+00.0918,+00.2687,+00.4466,+00.354,+02.749,-09.281,+00.000973,-00.000737,+00.000893,+36.5,+083.727*66
$VNIMU,+00.0939,+00.2710,+00.4492,+00.364,+02.785,-09.261,+00.000372,-00.000272,-00.000920,+36.5,+083.727*6C
$VNIMU,+00.0875,+00.2688,+00.4482,+00.383,+02.790,-09.271,-00.000524,+00.000396,-00.000231,+36.5,+083.736*6D
$VNIMU,+00.0896,+00.2699,+00.4495,+00.389,+02.834,-09.284,+00.000101,-00.000994,-00.000373,+36.5,+083.723*6F
$VNIMU,+00.0907,+00.2676,+00.4467,+00.374,+02.797,-09.301,+00.002057,-00.000279,+00.000000,+36.5,+083.714*6F
$VNIMU,+00.0875,+00.2676,+00.4523,+00.370,+02.776,-09.242,+00.002909,-00.000426,-00.000480,+36.5,+083.723*67
$VNIMU,+00.0897,+00.2688,+00.4494,+00.368,+02.792,-09.259,+00.003538,-00.000428,+00.000533,+36.5,+083.727*64
$VNIMU,+00.0886,+00.2699,+00.4468,+00.360,+02.771,-09.286,+00.001399,-00.001170,-00.000306,+36.5,+083.727*60
$VNIMU,+00.0886,+00.2710,+00.4482,+00.377,+02.756,-09.273,+00.002319,-00.002176,-00.000736,+36.5,+083.714*64
$VNIMU,+00.0918,+00.2699,+00.4453,+00.371,+02.749,-09.245,+00.000972,-00.001399,+00.000639,+36.5,+083.727*6E
$VNGPE,598039.000159,2072,3,10,-2006299.210,-4859665.190,+3601614.570,+000.020,-000.050,-000.110,+005.760,+005.228,+004.284,+000.376,3.00E-09*09
$VNIMU,+00.0907,+00.2665,+00.4480,+00.368,+02.793,-09.261,+00.001011,-00.002316,+00.000758,+36.5,+083.727*6B
$VNIMU,+00.0897,+00.2688,+00.4494,+00.381,+02.771,-09.269,-00.001057,-00.001536,+00.000040,+36.5,+083.714*6B
$VNIMU,+00.0886,+00.2665,+00.4495,+00.368,+02.801,-09.267,+00.001257,+00.000836,-00.001238,+36.5,+083.710*68
$VNIMU,+00.0918,+00.2687,+00.4507,+00.385,+02.793,-09.261,+00.000766,+00.000023,-00.000325,+36.5,+083.727*6B
$VNIMU,+00.0897,+00.2665,+00.4494,+00.393,+02.756,-09.263,+00.003690,-00.001736,+00.000199,+36.5,+083.723*6E
$VNIMU,+00.0918,+00.2710,+00.4480,+00.380,+02.781,-09.265,+00.001565,-00.002834,-00.000491,+36.5,+083.727*6A
$VNIMU,+00.0875,+00.2676,+00.4509,+00.381,+02.781,-09.261,+00.000147,+00.000661,-00.000006,+36.5,+083.723*65
$VNIMU,+00.0886,+00.2676,+00.4481,+00.394,+02.807,-09.268,-00.001855,-00.000576,-00.001316,+36.5,+083.723*69
$VNIMU,+00.0896,+00.2688,+00.4454,+00.392,+02.800,-09.259,+00.000736,-00.002919,-00.000125,+36.5,+083.727*6F
$VNIMU,+00.0897,+00.2665,+00.4467,+00.388,+02.766,-09.257,+00.006519,-00.004166,+00.001730,+36.5,+083.723*69
$VNGPE,598039.200161,2072,3,10,-2006299.260,-4859665.210,+3601614.620,+000.000,-000.110,+000.030,+005.730,+005.201,+004.260,+000.296,3.00E-09*03
$VNIMU,+00.0886,+00.2688,+00.4509,+00.371,+02.801,-09.245,+00.002680,-00.001860,-00.000797,+36.5,+083.727*6B
$VNIMU,+00.0886,+00.2688,+00.4495,+00.370,+02.796,-09.271,+00.004610,-00.002896,-00.000105,+36.5,+083.723*64
$VNIMU,+00.0918,+00.2699,+00.4466,+00.378,+02.755,-09.218,+00.007886,-00.004274,+00.000099,+36.5,+083.727*62
$VNIMU,+00.0886,+00.2688,+00.4468,+00.342,+02.732,-09.267,+00.003523,-00.002287,-00.000092,+36.5,+083.740*6A
$VNIMU,+00.0897,+00.2676,+00.4481,+00.368,+02.756,-09.257,-00.005424,+00.002906,+00.000344,+36.5,+083.723*6C
$VNIMU,+00.0886,+00.2665,+00.4468,+00.418,+02.771,-09.215,-00.000731,-00.000916,+00.000276,+36.5,+083.727*69
$VNIMU,+00.0896,+00.2699,+00.4467,+00.366,+02.794,-09.263,+00.004456,-00.003900,-00.000352,+36.5,+083.714*65
$VNIMU,+00.0907,+00.2699,+00.4480,+00.331,+02.781,-09.290,-00.002276,+00.000816,+00.000079,+36.5,+083.727*64
$VNIMU,+00.0918,+00.2710,+00.4466,+00.364,+02.771,-09.294,-00.002427,+00.001586,-00.000476,+36.5,+083.723*67
$VNIMU,+00.0875,+00.2665,+00.4482,+00.374,+02.759,-09.221,+00.001839,-00.000697,-00.000067,+36.5,+083.727*63
$VNGPE,598039.400162,2072,3,09,-2006299.300,-4859665.180,+3601614.650,+000.030,+000.030,+000.090,+005.700,+005.174,+004.239,+000.280,3.00E-09*01
$VNIMU,+00.0907,+00.2653,+00.4480,+00.347,+02.732,-09.267,-00.003062,-00.000161,-00.001545,+36.5,+083.714*67
$VNIMU,+00.0929,+00.2687,+00.4479,+00.352,+02.794,-09.250,-00.005007,+00.001912,-00.001917,+36.5,+083.710*69
$VNIMU,+00.0907,+00.2676,+00.4494,+00.390,+02.795,-09.247,-00.000745,+00.000310,-00.000153,+36.5,+083.727*61
$VNIMU,+00.0918,+00.2676,+00.4480,+00.396,+02.788,-09.286,+00.000917,-00.000750,-00.000548,+36.5,+083.723*6E
$VNIMU,+00.0918,+00.2665,+00.4479,+00.373,+02.762,-09.300,-00.001684,+00.001059,-00.000698,+36.5,+083.727*6B
$VNIMU,+00.0875,+00.2653,+00.4495,+00.355,+02.803,-09.281,-00.004139,+00.001451,-00.000617,+36.5,+083.727*6D
$VNIMU,+00.0875,+00.2676,+00.4468,+00.395,+02.807,-09.250,-00.002782,+00.000852,-00.000833,+36.5,+083.727*6A
$VNIMU,+00.0886,+00.2653,+00.4468,+00.398,+02.805,-09.294,-00.000084,-00.000603,-00.000026,+36.5,+083.740*64
$VNIMU,+00.0886,+00.2699,+00.4495,+00.409,+02.807,-09.258,+00.001412,-00.002128,-00.000027,+36.5,+083.723*69
$VNIMU,+00.0918,+00.2687,+00.4480,+00.397,+02.818,-09.216,+00.001534,-00.000686,-00.000081,+36.5,+083.727*6C
$VNGPE,598039.600163,2072,3,09,-2006299.320,-4859665.130,+3601614.660,+000.100,+000.020,-000.080,+005.700,+005.174,+004.227,+000.408,3.00E-09*05
$VNIMU,+00.0907,+00.2676,+00.4480,+00.385,+02.791,-09.235,+00.004048,-00.002992,+00.002115,+36.5,+083.723*6F
$VNIMU,+00.0886,+00.2676,+00.4468,+00.390,+02.789,-09.229,+00.004333,-00.003590,+00.000532,+36.5,+083.723*62
$VNIMU,+00.0940,+00.2676,+00.4465,+00.389,+02.799,-09.287,+00.003683,-00.002278,+00.000600,+36.5,+083.723*62
$VNIMU,+00.0875,+00.2676,+00.4482,+00.387,+02.772,-09.255,+00.002781,-00.002261,+00.001544,+36.5,+083.727*64
$VNIMU,+00.0907,+00.2687,+00.4494,+00.390,+02.807,-09.236,+00.001829,-00.002102,+00.001409,+36.5,+083.727*67
$VNIMU,+00.0896,+00.2699,+00.4467,+00.391,+02.781,-09.309,+00.002128,-00.003214,+00.002196,+36.5,+083.740*6F
$VNIMU,+00.0886,+00.2676,+00.4495,+00.360,+02.768,-09.242,+00.002537,-00.003182,+00.001652,+36.5,+083.727*6E
$VNIMU,+00.0907,+00.2687,+00.4467,+00.357,+02.787,-09.281,+00.000404,-00.003291,+00.001220,+36.5,+083.710*68
$VNIMU,+00.0886,+00.2688,+00.4454,+00.385,+02.795,-09.255,+00.004614,-00.003483,+00.000444,+36.5,+083.723*6D
$VNIMU,+00.0907,+00.2665,+00.4480,+00.383,+02.765,-09.271,+00.003917,-00.004465,+00.000669,+36.5,+083.727*6D
$VNGPE,598039.800164,2072,3,09,-2006299.340,-4859665.100,+3601614.660,+000.010,-000.020,+000.010,+005.670,+005.147,+004.215,+000.296,3.00E-09*06
$VNIMU,+00.0897,+00.2676,+00.4508,+00.385,+02.813,-09.249,+00.004826,-00.004972,+00.002236,+36.5,+083.723*62
$VNIMU,+00.0918,+00.2699,+00.4493,+00.384,+02.791,-09.256,+00.005893,-00.004306,+00.001845,+36.5,+083.723*67
$VNIMU,+00.0886,+00.2699,+00.4482,+00.386,+02.820,-09.277,+00.002353,-00.005654,+00.000607,+36.5,+083.736*6B
$VNIMU,+00.0907,+00.2699,+00.4508,+00.351,+02.748,-09.292,+00.010626,-00.009497,+00.001289,+36.5,+083.723*62
$VNIMU,+00.0918,+00.2676,+00.4439,+00.360,+02.796,-09.245,+00.007834,-00.005956,+00.002457,+36.5,+083.727*60
$VNIMU,+00.0886,+00.2699,+00.4468,+00.377,+02.805,-09.285,-00.001642,-00.000646,+00.001276,+36.5,+083.740*6F
$VNIMU,+00.0907,+00.2699,+00.4494,+00.346,+02.710,-09.294,+00.013731,-00.007852,+00.004184,+36.5,+083.727*6B
$VNIMU,+00.0875,+00.2710,+00.4455,+00.340,+02.798,-09.211,+00.008505,-00.005071,+00.003374,+36.5,+083.723*63
$VNIMU,+00.0885,+00.2722,+00.4468,+00.324,+02.765,-09.312,-00.005079,-00.002127,+00.001276,+36.5,+083.736*64
$VNIMU,+00.0886,+00.2688,+00.4468,+00.377,+02.811,-09.246,+00.015546,-00.005823,+00.004887,+36.5,+083.727*69
$VNGPE,598040.000166,2072,3,09,-2006299.360,-4859665.120,+3601614.670,+000.050,-000.070,-000.070,+005.670,+005.147,+004.200,+000.400,3.00E-09*0F
$VNIMU,+00.0918,+00.2687,+00.4480,+00.346,+02.798,-09.249,+00.003170,-00.006024,+00.001918,+36.5,+083.723*69
$VNIMU,+00.0928,+00.2733,+00.4466,+00.334,+02.749,-09.281,+00.009980,-00.003507,+00.003192,+36.5,+083.727*61
$VNIMU,+00.0929,+00.2699,+00.4493,+00.363,+02.779,-09.277,+00.004550,-00.002542,+00.003377,+36.5,+083.723*62
$VNIMU,+00.0886,+00.2699,+00.4482,+00.331,+02.752,-09.273,+00.000907,-00.003240,+00.001647,+36.5,+083.723*66
$VNIMU,+00.0907,+00.2722,+00.4508,+00.348,+02.762,-09.291,+00.002146,-00.004388,+00.000054,+36.5,+083.723*65
$VNIMU,+00.0886,+00.2688,+00.4495,+00.355,+02.763,-09.249,-00.000766,-00.001276,+00.000651,+36.5,+083.740*62
$VNIMU,+00.0907,+00.2665,+00.4466,+00.381,+02.768,-09.283,+00.003602,-00.003806,+00.000370,+36.5,+083.740*6E
$VNIMU,+00.0907,+00.2687,+00.4480,+00.367,+02.781,-09.266,-00.000200,-00.001603,+00.001044,+36.5,+083.714*60
$VNIMU,+00.0907,+00.2722,+00.4481,+00.314,+02.788,-09.257,+00.006227,-00.006473,-00.000650,+36.5,+083.723*67
$VNIMU,+00.0897,+00.2676,+00.4467,+00.330,+02.739,-09.322,-00.004647,-00.003134,-00.001953,+36.5,+083.727*64
$VNGPE,598040.200167,2072,3,09,-2006299.380,-4859665.090,+3601614.630,-000.080,-000.140,+000.040,+005.670,+005.147,+004.182,+000.280,3.00E-09*07
$VNIMU,+00.0918,+00.2699,+00.4521,+00.350,+02.779,-09.278,+00.002434,-00.002207,-00.000305,+36.5,+083.736*60
$VNIMU,+00.0907,+00.2699,+00.4480,+00.380,+02.776,-09.235,+00.000912,+00.000012,-00.000553,+36.5,+083.740*62
$VNIMU,+00.0907,+00.2676,+00.4494,+00.343,+02.750,-09.297,+00.001864,-00.001969,-00.001330,+36.5,+083.723*61
$VNIMU,+00.0950,+00.2687,+00.4491,+00.342,+02.776,-09.277,+00.004316,-00.000956,-00.000491,+36.5,+083.736*6C
$VNIMU,+00.0907,+00.2699,+00.4508,+00.344,+02.774,-09.267,-00.004628,+00.001699,-00.001293,+36.5,+083.727*65
$VNIMU,+00.0896,+00.2688,+00.4467,+00.371,+02.796,-09.284,+00.005855,-00.001955,-00.000196,+36.5,+083.727*6E
$VNIMU,+00.0907,+00.2676,+00.4480,+00.340,+02.775,-09.282,+00.002297,-00.000258,-00.002051,+36.5,+083.723*6E
$VNIMU,+00.0907,+00.2710,+00.4494,+00.352,+02.783,-09.259,+00.000745,+00.000780,-00.001672,+36.5,+083.723*6C
$VNIMU,+00.0907,+00.2699,+00.4480,+00.360,+02.793,-09.257,-00.002010,+00.003415,-00.002490,+36.5,+083.727*61
$VNIMU,+00.0907,+00.2699,+00.4494,+00.396,+02.757,-09.253,+00.002635,+00.000688,-00.001641,+36.5,+083.723*6A
$VNGPE,598040.400168,2072,3,10,-2006299.410,-4859665.130,+3601614.640,-000.040,-000.080,-000.010,+005.640,+005.119,+004.161,+000.256,3.00E-09*08
$VNIMU,+00.0875,+00.2699,+00.4509,+00.389,+02.762,-09.273,+00.000406,+00.000383,-00.001424,+36.5,+083.723*6E
$VNIMU,+00.0918,+00.2687,+00.4480,+00.369,+02.777,-09.249,-00.000762,+00.000112,-00.001690,+36.5,+083.727*6C
$VNIMU,+00.0918,+00.2687,+00.4480,+00.377,+02.782,-09.252,-00.000113,+00.000587,-00.001916,+36.5,+083.727*6A
$VNIMU,+00.0929,+00.2676,+00.4465,+00.351,+02.776,-09.260,+00.000637,-00.001801,-00.000750,+36.5,+083.723*69
$VNIMU,+00.0907,+00.2699,+00.4494,+00.386,+02.748,-09.241,+00.001401,+00.000002,-00.001087,+36.5,+083.736*6C
$VNIMU,+00.0897,+00.2676,+00.4494,+00.380,+02.768,-09.300,-00.000683,+00.001114,-00.001238,+36.5,+083.723*6F
$VNIMU,+00.0907,+00.2687,+00.4480,+00.364,+02.819,-09.271,+00.001091,+00.000602,-00.001024,+36.5,+083.710*64
$VNIMU,+00.0907,+00.2710,+00.4480,+00.372,+02.754,-09.244,+00.002910,-00.000856,-00.001318,+36.5,+083.727*6E
$VNIMU,+00.0907,+00.2710,+00.4440,+00.357,+02.757,-09.280,+00.002231,-00.000959,-00.000124,+36.5,+083.723*60
$VNIMU,+00.0897,+00.2688,+00.4494,+00.391,+02.764,-09.253,-00.000867,-00.000989,+00.000177,+36.5,+083.727*61
$VNGPE,598040.600169,2072,3,10,-2006299.440,-4859665.090,+3601614.620,-000.080,+000.100,+000.090,+005.640,+005.119,+004.149,+000.400,3.00E-09*01
$VNIMU,+00.0907,+00.2665,+00.4480,+00.385,+02.783,-09.275,+00.000989,-00.000200,-00.002302,+36.5,+083.714*6E
$VNIMU,+00.0897,+00.2653,+00.4481,+00.383,+02.783,-09.252,+00.000631,-00.000995,-00.000333,+36.5,+083.727*6A
$VNIMU,+00.0886,+00.2710,+00.4482,+00.392,+02.779,-09.275,+00.000930,+00.000832,-00.000665,+36.5,+083.736*6D
$VNIMU,+00.0907,+00.2710,+00.4494,+00.370,+02.778,-09.243,+00.000345,-00.001463,-00.000789,+36.5,+083.723*6A
$VNIMU,+00.0896,+00.2676,+00.4454,+00.359,+02.768,-09.283,+00.001747,-00.000546,-00.001205,+36.5,+083.723*68
$VNIMU,+00.0897,+00.2688,+00.4481,+00.360,+02.784,-09.263,+00.000889,-00.001224,+00.000172,+36.5,+083.714*68
$VNIMU,+00.0896,+00.2722,+00.4481,+00.388,+02.778,-09.311,-00.000108,+00.000317,-00.000294,+36.5,+083.710*60
$VNIMU,+00.0929,+00.2676,+00.4465,+00.367,+02.766,-09.277,+00.000505,-00.000628,-00.000730,+36.5,+083.727*6F
$VNIMU,+00.0897,+00.2676,+00.4522,+00.377,+02.784,-09.250,+00.001720,-00.001825,+00.001317,+36.5,+083.740*60
$VNIMU,+00.0886,+00.2699,+00.4495,+00.374,+02.757,-09.266,+00.002203,-00.000547,-00.000531,+36.5,+083.723*6B
$VNGPE,598040.800171,2072,3,10,-2006299.440,-4859665.090,+3601614.620,+000.100,-000.060,-000.020,+005.640,+005.119,+004.140,+000.384,3.00E-09*07
$VNIMU,+00.0907,+00.2710,+00.4494,+00.372,+02.765,-09.280,+00.001946,+00.001091,+00.000067,+36.5,+083.727*69
$VNIMU,+00.0897,+00.2676,+00.4481,+00.366,+02.763,-09.258,+00.001651,-00.001091,-00.000767,+36.5,+083.727*6C
$VNIMU,+00.0918,+00.2676,+00.4480,+00.357,+02.771,-09.262,+00.000464,-00.002754,+00.000320,+36.5,+083.723*6E
$VNIMU,+00.0940,+00.2699,+00.4479,+00.366,+02.757,-09.255,+00.000712,-00.000386,+00.001290,+36.5,+083.714*62
$VNIMU,+00.0896,+00.2676,+00.4454,+00.360,+02.778,-09.230,+00.000248,-00.000198,-00.000245,+36.5,+083.723*62
$VNIMU,+00.0918,+00.2687,+00.4480,+00.377,+02.776,-09.276,+00.002066,-00.000819,-00.000309,+36.5,+083.723*6D
$VNIMU,+00.0886,+00.2676,+00.4495,+00.355,+02.750,-09.240,-00.000075,-00.000590,+00.000263,+36.5,+083.736*65
$VNIMU,+00.0907,+00.2710,+00.4453,+00.390,+02.792,-09.263,+00.000628,+00.000152,-00.000652,+36.5,+083.714*64
$VNIMU,+00.0907,+00.2676,+00.4467,+00.380,+02.775,-09.265,+00.001974,-00.000581,-00.000793,+36.5,+083.727*6B
$VNIMU,+00.0897,+00.2688,+00.4508,+00.366,+02.762,-09.277,+00.002196,-00.001203,-00.000875,+36.5,+083.723*6F
$VNGPE,598041.000172,2072,3,10,-2006299.430,-4859665.070,+3601614.570,+000.110,-000.080,-000.040,+005.640,+005.119,+004.140,+000.424,3.00E-09*06
$VNIMU,+00.0907,+00.2653,+00.4466,+00.380,+02.772,-09.243,+00.002460,-00.001776,-00.000253,+36.5,+083.727*67
$VNIMU,+00.0907,+00.2687,+00.4494,+00.355,+02.766,-09.288,+00.001711,-00.002196,-00.001010,+36.5,+083.727*60
$VNIMU,+00.0940,+00.2676,+00.4478,+00.372,+02.776,-09.280,+00.001923,-00.001230,-00.000505,+36.5,+083.723*64
$VNIMU,+00.0896,+00.2688,+00.4454,+00.375,+02.778,-09.264,+00.000020,-00.001807,-00.001038,+36.5,+083.723*6D
$VNIMU,+00.0918,+00.2699,+00.4480,+00.388,+02.775,-09.255,+00.002254,-00.001668,-00.001117,+36.5,+083.740*63
$VNIMU,+00.0907,+00.2699,+00.4508,+00.353,+02.769,-09.245,+00.002395,-00.001645,-00.000319,+36.5,+083.723*6D
$VNIMU,+00.0907,+00.2687,+00.4480,+00.362,+02.768,-09.300,-00.000124,-00.000269,+00.000533,+36.5,+083.714*6B
$VNIMU,+00.0907,+00.2687,+00.4467,+00.376,+02.776,-09.289,+00.000119,-00.001338,-00.000850,+36.5,+083.710*6E
$VNIMU,+00.0896,+00.2710,+00.4467,+00.351,+02.790,-09.260,+00.001803,-00.001330,+00.001110,+36.5,+083.723*63
$VNIMU,+00.0918,+00.2687,+00.4466,+00.382,+02.789,-09.281,+00.001387,-00.001704,-00.000926,+36.5,+083.714*69
$VNGPE,598041.200173,2072,3,10,-2006299.430,-4859665.030,+3601614.550,-000.150,+000.070,+000.210,+005.640,+005.119,+004.146,+000.488,3.00E-09*09
$VNIMU,+00.0918,+00.2710,+00.4480,+00.349,+02.762,-09.277,-00.001117,+00.001431,-00.000519,+36.5,+083.723*6F
$VNIMU,+00.0875,+00.2710,+00.4482,+00.373,+02.769,-09.275,+00.000801,-00.000861,+00.000067,+36.5,+083.710*6A
$VNIMU,+00.0897,+00.2676,+00.4494,+00.388,+02.787,-09.284,+00.002009,-00.000476,+00.000041,+36.5,+083.727*62
$VNIMU,+00.0918,+00.2699,+00.4493,+00.351,+02.767,-09.256,+00.001058,+00.001157,-00.000198,+36.5,+083.723*66
$VNIMU,+00.0907,+00.2687,+00.4480,+00.399,+02.762,-09.266,+00.000565,+00.000327,+00.000529,+36.5,+083.723*61
$VNIMU,+00.0886,+00.2688,+00.4481,+00.368,+02.760,-09.245,+00.000958,+00.000029,-00.000717,+36.5,+083.723*6C
$VNIMU,+00.0875,+00.2710,+00.4482,+00.381,+02.786,-09.281,+00.003043,-00.001986,-00.000319,+36.5,+083.723*65
$VNIMU,+00.0864,+00.2711,+00.4510,+00.366,+02.752,-09.254,-00.000010,-00.000377,-00.000596,+36.5,+083.714*65
$VNIMU,+00.0886,+00.2688,+00.4481,+00.356,+02.775,-09.240,+00.000077,+00.000419,-00.001491,+36.5,+083.723*6F
$VNIMU,+00.0907,+00.2676,+00.4494,+00.374,+02.799,-09.252,+00.001175,-00.000333,-00.000293,+36.5,+083.710*6D
$VNGPE,598041.400174,2072,3,10,-2006299.450,-4859664.980,+3601614.530,+000.020,+000.000,+000.000,+005.640,+005.119,+004.143,+000.360,3.00E-09*0B
$VNIMU,+00.0918,+00.2676,+00.4466,+00.345,+02.766,-09.264,+00.001957,-00.001872,-00.000638,+36.5,+083.727*6F
$VNIMU,+00.0897,+00.2688,+00.4494,+00.344,+02.776,-09.265,+00.001576,-00.000538,-00.000595,+36.5,+083.723*69
$VNIMU,+00.0897,+00.2676,+00.4494,+00.382,+02.781,-09.264,+00.002502,-00.001803,-00.000754,+36.5,+083.727*64
$VNIMU,+00.0929,+00.2676,+00.4479,+00.366,+02.759,-09.240,+00.001284,+00.000025,-00.000892,+36.5,+083.740*6F
$VNIMU,+00.0886,+00.2699,+00.4468,+00.371,+02.786,-09.238,-00.000330,-00.000291,-00.000707,+36.5,+083.727*61
$VNIMU,+00.0929,+00.2676,+00.4465,+00.374,+02.781,-09.282,+00.002403,-00.000649,-00.000412,+36.5,+083.723*6B
$VNIMU,+00.0896,+00.2699,+00.4481,+00.358,+02.763,-09.268,+00.002000,-00.002382,+00.000492,+36.5,+083.740*6F
$VNIMU,+00.0897,+00.2688,+00.4481,+00.353,+02.753,-09.265,+00.000632,-00.000524,+00.000839,+36.5,+083.723*6E
$VNIMU,+00.0886,+00.2688,+00.4481,+00.374,+02.747,-09.222,-00.000494,-00.000870,-00.000245,+36.5,+083.727*6A
$VNIMU,+00.0918,+00.2676,+00.4493,+00.373,+02.768,-09.267,+00.000604,-00.000452,-00.000916,+36.5,+083.736*69
$VNGPE,598041.600176,2072,3,10,-2006299.480,-4859664.940,+3601614.510,-000.120,+000.010,+000.060,+005.640,+005.119,+004.134,+000.440,3.00E-09*0D
$VNIMU,+00.0897,+00.2699,+00.4508,+00.360,+02.777,-09.255,+00.002633,-00.000913,+00.000384,+36.5,+083.727*69
$VNIMU,+00.0907,+00.2665,+00.4494,+00.353,+02.767,-09.278,+00.000056,+00.000126,-00.001065,+36.5,+083.714*6C
$VNIMU,+00.0918,+00.2687,+00.4521,+00.395,+02.769,-09.264,+00.000666,+00.001031,-00.000360,+36.5,+083.727*6C
$VNIMU,+00.0918,+00.2687,+00.4452,+00.368,+02.784,-09.262,+00.000271,-00.000042,-00.000985,+36.5,+083.727*6E
$VNIMU,+00.0918,+00.2676,+00.4480,+00.369,+02.772,-09.255,+00.004016,-00.000282,-00.000611,+36.5,+083.736*68
$VNIMU,+00.0897,+00.2688,+00.4508,+00.351,+02.784,-09.275,+00.000064,+00.000625,+00.000036,+36.5,+083.723*61
$VNIMU,+00.0907,+00.2676,+00.4467,+00.397,+02.776,-09.268,+00.001567,-00.002061,-00.000372,+36.5,+083.723*6B
$VNIMU,+00.0886,+00.2699,+00.4468,+00.373,+02.764,-09.223,+00.001460,-00.000781,+00.000078,+36.5,+083.710*69
$VNIMU,+00.0897,+00.2665,+00.4467,+00.378,+02.762,-09.260,+00.000489,-00.000897,-00.001637,+36.5,+083.727*6F
$VNIMU,+00.0875,+00.2676,+00.4496,+00.349,+02.768,-09.282,+00.002401,-00.001357,-00.000372,+36.5,+083.727*6A
$VNGPE,598041.800177,2072,3,10,-2006299.500,-4859664.880,+3601614.470,-000.060,+000.140,+000.060,+005.640,+005.119,+004.122,+000.392,3.00E-09*0F
$VNIMU,+00.0929,+00.2676,+00.4479,+00.374,+02.782,-09.264,+00.001872,-00.001299,-00.000665,+36.5,+083.727*6A
$VNIMU,+00.0897,+00.2688,+00.4481,+00.376,+02.786,-09.234,+00.001264,-00.000132,-00.000240,+36.5,+083.727*66
$VNIMU,+00.0918,+00.2665,+00.4479,+00.381,+02.763,-09.235,+00.000702,-00.000596,-00.000680,+36.5,+083.710*64
$VNIMU,+00.0897,+00.2688,+00.4494,+00.355,+02.755,-09.296,+00.001864,+00.000069,-00.000804,+36.5,+083.714*6C
$VNIMU,+00.0907,+00.2710,+00.4467,+00.362,+02.790,-09.278,+00.000571,-00.000611,-00.001012,+36.5,+083.723*68
$VNIMU,+00.0907,+00.2687,+00.4494,+00.384,+02.788,-09.276,+00.001096,-00.002150,-00.000682,+36.5,+083.723*67
$VNIMU,+00.0918,+00.2699,+00.4493,+00.356,+02.778,-09.291,+00.002451,-00.001338,-00.000180,+36.5,+083.723*6E
$VNIMU,+00.0907,+00.2676,+00.4467,+00.356,+02.794,-09.254,+00.000297,-00.001896,-00.000191,+36.5,+083.723*60
$VNIMU,+00.0897,+00.2688,+00.4481,+00.368,+02.786,-09.279,+00.001322,-00.002394,-00.000228,+36.5,+083.727*61
$VNIMU,+00.0886,+00.2699,+00.4482,+00.365,+02.781,-09.283,+00.000944,-00.000845,-00.000452,+36.5,+083.723*6C
$VNGPE,598042.000178,2072,3,10,-2006299.490,-4859664.870,+3601614.430,+000.050,-000.100,+000.020,+005.610,+005.092,+004.104,+000.336,3.00E-09*06
$VNIMU,+00.0907,+00.2699,+00.4480,+00.375,+02.747,-09.291,+00.002651,-00.000827,-00.001593,+36.5,+083.727*6A
$VNIMU,+00.0907,+00.2676,+00.4453,+00.361,+02.767,-09.276,+00.001731,+00.000233,-00.000492,+36.5,+083.723*63
$VNIMU,+00.0897,+00.2665,+00.4481,+00.365,+02.753,-09.236,-00.000108,+00.000435,-00.000024,+36.5,+083.727*67
$VNIMU,+00.0929,+00.2676,+00.4452,+00.334,+02.776,-09.299,+00.002176,-00.001214,+00.000419,+36.5,+083.727*6A
$VNIMU,+00.0918,+00.2687,+00.4466,+00.371,+02.772,-09.297,+00.000075,-00.000831,-00.000626,+36.5,+083.740*6F
$VNIMU,+00.0907,+00.2699,+00.4467,+00.380,+02.763,-09.267,+00.001099,-00.000155,-00.001627,+36.5,+083.710*63
$VNIMU,+00.0897,+00.2688,+00.4508,+00.396,+02.772,-09.298,+00.000406,-00.000521,-00.000302,+36.5,+083.727*67
$VNIMU,+00.0896,+00.2699,+00.4454,+00.354,+02.772,-09.265,+00.002453,-00.002122,-00.000706,+36.5,+083.727*65
$VNIMU,+00.0886,+00.2688,+00.4468,+00.350,+02.796,-09.266,+00.001856,+00.000279,-00.000549,+36.5,+083.723*68
$VNIMU,+00.0907,+00.2687,+00.4494,+00.376,+02.787,-09.264,+00.002263,-00.000402,+00.000733,+36.5,+083.723*60
$VNGPE,598042.200179,2072,3,10,-2006299.470,-4859664.830,+3601614.340,+000.140,+000.000,-000.040,+005.610,+005.092,+004.086,+000.392,3.00E-09*0D
$VNIMU,+00.0864,+00.2688,+00.4455,+00.361,+02.761,-09.246,+00.003362,-00.001216,-00.000079,+36.5,+083.723*64
$VNIMU,+00.0907,+00.2687,+00.4467,+00.372,+02.739,-09.274,+00.000667,+00.000122,-00.000149,+36.5,+083.710*62
$VNIMU,+00.0897,+00.2688,+00.4494,+00.382,+02.775,-09.274,+00.000646,-00.001404,-00.000509,+36.5,+083.727*6F
$VNIMU,+00.0896,+00.2699,+00.4481,+00.362,+02.772,-09.233,+00.002195,-00.000798,-00.000227,+36.5,+083.710*63
$VNIMU,+00.0918,+00.2699,+00.4466,+00.359,+02.763,-09.265,+00.001329,-00.000649,-00.000939,+36.5,+083.727*6D
$VNIMU,+00.0864,+00.2688,+00.4483,+00.357,+02.779,-09.276,-00.000146,+00.000570,-00.000283,+36.5,+083.723*66
$VNIMU,+00.0907,+00.2676,+00.4494,+00.371,+02.775,-09.277,+00.002507,-00.000242,-00.001928,+36.5,+083.723*62
$VNIMU,+00.0864,+00.2688,+00.4510,+00.356,+02.762,-09.281,+00.002111,-00.001549,-00.000826,+36.5,+083.727*64
$VNIMU,+00.0886,+00.2710,+00.4468,+00.349,+02.770,-09.260,+00.000118,-00.000217,-00.000493,+36.5,+083.727*60
$VNIMU,+00.0897,+00.2665,+00.4481,+00.377,+02.775,-09.265,+00.001643,-00.000187,-00.000794,+36.5,+083.736*6F
$VNGPE,598042.400181,2072,3,10,-2006299.450,-4859664.810,+3601614.300,-000.090,+000.060,+000.140,+005.610,+005.092,+004.065,+000.440,3.00E-09*06
$VNIMU,+00.0907,+00.2676,+00.4480,+00.369,+02.777,-09.267,+00.001157,-00.000796,+00.000607,+36.5,+083.723*66
$VNIMU,+00.0918,+00.2687,+00.4480,+00.371,+02.765,-09.290,+00.001695,-00.001633,-00.000012,+36.5,+083.710*66
$VNIMU,+00.0897,+00.2676,+00.4494,+00.379,+02.788,-09.264,+00.001071,+00.000007,-00.001225,+36.5,+083.727*62
$VNIMU,+00.0886,+00.2676,+00.4495,+00.365,+02.772,-09.260,+00.001765,-00.002103,+00.000742,+36.5,+083.723*6B
$VNIMU,+00.0918,+00.2699,+00.4493,+00.355,+02.767,-09.278,+00.000850,+00.000266,-00.001275,+36.5,+083.723*6E
$VNIMU,+00.0896,+00.2710,+00.4467,+00.365,+02.777,-09.268,-00.000153,-00.000756,-00.000511,+36.5,+083.727*6D
$VNIMU,+00.0918,+00.2722,+00.4480,+00.348,+02.794,-09.281,+00.002335,-00.001721,-00.001207,+36.5,+083.727*61
$VNIMU,+00.0918,+00.2676,+00.4466,+00.373,+02.780,-09.275,+00.001355,-00.000118,-00.000386,+36.5,+083.727*6E
$VNIMU,+00.0907,+00.2710,+00.4494,+00.396,+02.771,-09.255,+00.001699,-00.001056,-00.000768,+36.5,+083.723*64
$VNIMU,+00.0907,+00.2676,+00.4494,+00.350,+02.785,-09.246,+00.001242,-00.001063,+00.000970,+36.5,+083.727*67
$VNGPE,598042.600182,2072,3,10,-2006299.440,-4859664.790,+3601614.240,+000.080,-000.060,-000.040,+005.610,+005.092,+004.044,+000.432,3.00E-09*04
$VNIMU,+00.0918,+00.2687,+00.4466,+00.345,+02.786,-09.248,+00.001161,-00.001501,+00.000262,+36.5,+083.723*6C
$VNIMU,+00.0896,+00.2688,+00.4467,+00.356,+02.777,-09.277,+00.000694,-00.000343,+00.000035,+36.5,+083.714*6C
$VNIMU,+00.0918,+00.2710,+00.4480,+00.375,+02.787,-09.248,+00.000957,-00.001267,+00.000079,+36.5,+083.714*6E
$VNIMU,+00.0897,+00.2688,+00.4494,+00.385,+02.763,-09.272,+00.002711,-00.000967,-00.000070,+36.5,+083.723*6E
$VNIMU,+00.0896,+00.2699,+00.4454,+00.357,+02.758,-09.235,+00.002554,-00.002142,-00.000705,+36.5,+083.740*69
$VNIMU,+00.0897,+00.2688,+00.4494,+00.360,+02.781,-09.285,+00.002027,-00.000325,-00.000812,+36.5,+083.727*67
$VNIMU,+00.0907,+00.2699,+00.4494,+00.388,+02.771,-09.268,+00.001201,-00.001360,-00.000293,+36.5,+083.723*67
$VNIMU,+00.0907,+00.2676,+00.4467,+00.371,+02.784,-09.247,+00.000560,+00.000102,-00.000255,+36.5,+083.714*65
$VNIMU,+00.0907,+00.2699,+00.4480,+00.367,+02.786,-09.286,+00.001557,-00.000519,-00.000307,+36.5,+083.740*6F
$VNIMU,+00.0918,+00.2687,+00.4480,+00.363,+02.778,-09.253,+00.000160,+00.000013,-00.000752,+36.5,+083.727*6E
$VNGPE,598042.800183,2072,3,10,-2006299.430,-4859664.760,+3601614.170,+000.030,-000.040,+000.000,+005.610,+005.092,+004.038,+000.368,3.00E-09*0B
$VNIMU,+00.0897,+00.2676,+00.4508,+00.379,+02.786,-09.284,+00.002554,-00.001347,+00.001125,+36.5,+083.727*62
$VNIMU,+00.0939,+00.2710,+00.4492,+00.349,+02.781,-09.268,+00.000858,+00.000436,-00.000390,+36.5,+083.727*6C
$VNIMU,+00.0940,+00.2687,+00.4465,+00.388,+02.774,-09.246,+00.000857,+00.000146,+00.001129,+36.5,+083.727*64
$VNIMU,+00.0907,+00.2687,+00.4467,+00.371,+02.759,-09.277,+00.001338,-00.001558,-00.000040,+36.5,+083.723*6C
$VNIMU,+00.0875,+00.2688,+00.4468,+00.378,+02.757,-09.279,+00.002871,-00.001204,-00.000597,+36.5,+083.727*61
$VNIMU,+00.0907,+00.2710,+00.4508,+00.350,+02.776,-09.257,+00.000863,-00.001645,-00.000559,+36.5,+083.723*61
$VNIMU,+00.0897,+00.2676,+00.4481,+00.372,+02.781,-09.281,+00.000252,+00.000351,-00.000241,+36.5,+083.723*6A
$VNIMU,+00.0896,+00.2699,+00.4495,+00.367,+02.785,-09.239,+00.000897,-00.001257,-00.000388,+36.5,+083.714*6F
$VNIMU,+00.0886,+00.2699,+00.4468,+00.347,+02.775,-09.241,+00.001752,-00.001125,-00.000306,+36.5,+083.714*69
$VNIMU,+00.0897,+00.2688,+00.4481,+00.375,+02.790,-09.286,+00.000094,-00.001680,-00.001161,+36.5,+083.727*69
$VNGPE,598043.000184,2072,3,10,-2006299.420,-4859664.680,+3601614.080,+000.050,-000.070,+000.080,+005.610,+005.092,+004.032,+000.264,3.00E-09*0F
$VNIMU,+00.0907,+00.2676,+00.4480,+00.364,+02.780,-09.276,+00.001308,-00.003283,+00.000093,+36.5,+083.727*66
$VNIMU,+00.0897,+00.2665,+00.4481,+00.358,+02.755,-09.257,+00.002138,-00.002303,+00.001117,+36.5,+083.723*6B
$VNIMU,+00.0907,+00.2687,+00.4480,+00.353,+02.782,-09.256,+00.000098,-00.002334,-00.000360,+36.5,+083.740*63
$VNIMU,+00.0918,+00.2642,+00.4534,+00.369,+02.767,-09.250,+00.000943,+00.000600,+00.000611,+36.5,+083.710*67
$VNIMU,+00.0907,+00.2687,+00.4507,+00.364,+02.781,-09.260,+00.001917,-00.001749,-00.000388,+36.5,+083.710*6E
$VNIMU,+00.0907,+00.2676,+00.4480,+00.328,+02.756,-09.279,+00.001280,-00.000925,-00.000050,+36.5,+083.723*62
$VNIMU,+00.0918,+00.2699,+00.4466,+00.377,+02.781,-09.267,-00.000375,-00.002312,+00.000160,+36.5,+083.723*6E
$VNIMU,+00.0896,+00.2699,+00.4481,+00.377,+02.783,-09.257,+00.002642,-00.000159,+00.001145,+36.5,+083.727*69
$VNIMU,+00.0907,+00.2699,+00.4480,+00.358,+02.761,-09.271,+00.001821,-00.003272,-00.000704,+36.5,+083.727*61
$VNIMU,+00.0907,+00.2665,+00.4453,+00.348,+02.767,-09.266,+00.001372,-00.000847,+00.000519,+36.5,+083.727*67
$VNGPE,598043.200186,2072,3,10,-2006299.420,-4859664.660,+3601614.030,-000.100,+000.040,+000.150,+005.610,+005.092,+004.020,+000.456,3.00E-09*05
$VNIMU,+00.0940,+00.2676,+00.4519,+00.378,+02.775,-09.264,-00.001477,+00.000880,-00.000322,+36.5,+083.710*6E
$VNIMU,+00.0907,+00.2699,+00.4480,+00.371,+02.781,-09.218,-00.000239,-00.000937,+00.000121,+36.5,+083.714*61
$VNIMU,+00.0907,+00.2676,+00.4480,+00.356,+02.766,-09.247,+00.001330,+00.000098,+00.000319,+36.5,+083.723*6E
$VNIMU,+00.0907,+00.2687,+00.4467,+00.350,+02.774,-09.265,+00.000219,-00.001522,-00.000844,+36.5,+083.723*61
$VNIMU,+00.0907,+00.2687,+00.4480,+00.367,+02.776,-09.247,+00.002773,+00.000733,+00.000719,+36.5,+083.714*65
$VNIMU,+00.0886,+00.2688,+00.4468,+00.363,+02.771,-09.295,-00.000146,-00.001018,-00.000372,+36.5,+083.736*6A
$VNIMU,+00.0886,+00.2699,+00.4482,+00.369,+02.786,-09.277,+00.001430,-00.002122,+00.000082,+36.5,+083.727*62
$VNIMU,+00.0897,+00.2676,+00.4467,+00.397,+02.761,-09.274,+00.002429,-00.001131,-00.000880,+36.5,+083.727*65
$VNIMU,+00.0875,+00.2676,+00.4482,+00.349,+02.768,-09.262,+00.003485,-00.000787,-00.000660,+36.5,+083.727*62
$VNIMU,+00.0929,+00.2687,+00.4479,+00.374,+02.748,-09.306,+00.000913,+00.000219,-00.000205,+36.5,+083.710*69
$VNGPE,598043.400187,2072,3,10,-2006299.440,-4859664.660,+3601614.010,-000.140,-000.140,+000.040,+005.610,+005.092,+004.008,+000.312,3.00E-09*08
$VNIMU,+00.0907,+00.2710,+00.4480,+00.371,+02.766,-09.253,+00.001829,-00.000017,-00.000729,+36.5,+083.727*68
$VNIMU,+00.0907,+00.2710,+00.4480,+00.359,+02.774,-09.249,-00.000963,+00.001379,-00.000384,+36.5,+083.727*6D
$VNIMU,+00.0918,+00.2676,+00.4480,+00.382,+02.765,-09.265,-00.000166,-00.001116,-00.000221,+36.5,+083.723*60
$VNIMU,+00.0875,+00.2710,+00.4469,+00.370,+02.785,-09.269,+00.001224,-00.002649,+00.000093,+36.5,+083.723*62
$VNIMU,+00.0896,+00.2699,+00.4481,+00.357,+02.759,-09.283,+00.000357,-00.000146,-00.000200,+36.5,+083.710*69
$VNIMU,+00.0886,+00.2699,+00.4468,+00.347,+02.766,-09.277,+00.000450,-00.000726,-00.000528,+36.5,+083.723*64
$VNIMU,+00.0896,+00.2699,+00.4481,+00.342,+02.756,-09.262,+00.001805,+00.000005,-00.000959,+36.5,+083.727*63
$VNIMU,+00.0896,+00.2676,+00.4454,+00.361,+02.782,-09.288,+00.000730,+00.000194,-00.001951,+36.5,+083.723*6A
$VNIMU,+00.0907,+00.2676,+00.4467,+00.360,+02.783,-09.284,-00.001123,+00.001441,-00.001491,+36.5,+083.723*61
$VNIMU,+00.0897,+00.2676,+00.4508,+00.368,+02.791,-09.241,+00.001239,-00.000157,+00.000093,+36.5,+083.710*69
$VNGPE,598043.600188,2072,3,10,-2006299.460,-4859664.660,+3601613.970,-000.080,-000.060,-000.020,+005.610,+005.092,+003.996,+000.280,3.00E-09*02
$VNIMU,+00.0907,+00.2676,+00.4480,+00.384,+02.772,-09.280,+00.002010,-00.001113,-00.001158,+36.5,+083.727*6C
$VNIMU,+00.0907,+00.2699,+00.4467,+00.355,+02.769,-09.281,+00.001685,-00.000204,+00.000081,+36.5,+083.723*68
$VNIMU,+00.0886,+00.2699,+00.4468,+00.379,+02.765,-09.266,-00.001549,+00.000455,-00.000187,+36.5,+083.714*60
$VNIMU,+00.0896,+00.2699,+00.4481,+00.369,+02.765,-09.274,+00.002785,-00.000890,+00.000998,+36.5,+083.727*60
$VNIMU,+00.0918,+00.2676,+00.4466,+00.332,+02.773,-09.257,+00.002379,-00.001638,-00.000807,+36.5,+083.727*6C
$VNIMU,+00.0907,+00.2687,+00.4480,+00.365,+02.801,-09.247,-00.000699,-00.000447,-00.000659,+36.5,+083.714*6C
$VNIMU,+00.0886,+00.2699,+00.4495,+00.364,+02.801,-09.282,+00.003789,-00.000252,+00.001431,+36.5,+083.723*6F
$VNIMU,+00.0897,+00.2676,+00.4508,+00.362,+02.775,-09.289,+00.005538,-00.002551,-00.000437,+36.5,+083.710*63
$VNIMU,+00.0886,+00.2699,+00.4495,+00.364,+02.778,-09.277,+00.000870,-00.000381,-00.000744,+36.5,+083.727*63
$VNIMU,+00.0907,+00.2687,+00.4453,+00.348,+02.786,-09.281,+00.000320,-00.000132,-00.000682,+36.5,+083.723*63
$VNGPE,598043.800189,2072,3,10,-2006299.450,-4859664.590,+3601613.900,+000.120,+000.050,+000.000,+005.610,+005.092,+003.987,+000.312,3.00E-09*03
$VNIMU,+00.0918,+00.2722,+00.4480,+00.333,+02.774,-09.265,+00.000822,+00.001244,-00.000242,+36.5,+083.727*66
$VNIMU,+00.0897,+00.2688,+00.4494,+00.343,+02.775,-09.279,+00.001899,-00.000581,-00.001530,+36.5,+083.714*64
$VNIMU,+00.0907,+00.2676,+00.4467,+00.366,+02.761,-09.229,+00.000076,-00.000897,-00.000546,+36.5,+083.723*60
$VNIMU,+00.0918,+00.2687,+00.4507,+00.353,+02.796,-09.276,+00.000104,-00.001365,-00.001171,+36.5,+083.710*61
$VNIMU,+00.0886,+00.2688,+00.4454,+00.372,+02.783,-09.265,+00.001761,-00.001402,+00.000466,+36.5,+083.727*68
$VNIMU,+00.0897,+00.2665,+00.4467,+00.386,+02.774,-09.291,+00.001529,-00.001927,-00.000027,+36.5,+083.710*64
$VNIMU,+00.0918,+00.2699,+00.4493,+00.394,+02.775,-09.270,-00.001681,-00.000199,+00.000372,+36.5,+083.714*6D
$VNIMU,+00.0864,+00.2676,+00.4496,+00.388,+02.800,-09.281,+00.001002,-00.001758,+00.000453,+36.5,+083.710*6C
$VNIMU,+00.0896,+00.2710,+00.4454,+00.347,+02.766,-09.248,+00.002491,-00.003029,+00.000999,+36.5,+083.723*62
$VNIMU,+00.0918,+00.2699,+00.4480,+00.361,+02.772,-09.262,+00.002535,-00.000861,+00.000284,+36.5,+083.727*6E
$VNGPE,598044.000191,2072,3,10,-2006299.420,-4859664.560,+3601613.840,+000.130,-000.080,-000.050,+005.640,+005.119,+003.978,+000.456,3.00E-09*01
$VNIMU,+00.0907,+00.2676,+00.4467,+00.355,+02.784,-09.262,+00.000161,-00.001918,-00.000029,+36.5,+083.736*6C
$VNIMU,+00.0907,+00.2687,+00.4467,+00.358,+02.776,-09.236,+00.002042,-00.003666,-00.001122,+36.5,+083.723*6A
$VNIMU,+00.0907,+00.2699,+00.4494,+00.341,+02.764,-09.262,+00.001915,-00.001305,-00.000920,+36.5,+083.710*62
$VNIMU,+00.0896,+00.2699,+00.4481,+00.368,+02.766,-09.248,+00.001093,-00.002034,+00.000619,+36.5,+083.714*6C
$VNIMU,+00.0907,+00.2676,+00.4507,+00.365,+02.788,-09.287,+00.001414,-00.001732,-00.001037,+36.5,+083.723*65
$VNIMU,+00.0897,+00.2688,+00.4494,+00.381,+02.766,-09.270,+00.000084,-00.001254,+00.000040,+36.5,+083.723*6B
$VNIMU,+00.0907,+00.2710,+00.4467,+00.350,+02.756,-09.284,+00.004394,-00.001883,+00.000380,+36.5,+083.723*62
$VNIMU,+00.0907,+00.2699,+00.4453,+00.356,+02.767,-09.243,-00.000214,+00.000845,+00.000451,+36.5,+083.723*67
$VNIMU,+00.0886,+00.2665,+00.4481,+00.369,+02.760,-09.258,-00.000139,-00.001869,-00.000052,+36.5,+083.723*66
$VNIMU,+00.0907,+00.2687,+00.4494,+00.357,+02.786,-09.247,+00.003145,-00.002489,+00.000266,+36.5,+083.727*65
$VNGPE,598044.200192,2072,3,10,-2006299.390,-4859664.500,+3601613.710,+000.110,-000.050,+000.000,+005.610,+005.092,+003.960,+000.384,3.00E-09*0A
$VNIMU,+00.0918,+00.2687,+00.4493,+00.377,+02.727,-09.269,+00.001101,+00.000317,-00.001087,+36.5,+083.710*61
$VNIMU,+00.0907,+00.2687,+00.4480,+00.365,+02.762,-09.270,-00.000110,-00.002165,-00.001119,+36.5,+083.727*61
$VNIMU,+00.0886,+00.2688,+00.4495,+00.370,+02.797,-09.269,-00.000839,+00.000386,-00.000649,+36.5,+083.723*6A
$VNIMU,+00.0918,+00.2676,+00.4480,+00.356,+02.787,-09.287,+00.002758,-00.000739,-00.000704,+36.5,+083.723*6E
$VNIMU,+00.0939,+00.2710,+00.4479,+00.360,+02.782,-09.253,+00.002149,-00.000064,+00.000413,+36.5,+083.723*69
$VNIMU,+00.0918,+00.2699,+00.4507,+00.381,+02.779,-09.241,-00.000434,-00.000398,-00.001720,+36.5,+083.723*65
$VNIMU,+00.0907,+00.2699,+00.4480,+00.368,+02.770,-09.278,+00.001841,-00.001678,-00.000727,+36.5,+083.714*60
$VNIMU,+00.0918,+00.2653,+00.4479,+00.362,+02.774,-09.300,+00.002034,-00.000212,+00.000387,+36.5,+083.710*62
$VNIMU,+00.0907,+00.2699,+00.4508,+00.355,+02.783,-09.270,+00.000536,+00.000056,-00.000439,+36.5,+083.714*66
$VNIMU,+00.0907,+00.2687,+00.4480,+00.376,+02.785,-09.281,+00.000843,-00.001309,-00.000853,+36.5,+083.723*64
$VNGPE,598044.400193,2072,3,10,-2006299.390,-4859664.470,+3601613.640,-000.120,+000.040,+000.080,+005.610,+005.092,+003.945,+000.432,3.00E-09*08
$VNIMU,+00.0939,+00.2699,+00.4465,+00.358,+02.800,-09.270,+00.002826,+00.000276,-00.000853,+36.5,+083.723*62
$VNIMU,+00.0907,+00.2699,+00.4467,+00.358,+02.758,-09.271,-00.000964,+00.002064,+00.000158,+36.5,+083.710*6A
$VNIMU,+00.0929,+00.2687,+00.4479,+00.375,+02.793,-09.261,+00.000424,-00.000450,-00.000251,+36.5,+083.723*6B
$VNIMU,+00.0918,+00.2687,+00.4493,+00.407,+02.779,-09.234,-00.001044,+00.000573,+00.000783,+36.5,+083.727*60
$VNIMU,+00.0897,+00.2688,+00.4508,+00.362,+02.778,-09.241,+00.000558,-00.001966,-00.000197,+36.5,+083.723*6C
$VNIMU,+00.0896,+00.2710,+00.4467,+00.353,+02.757,-09.310,+00.001349,-00.003079,+00.000077,+36.5,+083.727*60
$VNIMU,+00.0907,+00.2665,+00.4494,+00.369,+02.750,-09.250,+00.000338,+00.000752,+00.001049,+36.5,+083.727*6D
$VNIMU,+00.0896,+00.2699,+00.4481,+00.352,+02.792,-09.280,+00.000614,-00.001119,-00.001277,+36.5,+083.723*60
$VNIMU,+00.0907,+00.2710,+00.4453,+00.355,+02.789,-09.260,+00.003240,-00.001196,-00.000345,+36.5,+083.727*61
$VNIMU,+00.0896,+00.2688,+00.4467,+00.370,+02.777,-09.252,+00.001377,+00.000957,-00.000396,+36.5,+083.723*67
$VNGPE,598044.600194,2072,3,10,-2006299.410,-4859664.410,+3601613.560,-000.060,-000.010,+000.080,+005.610,+005.092,+003.927,+000.384,3.00E-09*0D
$VNIMU,+00.0918,+00.2710,+00.4466,+00.360,+02.772,-09.257,+00.001392,-00.000695,+00.000049,+36.5,+083.710*6B
$VNIMU,+00.0897,+00.2676,+00.4467,+00.363,+02.753,-09.261,+00.001615,-00.000267,-00.001498,+36.5,+083.723*64
$VNIMU,+00.0896,+00.2710,+00.4495,+00.351,+02.783,-09.240,-00.000942,+00.000913,-00.000498,+36.5,+083.710*63
$VNIMU,+00.0886,+00.2699,+00.4495,+00.389,+02.783,-09.262,+00.000112,+00.000831,+00.000091,+36.5,+083.736*62
$VNIMU,+00.0907,+00.2699,+00.4521,+00.386,+02.773,-09.292,-00.001118,-00.001924,-00.000066,+36.5,+083.723*6E
$VNIMU,+00.0864,+00.2711,+00.4456,+00.362,+02.778,-09.260,+00.000052,-00.003978,-00.000958,+36.5,+083.710*61
$VNIMU,+00.0875,+00.2665,+00.4482,+00.342,+02.783,-09.258,-00.000928,-00.000993,-00.000455,+36.5,+083.710*63
$VNIMU,+00.0886,+00.2710,+00.4482,+00.367,+02.775,-09.269,+00.001280,-00.000550,-00.000403,+36.5,+083.723*6E
$VNIMU,+00.0886,+00.2699,+00.4482,+00.358,+02.767,-09.265,+00.001360,+00.000108,-00.000487,+36.5,+083.727*65
$VNIMU,+00.0897,+00.2665,+00.4453,+00.352,+02.771,-09.262,+00.000939,+00.000286,-00.000944,+36.5,+083.727*60
$VNERR,0B*03
