,-00.001429,-00.000971,+36.5,+083.730*67
$VNIMU,+00.0897,+00.2676,+00.4494,+00.318,+02.783,-09.287,+00.002238,-00.000728,+00.000400,+36.5,+083.743*67
$VNIMU,+00.0918,+00.2687,+00.4452,+00.342,+02.790,-09.257,-00.000519,+00.000349,-00.001083,+36.5,+083.720*6D
$VNIMU,+00.0929,+00.2687,+00.4465,+00.350,+02.771,-09.260,-00.000043,-00.000900,-00.000718,+36.5,+083.730*6D
$VNIMU,+00.0918,+00.2676,+00.4466,+00.337,+02.753,-09.267,+00.001798,-00.000861,+00.000028,+36.5,+083.730*66
$VNGPE,598300.799797,2072,3,11,-2006296.300,-4859658.700,+3601603.570,+000.190,-000.150,+000.050,+007.380,+007.112,+005.982,+000.376,5.00E-09*08
$VNIMU,+00.0907,+00.2710,+00.4494,+00.336,+02.766,-09.295,+00.000116,-00.001179,-00.000017,+36.5,+083.733*67
$VNIMU,+00.0918,+00.2722,+00.4480,+00.357,+02.772,-09.281,-00.000765,+00.001902,-00.000356,+36.5,+083.717*6C
$VNIMU,+00.0907,+00.2722,+00.4481,+00.348,+02.756,-09.233,+00.005672,-00.003347,+00.000028,+36.5,+083.733*63
$VNIMU,+00.0929,+00.2699,+00.4493,+00.311,+02.750,-09.309,+00.000836,+00.000107,+00.000121,+36.5,+083.717*69
$VNIMU,+00.0918,+00.2722,+00.4439,+00.309,+02.774,-09.250,-00.000949,+00.000262,-00.001525,+36.5,+083.717*60
$VNIMU,+00.0907,+00.2687,+00.4494,+00.358,+02.807,-09.240,+00.001297,+00.000478,-00.002698,+36.5,+083.717*6D
$VNIMU,+00.0886,+00.2688,+00.4468,+00.353,+02.760,-09.258,+00.001154,-00.002061,-00.001543,+36.5,+083.730*62
$VNIMU,+00.0897,+00.2688,+00.4494,+00.330,+02.744,-09.233,+00.001215,+00.000061,-00.001398,+36.5,+083.730*6D
$VNIMU,+00.0907,+00.2687,+00.4467,+00.372,+02.765,-09.219,-00.000557,+00.001866,-00.000401,+36.5,+083.717*60
$VNGPE,598300.999798,2072,3,10,-2006296.260,-4859658.710,+3601603.580,+000.000,-000.090,+000.130,+007.380,+007.380,+005.994,+000.288,5.00E-09*0D
$VNIMU,+00.0907,+00.2699,+00.4494,+00.363,+02.777,-09.311,+00.001157,+00.000528,-00.001276,+36.5,+083.733*6D
$VNIMU,+00.0918,+00.2676,+00.4480,+00.387,+02.777,-09.296,+00.000598,+00.000267,-00.000292,+36.5,+083.730*61
$VNIMU,+00.0897,+00.2688,+00.4494,+00.354,+02.758,-09.264,+00.001126,+00.001466,+00.000093,+36.5,+083.730*6E
$VNIMU,+00.0918,+00.2676,+00.4480,+00.332,+02.741,-09.249,-00.000039,-00.000897,-00.000108,+36.5,+083.720*62
$VNRRG,03,0100018999*5D
$VNIMU,+00.0918,+00.2687,+00.4466,+00.352,+02.757,-09.272,+00.001423,-00.000983,-00.000013,+36.5,+083.730*6B
$VNIMU,+00.0907,+00.2687,+00.4480,+00.337,+02.798,-09.298,+00.002900,-00.002680,+00.001386,+36.5,+083.743*64
$VNIMU,+00.0896,+00.2710,+00.4454,+00.349,+02.797,-09.272,+00.001536,-00.000987,+00.000868,+36.5,+083.717*62
$VNIMU,+00.0907,+00.2699,+00.4467,+00.365,+02.747,-09.273,+00.003095,-00.000892,+00.000120,+36.5,+083.720*63
$VNIMU,+00.0896,+00.2710,+00.4495,+00.342,+02.761,-09.291,+00.005282,-00.002157,+00.000005,+36.5,+083.717*68
$VNWRG,06,0*6C
$VNWRG,06,248*62
$VNIMU,+00.0940,+00.2699,+00.4519,+00.317,+02.780,-09.263,+00.000258,-00.002140,-00.000425,+36.5,+083.730*64
$VNIMU,+00.0918,+00.2687,+00.4480,+00.319,+02.782,-09.274,+00.000458,+00.001150,-00.000066,+36.5,+083.720*6D
$VNIMU,+00.0918,+00.2676,+00.4452,+00.351,+02.780,-09.271,+00.000697,-00.000749,+00.000162,+36.5,+083.733*6E
$VNIMU,+00.0897,+00.2699,+00.4508,+00.339,+02.769,-09.270,+00.000129,-00.001703,-00.001387,+36.5,+083.730*6F
$VNIMU,+00.0897,+00.2653,+00.4494,+00.352,+02.766,-09.269,+00.004121,-00.001762,-00.000098,+36.5,+083.717*65
$VNIMU,+00.0939,+00.2710,+00.4451,+00.342,+02.763,-09.273,+00.000555,+00.000552,-00.001114,+36.5,+083.720*65
$VNGPE,598301.399801,2072,3,10,-2006296.230,-4859658.730,+3601603.580,-000.160,-000.170,+000.120,+007.380,+007.380,+005.976,+000.368,5.00E-09*02
$VNIMU,+00.0918,+00.2687,+00.4493,+00.375,+02.756,-09.291,+00.002372,-00.000968,+00.000254,+36.5,+083.733*69
$VNIMU,+00.0907,+00.2710,+00.4480,+00.336,+02.733,-09.230,+00.002297,-00.001573,-00.000666,+36.5,+083.717*6D
$VNIMU,+00.0907,+00.2687,+00.4480,+00.347,+02.769,-09.304,-00.000502,-00.000116,-00.000578,+36.5,+083.717*68
$VNIMU,+00.0886,+00.2642,+00.4481,+00.344,+02.753,-09.254,+00.002594,+00.000946,+00.000689,+36.5,+083.717*6D
$VNIMU,+00.0918,+00.2687,+00.4452,+00.360,+02.732,-09.272,-00.000572,+00.000151,-00.000859,+36.5,+083.730*6B
$VNIMU,+00.0907,+00.2722,+00.4481,+00.342,+02.775,-09.244,+00.000773,-00.000597,-00.000585,+36.5,+083.720*63
$VNIMU,+00.0907,+00.2699,+00.4453,+00.343,+02.760,-09.258,-00.000203,+00.000136,-00.001253,+36.5,+083.730*64
$VNIMU,+00.0886,+00.2688,+00.4481,+00.359,+02.769,-09.294,+00.004745,-00.001571,-00.000627,+36.5,+083.717*67
$VNIMU,+00.0907,+00.2710,+00.4508,+00.350,+02.746,-09.263,+00.003004,-00.000638,-00.000917,+36.5,+083.717*65
$VNIMU,+00.0918,+00.2676,+00.4493,+00.350,+02.784,-09.272,+00.001454,-00.002435,-00.000452,+36.5,+083.730*60
$VNGPE,598301.599802,2072,3,09,-2006296.210,-4859658.800,+3601603.550,-000.010,-000.240,+000.020,+007.380,+006.709,+005.976,+000.320,5.00E-09*03
$VNIMU,+00.0918,+00.2710,+00.4480,+00.339,+02.755,-09.273,+00.001398,-00.001426,-00.000892,+36.5,+083.730*67
$VNIMU,+00.0929,+00.2687,+00.4479,+00.354,+02.738,-09.273,+00.001444,+00.001071,+00.000820,+36.5,+083.733*66
$VNIMU,+00.0897,+00.2688,+00.4481,+00.348,+02.761,-09.248,+00.003593,-00.001551,+00.000470,+36.5,+083.717*64
$VNIMU,+00.0907,+00.2722,+00.4494,+00.355,+02.770,-09.244,-00.001046,-00.000982,-00.001118,+36.5,+083.746*6B
$VNIMU,+00.0918,+00.2687,+00.4466,+00.343,+02.777,-09.255,-00.001180,+00.000351,-00.000600,+36.5,+083.720*60
$VNIMU,+00.0907,+00.2687,+00.4480,+00.359,+02.753,-09.254,+00.000643,+00.000711,-00.000282,+36.5,+083.730*6A
$VNIMU,+00.0918,+00.2699,+00.4480,+00.330,+02.783,-09.249,+00.002004,-00.001430,-00.000718,+36.5,+083.717*66
$VNIMU,+00.0918,+00.2699,+00.4493,+00.362,+02.765,-09.237,-00.000091,+00.000660,-00.000480,+36.5,+083.717*68
$VNIMU,+00.0918,+00.2699,+00.4480,+00.347,+02.757,-09.279,+00.000857,-00.000515,-00.000906,+36.5,+083.733*60
$VNIMU,+00.0929,+00.2687,+00.4465,+00.389,+02.778,-09.252,+00.000136,-00.000634,-00.001319,+36.5,+083.733*6B
$VNGPE,598301.799803,2072,3,09,-2006296.160,-4859658.780,+3601603.440,-000.160,-000.090,+000.140,+007.350,+006.682,+005.961,+000.408,4.00E-09*08
$VNIMU,+00.0918,+00.2676,+00.4507,+00.364,+02.769,-09.269,+00.002918,-00.003423,-00.001379,+36.5,+083.720*6C
$VNIMU,+00.0918,+00.2676,+00.4480,+00.359,+02.769,-09.280,+00.001471,-00.000716,-00.000916,+36.5,+083.733*6C
$VNIMU,+00.0929,+00.2699,+00.4493,+00.337,+02.757,-09.291,+00.000938,+00.000054,+00.000586,+36.5,+083.733*6D
$VNIMU,+00.0918,+00.2699,+00.4466,+00.340,+02.756,-09.277,+00.001834,-00.000915,-00.001212,+36.5,+083.720*65
$VNIMU,+00.0929,+00.2676,+00.4479,+00.341,+02.747,-09.276,+00.000954,-00.000714,-00.000250,+36.5,+083.730*67
$VNIMU,+00.0918,+00.2676,+00.4466,+00.355,+02.785,-09.283,+00.001613,+00.000291,-00.000716,+36.5,+083.730*6E
$VNIMU,+00.0907,+00.2687,+00.4480,+00.342,+02.750,-09.255,+00.000558,-00.000826,+00.000105,+36.5,+083.730*6C
$VNIMU,+00.0907,+00.2676,+00.4480,+00.354,+02.758,-09.299,-00.000377,-00.000559,-00.000653,+36.5,+083.730*67
$VNIMU,+00.0896,+00.2699,+00.4467,+00.354,+02.772,-09.276,+00.000094,-00.000351,-00.000677,+36.5,+083.720*6E
$VNIMU,+00.0939,+00.2699,+00.4465,+00.343,+02.769,-09.258,+00.000415,-00.000820,-00.000846,+36.5,+083.720*64
$VNGPE,598301.999804,2072,3,09,-2006296.130,-4859658.840,+3601603.420,+000.090,-000.250,-000.100,+007.350,+006.682,+005.964,+000.376,4.00E-09*0E
$VNIMU,+00.0907,+00.2699,+00.4480,+00.344,+02.773,-09.287,+00.000274,-00.000355,+00.000972,+36.5,+083.733*66
$VNIMU,+00.0918,+00.2676,+00.4480,+00.346,+02.778,-09.246,+00.001523,-00.001120,-00.001171,+36.5,+083.733*64
$VNIMU,+00.0907,+00.2687,+00.4507,+00.352,+02.746,-09.293,+00.002080,-00.001605,+00.000827,+36.5,+083.720*6A
$VNIMU,+00.0918,+00.2710,+00.4493,+00.329,+02.758,-09.281,+00.001166,-00.000852,-00.000299,+36.5,+083.717*6D
$VNIMU,+00.0897,+00.2676,+00.4494,+00.339,+02.774,-09.279,+00.000582,+00.000088,+00.000427,+36.5,+083.720*62
$VNIMU,+00.0907,+00.2699,+00.4494,+00.335,+02.792,-09.261,+00.001747,-00.000635,-00.001408,+36.5,+083.730*61
$VNIMU,+00.0897,+00.2688,+00.4481,+00.358,+02.736,-09.237,+00.002657,-00.002122,+00.000627,+36.5,+083.730*63
$VNIMU,+00.0875,+00.2699,+00.4468,+00.341,+02.751,-09.280,-00.001169,-00.000598,-00.000604,+36.5,+083.717*67
$VNIMU,+00.0929,+00.2676,+00.4506,+00.342,+02.734,-09.287,+00.000831,+00.000472,-00.001012,+36.5,+083.720*64
$VNIMU,+00.0918,+00.2687,+00.4507,+00.358,+02.771,-09.263,+00.002291,-00.001945,-00.000439,+36.5,+083.743*6C
$VNGPE,598302.199806,2072,3,09,-2006296.090,-4859658.920,+3601603.370,-000.040,-000.200,-000.090,+007.350,+006.682,+005.970,+000.304,4.00E-09*0F
$VNIMU,+00.0918,+00.2687,+00.4466,+00.326,+02.761,-09.259,+00.001056,-00.001901,-00.000650,+36.5,+083.730*68
$VNIMU,+00.0918,+00.2687,+00.4480,+00.335,+02.775,-09.259,+00.000249,+00.000215,+00.000066,+36.5,+083.720*67
$VNIMU,+00.0907,+00.2699,+00.4480,+00.334,+02.754,-09.275,+00.001648,-00.001244,-00.000403,+36.5,+083.730*6D
$VNIMU,+00.0896,+00.2710,+00.4454,+00.349,+02.770,-09.290,-00.000341,-00.001792,+00.000146,+36.5,+083.720*6C
$VNIMU,+00.0950,+00.2676,+00.4478,+00.354,+02.771,-09.279,+00.002756,-00.000984,-00.001529,+36.5,+083.717*62
$VNIMU,+00.0886,+00.2699,+00.4495,+00.339,+02.760,-09.289,+00.003063,-00.001385,-00.000039,+36.5,+083.720*65
$VNIMU,+00.0929,+00.2687,+00.4493,+00.326,+02.775,-09.276,+00.000855,-00.000209,-00.000450,+36.5,+083.730*62
$VNIMU,+00.0907,+00.2676,+00.4480,+00.370,+02.771,-09.303,+00.002106,-00.001093,+00.000418,+36.5,+083.717*64
$VNIMU,+00.0918,+00.2699,+00.4480,+00.346,+02.775,-09.293,+00.001795,-00.000961,+00.000531,+36.5,+083.730*67
$VNIMU,+00.0918,+00.2687,+00.4452,+00.342,+02.758,-09.277,+00.000617,-00.000294,+00.000844,+36.5,+083.730*62
$VNGPE,598302.399807,2072,3,09,-2006296.050,-4859659.040,+3601603.370,+000.100,-000.190,-000.020,+007.380,+006.709,+005.976,+000.384,4.00E-09*0D
$VNIMU,+00.0896,+00.2688,+00.4467,+00.339,+02.761,-09.274,+00.000639,-00.000578,+00.000367,+36.5,+083.730*6A
$VNIMU,+00.0896,+00.2699,+00.4481,+00.353,+02.744,-09.254,+00.000681,-00.001248,-00.001336,+36.5,+083.720*6F
$VNIMU,+00.0929,+00.2699,+00.4493,+00.339,+02.752,-09.249,+00.002174,-00.002787,-00.001071,+36.5,+083.730*65
$VNIMU,+00.0918,+00.2699,+00.4493,+00.355,+02.771,-09.277,-00.000415,+00.000403,-00.000201,+36.5,+083.730*68
$VNIMU,+00.0918,+00.2676,+00.4480,+00.360,+02.778,-09.277,+00.001503,-00.000625,-00.000931,+36.5,+083.717*68
$VNIMU,+00.0897,+00.2699,+00.4508,+00.363,+02.782,-09.285,+00.001670,-00.002101,-00.000039,+36.5,+083.746*64
$VNIMU,+00.0896,+00.2699,+00.4454,+00.320,+02.781,-09.256,+00.001619,-00.002074,-00.000145,+36.5,+083.733*63
$VNIMU,+00.0886,+00.2676,+00.4454,+00.352,+02.771,-09.301,-00.001051,+00.000258,-00.000682,+36.5,+083.730*61
$VNIMU,+00.0907,+00.2710,+00.4467,+00.356,+02.763,-09.258,+00.001916,-00.001155,+00.000195,+36.5,+083.730*60
$VNIMU,+00.0929,+00.2687,+00.4479,+00.358,+02.763,-09.269,+00.002289,-00.000239,+00.001046,+36.5,+083.733*6B
$VNGPE,598302.599808,2072,3,09,-2006296.030,-4859659.130,+3601603.380,-000.130,-000.190,+000.080,+007.380,+006.709,+005.991,+000.368,4.00E-09*09
$VNIMU,+00.0918,+00.2665,+00.4479,+00.355,+02.763,-09.293,-00.000831,+00.000138,+00.000451,+36.5,+083.730*64
$VNIMU,+00.0929,+00.2687,+00.4465,+00.350,+02.771,-09.275,+00.002341,-00.000473,+00.000388,+36.5,+083.730*6E
$VNIMU,+00.0918,+00.2699,+00.4493,+00.344,+02.780,-09.259,+00.001918,-00.001776,-00.000506,+36.5,+083.730*6B
$VNIMU,+00.0897,+00.2688,+00.4494,+00.348,+02.749,-09.259,+00.000971,-00.000193,-00.000945,+36.5,+083.717*6F
$VNIMU,+00.0907,+00.2710,+00.4508,+00.335,+02.762,-09.290,+00.000694,-00.000712,-00.000844,+36.5,+083.717*6E
$VNIMU,+00.0907,+00.2699,+00.4494,+00.343,+02.762,-09.287,-00.000148,+00.000915,-00.000210,+36.5,+083.733*6F
$VNIMU,+00.0918,+00.2699,+00.4480,+00.351,+02.775,-09.254,+00.002075,-00.000150,+00.000280,+36.5,+083.720*66
$VNIMU,+00.0897,+00.2676,+00.4481,+00.359,+02.770,-09.287,+00.000297,+00.000441,+00.001014,+36.5,+083.733*60
$VNIMU,+00.0907,+00.2676,+00.4480,+00.341,+02.776,-09.256,-00.000932,-00.001039,+00.000116,+36.5,+083.733*66
$VNIMU,+00.0896,+00.2710,+00.4481,+00.338,+02.774,-09.266,+00.001571,+00.000389,-00.000519,+36.5,+083.730*6D
$VNGPE,598302.799809,2072,3,09,-2006296.010,-4859659.170,+3601603.380,-000.050,-000.200,+000.130,+007.380,+006.709,+005.985,+000.328,4.00E-09*0A
$VNIMU,+00.0907,+00.2687,+00.4467,+00.344,+02.767,-09.258,+00.001168,-00.001613,-00.000120,+36.5,+083.717*61
$VNIMU,+00.0918,+00.2699,+00.4507,+00.370,+02.769,-09.266,+00.001687,-00.000844,+00.000266,+36.5,+083.730*6A
$VNIMU,+00.0897,+00.2653,+00.4481,+00.347,+02.772,-09.283,+00.000752,-00.000924,+00.000139,+36.5,+083.720*67
$VNIMU,+00.0940,+00.2665,+00.4478,+00.336,+02.746,-09.287,+00.000559,-00.002179,-00.001172,+36.5,+083.730*68
$VNIMU,+00.0929,+00.2676,+00.4465,+00.351,+02.771,-09.247,+00.000282,-00.001573,-00.000623,+36.5,+083.717*6B
$VNIMU,+00.0907,+00.2699,+00.4480,+00.351,+02.781,-09.296,-00.000127,-00.000041,-00.000323,+36.5,+083.733*62
$VNIMU,+00.0896,+00.2710,+00.4454,+00.349,+02.748,-09.262,+00.001332,+00.000360,-00.000402,+36.5,+083.730*65
$VNIMU,+00.0907,+00.2687,+00.4494,+00.335,+02.762,-09.266,+00.000857,-00.001896,-00.000313,+36.5,+083.717*66
$VNIMU,+00.0929,+00.2699,+00.4452,+00.367,+02.754,-09.280,+00.002379,-00.000636,-00.000066,+36.5,+083.733*62
$VNIMU,+00.0896,+00.2699,+00.4467,+00.346,+02.777,-09.255,+00.000092,-00.001855,-00.000360,+36.5,+083.717*66
$VNGPE,598302.999811,2072,3,10,-2006295.970,-4859659.150,+3601603.350,+000.000,-000.230,+000.020,+007.380,+006.785,+005.991,+000.336,4.00E-09*08
$VNIMU,+00.0929,+00.2699,+00.4479,+00.346,+02.770,-09.308,+00.000330,-00.000078,+00.000507,+36.5,+083.720*6A
$VNIMU,+00.0918,+00.2676,+00.4480,+00.343,+02.764,-09.272,+00.002248,-00.001715,+00.000607,+36.5,+083.720*61
$VNIMU,+00.0918,+00.2722,+00.4521,+00.337,+02.749,-09.266,-00.000103,-00.000595,-00.001281,+36.5,+083.733*6E
$VNIMU,+00.0950,+00.2676,+00.4478,+00.360,+02.748,-09.244,-00.000832,+00.000173,+00.000185,+36.5,+083.717*6B
$VNIMU,+00.0929,+00.2710,+00.4466,+00.356,+02.789,-09.253,+00.001367,-00.002164,+00.000851,+36.5,+083.733*6D
$VNIMU,+00.0918,+00.2710,+00.4480,+00.342,+02.781,-09.291,+00.002119,-00.001514,-00.000492,+36.5,+083.730*6A
$VNIMU,+00.0918,+00.2687,+00.4452,+00.334,+02.748,-09.283,+00.001828,-00.000789,-00.000876,+36.5,+083.730*64
$VNIMU,+00.0929,+00.2687,+00.4479,+00.364,+02.762,-09.253,+00.001905,-00.001890,+00.000220,+36.5,+083.717*6D
$VNIMU,+00.0907,+00.2676,+00.4480,+00.368,+02.783,-09.280,+00.000406,-00.001610,-00.000040,+36.5,+083.733*69
$VNIMU,+00.0918,+00.2699,+00.4453,+00.330,+02.754,-09.280,+00.000615,-00.000460,+00.000319,+36.5,+083.730*61
$VNGPE,598303.199812,2072,3,10,-2006295.920,-4859659.140,+3601603.330,+000.080,-000.060,+000.130,+007.380,+006.785,+005.994,+000.240,4.00E-09*0A
$VNIMU,+00.0929,+00.2699,+00.4479,+00.349,+02.771,-09.271,+00.001503,-00.000025,-00.000735,+36.5,+083.730*60
$VNIMU,+00.0896,+00.2699,+00.4481,+00.350,+02.760,-09.287,+00.000434,-00.000770,+00.000121,+36.5,+083.733*66
$VNIMU,+00.0896,+00.2688,+00.4467,+00.351,+02.747,-09.282,+00.001578,-00.000901,-00.000359,+36.5,+083.720*66
$VNIMU,+00.0929,+00.2687,+00.4465,+00.339,+02.780,-09.259,-00.000492,-00.001494,-00.001331,+36.5,+083.733*62
$VNIMU,+00.0939,+00.2699,+00.4465,+00.345,+02.789,-09.282,+00.001104,+00.000468,-00.000628,+36.5,+083.717*6B
$VNIMU,+00.0929,+00.2699,+00.4466,+00.341,+02.742,-09.253,+00.001657,-00.001080,-00.001019,+36.5,+083.730*62
$VNIMU,+00.0907,+00.2676,+00.4480,+00.333,+02.777,-09.260,+00.000869,+00.000743,+00.000371,+36.5,+083.730*63
$VNIMU,+00.0918,+00.2676,+00.4466,+00.333,+02.778,-09.261,+00.000560,+00.001219,-00.000932,+36.5,+083.717*6A
$VNIMU,+00.0907,+00.2687,+00.4467,+00.372,+02.739,-09.272,+00.001383,-00.001701,+00.000200,+36.5,+083.720*61
$VNIMU,+00.0907,+00.2687,+00.4494,+00.347,+02.739,-09.268,+00.000393,+00.000407,-00.000710,+36.5,+083.720*60
$VNGPE,598303.399813,2072,3,10,-2006295.880,-4859659.080,+3601603.290,-000.100,-000.090,+000.050,+007.380,+006.785,+005.979,+000.384,4.00E-09*09
$VNIMU,+00.0907,+00.2676,+00.4453,+00.344,+02.772,-09.286,+00.000413,+00.000293,-00.000612,+36.5,+083.717*6A
$VNIMU,+00.0918,+00.2687,+00.4480,+00.336,+02.768,-09.262,+00.001522,-00.000252,-00.000088,+36.5,+083.704*6E
$VNIMU,+00.0929,+00.2676,+00.4452,+00.363,+02.748,-09.285,+00.001538,-00.001636,-00.000433,+36.5,+083.730*69
$VNIMU,+00.0918,+00.2687,+00.4493,+00.340,+02.744,-09.313,+00.000675,-00.000486,+00.000360,+36.5,+083.717*6A
$VNIMU,+00.0918,+00.2710,+00.4521,+00.361,+02.781,-09.261,-00.000100,-00.000337,-00.000267,+36.5,+083.733*6B
$VNIMU,+00.0886,+00.2722,+00.4495,+00.347,+02.759,-09.248,+00.001588,-00.000393,+00.000426,+36.5,+083.746*62
$VNIMU,+00.0875,+00.2710,+00.4469,+00.330,+02.756,-09.274,+00.000858,-00.001856,+00.000120,+36.5,+083.717*69
$VNIMU,+00.0918,+00.2699,+00.4480,+00.347,+02.759,-09.271,-00.000187,+00.000190,-00.000908,+36.5,+083.733*65
$VNIMU,+00.0896,+00.2710,+00.4495,+00.352,+02.761,-09.253,+00.001032,-00.002150,-00.001248,+36.5,+083.730*64
$VNIMU,+00.0918,+00.2699,+00.4453,+00.363,+02.773,-09.279,+00.001593,-00.001922,-00.002274,+36.5,+083.733*6F
$VNGPE,598303.599814,2072,3,10,-2006295.840,-4859659.080,+3601603.240,+000.060,-000.190,-000.070,+007.350,+006.757,+005.958,+000.368,4.00E-09*0E
$VNIMU,+00.0929,+00.2676,+00.4520,+00.330,+02.763,-09.257,+00.000661,-00.000340,-00.000504,+36.5,+083.730*63
$VNIMU,+00.0896,+00.2699,+00.4481,+00.348,+02.765,-09.256,+00.001738,-00.000051,-00.001393,+36.5,+083.717*66
$VNIMU,+00.0918,+00.2710,+00.4480,+00.347,+02.760,-09.269,-00.000335,-00.001477,+00.000164,+36.5,+083.717*64
$VNIMU,+00.0929,+00.2665,+00.4465,+00.342,+02.768,-09.260,+00.002165,-00.001011,+00.000171,+36.5,+083.730*6C
$VNIMU,+00.0918,+00.2699,+00.4493,+00.343,+02.761,-09.279,-00.000070,+00.000981,-00.000586,+36.5,+083.717*6D
$VNIMU,+00.0918,+00.2722,+00.4453,+00.364,+02.773,-09.249,-00.000440,+00.000309,-00.000294,+36.5,+083.733*6A
$VNIMU,+00.0886,+00.2710,+00.4495,+00.362,+02.770,-09.286,+00.002106,-00.003025,+00.000550,+36.5,+083.730*60
$VNIMU,+00.0897,+00.2676,+00.4481,+00.344,+02.761,-09.303,+00.001661,-00.001276,-00.000784,+36.5,+083.730*62
$VNIMU,+00.0907,+00.2687,+00.4494,+00.352,+02.770,-09.255,+00.002110,-00.002361,-00.000732,+36.5,+083.717*6B
$VNIMU,+00.0918,+00.2665,+00.4466,+00.360,+02.776,-09.260,+00.000438,-00.000141,+00.000213,+36.5,+083.743*6B
$VNGPE,598303.799816,2072,3,10,-2006295.790,-4859659.070,+3601603.170,+000.070,-000.060,-000.130,+007.350,+006.757,+005.940,+000.360,4.00E-09*08
$VNIMU,+00.0907,+00.2699,+00.4480,+00.329,+02.754,-09.280,+00.002062,-00.000470,-00.000432,+36.5,+083.733*67
$VNIMU,+00.0918,+00.2699,+00.4466,+00.331,+02.760,-09.292,+00.001393,-00.001066,-00.000903,+36.5,+083.720*6D
$VNIMU,+00.0929,+00.2733,+00.4507,+00.344,+02.764,-09.242,+00.000994,-00.000874,-00.001091,+36.5,+083.720*66
$VNIMU,+00.0929,+00.2687,+00.4493,+00.329,+02.755,-09.271,+00.000624,+00.000216,-00.000786,+36.5,+083.730*60
$VNIMU,+00.0907,+00.2687,+00.4480,+00.333,+02.775,-09.244,+00.000044,-00.000062,-00.001663,+36.5,+083.720*6C
$VNIMU,+00.0918,+00.2687,+00.4466,+00.343,+02.811,-09.240,+00.001220,-00.000777,+00.000250,+36.5,+083.730*64
$VNIMU,+00.0896,+00.2710,+00.4481,+00.345,+02.770,-09.264,+00.002020,-00.002435,-00.000215,+36.5,+083.720*6D
$VNIMU,+00.0918,+00.2699,+00.4466,+00.371,+02.750,-09.237,+00.000443,-00.001038,-00.001009,+36.5,+083.733*65
$VNIMU,+00.0907,+00.2687,+00.4453,+00.359,+02.769,-09.276,-00.000112,-00.000409,+00.000841,+36.5,+083.733*64
$VNIMU,+00.0907,+00.2665,+00.4466,+00.326,+02.774,-09.301,+00.002345,-00.000819,+00.000819,+36.5,+083.730*6C
$VNGPE,598303.999817,2072,3,10,-2006295.730,-4859659.060,+3601603.110,-000.010,+000.040,+000.060,+007.320,+006.730,+005.925,+000.312,4.00E-09*0C
$VNIMU,+00.0907,+00.2687,+00.4467,+00.339,+02.739,-09.265,+00.000705,-00.001151,+00.000438,+36.5,+083.730*6C
$VNIMU,+00.0907,+00.2710,+00.4467,+00.339,+02.768,-09.260,+00.001247,-00.001679,-00.000386,+36.5,+083.733*6A
$VNIMU,+00.0929,+00.2687,+00.4493,+00.348,+02.769,-09.295,+00.001232,-00.000599,-00.000145,+36.5,+083.730*6F
$VNIMU,+00.0918,+00.2687,+00.4493,+00.366,+02.766,-09.245,+00.001273,-00.001051,+00.000592,+36.5,+083.717*6B
$VNIMU,+00.0907,+00.2710,+00.4494,+00.343,+02.753,-09.277,+00.000654,-00.000379,+00.000038,+36.5,+083.717*60
$VNIMU,+00.0918,+00.2676,+00.4493,+00.355,+02.783,-09.256,+00.000409,-00.001998,-00.000493,+36.5,+083.733*6A
$VNIMU,+00.0918,+00.2710,+00.4480,+00.336,+02.764,-09.254,+00.000701,-00.000565,-00.000071,+36.5,+083.720*69
$VNIMU,+00.0896,+00.2710,+00.4467,+00.374,+02.747,-09.271,+00.001037,-00.000226,-00.001249,+36.5,+083.727*6B
$VNIMU,+00.0886,+00.2688,+00.4468,+00.382,+02.764,-09.260,+00.000090,-00.000714,-00.000259,+36.5,+083.730*63
$VNIMU,+00.0929,+00.2676,+00.4493,+00.346,+02.788,-09.293,+00.001761,-00.000967,-00.000745,+36.5,+083.720*6F
$VNGPE,598304.199818,2072,3,10,-2006295.650,-4859659.130,+3601603.080,+000.090,-000.190,-000.120,+007.290,+006.702,+005.904,+000.344,4.00E-09*0B
$VNIMU,+00.0940,+00.2687,+00.4451,+00.343,+02.749,-09.258,+00.002301,+00.000269,+00.000005,+36.5,+083.717*6C
$VNIMU,+00.0918,+00.2699,+00.4480,+00.356,+02.753,-09.253,+00.001457,+00.000128,+00.000054,+36.5,+083.733*65
$VNIMU,+00.0918,+00.2699,+00.4466,+00.372,+02.773,-09.263,+00.001323,-00.002874,-00.000902,+36.5,+083.733*66
$VNIMU,+00.0940,+00.2687,+00.4465,+00.337,+02.770,-09.291,+00.000230,-00.001443,-00.000561,+36.5,+083.717*6E
$VNIMU,+00.0929,+00.2687,+00.4479,+00.343,+02.781,-09.251,+00.000225,-00.001000,-00.000120,+36.5,+083.717*6B
$VNIMU,+00.0907,+00.2687,+00.4480,+00.338,+02.753,-09.266,+00.001937,-00.001464,-00.000377,+36.5,+083.733*6F
$VNIMU,+00.0918,+00.2687,+00.4480,+00.333,+02.766,-09.267,+00.002298,-00.001831,-00.000274,+36.5,+083.733*6E
$VNIMU,+00.0907,+00.2699,+00.4480,+00.345,+02.781,-09.298,-00.000026,-00.001567,+00.000352,+36.5,+083.704*6D
$VNIMU,+00.0918,+00.2687,+00.4466,+00.346,+02.776,-09.271,+00.000794,-00.001361,+00.000218,+36.5,+083.730*68
$VNIMU,+00.0929,+00.2676,+00.4493,+00.351,+02.754,-09.289,+00.002521,-00.001408,-00.000212,+36.5,+083.733*66
$VNGPE,598304.399819,2072,3,10,-2006295.550,-4859659.160,+3601603.010,+000.070,-000.150,-000.130,+007.290,+006.702,+005.889,+000.352,4.00E-09*07
$VNIMU,+00.0918,+00.2687,+00.4480,+00.334,+02.742,-09.298,+00.002181,-00.002358,-00.000066,+36.5,+083.720*60
$VNIMU,+00.0907,+00.2699,+00.4480,+00.314,+02.762,-09.261,-00.000124,-00.000960,-00.000983,+36.5,+083.733*6F
$VNIMU,+00.0907,+00.2676,+00.4494,+00.364,+02.777,-09.294,+00.001030,-00.000125,-00.000571,+36.5,+083.720*6B
$VNIMU,+00.0897,+00.2688,+00.4481,+00.361,+02.780,-09.269,+00.002356,-00.001186,-00.000679,+36.5,+083.717*6E
$VNIMU,+00.0929,+00.2676,+00.4493,+00.328,+02.767,-09.265,+00.001226,-00.001187,-00.000412,+36.5,+083.717*6B
$VNIMU,+00.0907,+00.2699,+00.4467,+00.359,+02.760,-09.263,-00.000365,-00.000206,-00.001164,+36.5,+083.730*60
$VNIMU,+00.0918,+00.2699,+00.4480,+00.361,+02.765,-09.262,+00.001137,-00.002637,-00.001389,+36.5,+083.730*6F
$VNIMU,+00.0907,+00.2710,+00.4494,+00.361,+02.758,-09.271,+00.002515,-00.001077,+00.000070,+36.5,+083.720*6D
$VNIMU,+00.0929,+00.2699,+00.4506,+00.354,+02.768,-09.273,-00.000933,-00.002137,-00.000559,+36.5,+083.720*6E
$VNIMU,+00.0907,+00.2699,+00.4494,+00.345,+02.756,-09.258,+00.000447,+00.000205,+00.000385,+36.5,+083.730*62
$VNGPE,598304.599821,2072,3,10,-2006295.510,-4859659.180,+3601602.960,+000.000,-000.020,+000.030,+007.260,+006.675,+005.880,+000.288,4.00E-09*08
$VNIMU,+00.0929,+00.2665,+00.4465,+00.334,+02.755,-09.276,+00.001486,-00.000964,+00.000781,+36.5,+083.704*6B
$VNIMU,+00.0918,+00.2642,+00.4507,+00.324,+02.768,-09.280,+00.001381,-00.001393,+00.000613,+36.5,+083.717*64
$VNIMU,+00.0918,+00.2699,+00.4480,+00.356,+02.776,-09.282,+00.000257,+00.000399,-00.000394,+36.5,+083.746*6A
$VNIMU,+00.0907,+00.2665,+00.4494,+00.360,+02.770,-09.303,+00.000234,-00.001592,-00.001000,+36.5,+083.733*6B
$VNIMU,+00.0929,+00.2687,+00.4479,+00.340,+02.756,-09.294,-00.000133,-00.001300,-00.001182,+36.5,+083.730*66
$VNIMU,+00.0918,+00.2699,+00.4493,+00.344,+02.779,-09.277,+00.001526,-00.000001,-00.000227,+36.5,+083.730*62
$VNIMU,+00.0939,+00.2722,+00.4479,+00.361,+02.761,-09.259,+00.003251,-00.001416,-00.001368,+36.5,+083.733*68
$VNIMU,+00.0918,+00.2687,+00.4466,+00.335,+02.753,-09.276,+00.001006,-00.001284,-00.000306,+36.5,+083.717*66
$VNIMU,+00.0907,+00.2699,+00.4508,+00.329,+02.769,-09.286,-00.000402,-00.000791,-00.000229,+36.5,+083.733*68
$VNIMU,+00.0907,+00.2699,+00.4480,+00.356,+02.780,-09.265,+00.002244,-00.002327,-00.000532,+36.5,+083.717*6B
$VNGPE,598304.799822,2072,3,10,-2006295.460,-4859659.150,+3601602.930,+000.000,-000.110,+000.050,+007.260,+006.675,+005.877,+000.312,4.00E-09*09
$VNIMU,+00.0918,+00.2699,+00.4453,+00.342,+02.751,-09.273,+00.001797,-00.000061,+00.000188,+36.5,+083.720*69
$VNIMU,+00.0907,+00.2699,+00.4480,+00.375,+02.766,-09.255,+00.000613,-00.000660,+00.000037,+36.5,+083.733*61
$VNIMU,+00.0907,+00.2687,+00.4494,+00.342,+02.759,-09.260,+00.000909,-00.001410,-00.000826,+36.5,+083.717*6D
$VNIMU,+00.0918,+00.2676,+00.4493,+00.327,+02.766,-09.243,+00.000395,-00.000979,-00.000221,+36.5,+083.720*61
$VNIMU,+00.0929,+00.2676,+00.4493,+00.357,+02.764,-09.276,-00.001412,-00.000581,+00.000292,+36.5,+083.730*6B
$VNIMU,+00.0918,+00.2687,+00.4452,+00.331,+02.757,-09.246,+00.001771,-00.001861,-00.001025,+36.5,+083.717*67
$VNIMU,+00.0907,+00.2687,+00.4494,+00.338,+02.762,-09.267,+00.001075,-00.000655,-00.000306,+36.5,+083.720*63
$VNIMU,+00.0896,+00.2699,+00.4467,+00.344,+02.769,-09.256,+00.000558,-00.000626,-00.000897,+36.5,+083.717*63
$VNERR,0B*03
