618,+00.2235,-00.047,+00.161,-09.686,+00.000842,-00.000461,+00.001351,+32.7,+084.002*68
$VNIMU,+00.4318,+00.0629,+00.2235,-00.048,+00.164,-09.693,+00.001858,-00.000423,+00.003074,+32.7,+083.986*62
$VNIMU,+00.4350,+00.0617,+00.2219,-00.069,+00.178,-09.700,+00.000504,-00.002118,+00.001251,+32.7,+083.986*65
$VNIMU,+00.4328,+00.0629,+00.2221,-00.072,+00.170,-09.679,+00.001510,-00.001420,+00.002417,+32.7,+083.986*6F
$VNRRG,03,0100018999*5D
$VNIMU,+00.4307,+00.0629,+00.2208,-00.052,+00.167,-09.660,+00.001139,-00.002058,+00.000806,+32.7,+083.999*62
$VNIMU,+00.4350,+00.0617,+00.2247,-00.053,+00.170,-09.712,+00.001091,-00.001352,+00.000860,+32.7,+083.989*6D
$VNIMU,+00.4318,+00.0640,+00.2221,-00.031,+00.167,-09.705,+00.000543,-00.000422,+00.002031,+32.7,+083.986*6C
$VNIMU,+00.4318,+00.0640,+00.2221,-00.059,+00.146,-09.668,+00.001766,-00.001217,+00.001524,+32.7,+083.986*6C
$VNIMU,+00.4329,+00.0617,+00.2207,-00.056,+00.175,-09.672,+00.001720,-00.001873,+00.001974,+32.7,+083.976*60
$VNIMU,+00.4329,+00.0617,+00.2207,-00.026,+00.161,-09.678,+00.001340,-00.001024,+00.001369,+32.7,+083.999*67
$VNIMU,+00.4285,+00.0629,+00.2237,-00.058,+00.166,-09.688,+00.002211,-00.001217,+00.002732,+32.7,+083.986*6C
$VNIMU,+00.4339,+00.0606,+00.2220,-00.059,+00.155,-09.692,+00.001348,-00.000812,+00.002209,+32.7,+083.986*66
$VNWRG,06,0*6C
$VNWRG,07,5*68
$VNWRG,06,20*5E
$VNGPS,348229.000295,2055,3,10,+34.59222000,-112.43322440,+01558.573,+000.020,+000.050,-000.070,+010.290,+008.261,+008.835,+000.512,6.00E-09*2F
$VNGPS,348229.200296,2055,3,10,+34.59222030,-112.43322420,+01558.562,-000.020,+000.090,-000.210,+010.320,+008.285,+008.850,+000.504,6.00E-09*21
$VNGPS,348229.400297,2055,3,10,+34.59222020,-112.43322390,+01558.604,-000.150,+000.200,-000.420,+010.320,+008.285,+008.868,+000.488,6.00E-09*2E
$VNGPS,348229.600298,2055,3,10,+34.59222000,-112.43322370,+01558.679,-000.230,-000.120,-000.280,+010.350,+008.309,+008.883,+000.384,6.00E-09*27
$VNGPS,348229.800299,2055,3,10,+34.59222000,-112.43322380,+01558.677,+000.030,-000.060,-000.080,+010.380,+008.333,+008.901,+000.360,6.00E-09*2F
$VNGPS,348230.000299,2055,3,10,+34.59222010,-112.43322390,+01558.666,-000.060,-000.210,+000.140,+010.380,+008.333,+008.916,+000.560,6.00E-09*22
$VNGPS,348230.200300,2055,3,10,+34.59222010,-112.43322370,+01558.687,+000.070,+000.080,+000.100,+010.410,+008.357,+008.934,+000.400,6.00E-09*25
$VNGPS,348230.400301,2055,3,10,+34.59222010,-112.43322330,+01558.727,+000.040,+000.010,+000.090,+010.440,+008.381,+008.952,+000.424,6.00E-09*27
$VNGPS,348230.600302,2055,3,10,+34.59222020,-112.43322300,+01558.747,-000.040,+000.160,-000.160,+010.440,+008.381,+008.967,+000.528,6.00E-09*23
$VNGPS,348230.800303,2055,3,10,+34.59222010,-112.43322220,+01558.867,+000.020,+000.190,-000.150,+010.470,+008.405,+008.982,+000.560,6.00E-09*22
$VNGPS,348231.000304,2055,3,10,+34.59222000,-112.43322170,+01558.932,-000.060,+000.060,-000.210,+010.500,+008.430,+009.003,+000.496,6.00E-09*28
$VNGPS,348231.200305,2055,3,10,+34.59222000,-112.43322170,+01558.970,-000.070,-000.060,-000.200,+010.500,+008.430,+009.024,+000.408,6.00E-09*29
$VNGPS,348231.400306,2055,3,10,+34.59221980,-112.43322190,+01559.038,-000.160,-000.230,-000.270,+010.530,+008.454,+009.045,+000.392,6.00E-09*26
$VNGPS,348231.600307,2055,3,10,+34.59221970,-112.43322220,+01559.048,-000.080,+000.070,-000.260,+010.560,+008.478,+009.063,+000.480,6.00E-09*20
$VNGPS,348231.800308,2055,3,10,+34.59221930,-112.43322190,+01559.183,-000.080,+000.080,-000.190,+010.560,+008.478,+009.078,+000.480,6.00E-09*22
$VNGPS,348232.000309,2055,3,10,+34.59221910,-112.43322170,+01559.218,-000.110,+000.110,-000.080,+010.590,+008.502,+009.090,+000.432,6.00E-09*29
$VNGPS,348232.200310,2055,3,10,+34.59221900,-112.43322180,+01559.234,+000.040,-000.100,+000.080,+010.590,+008.502,+009.099,+000.496,6.00E-09*27
$VNGPS,348232.400311,2055,3,10,+34.59221880,-112.43322170,+01559.292,+000.020,+000.060,+000.100,+010.590,+008.502,+009.108,+000.368,6.00E-09*2B
$VNGPS,348232.600312,2055,3,10,+34.59221860,-112.43322130,+01559.355,+000.000,+000.130,+000.090,+010.620,+008.526,+009.114,+000.376,6.00E-09*28
$VNGPS,348232.800313,2055,3,10,+34.59221870,-112.43322120,+01559.295,-000.040,+000.130,-000.040,+010.620,+008.526,+009.120,+000.464,6.00E-09*20
$VNGPS,348233.000314,2055,3,10,+34.59221870,-112.43322100,+01559.292,-000.030,+000.190,-000.130,+010.620,+008.526,+009.132,+000.496,6.00E-09*2E
$VNGPS,348233.200315,2055,3,10,+34.59221860,-112.43322120,+01559.318,-000.110,-000.200,-000.320,+010.650,+008.550,+009.141,+000.392,6.00E-09*20
$VNGPS,348233.400316,2055,3,10,+34.59221840,-112.43322170,+01559.369,-000.140,-000.130,-000.290,+010.650,+008.550,+009.156,+000.392,6.00E-09*2D
$VNGPS,348233.600317,2055,3,10,+34.59221790,-112.43322180,+01559.510,-000.090,-000.060,-000.320,+010.680,+008.574,+009.171,+000.408,6.00E-09*23
$VNGPS,348233.800318,2055,3,10,+34.59221770,-112.43322180,+01559.605,-000.010,-000.040,-000.160,+010.680,+008.574,+009.186,+000.400,6.00E-09*27
$VNGPS,348234.000319,2055,3,10,+34.59221750,-112.43322160,+01559.698,+000.020,+000.070,-000.120,+010.710,+008.598,+009.201,+000.496,6.00E-09*2C
$VNGPS,348234.200320,2055,3,10,+34.59221730,-112.43322120,+01559.820,-000.010,+000.060,-000.100,+010.710,+008.598,+009.210,+000.488,6.00E-09*22
$VNGPS,348234.400321,2055,3,10,+34.59221720,-112.43322110,+01559.862,-000.010,+000.010,-000.070,+010.740,+008.622,+009.225,+000.456,6.00E-09*22
$VNGPS,348234.600322,2055,3,10,+34.59221710,-112.43322100,+01559.921,+000.010,-000.040,-000.010,+010.740,+008.622,+009.231,+000.400,6.00E-09*22
$VNGPS,348234.800323,2055,3,10,+34.59221730,-112.43322110,+01559.874,-000.040,+000.020,+000.080,+010.740,+008.622,+009.240,+000.368,6.00E-09*2C
$VNGPS,348235.000324,2055,3,10,+34.59221730,-112.43322090,+01559.893,+000.010,+000.090,-000.130,+010.740,+008.622,+009.246,+000.496,6.00E-09*26
$VNGPS,348235.200325,2055,3,10,+34.59221710,-112.43322050,+01559.975,-000.060,+000.100,-000.140,+010.770,+008.646,+009.255,+000.472,6.00E-09*25
$VNGPS,348235.400326,2055,3,10,+34.59221710,-112.43322050,+01559.984,-000.100,+000.040,-000.120,+010.770,+008.646,+009.264,+000.416,6.00E-09*2A
$VNGPS,348235.600327,2055,3,10,+34.59221690,-112.43322050,+01560.012,-000.150,-000.070,-000.110,+010.770,+008.646,+009.273,+000.344,6.00E-09*29
$VNGPS,348235.800328,2055,3,10,+34.59221680,-112.43322050,+01560.039,+000.020,+000.120,-000.110,+010.800,+008.670,+009.282,+000.496,6.00E-09*29
$VNGPS,348236.000329,2055,3,10,+34.59221650,-112.43322020,+01560.137,-000.070,+000.040,-000.090,+010.800,+008.670,+009.285,+000.416,6.00E-09*24
$VNGPS,348236.200330,2055,3,10,+34.59221610,-112.43322010,+01560.211,-000.010,+000.070,+000.030,+010.800,+008.670,+009.294,+000.408,6.00E-09*28
$VNGPS,348236.400331,2055,3,10,+34.59221570,-112.43321960,+01560.352,+000.020,+000.110,+000.060,+010.800,+008.670,+009.300,+000.416,6.00E-09*25
$VNGPS,348236.600332,2055,3,10,+34.59221560,-112.43321970,+01560.351,+000.020,-000.050,+000.090,+010.830,+008.695,+009.312,+000.504,6.00E-09*22
$VNGPS,348236.800333,2055,3,10,+34.59221570,-112.43321980,+01560.333,+000.050,+000.100,+000.000,+010.830,+008.695,+009.321,+000.488,6.00E-09*2E
$VNGPS,348237.000334,2055,3,10,+34.59221570,-112.43321960,+01560.331,+000.010,+000.190,-000.060,+010.860,+008.719,+009.333,+000.528,6.00E-09*29
$VNGPS,348237.200335,2055,3,10,+34.59221580,-112.43321970,+01560.311,-000.080,+000.020,-000.240,+010.860,+008.719,+009.342,+000.440,6.00E-09*2A
$VNGPS,348237.400336,2055,3,10,+34.59221560,-112.43321990,+01560.360,-000.080,+000.040,-000.340,+010.860,+008.719,+009.354,+000.448,6.00E-09*21
$VNGPS,348237.600337,2055,3,10,+34.59221540,-112.43321960,+01560.497,+000.050,+000.240,-000.340,+010.890,+008.743,+009.363,+000.528,6.00E-09*2A
$VNGPS,348237.800338,2055,3,10,+34.59221520,-112.43321960,+01560.576,-000.070,-000.170,-000.140,+010.890,+008.743,+009.375,+000.408,6.00E-09*27
$VNGPS,348238.000339,2055,3,10,+34.59221480,-112.43321970,+01560.681,+000.020,-000.060,-000.030,+010.920,+008.767,+009.387,+000.400,6.00E-09*2C
$VNGPS,348238.200340,2055,3,10,+34.59221470,-112.43321950,+01560.745,+000.040,+000.090,+000.100,+010.920,+008.767,+009.396,+000.408,6.00E-09*27
$VNGPS,348238.400341,2055,3,10,+34.59221460,-112.43321940,+01560.738,-000.010,+000.040,+000.040,+010.950,+008.791,+009.405,+000.392,6.00E-09*26
$VNGPS,348238.600342,2055,3,10,+34.59221460,-112.43321930,+01560.760,+000.050,+000.120,+000.020,+010.950,+008.791,+009.417,+000.488,6.00E-09*21
$VNGPS,348238.800343,2055,3,10,+34.59221440,-112.43321900,+01560.808,-000.090,+000.040,+000.020,+010.980,+008.815,+009.432,+000.296,6.00E-09*23
$VNGPS,348239.000344,2055,3,10,+34.59221450,-112.43321940,+01560.709,-000.010,-000.120,+000.060,+010.980,+008.815,+009.447,+000.552,6.00E-09*26
$VNGPS,348239.200345,2055,3,10,+34.59221470,-112.43321970,+01560.638,+000.040,+000.060,+000.010,+011.010,+008.839,+009.468,+000.488,7.00E-09*25
$VNGPS,348239.400346,2055,3,10,+34.59221490,-112.43322000,+01560.569,-000.060,-000.160,-000.010,+011.040,+008.863,+009.489,+000.504,7.00E-09*21
$VNGPS,348239.600347,2055,3,10,+34.59221460,-112.43322030,+01560.618,+000.010,-000.170,-000.070,+011.040,+008.863,+009.501,+000.432,7.00E-09*28
$VNGPS,348239.800348,2055,3,10,+34.59221470,-112.43322080,+01560.594,-000.060,-000.070,-000.110,+011.070,+008.887,+009.513,+000.392,7.00E-09*24
$VNGPS,348240.000349,2055,3,10,+34.59221450,-112.43322090,+01560.618,-000.010,-000.020,-000.070,+011.070,+008.887,+009.522,+000.400,7.00E-09*2C
$VNGPS,348240.200350,2055,3,10,+34.59221390,-112.43322060,+01560.761,-000.060,+000.020,+000.010,+011.070,+008.887,+009.531,+000.272,7.00E-09*2D
$VNGPS,348240.400351,2055,3,10,+34.59221360,-112.43322060,+01560.788,+000.010,-000.040,+000.020,+011.100,+008.911,+009.540,+000.496,7.00E-09*22
$VNGPS,348240.600352,2055,3,10,+34.59221360,-112.43322090,+01560.763,+000.050,-000.060,+000.170,+011.100,+008.911,+009.555,+000.480,7.00E-09*28
$VNGPS,348240.800353,2055,3,10,+34.59221360,-112.43322110,+01560.741,+000.070,-000.050,+000.290,+011.130,+008.935,+009.570,+000.456,7.00E-09*2B
$VNGPS,348241.000354,2055,3,10,+34.59221340,-112.43322110,+01560.770,+000.080,+000.000,+000.110,+011.130,+008.935,+009.588,+000.400,7.00E-09*26
$VNGPS,348241.200355,2055,3,10,+34.59221330,-112.43322110,+01560.780,+000.000,+000.100,+000.040,+011.160,+008.959,+009.606,+000.432,7.00E-09*2B
$VNGPS,348241.400355,2055,3,10,+34.59221340,-112.43322120,+01560.735,-000.010,+000.140,-000.060,+011.190,+008.984,+009.624,+000.536,7.00E-09*2A
$VNGPS,348241.600356,2055,3,10,+34.59221330,-112.43322090,+01560.743,-000.030,+000.280,-000.120,+011.190,+008.984,+009.639,+000.544,7.00E-09*26
$VNGPS,348241.800357,2055,3,09,+34.59221310,-112.43322040,+01560.793,-000.100,+000.200,-000.390,+011.220,+008.184,+009.657,+000.512,7.00E-09*2B
$VNGPS,348242.000358,2055,3,09,+34.59221280,-112.43322020,+01560.882,-000.090,+000.090,-000.390,+011.250,+008.206,+009.672,+000.472,7.00E-09*23
$VNGPS,348242.200359,2055,3,09,+34.59221250,-112.43322020,+01560.946,-000.140,-000.070,-000.230,+011.250,+008.206,+009.690,+000.400,7.00E-09*22
$VNGPS,348242.400360,2055,3,09,+34.59221240,-112.43322040,+01560.951,+000.040,-000.090,-000.030,+011.280,+008.228,+009.702,+000.408,7.00E-09*27
$VNGPS,348242.600361,2055,3,09,+34.59221240,-112.43322030,+01560.972,+000.080,+000.070,+000.030,+011.280,+008.228,+009.714,+000.416,7.00E-09*28
$VNGPS,348242.800362,2055,3,09,+34.59221230,-112.43322000,+01561.025,+000.040,+000.010,+000.080,+011.310,+008.250,+009.729,+000.408,7.00E-09*2C
$VNGPS,348243.000363,2055,3,09,+34.59221210,-112.43321970,+01561.076,+000.040,+000.040,+000.030,+011.310,+008.250,+009.750,+000.440,7.00E-09*21
$VNGPS,348243.200364,2055,3,09,+34.59221220,-112.43321960,+01561.056,-000.030,-000.050,-000.080,+011.340,+008.272,+009.771,+000.408,7.00E-09*25
$VNGPS,348243.400365,2055,3,09,+34.59221210,-112.43321940,+01561.082,-000.080,+000.080,-000.090,+011.370,+008.293,+009.795,+000.464,7.00E-09*27
$VNGPS,348243.600366,2055,3,09,+34.59221230,-112.43321930,+01561.027,-000.030,+000.010,-000.030,+011.400,+008.315,+009.816,+000.432,7.00E-09*2C
$VNGPS,348243.800367,2055,3,09,+34.59221240,-112.43321910,+01561.028,+000.040,+000.060,-000.110,+011.400,+008.315,+009.828,+000.496,7.00E-09*2F
$VNGPS,348244.000368,2055,3,09,+34.59221240,-112.43321890,+01561.080,+000.020,-000.150,+000.050,+011.430,+008.337,+009.840,+000.528,7.00E-09*2C
$VNGPS,348244.200369,2055,3,09,+34.59221260,-112.43321920,+01561.031,+000.100,-000.210,+000.420,+011.430,+008.337,+009.849,+000.488,7.00E-09*28
$VNGPS,348244.400370,2055,3,09,+34.59221280,-112.43321920,+01560.970,+000.070,+000.070,+000.200,+011.460,+008.359,+009.861,+000.392,7.00E-09*2E
$VNGPS,348244.600371,2055,3,09,+34.59221320,-112.43321930,+01560.857,+000.050,+000.020,+000.140,+011.460,+008.359,+009.873,+000.400,7.00E-09*2C
$VNGPS,348244.800372,2055,3,09,+34.59221360,-112.43321930,+01560.762,+000.030,+000.080,-000.180,+011.460,+008.359,+009.885,+000.488,7.00E-09*23
$VNGPS,348245.000373,2055,3,09,+34.59221390,-112.43321930,+01560.686,-000.020,+000.130,-000.100,+011.490,+008.381,+009.894,+000.536,7.00E-09*24
$VNGPS,348245.200374,2055,3,09,+34.59221380,-112.43321890,+01560.725,+000.110,-000.050,+000.290,+011.490,+008.381,+009.903,+000.448,7.00E-09*2D
$VNGPS,348245.400375,2055,3,09,+34.59221410,-112.43321920,+01560.628,+000.150,-000.190,+000.310,+011.490,+008.381,+009.915,+000.480,7.00E-09*21
$VNGPS,348245.600376,2055,3,09,+34.59221420,-112.43321940,+01560.615,+000.090,-000.100,+000.190,+011.520,+008.403,+009.924,+000.480,7.00E-09*20
$VNGPS,348245.800377,2055,3,09,+34.59221410,-112.43321940,+01560.641,+000.060,-000.130,+000.110,+011.520,+008.403,+009.927,+000.496,7.00E-09*2D
$VNGPS,348246.000378,2055,3,09,+34.59221420,-112.43321980,+01560.570,-000.040,-000.030,+000.080,+011.520,+008.403,+009.933,+000.440,7.00E-09*24
$VNGPS,348246.200379,2055,3,09,+34.59221440,-112.43321980,+01560.490,+000.030,+000.060,+000.140,+011.520,+008.403,+009.939,+000.392,7.00E-09*23
$VNGPS,348246.400380,2055,3,09,+34.59221430,-112.43321970,+01560.505,+000.130,-000.190,+000.300,+011.550,+008.425,+009.945,+000.480,7.00E-09*25
$VNGPS,348246.600381,2055,3,09,+34.59221430,-112.43321960,+01560.506,+000.100,+000.080,+000.290,+011.550,+008.425,+009.951,+000.392,7.00E-09*28
$VNGPS,348246.800382,2055,3,09,+34.59221460,-112.43321960,+01560.404,+000.090,+000.020,+000.140,+011.550,+008.425,+009.954,+000.392,7.00E-09*2A
$VNGPS,348247.000383,2055,3,09,+34.59221510,-112.43321990,+01560.279,-000.010,-000.010,-000.150,+011.550,+008.425,+009.957,+000.416,7.00E-09*23
$VNGPS,348247.200384,2055,3,09,+34.59221500,-112.43322020,+01560.308,-000.050,-000.280,-000.120,+011.550,+008.425,+009.957,+000.432,7.00E-09*2F
$VNGPS,348247.400385,2055,3,09,+34.59221490,-112.43322060,+01560.311,+000.000,+000.000,+000.130,+011.550,+008.425,+009.966,+000.416,7.00E-09*20
$VNGPS,348247.600386,2055,3,09,+34.59221500,-112.43322080,+01560.259,+000.100,-000.110,+000.150,+011.580,+008.447,+009.978,+000.472,7.00E-09*2F
$VNGPS,348247.800387,2055,3,09,+34.59221520,-112.43322100,+01560.230,+000.070,+000.100,+000.100,+011.580,+008.447,+009.984,+000.416,7.00E-09*21
$VNGPS,348248.000388,2055,3,09,+34.59221510,-112.43322100,+01560.245,+000.030,-000.110,-000.040,+011.580,+008.447,+009.987,+000.424,7.00E-09*2A
$VNGPS,348248.200389,2055,3,09,+34.59221470,-112.43322080,+01560.350,-000.020,+000.160,-000.080,+011.580,+008.447,+009.990,+000.512,7.00E-09*2A
$VNGPS,348248.400390,2055,3,10,+34.59221440,-112.43322060,+01560.417,-000.040,+000.090,-000.180,+011.580,+009.297,+009.990,+000.472,7.00E-09*21
$VNGPS,348248.600391,2055,3,09,+34.59221410,-112.43322020,+01560.462,+000.000,+000.190,+000.000,+011.580,+008.447,+009.987,+000.472,7.00E-09*29
$VNGPS,348248.800392,2055,3,09,+34.59221390,-112.43322020,+01560.485,+000.020,-000.130,+000.140,+011.580,+008.447,+009.987,+000.488,7.00E-09*2C
$VNGPS,348249.000393,2055,3,10,+34.59221370,-112.43322040,+01560.491,+000.070,-000.020,+000.220,+011.580,+009.297,+009.978,+000.424,7.00E-09*2D
$VNGPS,348249.200394,2055,3,11,+34.59221330,-112.43322030,+01560.550,+000.020,-000.070,+000.080,+011.303,+011.520,+009.942,+000.448,7.00E-09*22
$VNGPS,348249.400395,2055,3,10,+34.59221330,-112.43322060,+01560.505,-000.090,-000.010,-000.070,+010.749,+011.490,+009.927,+000.344,7.00E-09*2A
$VNGPS,348249.600396,2055,3,10,+34.59221280,-112.43322020,+01560.617,-000.150,+000.210,-000.430,+010.749,+011.490,+009.915,+000.448,7.00E-09*26
$VNGPS,348249.800397,2055,3,10,+34.59221240,-112.43322000,+01560.710,-000.100,+000.060,-000.460,+010.721,+011.460,+009.900,+000.424,7.00E-09*2B
$VNGPS,348250.000398,2055,3,10,+34.59221190,-112.43321990,+01560.812,-000.050,+000.030,-000.270,+010.721,+011.460,+009.882,+000.416,7.00E-09*28
$VNGPS,348250.200399,2055,3,10,+34.59221160,-112.43321980,+01560.895,-000.050,+000.060,-000.060,+010.693,+011.430,+009.870,+000.432,7.00E-09*2A
$VNGPS,348250.400400,2055,3,10,+34.59221130,-112.43321940,+01560.930,+000.040,+000.190,+000.010,+010.693,+011.430,+009.855,+000.464,7.00E-09*20
$VNGPS,348250.600401,2055,3,10,+34.59221130,-112.43321900,+01560.917,+000.050,+000.240,-000.010,+010.665,+011.400,+009.843,+000.488,7.00E-09*24
$VNGPS,348250.800402,2055,3,10,+34.59221120,-112.43321870,+01560.951,-000.030,+000.010,-000.160,+010.665,+011.400,+009.828,+000.408,7.00E-09*28
$VNGPS,348251.000403,2055,3,10,+34.59221100,-112.43321880,+01560.961,-000.100,-000.070,-000.180,+010.636,+011.370,+009.816,+000.376,7.00E-09*27
$VNGPS,348251.200404,2055,3,10,+34.59221090,-112.43321900,+01560.959,+000.070,-000.080,-000.040,+010.636,+011.370,+009.801,+000.328,7.00E-09*27
$VNGPS,348251.400405,2055,3,10,+34.59221060,-112.43321910,+01560.994,+000.040,-000.080,+000.280,+010.608,+011.340,+009.789,+000.424,7.00E-09*2E
$VNGPS,348251.600406,2055,3,10,+34.59221060,-112.43321910,+01560.951,+000.160,+000.060,+000.230,+010.608,+011.340,+009.771,+000.360,7.00E-09*26
$VNGPS,348251.800407,2055,3,10,+34.59221070,-112.43321920,+01560.894,+000.030,-000.090,+000.140,+010.580,+011.310,+009.759,+000.440,7.00E-09*23
$VNGPS,348252.000408,2055,3,10,+34.59221030,-112.43321930,+01560.948,-000.100,-000.020,-000.180,+010.580,+011.310,+009.750,+000.368,7.00E-09*23
$VNGPS,348252.200409,2055,3,10,+34.59220990,-112.43321950,+01561.032,-000.080,-000.130,-000.150,+010.552,+011.280,+009.738,+000.384,7.00E-09*2E
$VNGPS,348252.400410,2055,3,10,+34.59220950,-112.43321960,+01561.093,+000.040,+000.070,+000.000,+010.552,+011.280,+009.726,+000.456,7.00E-09*28
$VNGPS,348252.600410,2055,3,10,+34.59220950,-112.43321950,+01561.114,+000.070,+000.160,+000.050,+010.524,+011.250,+009.714,+000.432,7.00E-09*2E
$VNGPS,348252.800411,2055,3,10,+34.59220940,-112.43321940,+01561.127,+000.070,-000.050,+000.000,+010.524,+011.250,+009.705,+000.320,7.00E-09*24
$VNGPS,348253.000412,2055,3,10,+34.59220910,-112.43321950,+01561.189,-000.140,-000.060,-000.060,+010.524,+011.250,+009.693,+000.336,7.00E-09*20
$VNGPS,348253.200413,2055,3,10,+34.59220860,-112.43321960,+01561.267,-000.090,-000.070,-000.200,+010.496,+011.220,+009.681,+000.368,7.00E-09*2B
$VNGPS,348253.400414,2055,3,10,+34.59220780,-112.43321950,+01561.449,-000.150,+000.050,-000.250,+010.496,+011.220,+009.672,+000.384,7.00E-09*20
$VNGPS,348253.600415,2055,3,10,+34.59220720,-112.43321930,+01561.559,-000.180,+000.050,-000.200,+010.468,+011.190,+009.663,+000.360,7.00E-09*24
$VNGPS,348253.800416,2055,3,10,+34.59220670,-112.43321940,+01561.660,-000.040,-000.210,-000.040,+010.468,+011.190,+009.651,+000.424,7.00E-09*2E
$VNGPS,348254.000417,2055,3,10,+34.59220640,-112.43321960,+01561.735,+000.120,-000.130,+000.090,+010.440,+011.160,+009.636,+000.384,7.00E-09*22
$VNGPS,348254.200418,2055,3,10,+34.59220630,-112.43321950,+01561.793,-000.020,+000.010,-000.050,+010.440,+011.160,+009.621,+000.376,7.00E-09*24
$VNGPS,348254.400419,2055,3,10,+34.59220590,-112.43321930,+01561.874,-000.220,+000.080,-000.350,+010.412,+011.130,+009.612,+000.384,7.00E-09*2D
$VNGPS,348254.600420,2055,3,11,+34.59220550,-112.43321900,+01561.942,-000.180,+000.230,-000.500,+010.920,+011.130,+009.603,+000.424,7.00E-09*2D
$VNGPS,348254.800421,2055,3,10,+34.59220520,-112.43321870,+01562.053,-000.030,-000.060,-000.230,+010.412,+011.130,+009.594,+000.376,7.00E-09*26
$VNGPS,348255.000422,2055,3,10,+34.59220480,-112.43321890,+01562.146,-000.050,-000.270,-000.020,+010.384,+011.100,+009.588,+000.456,7.00E-09*29
$VNGPS,348255.200423,2055,3,10,+34.59220470,-112.43321890,+01562.170,-000.010,+000.230,-000.090,+010.384,+011.100,+009.585,+000.480,7.00E-09*2B
$VNGPS,348255.400424,2055,3,11,+34.59220450,-112.43321850,+01562.218,-000.080,+000.080,-000.080,+010.891,+011.100,+009.573,+000.400,7.00E-09*27
$VNGPS,348255.600425,2055,3,11,+34.59220430,-112.43321810,+01562.280,-000.100,+000.250,-000.320,+010.861,+011.070,+009.564,+000.448,7.00E-09*2B
$VNGPS,348255.800426,2055,3,11,+34.59220420,-112.43321770,+01562.348,-000.040,+000.020,-000.290,+010.861,+011.070,+009.555,+000.400,7.00E-09*2F
$VNGPS,348256.000427,2055,3,11,+34.59220380,-112.43321740,+01562.487,-000.100,+000.130,-000.240,+010.861,+011.070,+009.543,+000.416,7.00E-09*27
$VNGPS,348256.200428,2055,3,11,+34.59220360,-112.43321690,+01562.593,+000.020,+000.170,-000.330,+010.832,+011.040,+009.534,+000.424,7.00E-09*2F
$VNGPS,348256.400429,2055,3,11,+34.59220350,-112.43321640,+01562.625,-000.050,+000.130,+000.070,+010.832,+011.040,+009.522,+000.368,7.00E-09*24
$VNGPS,348256.600430,2055,3,10,+34.59220360,-112.43321610,+01562.608,+000.010,+000.020,+000.040,+010.300,+011.010,+009.510,+000.368,7.00E-09*29
$VNGPS,348256.800431,2055,3,10,+34.59220380,-112.43321590,+01562.556,-000.070,+000.080,-000.100,+010.300,+011.010,+009.501,+000.416,7.00E-09*2C
$VNGPS,348257.000432,2055,3,10,+34.59220350,-112.43321540,+01562.643,-000.080,+000.180,-000.310,+010.272,+010.980,+009.492,+000.448,7.00E-09*29
$VNGPS,348257.200433,2055,3,11,+34.59220330,-112.43321520,+01562.735,-000.130,-000.060,-000.560,+010.773,+010.980,+009.483,+000.392,7.00E-09*2D
$VNGPS,348257.400434,2055,3,11,+34.59220290,-112.43321500,+01562.878,-000.140,+000.070,-000.370,+010.773,+010.980,+009.471,+000.400,7.00E-09*25
$VNGPS,348257.600435,2055,3,10,+34.59220270,-112.43321500,+01562.924,-000.010,+000.000,-000.070,+010.980,+008.815,+009.474,+000.400,7.00E-09*22
$VNGPS,348257.800436,2055,3,10,+34.59220270,-112.43321490,+01562.926,-000.020,+000.070,-000.070,+010.980,+008.815,+009.477,+000.456,7.00E-09*21
$VNGPS,348258.000437,2055,3,10,+34.59220250,-112.43321480,+01562.969,-000.120,-000.030,-000.230,+010.980,+008.815,+009.477,+000.376,7.00E-09*2F
$VNGPS,348258.200438,2055,3,10,+34.59220220,-112.43321450,+01563.001,-000.100,+000.210,-000.290,+010.980,+008.815,+009.477,+000.432,7.00E-09*27
$VNGPS,348258.400439,2055,3,10,+34.59220200,-112.43321410,+01563.044,-000.150,+000.080,-000.330,+010.980,+008.815,+009.477,+000.408,7.00E-09*2B
$VNGPS,348258.600440,2055,3,11,+34.59220170,-112.43321370,+01563.129,-000.010,+000.030,-000.170,+010.743,+010.950,+009.462,+000.400,7.00E-09*25
$VNGPS,348258.800441,2055,3,11,+34.59220150,-112.43321340,+01563.196,-000.030,-000.050,+000.060,+010.743,+010.950,+009.453,+000.408,7.00E-09*21
$VNGPS,348259.000442,2055,3,11,+34.59220100,-112.43321290,+01563.313,-000.080,+000.100,-000.140,+010.714,+010.920,+009.438,+000.416,7.00E-09*26
$VNGPS,348259.200443,2055,3,11,+34.59220080,-112.43321240,+01563.383,-000.150,+000.160,-000.360,+010.714,+010.920,+009.429,+000.416,7.00E-09*22
$VNGPS,348259.400444,2055,3,11,+34.59220070,-112.43321170,+01563.425,-000.200,+000.260,-000.600,+010.685,+010.890,+009.420,+000.424,7.00E-09*2A
$VNGPS,348259.600445,2055,3,11,+34.59220040,-112.43321090,+01563.535,-000.180,+000.180,-000.450,+010.685,+010.890,+009.411,+000.424,7.00E-09*26
$VNGPS,348259.800446,2055,3,11,+34.59220040,-112.43321020,+01563.571,-000.010,+000.320,-000.230,+010.685,+010.890,+009.402,+000.464,6.00E-09*27
$VNGPS,348260.000447,2055,3,11,+34.59220030,-112.43320960,+01563.632,-000.020,-000.060,-000.140,+010.655,+010.860,+009.396,+000.368,6.00E-09*2E
$VNGPS,348260.200448,2055,3,11,+34.59220050,-112.43320950,+01563.560,-000.060,+000.000,-000.150,+010.655,+010.860,+009.387,+000.384,6.00E-09*25
$VNGPS,348260.400449,2055,3,11,+34.59220050,-112.43320920,+01563.560,-000.060,+000.060,-000.190,+010.655,+010.860,+009.378,+000.424,6.00E-09*22
$VNGPS,348260.600450,2055,3,11,+34.59220050,-112.43320870,+01563.563,-000.050,+000.190,-000.260,+010.626,+010.830,+009.369,+000.448,6.00E-09*25
$VNGPS,348260.800451,2055,3,11,+34.59220060,-112.43320820,+01563.574,-000.020,+000.060,-000.110,+010.626,+010.830,+009.360,+000.440,6.00E-09*26
$VNGPS,348261.000452,2055,3,11,+34.59220060,-112.43320770,+01563.611,+000.010,+000.020,-000.220,+010.626,+010.830,+009.348,+000.400,6.00E-09*29
$VNGPS,348261.200453,2055,3,11,+34.59220030,-112.43320730,+01563.731,-000.100,-000.060,-000.170,+010.596,+010.800,+009.336,+000.368,6.00E-09*21
$VNGPS,348261.400454,2055,3,11,+34.59220010,-112.43320690,+01563.780,+000.050,+000.010,+000.120,+010.596,+010.800,+009.324,+000.384,6.00E-09*22
$VNGPS,348261.600455,2055,3,11,+34.59220030,-112.43320660,+01563.729,+000.100,-000.010,+000.170,+010.567,+010.770,+009.318,+000.392,6.00E-09*26
$VNGPS,348261.800456,2055,3,10,+34.59220060,-112.43320630,+01563.690,+000.070,+000.090,+000.090,+010.770,+008.646,+009.318,+000.376,6.00E-09*2D
$VNGPS,348262.000457,2055,3,10,+34.59220080,-112.43320590,+01563.664,-000.030,+000.060,-000.060,+010.770,+008.646,+009.321,+000.448,6.00E-09*2F
$VNGPS,348262.200458,2055,3,10,+34.59220080,-112.43320530,+01563.689,-000.070,+000.240,-000.340,+010.770,+008.646,+009.321,+000.448,6.00E-09*2E
$VNGPS,348262.400459,2055,3,10,+34.59220080,-112.43320470,+01563.723,-000.110,+000.060,-000.320,+010.770,+008.646,+009.324,+000.416,6.00E-09*22
$VNGPS,348262.600460,2055,3,10,+34.59220080,-112.43320430,+01563.742,-000.060,+000.070,+000.080,+010.800,+008.670,+009.330,+000.352,6.00E-09*2E
$VNGPS,348262.800461,2055,3,10,+34.59220100,-112.43320400,+01563.657,+000.050,+000.050,+000.170,+010.800,+008.670,+009.333,+000.392,6.00E-09*28
$VNGPS,348263.000462,2055,3,10,+34.59220130,-112.43320370,+01563.594,+000.050,+000.080,+000.150,+010.800,+008.670,+009.336,+000.360,6.00E-09*2A
$VNGPS,348263.200463,2055,3,10,+34.59220150,-112.43320340,+01563.546,+000.010,-000.010,+000.040,+010.800,+008.670,+009.342,+000.432,6.00E-09*2B
$VNGPS,348263.400464,2055,3,11,+34.59220160,-112.43320300,+01563.542,-000.020,+000.020,-000.050,+010.596,+010.800,+009.333,+000.416,6.00E-09*2D
$VNGPS,348263.600464,2055,3,11,+34.59220160,-112.43320250,+01563.562,-000.040,+000.070,-000.050,+010.567,+010.770,+009.324,+000.424,6.00E-09*2B
$VNGPS,348263.800465,2055,3,11,+34.59220150,-112.43320200,+01563.614,-000.020,-000.040,-000.150,+010.567,+010.770,+009.315,+000.368,6.00E-09*2F
$VNGPS,348264.000466,2055,3,11,+34.59220140,-112.43320170,+01563.647,+000.070,-000.110,+000.110,+010.567,+010.770,+009.306,+000.408,6.00E-09*26
$VNGPS,348264.200467,2055,3,11,+34.59220150,-112.43320140,+01563.660,+000.110,-000.040,+000.160,+010.537,+010.740,+009.297,+000.376,6.00E-09*27
$VNGPS,348264.400468,2055,3,11,+34.59220170,-112.43320120,+01563.615,+000.060,-000.090,+000.130,+010.537,+010.740,+009.285,+000.400,6.00E-09*23
$VNGPS,348264.600469,2055,3,11,+34.59220180,-112.43320100,+01563.584,-000.070,+000.080,-000.100,+010.508,+010.710,+009.276,+000.400,6.00E-09*26
$VNGPS,348264.800470,2055,3,11,+34.59220170,-112.43320040,+01563.619,-000.170,+000.110,-000.310,+010.508,+010.710,+009.264,+000.376,6.00E-09*22
$VNGPS,348265.000471,2055,3,11,+34.59220140,-112.43320000,+01563.687,-000.140,-000.030,-000.320,+010.508,+010.710,+009.258,+000.360,6.00E-09*27
$VNGPS,348265.200472,2055,3,11,+34.59220130,-112.43319950,+01563.746,-000.050,+000.170,-000.100,+010.478,+010.680,+009.249,+000.416,6.00E-09*20
$VNGPS,348265.400473,2055,3,11,+34.59220130,-112.43319890,+01563.743,+000.020,+000.130,-000.020,+010.478,+010.680,+009.240,+000.416,6.00E-09*20
$VNGPS,348265.600474,2055,3,11,+34.59220150,-112.43319840,+01563.733,+000.040,+000.050,-000.020,+010.478,+010.680,+009.234,+000.368,6.00E-09*25
$VNGPS,348265.800475,2055,3,11,+34.59220170,-112.43319830,+01563.716,+000.010,-000.090,-000.070,+010.449,+010.650,+009.222,+000.352,6.00E-09*23
$VNGPS,348266.000476,2055,3,11,+34.59220180,-112.43319820,+01563.717,+000.010,+000.100,-000.100,+010.449,+010.650,+009.210,+000.416,6.00E-09*2A
$VNGPS,348266.200477,2055,3,11,+34.59220180,-112.43319790,+01563.719,-000.150,+000.080,-000.130,+010.420,+010.620,+009.198,+000.344,6.00E-09*21
$VNGPS,348266.400478,2055,3,11,+34.59220180,-112.43319760,+01563.763,-000.020,-000.020,-000.130,+010.420,+010.620,+009.189,+000.344,6.00E-09*20
$VNGPS,348266.600479,2055,3,11,+34.59220200,-112.43319740,+01563.778,+000.000,+000.040,-000.100,+010.420,+010.620,+009.180,+000.376,6.00E-09*2F
$VNGPS,348266.800480,2055,3,11,+34.59220210,-112.43319730,+01563.792,+000.050,-000.160,+000.170,+010.390,+010.590,+009.171,+000.400,6.00E-09*28
$VNGPS,348267.000481,2055,3,11,+34.59220220,-112.43319740,+01563.785,+000.040,-000.110,+000.150,+010.390,+010.590,+009.162,+000.392,6.00E-09*28
$VNGPS,348267.200482,2055,3,11,+34.59220230,-112.43319740,+01563.790,+000.030,-000.120,+000.090,+010.390,+010.590,+009.153,+000.400,6.00E-09*2B
$VNGPS,348267.400483,2055,3,11,+34.59220240,-112.43319730,+01563.788,-000.070,+000.070,-000.150,+010.361,+010.560,+009.147,+000.376,6.00E-09*2C
$VNGPS,348267.600484,2055,3,11,+34.59220230,-112.43319690,+01563.838,-000.110,+000.110,-000.350,+010.361,+010.560,+009.138,+000.376,6.00E-09*2B
$VNGPS,348267.800485,2055,3,11,+34.59220210,-112.43319650,+01563.918,-000.090,+000.110,-000.340,+010.361,+010.560,+009.132,+000.384,6.00E-09*26
$VNGPS,348268.000486,2055,3,11,+34.59220220,-112.43319620,+01563.955,+000.020,+000.070,-000.130,+010.331,+010.530,+009.126,+000.400,6.00E-09*2E
$VNGPS,348268.200487,2055,3,11,+34.59220230,-112.43319580,+01563.986,+000.060,+000.060,-000.050,+010.331,+010.530,+009.123,+000.392,6.00E-09*20
$VNGPS,348268.400488,2055,3,11,+34.59220230,-112.43319570,+01563.976,-000.050,-000.050,+000.050,+010.331,+010.530,+009.117,+000.392,6.00E-09*28
$VNGPS,348268.600489,2055,3,11,+34.59220230,-112.43319560,+01563.986,+000.040,+000.010,-000.020,+010.331,+010.530,+009.114,+000.288,6.00E-09*28
$VNGPS,348268.800490,2055,3,11,+34.59220250,-112.43319540,+01563.972,-000.020,+000.150,-000.050,+010.331,+010.530,+009.117,+000.464,6.00E-09*24
$VNGPS,348269.000491,2055,3,11,+34.59220250,-112.43319520,+01564.000,-000.040,+000.000,-000.140,+010.331,+010.530,+009.120,+000.376,6.00E-09*23
$VNGPS,348269.200492,2055,3,11,+34.59220240,-112.43319510,+01564.061,-000.070,-000.010,-000.220,+010.361,+010.560,+009.126,+000.368,6.00E-09*2F
$VNGPS,348269.400493,2055,3,11,+34.59220230,-112.43319480,+01564.123,-000.050,+000.110,-000.180,+010.361,+010.560,+009.135,+000.432,6.00E-09*26
$VNGPS,348269.600494,2055,3,11,+34.59220230,-112.43319440,+01564.188,-000.020,+000.140,-000.180,+010.361,+010.560,+009.138,+000.440,6.00E-09*24
$VNGPS,348269.800495,2055,3,11,+34.59220220,-112.43319420,+01564.250,+000.020,-000.070,+000.120,+010.361,+010.560,+009.138,+000.432,6.00E-09*21
$VNGPS,348270.000496,2055,3,11,+34.59220240,-112.43319420,+01564.223,+000.100,-000.030,+000.260,+010.361,+010.560,+009.141,+000.384,6.00E-09*24
$VNGPS,348270.200497,2055,3,11,+34.59220260,-112.43319410,+01564.188,+000.000,+000.010,+000.110,+010.361,+010.560,+009.141,+000.384,6.00E-09*25
$VNGPS,348270.400498,2055,3,11,+34.59220270,-112.43319390,+01564.152,-000.070,+000.150,-000.270,+010.361,+010.560,+009.138,+000.424,6.00E-09*21
$VNGPS,348270.600499,2055,3,11,+34.59220260,-112.43319360,+01564.222,-000.090,+000.060,-000.400,+010.361,+010.560,+009.138,+000.400,6.00E-09*23
$VNGPS,348270.800500,2055,3,11,+34.59220260,-112.43319340,+01564.284,-000.070,+000.100,-000.340,+010.361,+010.560,+009.141,+000.416,6.00E-09*21
$VNGPS,348271.000501,2055,3,11,+34.59220260,-112.43319300,+01564.324,-000.030,+000.120,-000.150,+010.361,+010.560,+009.144,+000.448,6.00E-09*2D
$VNGPS,348271.199502,2055,3,11,+34.59220260,-112.43319280,+01564.334,+000.000,+000.050,+000.060,+010.361,+010.560,+009.144,+000.376,6.00E-09*2A
$VNGPS,348271.399503,2055,3,11,+34.59220270,-112.43319260,+01564.306,-000.010,+000.050,+000.070,+010.361,+010.560,+009.147,+000.360,6.00E-09*25
$VNGPS,348271.599504,2055,3,11,+34.59220270,-112.43319240,+01564.323,+000.060,+000.050,+000.050,+010.361,+010.560,+009.144,+000.344,6.00E-09*27
$VNGPS,348271.799505,2055,3,11,+34.59220290,-112.43319250,+01564.313,+000.020,-000.050,-000.050,+010.361,+010.560,+009.144,+000.360,6.00E-09*2A
$VNGPS,348271.999506,2055,3,11,+34.59220290,-112.43319260,+01564.335,+000.020,-000.060,-000.040,+010.361,+010.560,+009.144,+000.368,6.00E-09*2A
$VNGPS,348272.199507,2055,3,11,+34.59220280,-112.43319270,+01564.392,-000.020,-000.100,-000.100,+010.361,+010.560,+009.141,+000.352,6.00E-09*25
$VNGPS,348272.399508,2055,3,11,+34.59220280,-112.43319270,+01564.413,+000.010,+000.090,-000.050,+010.361,+010.560,+009.135,+000.432,6.00E-09*2B
$VNGPS,348272.599509,2055,3,11,+34.59220280,-112.43319260,+01564.446,+000.080,-000.040,+000.060,+010.361,+010.560,+009.129,+000.352,6.00E-09*26
$VNGPS,348272.799510,2055,3,11,+34.59220300,-112.43319260,+01564.412,+000.110,+000.010,+000.320,+010.331,+010.530,+009.126,+000.368,6.00E-09*2E
$VNGPS,348272.999511,2055,3,11,+34.59220300,-112.43319260,+01564.393,+000.050,+000.020,+000.350,+010.331,+010.530,+009.123,+000.360,6.00E-09*23
$VNGPS,348273.199512,2055,3,11,+34.59220310,-112.43319260,+01564.394,+000.120,-000.080,+000.260,+010.331,+010.530,+009.123,+000.376,6.00E-09*20
$VNGPS,348273.399513,2055,3,11,+34.59220310,-112.43319250,+01564.434,+000.000,+000.040,-000.030,+010.331,+010.530,+009.126,+000.440,6.00E-09*22
$VNGPS,348273.599514,2055,3,11,+34.59220300,-112.43319240,+01564.510,+000.050,+000.040,-000.220,+010.331,+010.530,+009.123,+000.376,6.00E-09*25
$VNGPS,348273.799515,2055,3,11,+34.59220290,-112.43319230,+01564.602,-000.160,+000.050,-000.260,+010.331,+010.530,+009.120,+000.368,6.00E-09*24
$VNGPS,348273.999516,2055,3,11,+34.59220270,-112.43319220,+01564.647,-000.020,+000.110,-000.120,+010.331,+010.530,+009.117,+000.432,6.00E-09*2C
$VNGPS,348274.199517,2055,3,11,+34.59220280,-112.43319220,+01564.666,+000.090,+000.000,+000.120,+010.331,+010.530,+009.114,+000.352,6.00E-09*27
$VNGPS,348274.399518,2055,3,11,+34.59220280,-112.43319230,+01564.691,+000.030,-000.070,+000.170,+010.331,+010.530,+009.117,+000.416,6.00E-09*29
$VNGPS,348274.599519,2055,3,11,+34.59220280,-112.43319240,+01564.720,+000.080,-000.040,+000.170,+010.331,+010.530,+009.117,+000.384,6.00E-09*26
$VNGPS,348274.799519,2055,3,11,+34.59220300,-112.43319250,+01564.741,+000.090,+000.020,+000.080,+010.331,+010.530,+009.114,+000.320,6.00E-09*29
$VNGPS,348274.999520,2055,3,11,+34.59220320,-112.43319240,+01564.780,+000.010,+000.020,+000.030,+010.331,+010.530,+009.111,+000.352,6.00E-09*20
$VNGPS,348275.199521,2055,3,11,+34.59220320,-112.43319260,+01564.833,-000.040,-000.120,-000.050,+010.302,+010.500,+009.102,+000.384,6.00E-09*23
$VNGPS,348275.399522,2055,3,11,+34.59220330,-112.43319270,+01564.889,+000.060,-000.120,+000.150,+010.302,+010.500,+009.090,+000.400,6.00E-09*21
$VNGPS,348275.599523,2055,3,11,+34.59220350,-112.43319280,+01564.887,+000.180,-000.020,+000.390,+010.272,+010.470,+009.078,+000.352,6.00E-09*27
$VNGPS,348275.799524,2055,3,11,+34.59220380,-112.43319270,+01564.899,+000.170,-000.060,+000.350,+010.272,+010.470,+009.063,+000.352,6.00E-09*22
$VNGPS,348275.999525,2055,3,11,+34.59220390,-112.43319260,+01564.964,+000.070,-000.050,+000.110,+010.243,+010.440,+009.045,+000.360,6.00E-09*2E
$VNGPS,348276.199526,2055,3,11,+34.59220380,-112.43319240,+01565.064,-000.070,+000.030,-000.220,+010.243,+010.440,+009.030,+000.368,6.00E-09*27
$VNGPS,348276.399527,2055,3,11,+34.59220350,-112.43319220,+01565.181,-000.150,+000.090,-000.270,+010.214,+010.410,+009.018,+000.368,6.00E-09*24
$VNGPS,348276.599528,2055,3,11,+34.59220350,-112.43319210,+01565.235,+000.030,+000.010,-000.010,+010.214,+010.410,+009.006,+000.288,6.00E-09*2F
$VNGPS,348276.799529,2055,3,11,+34.59220360,-112.43319190,+01565.292,+000.050,+000.040,+000.110,+010.184,+010.380,+008.994,+000.360,6.00E-09*2D
$VNGPS,348276.999530,2055,3,11,+34.59220380,-112.43319180,+01565.306,+000.020,+000.050,+000.110,+010.184,+010.380,+008.985,+000.368,6.00E-09*26
$VNGPS,348277.199531,2055,3,11,+34.59220380,-112.43319160,+01565.364,+000.010,+000.070,-000.140,+010.155,+010.350,+008.973,+000.400,6.00E-09*27
$VNGPS,348277.399532,2055,3,11,+34.59220390,-112.43319140,+01565.447,+000.040,+000.080,-000.140,+010.155,+010.350,+008.958,+000.392,6.00E-09*2C
$VNGPS,348277.599533,2055,3,11,+34.59220420,-112.43319120,+01565.467,+000.030,+000.200,+000.010,+010.125,+010.320,+008.943,+000.384,6.00E-09*21
$VNGPS,348277.799534,2055,3,11,+34.59220430,-112.43319100,+01565.484,+000.040,-000.040,+000.200,+010.125,+010.320,+008.931,+000.384,6.00E-09*2B
$VNGPS,348277.999535,2055,3,11,+34.59220470,-112.43319120,+01565.428,+000.140,-000.050,+000.410,+010.096,+010.290,+008.916,+000.368,6.00E-09*27
$VNGPS,348278.199536,2055,3,11,+34.59220490,-112.43319130,+01565.412,+000.050,-000.070,+000.330,+010.096,+010.290,+008.904,+000.384,6.00E-09*23
$VNGPS,348278.399537,2055,3,11,+34.59220510,-112.43319120,+01565.422,+000.030,+000.070,+000.000,+010.066,+010.260,+008.892,+000.368,6.00E-09*27
$VNGPS,348278.599538,2055,3,11,+34.59220500,-112.43319110,+01565.505,-000.150,+000.000,-000.180,+010.066,+010.260,+008.880,+000.328,6.00E-09*26
$VNGPS,348278.799539,2055,3,11,+34.59220510,-112.43319140,+01565.489,-000.030,+000.050,+000.050,+010.037,+010.230,+008.871,+000.336,6.00E-09*2C
$VNGPS,348278.999540,2055,3,11,+34.59220540,-112.43319160,+01565.475,+000.130,+000.020,+000.140,+010.037,+010.230,+008.859,+000.328,6.00E-09*2D
$VNGPS,348279.199541,2055,3,11,+34.59220550,-112.43319180,+01565.485,-000.010,+000.000,+000.220,+010.008,+010.200,+008.850,+000.368,6.00E-09*25
$VNGPS,348279.399542,2055,3,11,+34.59220560,-112.43319200,+01565.481,+000.080,-000.010,+000.060,+010.008,+010.200,+008.838,+000.336,6.00E-09*23
$VNGPS,348279.599543,2055,3,11,+34.59220570,-112.43319220,+01565.486,-000.100,+000.000,+000.060,+009.978,+010.170,+008.826,+000.272,6.00E-09*24
$VNGPS,348279.799544,2055,3,11,+34.59220580,-112.43319260,+01565.454,-000.020,-000.060,-000.070,+009.978,+010.170,+008.817,+000.352,6.00E-09*20
$VNGPS,348279.999545,2055,3,11,+34.59220610,-112.43319290,+01565.415,+000.010,+000.080,+000.040,+009.978,+010.170,+008.808,+000.368,6.00E-09*20
$VNGPS,348280.199546,2055,3,11,+34.59220620,-112.43319300,+01565.404,-000.050,+000.140,+000.140,+009.949,+010.140,+008.802,+000.352,6.00E-09*2A
$VNGPS,348280.399547,2055,3,11,+34.59220630,-112.43319330,+01565.389,+000.110,-000.120,+000.240,+009.949,+010.140,+008.793,+000.392,6.00E-09*22
$VNGPS,348280.599548,2055,3,11,+34.59220660,-112.43319400,+01565.350,+000.040,-000.260,+000.390,+009.949,+010.140,+008.787,+000.408,6.00E-09*20
$VNGPS,348280.799549,2055,3,11,+34.59220690,-112.43319480,+01565.302,+000.070,-000.110,+000.190,+009.919,+010.110,+008.784,+000.400,6.00E-09*2D
$VNGPS,348280.999550,2055,3,11,+34.59220710,-112.43319510,+01565.317,+000.000,+000.080,-000.140,+009.919,+010.110,+008.778,+000.416,6.00E-09*28
$VNGPS,348281.199551,2055,3,11,+34.59220720,-112.43319540,+01565.322,-000.100,-000.030,-000.170,+009.919,+010.110,+008.772,+000.360,6.00E-09*25
$VNGPS,348281.399552,2055,3,11,+34.59220730,-112.43319590,+01565.331,+000.000,-000.060,+000.050,+009.919,+010.110,+008.766,+000.424,6.00E-09*2F
$VNGPS,348281.599553,2055,3,11,+34.59220740,-112.43319640,+01565.320,+000.020,-000.100,+000.250,+009.890,+010.080,+008.760,+000.408,6.00E-09*26
$VNGPS,348281.799554,2055,3,11,+34.59220750,-112.43319680,+01565.343,+000.050,-000.030,+000.040,+009.890,+010.080,+008.754,+000.360,6.00E-09*23
$VNGPS,348281.999555,2055,3,11,+34.59220750,-112.43319670,+01565.424,+000.060,+000.050,-000.040,+009.860,+010.050,+008.739,+000.360,6.00E-09*29
$VNGPS,348282.199556,2055,3,11,+34.59220780,-112.43319720,+01565.421,-000.010,-000.130,-000.220,+009.860,+010.050,+008.733,+000.344,6.00E-09*25
$VNGPS,348282.399557,2055,3,11,+34.59220830,-112.43319800,+01565.344,+000.120,-000.150,+000.150,+009.860,+010.050,+008.727,+000.384,6.00E-09*22
$VNGPS,348282.599558,2055,3,11,+34.59220860,-112.43319860,+01565.316,+000.080,-000.170,+000.380,+009.860,+010.050,+008.724,+000.400,6.00E-09*21
$VNGPS,348282.799559,2055,3,11,+34.59220880,-112.43319920,+01565.272,+000.030,-000.120,+000.210,+009.860,+010.050,+008.721,+000.408,6.00E-09*21
$VNGPS,348282.999560,2055,3,11,+34.59220900,-112.43319960,+01565.259,+000.000,-000.010,-000.120,+009.831,+010.020,+008.718,+000.368,6.00E-09*2E
$VNGPS,348283.199561,2055,3,11,+34.59220920,-112.43319990,+01565.256,-000.100,+000.050,-000.040,+009.831,+010.020,+008.712,+000.320,6.00E-09*20
$VNGPS,348283.399562,2055,3,11,+34.59220940,-112.43320020,+01565.221,+000.110,-000.020,+000.200,+009.831,+010.020,+008.712,+000.376,6.00E-09*2A
$VNGPS,348283.599563,2055,3,11,+34.59220970,-112.43320050,+01565.163,+000.030,+000.060,+000.230,+009.831,+010.020,+008.712,+000.368,6.00E-09*21
$VNGPS,348283.799564,2055,3,11,+34.59220990,-112.43320070,+01565.152,-000.010,-000.010,+000.120,+009.831,+010.020,+008.712,+000.384,6.00E-09*2F
$VNGPS,348283.999565,2055,3,11,+34.59221000,-112.43320090,+01565.156,-000.010,+000.040,-000.050,+009.831,+010.020,+008.709,+000.416,6.00E-09*2E
$VNGPS,348284.199566,2055,3,11,+34.59221020,-112.43320090,+01565.171,-000.060,+000.060,+000.000,+009.831,+010.020,+008.709,+000.336,6.00E-09*26
$VNGPS,348284.399567,2055,3,11,+34.59221030,-112.43320100,+01565.134,-000.040,+000.010,+000.090,+009.831,+010.020,+008.703,+000.336,6.00E-09*2B
$VNGPS,348284.599568,2055,3,11,+34.59221060,-112.43320120,+01565.094,+000.120,+000.060,+000.230,+009.802,+009.990,+008.697,+000.344,6.00E-09*23
$VNGPS,348284.799569,2055,3,11,+34.59221090,-112.43320140,+01565.024,+000.080,-000.100,+000.290,+009.802,+009.990,+008.688,+000.392,6.00E-09*27
$VNGPS,348284.999570,2055,3,11,+34.59221110,-112.43320220,+01564.934,+000.050,-000.030,+000.030,+009.802,+009.990,+008.679,+000.336,6.00E-09*23
$VNGPS,348285.199571,2055,3,11,+34.59221120,-112.43320240,+01564.917,-000.090,+000.040,-000.200,+009.772,+009.960,+008.670,+000.376,6.00E-09*29
$VNGPS,348285.399572,2055,3,11,+34.59221120,-112.43320230,+01564.964,+000.060,-000.050,+000.120,+009.772,+009.960,+008.652,+000.384,6.00E-09*2F
$VNGPS,348285.599572,2055,3,11,+34.59221140,-112.43320310,+01564.877,+000.050,-000.040,+000.220,+009.743,+009.930,+008.643,+000.384,6.00E-09*29
$VNGPS,348285.799573,2055,3,11,+34.59221160,-112.43320390,+01564.793,+000.140,-000.130,+000.140,+009.743,+009.930,+008.631,+000.360,6.00E-09*29
$VNGPS,348285.999574,2055,3,11,+34.59221180,-112.43320470,+01564.735,-000.010,-000.040,+000.000,+009.713,+009.900,+008.622,+000.384,6.00E-09*24
$VNGPS,348286.199575,2055,3,11,+34.59221190,-112.43320530,+01564.697,-000.060,+000.010,-000.080,+009.713,+009.900,+008.610,+000.352,6.00E-09*23
$VNGPS,348286.399576,2055,3,11,+34.59221200,-112.43320590,+01564.632,-000.030,+000.060,-000.060,+009.684,+009.870,+008.601,+000.392,6.00E-09*24
$VNGPS,348286.599577,2055,3,11,+34.59221220,-112.43320620,+01564.589,+000.060,+000.100,+000.050,+009.684,+009.870,+008.592,+000.360,6.00E-09*2F
$VNGPS,348286.799578,2055,3,11,+34.59221260,-112.43320680,+01564.437,+000.080,+000.000,+000.390,+009.684,+009.870,+008.586,+000.376,6.00E-09*2A
$VNGPS,348286.999579,2055,3,11,+34.59221290,-112.43320750,+01564.331,+000.130,-000.170,+000.210,+009.654,+009.840,+008.580,+000.384,6.00E-09*21
$VNGPS,348287.199580,2055,3,11,+34.59221330,-112.43320820,+01564.246,+000.000,-000.150,+000.020,+009.654,+009.840,+008.580,+000.408,6.00E-09*2E
$VNGPS,348287.399581,2055,3,11,+34.59221340,-112.43320850,+01564.249,-000.120,+000.070,-000.230,+009.654,+009.840,+008.583,+000.384,6.00E-09*27
$VNGPS,348287.599582,2055,3,11,+34.59221350,-112.43320850,+01564.243,-000.010,+000.080,+000.040,+009.654,+009.840,+008.583,+000.376,6.00E-09*2A
$VNGPS,348287.799583,2055,3,11,+34.59221380,-112.43320870,+01564.186,+000.080,-000.060,+000.220,+009.654,+009.840,+008.583,+000.392,6.00E-09*25
$VNGPS,348287.999584,2055,3,11,+34.59221400,-112.43320920,+01564.136,+000.130,-000.010,+000.130,+009.654,+009.840,+008.583,+000.344,6.00E-09*28
$VNGPS,348288.199585,2055,3,11,+34.59221420,-112.43320990,+01564.103,-000.010,-000.120,+000.050,+009.654,+009.840,+008.586,+000.424,6.00E-09*25
$VNGPS,348288.399586,2055,3,11,+34.59221420,-112.43321080,+01564.101,-000.080,-000.070,-000.180,+009.654,+009.840,+008.592,+000.360,6.00E-09*2A
$VNGPS,348288.599587,2055,3,11,+34.59221430,-112.43321170,+01564.069,-000.020,-000.090,-000.140,+009.684,+009.870,+008.598,+000.368,6.00E-09*29
$VNGPS,348288.799588,2055,3,11,+34.59221460,-112.43321250,+01563.988,-000.010,-000.030,+000.010,+009.684,+009.870,+008.601,+000.400,6.00E-09*20
$VNGPS,348288.999589,2055,3,11,+34.59221470,-112.43321310,+01563.914,+000.050,+000.040,+000.260,+009.684,+009.870,+008.607,+000.368,6.00E-09*27
$VNGPS,348289.199590,2055,3,11,+34.59221500,-112.43321360,+01563.828,+000.070,-000.010,+000.200,+009.684,+009.870,+008.613,+000.376,6.00E-09*24
$VNGPS,348289.399591,2055,3,11,+34.59221520,-112.43321420,+01563.743,-000.060,+000.030,+000.000,+009.684,+009.870,+008.619,+000.320,6.00E-09*2C
$VNGPS,348289.599592,2055,3,11,+34.59221520,-112.43321460,+01563.731,-000.180,+000.090,-000.330,+009.684,+009.870,+008.625,+000.384,6.00E-09*2A
$VNGPS,348289.799593,2055,3,11,+34.59221520,-112.43321500,+01563.725,-000.120,+000.090,-000.330,+009.684,+009.870,+008.631,+000.400,6.00E-09*2F
$VNGPS,348289.999594,2055,3,11,+34.59221530,-112.43321540,+01563.689,+000.020,+000.060,-000.050,+009.713,+009.900,+008.637,+000.400,6.00E-09*26
$VNGPS,348290.199595,2055,3,11,+34.59221570,-112.43321590,+01563.579,+000.080,+000.140,+000.280,+009.713,+009.900,+008.643,+000.360,6.00E-09*20
$VNGPS,348290.399596,2055,3,11,+34.59221620,-112.43321650,+01563.441,+000.090,+000.000,+000.260,+009.713,+009.900,+008.649,+000.376,6.00E-09*25
$VNGPS,348290.599597,2055,3,11,+34.59221650,-112.43321730,+01563.366,+000.060,-000.170,+000.170,+009.713,+009.900,+008.655,+000.408,6.00E-09*2E
$VNGPS,348290.799598,2055,3,11,+34.59221690,-112.43321820,+01563.295,+000.110,-000.020,-000.040,+009.713,+009.900,+008.661,+000.256,6.00E-09*20
$VNGPS,348290.999599,2055,3,11,+34.59221720,-112.43321880,+01563.260,+000.030,+000.000,+000.040,+009.713,+009.900,+008.667,+000.344,6.00E-09*20
$VNGPS,348291.199600,2055,3,11,+34.59221730,-112.43321950,+01563.264,+000.050,-000.060,-000.060,+009.743,+009.930,+008.673,+000.336,6.00E-09*27
$VNGPS,348291.399601,2055,3,11,+34.59221730,-112.43322000,+01563.249,-000.050,+000.000,+000.160,+009.743,+009.930,+008.679,+000.368,6.00E-09*24
$VNGPS,348291.599602,2055,3,11,+34.59221750,-112.43322050,+01563.209,+000.130,-000.040,+000.170,+009.743,+009.930,+008.688,+000.368,6.00E-09*2A
$VNGPS,348291.799603,2055,3,11,+34.59221790,-112.43322120,+01563.147,+000.060,-000.110,+000.210,+009.743,+009.930,+008.694,+000.408,6.00E-09*23
$VNGPS,348291.999604,2055,3,11,+34.59221790,-112.43322180,+01563.142,-000.090,-000.010,-000.160,+009.772,+009.960,+008.700,+000.368,6.00E-09*25
$VNGPS,348292.199605,2055,3,11,+34.59221790,-112.43322230,+01563.144,-000.190,+000.030,-000.310,+009.772,+009.960,+008.712,+000.384,6.00E-09*20
$VNGPS,348292.399606,2055,3,11,+34.59221810,-112.43322310,+01563.058,-000.020,+000.080,-000.040,+009.772,+009.960,+008.724,+000.440,6.00E-09*24
$VNGPS,348292.599607,2055,3,11,+34.59221850,-112.43322380,+01562.939,+000.020,-000.070,+000.140,+009.802,+009.990,+008.736,+000.424,6.00E-09*2F
$VNGPS,348292.799608,2055,3,11,+34.59221890,-112.43322460,+01562.808,+000.060,+000.040,+000.110,+009.802,+009.990,+008.748,+000.368,6.00E-09*26
$VNGPS,348292.999609,2055,3,11,+34.59221910,-112.43322510,+01562.723,-000.010,+000.080,+000.000,+009.831,+010.020,+008.763,+000.416,6.00E-09*20
$VNGPS,348293.199610,2055,3,11,+34.59221920,-112.43322570,+01562.722,+000.050,-000.180,-000.120,+009.831,+010.020,+008.775,+000.368,6.00E-09*2C
$VNGPS,348293.399611,2055,3,11,+34.59221950,-112.43322660,+01562.617,-000.010,+000.070,-000.040,+009.860,+010.050,+008.790,+000.440,6.00E-09*25
$VNGPS,348293.599612,2055,3,11,+34.59221970,-112.43322730,+01562.549,+000.130,-000.100,+000.220,+009.860,+010.050,+008.802,+000.416,6.00E-09*2E
$VNGPS,348293.799613,2055,3,11,+34.59221970,-112.43322760,+01562.554,+000.120,+000.020,+000.350,+009.890,+010.080,+008.817,+000.400,6.00E-09*27
$VNGPS,348293.999614,2055,3,11,+34.59221990,-112.43322810,+01562.467,+000.020,-000.020,+000.270,+009.890,+010.080,+008.829,+000.408,6.00E-09*28
$VNGPS,348294.199615,2055,3,11,+34.59222010,-112.43322890,+01562.387,+000.030,-000.120,-000.080,+009.919,+010.110,+008.844,+000.376,6.00E-09*23
$VNGPS,348294.399616,2055,3,11,+34.59222020,-112.43323010,+01562.337,-000.040,-000.060,-000.280,+009.919,+010.110,+008.856,+000.400,6.00E-09*28
$VNGPS,348294.599617,2055,3,10,+34.59222030,-112.43323130,+01562.264,+000.030,-000.060,-000.030,+010.140,+008.141,+008.883,+000.384,6.00E-09*21
$VNGPS,348294.799618,2055,3,10,+34.59222070,-112.43323260,+01562.106,+000.060,-000.050,+000.080,+010.170,+008.165,+008.913,+000.432,6.00E-09*25
$VNGPS,348294.999619,2055,3,10,+34.59222110,-112.43323410,+01561.907,-000.080,-000.020,+000.030,+010.200,+008.189,+008.946,+000.256,6.00E-09*20
$VNGPS,348295.199620,2055,3,10,+34.59222130,-112.43323550,+01561.749,-000.020,-000.170,-000.020,+010.230,+008.213,+008.982,+000.392,6.00E-09*2B
$VNGPS,348295.399621,2055,3,10,+34.59222130,-112.43323670,+01561.663,-000.100,+000.030,-000.090,+010.290,+008.261,+009.018,+000.400,6.00E-09*23
$VNGPS,348295.599622,2055,3,10,+34.59222150,-112.43323780,+01561.517,+000.000,+000.050,+000.050,+010.320,+008.285,+009.054,+000.360,6.00E-09*2C
$VNGPS,348295.799623,2055,3,10,+34.59222190,-112.43323900,+01561.339,+000.000,-000.050,+000.190,+010.350,+008.309,+009.090,+000.440,6.00E-09*2B
$VNGPS,348295.999624,2055,3,10,+34.59222200,-112.43324000,+01561.263,+000.010,-000.030,+000.110,+010.380,+008.333,+009.123,+000.440,6.00E-09*2A
$VNGPS,348296.199624,2055,3,10,+34.59222230,-112.43324110,+01561.100,-000.030,+000.070,-000.080,+010.440,+008.381,+009.156,+000.472,6.00E-09*2D
$VNGPS,348296.399625,2055,3,10,+34.59222270,-112.43324220,+01560.971,-000.140,+000.100,-000.420,+010.470,+008.405,+009.189,+000.448,6.00E-09*28
$VNGPS,348296.599626,2055,3,10,+34.59222300,-112.43324340,+01560.838,+000.030,+000.040,-000.160,+010.500,+008.430,+009.222,+000.416,7.00E-09*2C
$VNGPS,348296.799627,2055,3,10,+34.59222350,-112.43324470,+01560.691,+000.060,-000.050,+000.060,+010.530,+008.454,+009.252,+000.432,7.00E-09*26
$VNGPS,348296.999628,2055,3,10,+34.59222400,-112.43324620,+01560.532,+000.080,-000.130,+000.070,+010.560,+008.478,+009.285,+000.448,7.00E-09*2C
$VNGPS,348297.199629,2055,3,10,+34.59222460,-112.43324780,+01560.373,+000.070,-000.220,-000.040,+010.590,+008.502,+009.318,+000.400,7.00E-09*28
$VNGPS,348297.399630,2055,3,10,+34.59222520,-112.43324920,+01560.172,+000.000,+000.120,-000.060,+010.650,+008.550,+009.354,+000.448,7.00E-09*2C
$VNGPS,348297.599631,2055,3,10,+34.59222550,-112.43325010,+01560.053,-000.020,+000.020,-000.070,+010.680,+008.574,+009.387,+000.448,7.00E-09*24
$VNGPS,348297.799632,2055,3,10,+34.59222570,-112.43325100,+01559.946,-000.020,+000.090,+000.150,+010.710,+008.598,+009.417,+000.368,7.00E-09*2F
$VNGPS,348297.999633,2055,3,10,+34.59222620,-112.43325230,+01559.765,+000.120,-000.210,+000.280,+010.740,+008.622,+009.450,+000.456,7.00E-09*22
$VNGPS,348298.199634,2055,3,10,+34.59222680,-112.43325390,+01559.562,+000.080,-000.020,+000.040,+010.770,+008.646,+009.480,+000.360,7.00E-09*2C
$VNGPS,348298.399635,2055,3,10,+34.59222680,-112.43325470,+01559.522,-000.140,+000.050,-000.200,+010.800,+008.670,+009.516,+000.424,7.00E-09*2C
$VNGPS,348298.599636,2055,3,10,+34.59222700,-112.43325560,+01559.417,-000.190,+000.250,-000.390,+010.860,+008.719,+009.549,+000.456,7.00E-09*27
$VNGPS,348298.799637,2055,3,10,+34.59222730,-112.43325660,+01559.275,-000.070,+000.060,-000.030,+010.890,+008.743,+009.585,+000.408,7.00E-09*2A
$VNGPS,348298.999638,2055,3,10,+34.59222770,-112.43325750,+01559.089,+000.030,+000.110,+000.070,+010.920,+008.767,+009.621,+000.368,7.00E-09*2A
$VNGPS,348299.199639,2055,3,10,+34.59222840,-112.43325860,+01558.851,+000.100,-000.080,+000.290,+010.950,+008.791,+009.657,+000.456,7.00E-09*2B
$VNGPS,348299.399640,2055,3,10,+34.59222910,-112.43325990,+01558.631,+000.090,-000.110,+000.130,+011.010,+008.839,+009.693,+000.464,7.00E-09*24
$VNGPS,348299.599641,2055,3,10,+34.59222960,-112.43326100,+01558.454,+000.060,-000.020,+000.060,+011.040,+008.863,+009.723,+000.416,7.00E-09*2B
$VNGPS,348299.799642,2055,3,10,+34.59223020,-112.43326220,+01558.222,-000.060,+000.150,+000.120,+011.070,+008.887,+009.750,+000.352,7.00E-09*29
$VNGPS,348299.999643,2055,3,10,+34.59223040,-112.43326300,+01558.069,-000.030,+000.020,+000.050,+011.100,+008.911,+009.777,+000.336,7.00E-09*24
$VNGPS,348300.199644,2055,3,10,+34.59223080,-112.43326390,+01557.931,+000.070,+000.060,+000.080,+011.130,+008.935,+009.801,+000.352,7.00E-09*26
$VNGPS,348300.399645,2055,3,10,+34.59223130,-112.43326480,+01557.757,+000.040,+000.020,+000.290,+011.160,+008.959,+009.828,+000.416,7.00E-09*20
$VNGPS,348300.599646,2055,3,10,+34.59223170,-112.43326570,+01557.584,+000.130,-000.080,+000.180,+011.190,+008.984,+009.855,+000.432,7.00E-09*28
$VNGPS,348300.799647,2055,3,10,+34.59223230,-112.43326690,+01557.400,-000.020,-000.100,-000.080,+011.220,+009.008,+009.882,+000.360,7.00E-09*2A
$VNGPS,348300.999648,2055,3,10,+34.59223270,-112.43326800,+01557.247,-000.120,+000.140,-000.310,+011.250,+009.032,+009.906,+000.448,7.00E-09*2A
$VNGPS,348301.199649,2055,3,10,+34.59223320,-112.43326890,+01557.069,+000.060,-000.030,+000.060,+011.280,+009.056,+009.933,+000.416,7.00E-09*22
$VNGPS,348301.399650,2055,3,10,+34.59223390,-112.43327000,+01556.840,+000.170,-000.060,+000.270,+011.310,+009.080,+009.957,+000.424,7.00E-09*27
$VNGPS,348301.599651,2055,3,10,+34.59223470,-112.43327100,+01556.628,+000.080,-000.090,+000.120,+011.310,+009.080,+009.978,+000.448,7.00E-09*28
$VNGPS,348301.799652,2055,3,10,+34.59223520,-112.43327180,+01556.465,+000.080,-000.100,+000.060,+011.340,+009.104,+010.002,+000.440,7.00E-09*2F
$VNGPS,348301.999653,2055,3,09,+34.59223580,-112.43327250,+01556.295,+000.010,+000.230,+000.090,+011.370,+010.701,+010.029,+000.384,7.00E-09*2B
$VNGPS,348302.199654,2055,3,09,+34.59223630,-112.43327300,+01556.161,+000.110,-000.020,+000.190,+011.400,+010.729,+010.053,+000.416,7.00E-09*2D
$VNGPS,348302.399655,2055,3,09,+34.59223690,-112.43327380,+01555.994,+000.150,-000.070,+000.490,+011.430,+010.758,+010.074,+000.432,7.00E-09*2F
$VNGPS,348302.599656,2055,3,09,+34.59223760,-112.43327490,+01555.765,+000.150,-000.220,+000.570,+011.460,+010.786,+010.095,+000.440,7.00E-09*26
$VNGPS,348302.799657,2055,3,09,+34.59223850,-112.43327610,+01555.500,+000.140,-000.050,+000.220,+011.460,+010.786,+010.113,+000.416,7.00E-09*28
$VNGPS,348302.999658,2055,3,09,+34.59223920,-112.43327680,+01555.331,+000.060,-000.010,+000.100,+011.490,+010.814,+010.131,+000.416,7.00E-09*2F
$VNGPS,348303.199659,2055,3,09,+34.59223950,-112.43327720,+01555.232,+000.050,-000.020,+000.180,+011.520,+010.842,+010.152,+000.424,7.00E-09*2C
$VNGPS,348303.399660,2055,3,09,+34.59224000,-112.43327790,+01555.024,+000.100,-000.050,+000.420,+011.550,+010.871,+010.173,+000.432,7.00E-09*2E
$VNGPS,348303.599661,2055,3,09,+34.59224010,-112.43327800,+01554.976,+000.050,+000.010,+000.240,+011.550,+010.871,+010.191,+000.408,7.00E-09*22
$VNGPS,348303.799662,2055,3,09,+34.59224040,-112.43327840,+01554.898,-000.020,-000.040,+000.010,+011.580,+010.899,+010.212,+000.384,7.00E-09*26
$VNGPS,348303.999663,2055,3,09,+34.59224050,-112.43327870,+01554.877,+000.040,-000.060,-000.050,+011.610,+010.927,+010.233,+000.320,7.00E-09*29
$VNGPS,348304.199664,2055,3,09,+34.59224070,-112.43327890,+01554.802,+000.030,+000.050,-000.040,+011.640,+010.955,+010.257,+000.392,7.00E-09*27
$VNGPS,348304.399665,2055,3,09,+34.59224140,-112.43327940,+01554.595,+000.080,+000.000,+000.230,+011.670,+010.984,+010.278,+000.424,7.00E-09*2C
$VNGPS,348304.599666,2055,3,09,+34.59224200,-112.43327970,+01554.380,+000.210,+000.040,+000.420,+011.700,+011.012,+010.296,+000.408,7.00E-09*28
$VNGPS,348304.799667,2055,3,09,+34.59224250,-112.43328020,+01554.209,+000.160,-000.350,+000.290,+011.700,+011.012,+010.317,+000.448,7.00E-09*2C
$VNGPS,348304.999668,2055,3,09,+34.59224270,-112.43328060,+01554.131,+000.000,-000.020,-000.030,+011.730,+011.040,+010.335,+000.360,7.00E-09*27
$VNGPS,348305.199669,2055,3,09,+34.59224280,-112.43328060,+01554.068,-000.020,+000.150,-000.100,+011.760,+011.068,+010.356,+000.440,7.00E-09*24
$VNGPS,348305.399670,2055,3,09,+34.59224290,-112.43328060,+01553.973,+000.000,+000.000,+000.160,+011.760,+011.068,+010.374,+000.416,7.00E-09*28
$VNGPS,348305.599671,2055,3,09,+34.59224300,-112.43328080,+01553.889,+000.070,-000.160,+000.290,+011.790,+011.096,+010.395,+000.456,7.00E-09*22
$VNGPS,348305.799672,2055,3,09,+34.59224310,-112.43328100,+01553.810,+000.070,-000.040,+000.090,+011.820,+011.125,+010.413,+000.424,7.00E-09*2B
$VNGPS,348305.999673,2055,3,09,+34.59224360,-112.43328120,+01553.636,+000.050,+000.130,+000.070,+011.820,+011.125,+010.434,+000.352,7.00E-09*24
$VNGPS,348306.199674,2055,3,09,+34.59224380,-112.43328110,+01553.535,-000.010,-000.010,-000.020,+011.850,+011.153,+010.455,+000.392,7.00E-09*2C
$VNGPS,348306.399675,2055,3,09,+34.59224400,-112.43328080,+01553.455,-000.040,+000.130,-000.120,+011.880,+011.181,+010.476,+000.464,7.00E-09*23
$VNGPS,348306.599676,2055,3,09,+34.59224390,-112.43328050,+01553.419,-000.100,-000.100,+000.060,+011.910,+011.209,+010.491,+000.344,7.00E-09*29
$VNGPS,348306.799676,2055,3,09,+34.59224380,-112.43328010,+01553.365,+000.020,+000.000,+000.170,+011.910,+011.209,+010.509,+000.424,7.00E-09*21
$VNGPS,348306.999677,2055,3,09,+34.59224410,-112.43328030,+01553.180,+000.040,-000.030,+000.120,+011.940,+011.238,+010.524,+000.448,7.00E-09*2F
$VNGPS,348307.199678,2055,3,09,+34.59224430,-112.43328030,+01553.057,-000.030,+000.060,-000.140,+011.940,+011.238,+010.539,+000.456,7.00E-09*21
$VNGPS,348307.399679,2055,3,10,+34.59224430,-112.43327990,+01553.013,-000.150,+000.220,-000.370,+011.970,+009.610,+010.551,+000.464,7.00E-09*2D
$VNGPS,348307.599680,2055,3,10,+34.59224420,-112.43327960,+01552.970,-000.130,+000.150,-000.150,+011.970,+009.610,+010.569,+000.448,7.00E-09*29
$VNGPS,348307.799681,2055,3,10,+34.59224430,-112.43327930,+01552.915,+000.060,+000.100,-000.060,+012.000,+009.634,+010.584,+000.392,7.00E-09*20
$VNGPS,348307.999682,2055,3,10,+34.59224420,-112.43327890,+01552.902,-000.010,+000.180,-000.080,+012.030,+009.658,+010.602,+000.448,7.00E-09*22
$VNGPS,348308.199683,2055,3,10,+34.59224410,-112.43327850,+01552.877,-000.090,+000.130,-000.240,+012.030,+009.658,+010.620,+000.456,8.00E-09*25
$VNGPS,348308.399684,2055,3,10,+34.59224380,-112.43327790,+01552.906,-000.190,+000.210,-000.370,+012.060,+009.682,+010.635,+000.448,8.00E-09*21
$VNGPS,348308.599685,2055,3,10,+34.59224350,-112.43327750,+01552.906,-000.110,+000.060,-000.290,+012.060,+009.682,+010.653,+000.440,8.00E-09*2D
$VNGPS,348308.799686,2055,3,10,+34.59224340,-112.43327730,+01552.857,-000.080,+000.070,-000.020,+012.090,+009.706,+010.671,+000.376,8.00E-09*2E
$VNGPS,348308.999687,2055,3,10,+34.59224340,-112.43327710,+01552.781,-000.030,+000.010,+000.030,+012.090,+009.706,+010.683,+000.288,8.00E-09*20
$VNGPS,348309.199688,2055,3,10,+34.59224360,-112.43327710,+01552.701,+000.010,+000.060,-000.240,+012.120,+009.730,+010.698,+000.424,8.00E-09*29
$VNGPS,348309.399689,2055,3,10,+34.59224370,-112.43327680,+01552.697,-000.100,+000.130,-000.550,+012.120,+009.730,+010.713,+000.440,8.00E-09*29
$VNGPS,348309.599690,2055,3,10,+34.59224360,-112.43327650,+01552.726,-000.170,+000.250,-000.580,+012.150,+009.754,+010.731,+000.448,8.00E-09*22
$VNGPS,348309.799691,2055,3,10,+34.59224340,-112.43327600,+01552.761,-000.130,+000.160,-000.380,+012.180,+009.778,+010.749,+000.456,8.00E-09*24
$VNGPS,348309.999692,2055,3,10,+34.59224350,-112.43327570,+01552.743,-000.060,+000.140,-000.250,+012.180,+009.778,+010.767,+000.448,8.00E-09*25
$VNGPS,348310.199693,2055,3,10,+34.59224330,-112.43327540,+01552.762,-000.160,+000.100,-000.410,+012.210,+009.802,+010.785,+000.440,8.00E-09*29
$VNGPS,348310.399694,2055,3,10,+34.59224330,-112.43327520,+01552.746,-000.130,+000.220,-000.480,+012.240,+009.826,+010.803,+000.456,8.00E-09*24
$VNGPS,348310.599695,2055,3,10,+34.59224330,-112.43327470,+01552.713,-000.260,+000.340,-000.590,+012.240,+009.826,+010.821,+000.464,8.00E-09*27
$VNGPS,348310.799696,2055,3,10,+34.59224330,-112.43327430,+01552.674,-000.170,+000.280,-000.570,+012.270,+009.851,+010.839,+000.456,8.00E-09*28
$VNGPS,348310.999697,2055,3,10,+34.59224350,-112.43327410,+01552.551,-000.090,+000.190,-000.340,+012.270,+009.851,+010.851,+000.448,8.00E-09*2E
$VNGPS,348311.199698,2055,3,10,+34.59224400,-112.43327430,+01552.352,+000.040,-000.010,-000.010,+012.300,+009.875,+010.866,+000.288,8.00E-09*21
$VNGPS,348311.399699,2055,3,10,+34.59224430,-112.43327430,+01552.193,-000.070,+000.190,-000.100,+012.300,+009.875,+010.881,+000.448,8.00E-09*27
$VNGPS,348311.599700,2055,3,10,+34.59224430,-112.43327410,+01552.133,-000.120,+000.040,-000.390,+012.330,+009.899,+010.899,+000.440,8.00E-09*2B
$VNGPS,348311.799701,2055,3,10,+34.59224420,-112.43327390,+01552.125,-000.150,+000.180,-000.620,+012.360,+009.923,+010.920,+000.464,8.00E-09*25
$VNGPS,348311.999702,2055,3,10,+34.59224420,-112.43327350,+01552.090,-000.100,+000.240,-000.350,+012.390,+009.947,+010.938,+000.472,8.00E-09*20
$VNGPS,348312.199703,2055,3,09,+34.59224440,-112.43327330,+01551.964,-000.040,+000.030,-000.100,+012.390,+009.037,+010.953,+000.456,8.00E-09*21
$VNGPS,348312.399704,2055,3,09,+34.59224440,-112.43327310,+01551.907,+000.030,+000.080,-000.130,+012.420,+009.059,+010.971,+000.456,8.00E-09*2E
$VNGPS,348312.599705,2055,3,09,+34.59224440,-112.43327270,+01551.882,-000.060,+000.190,-000.240,+012.420,+009.059,+010.989,+000.480,8.00E-09*29
$VNGPS,348312.799706,2055,3,09,+34.59224430,-112.43327230,+01551.838,-000.120,+000.070,-000.300,+012.450,+009.081,+011.004,+000.464,8.00E-09*20
$VNGPS,348312.999707,2055,3,09,+34.59224410,-112.43327210,+01551.808,-000.190,+000.090,-000.370,+012.480,+009.103,+011.019,+000.456,8.00E-09*25
$VNGPS,348313.199708,2055,3,09,+34.59224390,-112.43327180,+01551.748,-000.190,+000.220,-000.320,+012.480,+009.103,+011.031,+000.464,8.00E-09*2A
$VNGPS,348313.399709,2055,3,09,+34.59224350,-112.43327120,+01551.764,-000.170,+000.210,-000.220,+012.480,+009.103,+011.040,+000.448,8.00E-09*25
$VNGPS,348313.599710,2055,3,09,+34.59224320,-112.43327090,+01551.718,-000.050,+000.030,-000.060,+012.510,+009.125,+011.055,+000.440,8.00E-09*28
$VNGPS,348313.799711,2055,3,09,+34.59224310,-112.43327060,+01551.701,+000.000,+000.090,-000.040,+012.540,+009.147,+011.076,+000.448,8.00E-09*2C
